[2026-04-30 07:35:56,456] INFO - Starting inria_true_vmamba_boundary_seed123 on device=cuda
[2026-04-30 07:35:56,456] INFO - Train=12162 Val=2225 Test=0 Params=17926338 boundary_weight=0.50 kernel=3
[2026-04-30 07:40:35,534] INFO - Epoch [1/80] train_loss=1.2310 (seg=0.7573 bnd=0.9475) val_loss=0.9937 (seg=0.5689 bnd=0.8495) val_iou=0.6374 val_dice=0.7786 val_precision=0.7993 val_recall=0.7589
[2026-04-30 07:40:36,161] INFO - Saved new best checkpoint at epoch 1 with IoU=0.6374
[2026-04-30 07:45:13,803] INFO - Epoch [2/80] train_loss=0.9809 (seg=0.5568 bnd=0.8483) val_loss=0.9231 (seg=0.5095 bnd=0.8272) val_iou=0.6594 val_dice=0.7947 val_precision=0.7613 val_recall=0.8312
[2026-04-30 07:45:14,572] INFO - Saved new best checkpoint at epoch 2 with IoU=0.6594
[2026-04-30 07:49:52,397] INFO - Epoch [3/80] train_loss=0.8954 (seg=0.4863 bnd=0.8182) val_loss=0.8543 (seg=0.4523 bnd=0.8040) val_iou=0.6880 val_dice=0.8151 val_precision=0.7957 val_recall=0.8356
[2026-04-30 07:49:53,159] INFO - Saved new best checkpoint at epoch 3 with IoU=0.6880
[2026-04-30 07:54:30,954] INFO - Epoch [4/80] train_loss=0.8512 (seg=0.4511 bnd=0.8001) val_loss=0.8216 (seg=0.4243 bnd=0.7946) val_iou=0.7169 val_dice=0.8351 val_precision=0.8285 val_recall=0.8418
[2026-04-30 07:54:31,735] INFO - Saved new best checkpoint at epoch 4 with IoU=0.7169
[2026-04-30 07:59:09,692] INFO - Epoch [5/80] train_loss=0.8196 (seg=0.4266 bnd=0.7860) val_loss=0.8064 (seg=0.4104 bnd=0.7921) val_iou=0.7256 val_dice=0.8410 val_precision=0.8308 val_recall=0.8515
[2026-04-30 07:59:10,503] INFO - Saved new best checkpoint at epoch 5 with IoU=0.7256
[2026-04-30 08:03:48,282] INFO - Epoch [6/80] train_loss=0.7932 (seg=0.4055 bnd=0.7754) val_loss=0.7663 (seg=0.3845 bnd=0.7637) val_iou=0.7306 val_dice=0.8443 val_precision=0.8490 val_recall=0.8397
[2026-04-30 08:03:49,069] INFO - Saved new best checkpoint at epoch 6 with IoU=0.7306
[2026-04-30 08:08:26,913] INFO - Epoch [7/80] train_loss=0.7738 (seg=0.3903 bnd=0.7669) val_loss=0.7487 (seg=0.3691 bnd=0.7593) val_iou=0.7407 val_dice=0.8510 val_precision=0.8129 val_recall=0.8929
[2026-04-30 08:08:27,742] INFO - Saved new best checkpoint at epoch 7 with IoU=0.7407
[2026-04-30 08:13:05,586] INFO - Epoch [8/80] train_loss=0.7624 (seg=0.3821 bnd=0.7606) val_loss=0.7610 (seg=0.3819 bnd=0.7581) val_iou=0.7328 val_dice=0.8458 val_precision=0.8204 val_recall=0.8729
[2026-04-30 08:17:43,708] INFO - Epoch [9/80] train_loss=0.7486 (seg=0.3714 bnd=0.7544) val_loss=0.7218 (seg=0.3484 bnd=0.7468) val_iou=0.7521 val_dice=0.8585 val_precision=0.8614 val_recall=0.8556
[2026-04-30 08:17:44,606] INFO - Saved new best checkpoint at epoch 9 with IoU=0.7521
[2026-04-30 08:22:22,499] INFO - Epoch [10/80] train_loss=0.7407 (seg=0.3650 bnd=0.7514) val_loss=0.7119 (seg=0.3423 bnd=0.7394) val_iou=0.7564 val_dice=0.8613 val_precision=0.8440 val_recall=0.8792
[2026-04-30 08:22:23,251] INFO - Saved new best checkpoint at epoch 10 with IoU=0.7564
[2026-04-30 08:27:01,134] INFO - Epoch [11/80] train_loss=0.7320 (seg=0.3588 bnd=0.7464) val_loss=0.7043 (seg=0.3353 bnd=0.7379) val_iou=0.7607 val_dice=0.8641 val_precision=0.8581 val_recall=0.8701
[2026-04-30 08:27:01,968] INFO - Saved new best checkpoint at epoch 11 with IoU=0.7607
[2026-04-30 08:31:39,872] INFO - Epoch [12/80] train_loss=0.7205 (seg=0.3499 bnd=0.7411) val_loss=0.6984 (seg=0.3307 bnd=0.7356) val_iou=0.7633 val_dice=0.8657 val_precision=0.8484 val_recall=0.8838
[2026-04-30 08:31:40,693] INFO - Saved new best checkpoint at epoch 12 with IoU=0.7633
[2026-04-30 08:36:18,550] INFO - Epoch [13/80] train_loss=0.7150 (seg=0.3455 bnd=0.7390) val_loss=0.7087 (seg=0.3409 bnd=0.7356) val_iou=0.7570 val_dice=0.8617 val_precision=0.8283 val_recall=0.8980
[2026-04-30 08:40:56,962] INFO - Epoch [14/80] train_loss=0.7033 (seg=0.3364 bnd=0.7337) val_loss=0.7031 (seg=0.3348 bnd=0.7366) val_iou=0.7640 val_dice=0.8662 val_precision=0.8665 val_recall=0.8659
[2026-04-30 08:40:57,838] INFO - Saved new best checkpoint at epoch 14 with IoU=0.7640
[2026-04-30 08:45:35,521] INFO - Epoch [15/80] train_loss=0.6969 (seg=0.3315 bnd=0.7308) val_loss=0.7122 (seg=0.3408 bnd=0.7428) val_iou=0.7610 val_dice=0.8643 val_precision=0.8434 val_recall=0.8863
[2026-04-30 08:50:13,759] INFO - Epoch [16/80] train_loss=0.6887 (seg=0.3255 bnd=0.7264) val_loss=0.6957 (seg=0.3304 bnd=0.7307) val_iou=0.7604 val_dice=0.8639 val_precision=0.8737 val_recall=0.8544
[2026-04-30 08:54:52,038] INFO - Epoch [17/80] train_loss=0.6882 (seg=0.3254 bnd=0.7255) val_loss=0.6868 (seg=0.3250 bnd=0.7236) val_iou=0.7722 val_dice=0.8715 val_precision=0.8691 val_recall=0.8739
[2026-04-30 08:54:52,962] INFO - Saved new best checkpoint at epoch 17 with IoU=0.7722
[2026-04-30 08:59:30,774] INFO - Epoch [18/80] train_loss=0.6809 (seg=0.3196 bnd=0.7225) val_loss=0.6832 (seg=0.3205 bnd=0.7253) val_iou=0.7700 val_dice=0.8701 val_precision=0.8782 val_recall=0.8621
[2026-04-30 09:04:09,004] INFO - Epoch [19/80] train_loss=0.6759 (seg=0.3160 bnd=0.7197) val_loss=0.6711 (seg=0.3111 bnd=0.7199) val_iou=0.7797 val_dice=0.8762 val_precision=0.8647 val_recall=0.8881
[2026-04-30 09:04:09,894] INFO - Saved new best checkpoint at epoch 19 with IoU=0.7797
[2026-04-30 09:08:47,745] INFO - Epoch [20/80] train_loss=0.6693 (seg=0.3110 bnd=0.7165) val_loss=0.6693 (seg=0.3097 bnd=0.7191) val_iou=0.7788 val_dice=0.8757 val_precision=0.8718 val_recall=0.8795
[2026-04-30 09:13:26,007] INFO - Epoch [21/80] train_loss=0.6679 (seg=0.3102 bnd=0.7155) val_loss=0.6684 (seg=0.3096 bnd=0.7176) val_iou=0.7794 val_dice=0.8760 val_precision=0.8755 val_recall=0.8765
[2026-04-30 09:18:04,122] INFO - Epoch [22/80] train_loss=0.6635 (seg=0.3076 bnd=0.7118) val_loss=0.6667 (seg=0.3089 bnd=0.7156) val_iou=0.7795 val_dice=0.8761 val_precision=0.8607 val_recall=0.8920
[2026-04-30 09:22:42,279] INFO - Epoch [23/80] train_loss=0.6589 (seg=0.3036 bnd=0.7108) val_loss=0.6603 (seg=0.3039 bnd=0.7128) val_iou=0.7835 val_dice=0.8786 val_precision=0.8707 val_recall=0.8867
[2026-04-30 09:22:43,131] INFO - Saved new best checkpoint at epoch 23 with IoU=0.7835
[2026-04-30 09:27:20,905] INFO - Epoch [24/80] train_loss=0.6531 (seg=0.2990 bnd=0.7081) val_loss=0.6660 (seg=0.3091 bnd=0.7138) val_iou=0.7816 val_dice=0.8774 val_precision=0.8603 val_recall=0.8952
[2026-04-30 09:31:59,353] INFO - Epoch [25/80] train_loss=0.6505 (seg=0.2974 bnd=0.7062) val_loss=0.6810 (seg=0.3215 bnd=0.7190) val_iou=0.7740 val_dice=0.8726 val_precision=0.8519 val_recall=0.8943
[2026-04-30 09:36:37,565] INFO - Epoch [26/80] train_loss=0.6462 (seg=0.2946 bnd=0.7033) val_loss=0.6602 (seg=0.3054 bnd=0.7096) val_iou=0.7804 val_dice=0.8767 val_precision=0.8725 val_recall=0.8809
[2026-04-30 09:41:15,863] INFO - Epoch [27/80] train_loss=0.6432 (seg=0.2923 bnd=0.7019) val_loss=0.6513 (seg=0.2985 bnd=0.7057) val_iou=0.7867 val_dice=0.8806 val_precision=0.8702 val_recall=0.8913
[2026-04-30 09:41:16,735] INFO - Saved new best checkpoint at epoch 27 with IoU=0.7867
[2026-04-30 09:45:54,422] INFO - Epoch [28/80] train_loss=0.6383 (seg=0.2887 bnd=0.6991) val_loss=0.6559 (seg=0.3031 bnd=0.7056) val_iou=0.7865 val_dice=0.8805 val_precision=0.8722 val_recall=0.8889
[2026-04-30 09:50:32,655] INFO - Epoch [29/80] train_loss=0.6334 (seg=0.2854 bnd=0.6961) val_loss=0.6486 (seg=0.2970 bnd=0.7030) val_iou=0.7880 val_dice=0.8814 val_precision=0.8749 val_recall=0.8881
[2026-04-30 09:50:33,648] INFO - Saved new best checkpoint at epoch 29 with IoU=0.7880
[2026-04-30 09:55:11,473] INFO - Epoch [30/80] train_loss=0.6307 (seg=0.2833 bnd=0.6947) val_loss=0.6432 (seg=0.2938 bnd=0.6987) val_iou=0.7906 val_dice=0.8831 val_precision=0.8747 val_recall=0.8917
[2026-04-30 09:55:12,437] INFO - Saved new best checkpoint at epoch 30 with IoU=0.7906
[2026-04-30 09:59:50,201] INFO - Epoch [31/80] train_loss=0.6274 (seg=0.2809 bnd=0.6930) val_loss=0.6409 (seg=0.2909 bnd=0.7000) val_iou=0.7918 val_dice=0.8838 val_precision=0.8774 val_recall=0.8902
[2026-04-30 09:59:51,110] INFO - Saved new best checkpoint at epoch 31 with IoU=0.7918
[2026-04-30 10:04:28,827] INFO - Epoch [32/80] train_loss=0.6224 (seg=0.2772 bnd=0.6905) val_loss=0.6429 (seg=0.2921 bnd=0.7015) val_iou=0.7928 val_dice=0.8844 val_precision=0.8778 val_recall=0.8911
[2026-04-30 10:04:29,811] INFO - Saved new best checkpoint at epoch 32 with IoU=0.7928
[2026-04-30 10:09:07,567] INFO - Epoch [33/80] train_loss=0.6183 (seg=0.2746 bnd=0.6874) val_loss=0.6341 (seg=0.2878 bnd=0.6926) val_iou=0.7939 val_dice=0.8851 val_precision=0.8707 val_recall=0.9001
[2026-04-30 10:09:08,778] INFO - Saved new best checkpoint at epoch 33 with IoU=0.7939
[2026-04-30 10:13:46,476] INFO - Epoch [34/80] train_loss=0.6149 (seg=0.2720 bnd=0.6859) val_loss=0.6405 (seg=0.2923 bnd=0.6964) val_iou=0.7928 val_dice=0.8845 val_precision=0.8736 val_recall=0.8956
[2026-04-30 10:18:24,581] INFO - Epoch [35/80] train_loss=0.6123 (seg=0.2702 bnd=0.6841) val_loss=0.6308 (seg=0.2854 bnd=0.6908) val_iou=0.7964 val_dice=0.8867 val_precision=0.8762 val_recall=0.8974
[2026-04-30 10:18:25,593] INFO - Saved new best checkpoint at epoch 35 with IoU=0.7964
[2026-04-30 10:23:03,373] INFO - Epoch [36/80] train_loss=0.6085 (seg=0.2678 bnd=0.6815) val_loss=0.6332 (seg=0.2882 bnd=0.6900) val_iou=0.7946 val_dice=0.8855 val_precision=0.8841 val_recall=0.8870
[2026-04-30 10:27:41,724] INFO - Epoch [37/80] train_loss=0.6057 (seg=0.2658 bnd=0.6799) val_loss=0.6293 (seg=0.2853 bnd=0.6881) val_iou=0.7963 val_dice=0.8866 val_precision=0.8795 val_recall=0.8937
[2026-04-30 10:32:20,090] INFO - Epoch [38/80] train_loss=0.6021 (seg=0.2633 bnd=0.6776) val_loss=0.6265 (seg=0.2831 bnd=0.6867) val_iou=0.7978 val_dice=0.8875 val_precision=0.8783 val_recall=0.8969
[2026-04-30 10:32:20,970] INFO - Saved new best checkpoint at epoch 38 with IoU=0.7978
[2026-04-30 10:36:58,709] INFO - Epoch [39/80] train_loss=0.5992 (seg=0.2612 bnd=0.6761) val_loss=0.6190 (seg=0.2773 bnd=0.6834) val_iou=0.8012 val_dice=0.8897 val_precision=0.8820 val_recall=0.8974
[2026-04-30 10:36:59,679] INFO - Saved new best checkpoint at epoch 39 with IoU=0.8012
[2026-04-30 10:41:37,468] INFO - Epoch [40/80] train_loss=0.5935 (seg=0.2572 bnd=0.6725) val_loss=0.6112 (seg=0.2713 bnd=0.6799) val_iou=0.8032 val_dice=0.8909 val_precision=0.8889 val_recall=0.8928
[2026-04-30 10:41:38,408] INFO - Saved new best checkpoint at epoch 40 with IoU=0.8032
[2026-04-30 10:46:16,217] INFO - Epoch [41/80] train_loss=0.5932 (seg=0.2577 bnd=0.6711) val_loss=0.6231 (seg=0.2819 bnd=0.6825) val_iou=0.7966 val_dice=0.8868 val_precision=0.8904 val_recall=0.8832
[2026-04-30 10:50:54,500] INFO - Epoch [42/80] train_loss=0.5874 (seg=0.2532 bnd=0.6685) val_loss=0.6135 (seg=0.2740 bnd=0.6789) val_iou=0.8036 val_dice=0.8911 val_precision=0.8873 val_recall=0.8949
[2026-04-30 10:50:55,470] INFO - Saved new best checkpoint at epoch 42 with IoU=0.8036
[2026-04-30 10:55:33,320] INFO - Epoch [43/80] train_loss=0.5850 (seg=0.2520 bnd=0.6660) val_loss=0.6127 (seg=0.2735 bnd=0.6784) val_iou=0.8036 val_dice=0.8911 val_precision=0.8886 val_recall=0.8936
[2026-04-30 11:00:11,640] INFO - Epoch [44/80] train_loss=0.5817 (seg=0.2498 bnd=0.6638) val_loss=0.6100 (seg=0.2717 bnd=0.6765) val_iou=0.8050 val_dice=0.8920 val_precision=0.8885 val_recall=0.8955
[2026-04-30 11:00:12,660] INFO - Saved new best checkpoint at epoch 44 with IoU=0.8050
[2026-04-30 11:04:50,362] INFO - Epoch [45/80] train_loss=0.5799 (seg=0.2487 bnd=0.6625) val_loss=0.6072 (seg=0.2705 bnd=0.6735) val_iou=0.8057 val_dice=0.8924 val_precision=0.8949 val_recall=0.8899
[2026-04-30 11:04:51,123] INFO - Saved new best checkpoint at epoch 45 with IoU=0.8057
[2026-04-30 11:09:29,138] INFO - Epoch [46/80] train_loss=0.5763 (seg=0.2460 bnd=0.6605) val_loss=0.6114 (seg=0.2735 bnd=0.6757) val_iou=0.8040 val_dice=0.8913 val_precision=0.8897 val_recall=0.8929
[2026-04-30 11:14:07,338] INFO - Epoch [47/80] train_loss=0.5736 (seg=0.2442 bnd=0.6589) val_loss=0.6019 (seg=0.2669 bnd=0.6700) val_iou=0.8097 val_dice=0.8948 val_precision=0.8920 val_recall=0.8977
[2026-04-30 11:14:08,283] INFO - Saved new best checkpoint at epoch 47 with IoU=0.8097
[2026-04-30 11:18:46,057] INFO - Epoch [48/80] train_loss=0.5705 (seg=0.2421 bnd=0.6568) val_loss=0.6096 (seg=0.2735 bnd=0.6723) val_iou=0.8048 val_dice=0.8918 val_precision=0.8890 val_recall=0.8947
[2026-04-30 11:23:24,187] INFO - Epoch [49/80] train_loss=0.5684 (seg=0.2408 bnd=0.6553) val_loss=0.6053 (seg=0.2690 bnd=0.6725) val_iou=0.8074 val_dice=0.8934 val_precision=0.8958 val_recall=0.8911
[2026-04-30 11:28:02,385] INFO - Epoch [50/80] train_loss=0.5648 (seg=0.2382 bnd=0.6531) val_loss=0.6017 (seg=0.2675 bnd=0.6683) val_iou=0.8056 val_dice=0.8923 val_precision=0.8918 val_recall=0.8929
[2026-04-30 11:32:40,840] INFO - Epoch [51/80] train_loss=0.5631 (seg=0.2370 bnd=0.6522) val_loss=0.6071 (seg=0.2712 bnd=0.6720) val_iou=0.8059 val_dice=0.8925 val_precision=0.8951 val_recall=0.8899
[2026-04-30 11:37:18,984] INFO - Epoch [52/80] train_loss=0.5607 (seg=0.2354 bnd=0.6507) val_loss=0.6040 (seg=0.2692 bnd=0.6696) val_iou=0.8072 val_dice=0.8933 val_precision=0.8969 val_recall=0.8898
[2026-04-30 11:41:57,163] INFO - Epoch [53/80] train_loss=0.5568 (seg=0.2327 bnd=0.6482) val_loss=0.5969 (seg=0.2632 bnd=0.6674) val_iou=0.8118 val_dice=0.8961 val_precision=0.8906 val_recall=0.9017
[2026-04-30 11:41:57,898] INFO - Saved new best checkpoint at epoch 53 with IoU=0.8118
[2026-04-30 11:46:35,722] INFO - Epoch [54/80] train_loss=0.5556 (seg=0.2320 bnd=0.6472) val_loss=0.5945 (seg=0.2629 bnd=0.6631) val_iou=0.8094 val_dice=0.8947 val_precision=0.8963 val_recall=0.8930
[2026-04-30 11:51:13,852] INFO - Epoch [55/80] train_loss=0.5530 (seg=0.2303 bnd=0.6453) val_loss=0.5949 (seg=0.2638 bnd=0.6623) val_iou=0.8095 val_dice=0.8947 val_precision=0.8976 val_recall=0.8919
[2026-04-30 11:55:52,128] INFO - Epoch [56/80] train_loss=0.5517 (seg=0.2294 bnd=0.6446) val_loss=0.5934 (seg=0.2612 bnd=0.6643) val_iou=0.8111 val_dice=0.8957 val_precision=0.8909 val_recall=0.9004
[2026-04-30 12:00:30,362] INFO - Epoch [57/80] train_loss=0.5502 (seg=0.2284 bnd=0.6435) val_loss=0.5880 (seg=0.2582 bnd=0.6597) val_iou=0.8142 val_dice=0.8976 val_precision=0.8899 val_recall=0.9054
[2026-04-30 12:00:31,053] INFO - Saved new best checkpoint at epoch 57 with IoU=0.8142
[2026-04-30 12:05:08,765] INFO - Epoch [58/80] train_loss=0.5481 (seg=0.2269 bnd=0.6423) val_loss=0.5896 (seg=0.2594 bnd=0.6603) val_iou=0.8132 val_dice=0.8970 val_precision=0.8939 val_recall=0.9000
[2026-04-30 12:09:46,918] INFO - Epoch [59/80] train_loss=0.5458 (seg=0.2255 bnd=0.6407) val_loss=0.5913 (seg=0.2605 bnd=0.6617) val_iou=0.8133 val_dice=0.8970 val_precision=0.8988 val_recall=0.8953
[2026-04-30 12:14:24,997] INFO - Epoch [60/80] train_loss=0.5441 (seg=0.2243 bnd=0.6396) val_loss=0.5898 (seg=0.2593 bnd=0.6610) val_iou=0.8144 val_dice=0.8977 val_precision=0.8956 val_recall=0.8999
[2026-04-30 12:14:25,633] INFO - Saved new best checkpoint at epoch 60 with IoU=0.8144
[2026-04-30 12:19:03,494] INFO - Epoch [61/80] train_loss=0.5425 (seg=0.2232 bnd=0.6386) val_loss=0.5911 (seg=0.2603 bnd=0.6616) val_iou=0.8141 val_dice=0.8975 val_precision=0.8952 val_recall=0.8999
[2026-04-30 12:23:41,704] INFO - Epoch [62/80] train_loss=0.5414 (seg=0.2226 bnd=0.6376) val_loss=0.5884 (seg=0.2585 bnd=0.6597) val_iou=0.8146 val_dice=0.8979 val_precision=0.8964 val_recall=0.8993
[2026-04-30 12:23:42,417] INFO - Saved new best checkpoint at epoch 62 with IoU=0.8146
[2026-04-30 12:28:20,339] INFO - Epoch [63/80] train_loss=0.5401 (seg=0.2218 bnd=0.6365) val_loss=0.5870 (seg=0.2575 bnd=0.6589) val_iou=0.8143 val_dice=0.8976 val_precision=0.8960 val_recall=0.8993
[2026-04-30 12:32:58,555] INFO - Epoch [64/80] train_loss=0.5382 (seg=0.2205 bnd=0.6355) val_loss=0.5881 (seg=0.2581 bnd=0.6599) val_iou=0.8153 val_dice=0.8982 val_precision=0.8962 val_recall=0.9003
[2026-04-30 12:32:59,349] INFO - Saved new best checkpoint at epoch 64 with IoU=0.8153
[2026-04-30 12:37:37,373] INFO - Epoch [65/80] train_loss=0.5371 (seg=0.2199 bnd=0.6344) val_loss=0.5852 (seg=0.2561 bnd=0.6582) val_iou=0.8154 val_dice=0.8983 val_precision=0.8954 val_recall=0.9012
[2026-04-30 12:37:38,124] INFO - Saved new best checkpoint at epoch 65 with IoU=0.8154
[2026-04-30 12:42:16,022] INFO - Epoch [66/80] train_loss=0.5362 (seg=0.2193 bnd=0.6338) val_loss=0.5848 (seg=0.2564 bnd=0.6568) val_iou=0.8157 val_dice=0.8985 val_precision=0.8954 val_recall=0.9016
[2026-04-30 12:42:16,764] INFO - Saved new best checkpoint at epoch 66 with IoU=0.8157
[2026-04-30 12:46:54,326] INFO - Epoch [67/80] train_loss=0.5345 (seg=0.2180 bnd=0.6330) val_loss=0.5850 (seg=0.2564 bnd=0.6574) val_iou=0.8153 val_dice=0.8982 val_precision=0.8999 val_recall=0.8965
[2026-04-30 12:51:32,690] INFO - Epoch [68/80] train_loss=0.5334 (seg=0.2174 bnd=0.6320) val_loss=0.5848 (seg=0.2563 bnd=0.6569) val_iou=0.8160 val_dice=0.8986 val_precision=0.9007 val_recall=0.8966
[2026-04-30 12:51:33,529] INFO - Saved new best checkpoint at epoch 68 with IoU=0.8160
[2026-04-30 12:56:11,695] INFO - Epoch [69/80] train_loss=0.5341 (seg=0.2178 bnd=0.6325) val_loss=0.5843 (seg=0.2560 bnd=0.6568) val_iou=0.8159 val_dice=0.8986 val_precision=0.8982 val_recall=0.8991
[2026-04-30 13:00:49,962] INFO - Epoch [70/80] train_loss=0.5327 (seg=0.2170 bnd=0.6314) val_loss=0.5815 (seg=0.2541 bnd=0.6550) val_iou=0.8161 val_dice=0.8988 val_precision=0.8957 val_recall=0.9019
[2026-04-30 13:00:50,763] INFO - Saved new best checkpoint at epoch 70 with IoU=0.8161
[2026-04-30 13:05:28,855] INFO - Epoch [71/80] train_loss=0.5316 (seg=0.2162 bnd=0.6308) val_loss=0.5822 (seg=0.2543 bnd=0.6557) val_iou=0.8172 val_dice=0.8994 val_precision=0.8951 val_recall=0.9037
[2026-04-30 13:05:29,537] INFO - Saved new best checkpoint at epoch 71 with IoU=0.8172
[2026-04-30 13:10:07,387] INFO - Epoch [72/80] train_loss=0.5316 (seg=0.2163 bnd=0.6307) val_loss=0.5822 (seg=0.2544 bnd=0.6554) val_iou=0.8163 val_dice=0.8989 val_precision=0.8970 val_recall=0.9008
[2026-04-30 13:14:45,649] INFO - Epoch [73/80] train_loss=0.5299 (seg=0.2151 bnd=0.6297) val_loss=0.5819 (seg=0.2540 bnd=0.6557) val_iou=0.8174 val_dice=0.8996 val_precision=0.8974 val_recall=0.9017
[2026-04-30 13:14:46,465] INFO - Saved new best checkpoint at epoch 73 with IoU=0.8174
[2026-04-30 13:19:24,223] INFO - Epoch [74/80] train_loss=0.5295 (seg=0.2148 bnd=0.6294) val_loss=0.5824 (seg=0.2546 bnd=0.6556) val_iou=0.8167 val_dice=0.8991 val_precision=0.8945 val_recall=0.9037
[2026-04-30 13:24:02,568] INFO - Epoch [75/80] train_loss=0.5306 (seg=0.2156 bnd=0.6301) val_loss=0.5820 (seg=0.2541 bnd=0.6557) val_iou=0.8168 val_dice=0.8992 val_precision=0.8978 val_recall=0.9005
[2026-04-30 13:28:40,811] INFO - Epoch [76/80] train_loss=0.5295 (seg=0.2150 bnd=0.6290) val_loss=0.5835 (seg=0.2553 bnd=0.6563) val_iou=0.8158 val_dice=0.8986 val_precision=0.8967 val_recall=0.9004
[2026-04-30 13:33:19,432] INFO - Epoch [77/80] train_loss=0.5290 (seg=0.2146 bnd=0.6289) val_loss=0.5838 (seg=0.2558 bnd=0.6562) val_iou=0.8164 val_dice=0.8989 val_precision=0.8959 val_recall=0.9019
[2026-04-30 13:37:57,972] INFO - Epoch [78/80] train_loss=0.5292 (seg=0.2146 bnd=0.6293) val_loss=0.5833 (seg=0.2553 bnd=0.6560) val_iou=0.8163 val_dice=0.8988 val_precision=0.8973 val_recall=0.9003
[2026-04-30 13:42:36,664] INFO - Epoch [79/80] train_loss=0.5289 (seg=0.2146 bnd=0.6286) val_loss=0.5840 (seg=0.2557 bnd=0.6565) val_iou=0.8170 val_dice=0.8993 val_precision=0.8963 val_recall=0.9022
[2026-04-30 13:47:14,969] INFO - Epoch [80/80] train_loss=0.5287 (seg=0.2144 bnd=0.6286) val_loss=0.5826 (seg=0.2548 bnd=0.6555) val_iou=0.8163 val_dice=0.8988 val_precision=0.8960 val_recall=0.9017
[2026-04-30 13:47:29,818] INFO - Finished inria_true_vmamba_boundary_seed123. val IoU=0.8174 Dice=0.8996
