[2026-04-17 09:06:18,328] INFO - Starting inria_v2lite_boundary on device=cuda
[2026-04-17 09:06:18,328] INFO - Train=12162 Val=2225 Test=0 Params=17915010 boundary_weight=0.50 kernel=3
[2026-04-17 09:09:53,281] INFO - Epoch [1/80] train_loss=1.2350 (seg=0.7600 bnd=0.9500) val_loss=1.0435 (seg=0.6068 bnd=0.8734) val_iou=0.6114 val_dice=0.7589 val_precision=0.7647 val_recall=0.7532
[2026-04-17 09:09:53,860] INFO - Saved new best checkpoint at epoch 1 with IoU=0.6114
[2026-04-17 09:13:27,593] INFO - Epoch [2/80] train_loss=0.9947 (seg=0.5690 bnd=0.8515) val_loss=0.8831 (seg=0.4741 bnd=0.8180) val_iou=0.6784 val_dice=0.8084 val_precision=0.7785 val_recall=0.8407
[2026-04-17 09:13:28,486] INFO - Saved new best checkpoint at epoch 2 with IoU=0.6784
[2026-04-17 09:17:01,828] INFO - Epoch [3/80] train_loss=0.9037 (seg=0.4937 bnd=0.8200) val_loss=0.8437 (seg=0.4420 bnd=0.8034) val_iou=0.6955 val_dice=0.8204 val_precision=0.8417 val_recall=0.8002
[2026-04-17 09:17:02,765] INFO - Saved new best checkpoint at epoch 3 with IoU=0.6955
[2026-04-17 09:20:36,776] INFO - Epoch [4/80] train_loss=0.8586 (seg=0.4574 bnd=0.8025) val_loss=0.8091 (seg=0.4152 bnd=0.7879) val_iou=0.7048 val_dice=0.8269 val_precision=0.8168 val_recall=0.8372
[2026-04-17 09:20:37,947] INFO - Saved new best checkpoint at epoch 4 with IoU=0.7048
[2026-04-17 09:24:11,903] INFO - Epoch [5/80] train_loss=0.8253 (seg=0.4310 bnd=0.7886) val_loss=0.8054 (seg=0.4117 bnd=0.7876) val_iou=0.7088 val_dice=0.8296 val_precision=0.8592 val_recall=0.8020
[2026-04-17 09:24:12,740] INFO - Saved new best checkpoint at epoch 5 with IoU=0.7088
[2026-04-17 09:27:46,276] INFO - Epoch [6/80] train_loss=0.8032 (seg=0.4136 bnd=0.7793) val_loss=0.7672 (seg=0.3821 bnd=0.7702) val_iou=0.7319 val_dice=0.8452 val_precision=0.8410 val_recall=0.8495
[2026-04-17 09:27:47,060] INFO - Saved new best checkpoint at epoch 6 with IoU=0.7319
[2026-04-17 09:31:21,097] INFO - Epoch [7/80] train_loss=0.7893 (seg=0.4030 bnd=0.7725) val_loss=0.7675 (seg=0.3823 bnd=0.7704) val_iou=0.7284 val_dice=0.8428 val_precision=0.8156 val_recall=0.8720
[2026-04-17 09:34:55,346] INFO - Epoch [8/80] train_loss=0.7716 (seg=0.3895 bnd=0.7642) val_loss=0.7420 (seg=0.3646 bnd=0.7548) val_iou=0.7395 val_dice=0.8502 val_precision=0.8511 val_recall=0.8494
[2026-04-17 09:34:56,148] INFO - Saved new best checkpoint at epoch 8 with IoU=0.7395
[2026-04-17 09:38:29,952] INFO - Epoch [9/80] train_loss=0.7625 (seg=0.3822 bnd=0.7607) val_loss=0.7360 (seg=0.3613 bnd=0.7492) val_iou=0.7443 val_dice=0.8534 val_precision=0.8450 val_recall=0.8620
[2026-04-17 09:38:30,768] INFO - Saved new best checkpoint at epoch 9 with IoU=0.7443
[2026-04-17 09:42:04,513] INFO - Epoch [10/80] train_loss=0.7514 (seg=0.3737 bnd=0.7553) val_loss=0.7237 (seg=0.3506 bnd=0.7461) val_iou=0.7468 val_dice=0.8550 val_precision=0.8565 val_recall=0.8536
[2026-04-17 09:42:05,284] INFO - Saved new best checkpoint at epoch 10 with IoU=0.7468
[2026-04-17 09:45:39,161] INFO - Epoch [11/80] train_loss=0.7386 (seg=0.3638 bnd=0.7496) val_loss=0.7204 (seg=0.3485 bnd=0.7438) val_iou=0.7488 val_dice=0.8564 val_precision=0.8601 val_recall=0.8527
[2026-04-17 09:45:39,910] INFO - Saved new best checkpoint at epoch 11 with IoU=0.7488
[2026-04-17 09:49:13,522] INFO - Epoch [12/80] train_loss=0.7350 (seg=0.3610 bnd=0.7480) val_loss=0.7204 (seg=0.3496 bnd=0.7416) val_iou=0.7496 val_dice=0.8569 val_precision=0.8592 val_recall=0.8546
[2026-04-17 09:49:14,445] INFO - Saved new best checkpoint at epoch 12 with IoU=0.7496
[2026-04-17 09:52:48,108] INFO - Epoch [13/80] train_loss=0.7235 (seg=0.3525 bnd=0.7420) val_loss=0.7041 (seg=0.3364 bnd=0.7354) val_iou=0.7568 val_dice=0.8616 val_precision=0.8516 val_recall=0.8718
[2026-04-17 09:52:48,997] INFO - Saved new best checkpoint at epoch 13 with IoU=0.7568
[2026-04-17 09:56:23,098] INFO - Epoch [14/80] train_loss=0.7150 (seg=0.3454 bnd=0.7392) val_loss=0.7273 (seg=0.3561 bnd=0.7424) val_iou=0.7456 val_dice=0.8542 val_precision=0.8490 val_recall=0.8595
[2026-04-17 09:59:57,299] INFO - Epoch [15/80] train_loss=0.7096 (seg=0.3416 bnd=0.7359) val_loss=0.7123 (seg=0.3419 bnd=0.7410) val_iou=0.7565 val_dice=0.8614 val_precision=0.8638 val_recall=0.8590
[2026-04-17 10:03:31,874] INFO - Epoch [16/80] train_loss=0.7034 (seg=0.3370 bnd=0.7327) val_loss=0.6992 (seg=0.3339 bnd=0.7305) val_iou=0.7601 val_dice=0.8637 val_precision=0.8607 val_recall=0.8667
[2026-04-17 10:03:32,574] INFO - Saved new best checkpoint at epoch 16 with IoU=0.7601
[2026-04-17 10:07:06,948] INFO - Epoch [17/80] train_loss=0.6974 (seg=0.3323 bnd=0.7302) val_loss=0.6955 (seg=0.3311 bnd=0.7288) val_iou=0.7571 val_dice=0.8617 val_precision=0.8516 val_recall=0.8721
[2026-04-17 10:10:40,892] INFO - Epoch [18/80] train_loss=0.6936 (seg=0.3294 bnd=0.7284) val_loss=0.6973 (seg=0.3315 bnd=0.7317) val_iou=0.7611 val_dice=0.8644 val_precision=0.8710 val_recall=0.8578
[2026-04-17 10:10:41,609] INFO - Saved new best checkpoint at epoch 18 with IoU=0.7611
[2026-04-17 10:14:16,107] INFO - Epoch [19/80] train_loss=0.6878 (seg=0.3254 bnd=0.7248) val_loss=0.6895 (seg=0.3263 bnd=0.7264) val_iou=0.7670 val_dice=0.8681 val_precision=0.8494 val_recall=0.8877
[2026-04-17 10:14:16,913] INFO - Saved new best checkpoint at epoch 19 with IoU=0.7670
[2026-04-17 10:17:51,365] INFO - Epoch [20/80] train_loss=0.6848 (seg=0.3231 bnd=0.7235) val_loss=0.6794 (seg=0.3173 bnd=0.7243) val_iou=0.7728 val_dice=0.8719 val_precision=0.8593 val_recall=0.8848
[2026-04-17 10:17:52,140] INFO - Saved new best checkpoint at epoch 20 with IoU=0.7728
[2026-04-17 10:21:25,908] INFO - Epoch [21/80] train_loss=0.6787 (seg=0.3181 bnd=0.7213) val_loss=0.6748 (seg=0.3150 bnd=0.7196) val_iou=0.7732 val_dice=0.8721 val_precision=0.8600 val_recall=0.8845
[2026-04-17 10:21:26,673] INFO - Saved new best checkpoint at epoch 21 with IoU=0.7732
[2026-04-17 10:25:00,662] INFO - Epoch [22/80] train_loss=0.6771 (seg=0.3173 bnd=0.7195) val_loss=0.6839 (seg=0.3238 bnd=0.7203) val_iou=0.7611 val_dice=0.8643 val_precision=0.8580 val_recall=0.8708
[2026-04-17 10:28:34,910] INFO - Epoch [23/80] train_loss=0.6707 (seg=0.3122 bnd=0.7170) val_loss=0.6750 (seg=0.3161 bnd=0.7178) val_iou=0.7751 val_dice=0.8733 val_precision=0.8619 val_recall=0.8850
[2026-04-17 10:28:35,641] INFO - Saved new best checkpoint at epoch 23 with IoU=0.7751
[2026-04-17 10:32:10,241] INFO - Epoch [24/80] train_loss=0.6663 (seg=0.3091 bnd=0.7145) val_loss=0.6712 (seg=0.3135 bnd=0.7153) val_iou=0.7773 val_dice=0.8747 val_precision=0.8625 val_recall=0.8872
[2026-04-17 10:32:10,944] INFO - Saved new best checkpoint at epoch 24 with IoU=0.7773
[2026-04-17 10:35:45,445] INFO - Epoch [25/80] train_loss=0.6614 (seg=0.3054 bnd=0.7121) val_loss=0.6768 (seg=0.3197 bnd=0.7141) val_iou=0.7692 val_dice=0.8696 val_precision=0.8493 val_recall=0.8908
[2026-04-17 10:39:20,813] INFO - Epoch [26/80] train_loss=0.6583 (seg=0.3031 bnd=0.7102) val_loss=0.6665 (seg=0.3092 bnd=0.7146) val_iou=0.7780 val_dice=0.8752 val_precision=0.8580 val_recall=0.8931
[2026-04-17 10:39:21,540] INFO - Saved new best checkpoint at epoch 26 with IoU=0.7780
[2026-04-17 10:42:55,197] INFO - Epoch [27/80] train_loss=0.6559 (seg=0.3012 bnd=0.7093) val_loss=0.6724 (seg=0.3146 bnd=0.7157) val_iou=0.7742 val_dice=0.8728 val_precision=0.8565 val_recall=0.8896
[2026-04-17 10:46:29,300] INFO - Epoch [28/80] train_loss=0.6493 (seg=0.2963 bnd=0.7060) val_loss=0.6580 (seg=0.3038 bnd=0.7083) val_iou=0.7788 val_dice=0.8756 val_precision=0.8635 val_recall=0.8881
[2026-04-17 10:46:30,067] INFO - Saved new best checkpoint at epoch 28 with IoU=0.7788
[2026-04-17 10:50:04,407] INFO - Epoch [29/80] train_loss=0.6509 (seg=0.2978 bnd=0.7061) val_loss=0.6594 (seg=0.3050 bnd=0.7088) val_iou=0.7801 val_dice=0.8765 val_precision=0.8610 val_recall=0.8925
[2026-04-17 10:50:05,148] INFO - Saved new best checkpoint at epoch 29 with IoU=0.7801
[2026-04-17 10:53:39,135] INFO - Epoch [30/80] train_loss=0.6451 (seg=0.2933 bnd=0.7036) val_loss=0.6636 (seg=0.3088 bnd=0.7095) val_iou=0.7820 val_dice=0.8776 val_precision=0.8739 val_recall=0.8814
[2026-04-17 10:53:39,924] INFO - Saved new best checkpoint at epoch 30 with IoU=0.7820
[2026-04-17 10:57:13,977] INFO - Epoch [31/80] train_loss=0.6427 (seg=0.2913 bnd=0.7027) val_loss=0.6658 (seg=0.3107 bnd=0.7102) val_iou=0.7808 val_dice=0.8769 val_precision=0.8672 val_recall=0.8868
[2026-04-17 11:00:48,507] INFO - Epoch [32/80] train_loss=0.6373 (seg=0.2874 bnd=0.6997) val_loss=0.6568 (seg=0.3028 bnd=0.7081) val_iou=0.7847 val_dice=0.8794 val_precision=0.8689 val_recall=0.8901
[2026-04-17 11:00:49,336] INFO - Saved new best checkpoint at epoch 32 with IoU=0.7847
[2026-04-17 11:04:23,263] INFO - Epoch [33/80] train_loss=0.6342 (seg=0.2851 bnd=0.6984) val_loss=0.6585 (seg=0.3047 bnd=0.7077) val_iou=0.7833 val_dice=0.8785 val_precision=0.8677 val_recall=0.8896
[2026-04-17 11:07:57,378] INFO - Epoch [34/80] train_loss=0.6316 (seg=0.2833 bnd=0.6966) val_loss=0.6526 (seg=0.2993 bnd=0.7067) val_iou=0.7855 val_dice=0.8799 val_precision=0.8780 val_recall=0.8817
[2026-04-17 11:07:58,230] INFO - Saved new best checkpoint at epoch 34 with IoU=0.7855
[2026-04-17 11:11:32,091] INFO - Epoch [35/80] train_loss=0.6308 (seg=0.2826 bnd=0.6964) val_loss=0.6567 (seg=0.3043 bnd=0.7048) val_iou=0.7825 val_dice=0.8780 val_precision=0.8737 val_recall=0.8822
[2026-04-17 11:15:06,130] INFO - Epoch [36/80] train_loss=0.6268 (seg=0.2797 bnd=0.6942) val_loss=0.6598 (seg=0.3048 bnd=0.7101) val_iou=0.7883 val_dice=0.8816 val_precision=0.8756 val_recall=0.8877
[2026-04-17 11:15:06,927] INFO - Saved new best checkpoint at epoch 36 with IoU=0.7883
[2026-04-17 11:18:40,874] INFO - Epoch [37/80] train_loss=0.6227 (seg=0.2764 bnd=0.6926) val_loss=0.6453 (seg=0.2941 bnd=0.7024) val_iou=0.7907 val_dice=0.8831 val_precision=0.8772 val_recall=0.8891
[2026-04-17 11:18:41,653] INFO - Saved new best checkpoint at epoch 37 with IoU=0.7907
[2026-04-17 11:22:15,619] INFO - Epoch [38/80] train_loss=0.6221 (seg=0.2763 bnd=0.6916) val_loss=0.6624 (seg=0.3086 bnd=0.7075) val_iou=0.7770 val_dice=0.8745 val_precision=0.8558 val_recall=0.8940
[2026-04-17 11:25:49,689] INFO - Epoch [39/80] train_loss=0.6176 (seg=0.2728 bnd=0.6896) val_loss=0.6523 (seg=0.2995 bnd=0.7058) val_iou=0.7857 val_dice=0.8800 val_precision=0.8704 val_recall=0.8899
[2026-04-17 11:29:23,763] INFO - Epoch [40/80] train_loss=0.6150 (seg=0.2712 bnd=0.6878) val_loss=0.6417 (seg=0.2912 bnd=0.7011) val_iou=0.7902 val_dice=0.8828 val_precision=0.8794 val_recall=0.8862
[2026-04-17 11:32:58,107] INFO - Epoch [41/80] train_loss=0.6125 (seg=0.2694 bnd=0.6862) val_loss=0.6465 (seg=0.2952 bnd=0.7026) val_iou=0.7876 val_dice=0.8812 val_precision=0.8718 val_recall=0.8907
[2026-04-17 11:36:32,178] INFO - Epoch [42/80] train_loss=0.6093 (seg=0.2668 bnd=0.6849) val_loss=0.6466 (seg=0.2980 bnd=0.6972) val_iou=0.7894 val_dice=0.8823 val_precision=0.8708 val_recall=0.8942
[2026-04-17 11:40:06,236] INFO - Epoch [43/80] train_loss=0.6067 (seg=0.2649 bnd=0.6836) val_loss=0.6306 (seg=0.2846 bnd=0.6922) val_iou=0.7950 val_dice=0.8858 val_precision=0.8745 val_recall=0.8974
[2026-04-17 11:40:06,994] INFO - Saved new best checkpoint at epoch 43 with IoU=0.7950
[2026-04-17 11:43:40,882] INFO - Epoch [44/80] train_loss=0.6041 (seg=0.2628 bnd=0.6825) val_loss=0.6367 (seg=0.2894 bnd=0.6946) val_iou=0.7919 val_dice=0.8839 val_precision=0.8713 val_recall=0.8968
[2026-04-17 11:47:15,112] INFO - Epoch [45/80] train_loss=0.6005 (seg=0.2604 bnd=0.6801) val_loss=0.6356 (seg=0.2881 bnd=0.6949) val_iou=0.7921 val_dice=0.8840 val_precision=0.8858 val_recall=0.8822
[2026-04-17 11:50:49,240] INFO - Epoch [46/80] train_loss=0.6017 (seg=0.2615 bnd=0.6805) val_loss=0.6414 (seg=0.2945 bnd=0.6939) val_iou=0.7852 val_dice=0.8796 val_precision=0.8740 val_recall=0.8854
[2026-04-17 11:54:23,266] INFO - Epoch [47/80] train_loss=0.5960 (seg=0.2571 bnd=0.6779) val_loss=0.6345 (seg=0.2885 bnd=0.6920) val_iou=0.7900 val_dice=0.8827 val_precision=0.8718 val_recall=0.8938
[2026-04-17 11:57:57,298] INFO - Epoch [48/80] train_loss=0.5944 (seg=0.2559 bnd=0.6769) val_loss=0.6307 (seg=0.2853 bnd=0.6909) val_iou=0.7939 val_dice=0.8851 val_precision=0.8832 val_recall=0.8870
[2026-04-17 12:01:31,140] INFO - Epoch [49/80] train_loss=0.5935 (seg=0.2555 bnd=0.6759) val_loss=0.6267 (seg=0.2814 bnd=0.6907) val_iou=0.7983 val_dice=0.8879 val_precision=0.8817 val_recall=0.8941
[2026-04-17 12:01:31,965] INFO - Saved new best checkpoint at epoch 49 with IoU=0.7983
[2026-04-17 12:05:05,634] INFO - Epoch [50/80] train_loss=0.5914 (seg=0.2538 bnd=0.6751) val_loss=0.6335 (seg=0.2869 bnd=0.6933) val_iou=0.7930 val_dice=0.8845 val_precision=0.8830 val_recall=0.8861
[2026-04-17 12:08:39,779] INFO - Epoch [51/80] train_loss=0.5881 (seg=0.2517 bnd=0.6728) val_loss=0.6324 (seg=0.2866 bnd=0.6915) val_iou=0.7955 val_dice=0.8861 val_precision=0.8774 val_recall=0.8951
[2026-04-17 12:12:13,797] INFO - Epoch [52/80] train_loss=0.5867 (seg=0.2505 bnd=0.6725) val_loss=0.6274 (seg=0.2836 bnd=0.6876) val_iou=0.7942 val_dice=0.8853 val_precision=0.8892 val_recall=0.8814
[2026-04-17 12:15:47,785] INFO - Epoch [53/80] train_loss=0.5848 (seg=0.2490 bnd=0.6714) val_loss=0.6254 (seg=0.2819 bnd=0.6872) val_iou=0.7980 val_dice=0.8876 val_precision=0.8782 val_recall=0.8973
[2026-04-17 12:19:21,690] INFO - Epoch [54/80] train_loss=0.5839 (seg=0.2487 bnd=0.6705) val_loss=0.6279 (seg=0.2836 bnd=0.6888) val_iou=0.7948 val_dice=0.8857 val_precision=0.8803 val_recall=0.8912
[2026-04-17 12:22:55,907] INFO - Epoch [55/80] train_loss=0.5805 (seg=0.2460 bnd=0.6690) val_loss=0.6244 (seg=0.2802 bnd=0.6884) val_iou=0.7989 val_dice=0.8882 val_precision=0.8806 val_recall=0.8959
[2026-04-17 12:22:56,780] INFO - Saved new best checkpoint at epoch 55 with IoU=0.7989
[2026-04-17 12:26:30,525] INFO - Epoch [56/80] train_loss=0.5794 (seg=0.2452 bnd=0.6684) val_loss=0.6200 (seg=0.2783 bnd=0.6834) val_iou=0.8003 val_dice=0.8891 val_precision=0.8848 val_recall=0.8934
[2026-04-17 12:26:31,268] INFO - Saved new best checkpoint at epoch 56 with IoU=0.8003
[2026-04-17 12:30:04,842] INFO - Epoch [57/80] train_loss=0.5771 (seg=0.2436 bnd=0.6669) val_loss=0.6258 (seg=0.2823 bnd=0.6870) val_iou=0.7970 val_dice=0.8871 val_precision=0.8811 val_recall=0.8931
[2026-04-17 12:33:38,858] INFO - Epoch [58/80] train_loss=0.5758 (seg=0.2426 bnd=0.6663) val_loss=0.6214 (seg=0.2794 bnd=0.6839) val_iou=0.7982 val_dice=0.8878 val_precision=0.8778 val_recall=0.8979
[2026-04-17 12:37:12,814] INFO - Epoch [59/80] train_loss=0.5732 (seg=0.2409 bnd=0.6645) val_loss=0.6198 (seg=0.2780 bnd=0.6837) val_iou=0.7997 val_dice=0.8887 val_precision=0.8821 val_recall=0.8954
[2026-04-17 12:40:46,815] INFO - Epoch [60/80] train_loss=0.5731 (seg=0.2410 bnd=0.6642) val_loss=0.6152 (seg=0.2744 bnd=0.6817) val_iou=0.8010 val_dice=0.8895 val_precision=0.8894 val_recall=0.8896
[2026-04-17 12:40:47,859] INFO - Saved new best checkpoint at epoch 60 with IoU=0.8010
[2026-04-17 12:44:21,481] INFO - Epoch [61/80] train_loss=0.5704 (seg=0.2389 bnd=0.6630) val_loss=0.6154 (seg=0.2744 bnd=0.6819) val_iou=0.8012 val_dice=0.8897 val_precision=0.8844 val_recall=0.8950
[2026-04-17 12:44:22,311] INFO - Saved new best checkpoint at epoch 61 with IoU=0.8012
[2026-04-17 12:47:56,189] INFO - Epoch [62/80] train_loss=0.5693 (seg=0.2381 bnd=0.6624) val_loss=0.6154 (seg=0.2747 bnd=0.6814) val_iou=0.8012 val_dice=0.8896 val_precision=0.8809 val_recall=0.8985
[2026-04-17 12:51:30,335] INFO - Epoch [63/80] train_loss=0.5685 (seg=0.2376 bnd=0.6619) val_loss=0.6173 (seg=0.2764 bnd=0.6818) val_iou=0.8001 val_dice=0.8890 val_precision=0.8909 val_recall=0.8871
[2026-04-17 12:55:04,362] INFO - Epoch [64/80] train_loss=0.5663 (seg=0.2361 bnd=0.6604) val_loss=0.6152 (seg=0.2746 bnd=0.6811) val_iou=0.8010 val_dice=0.8895 val_precision=0.8825 val_recall=0.8966
[2026-04-17 12:58:38,451] INFO - Epoch [65/80] train_loss=0.5660 (seg=0.2358 bnd=0.6604) val_loss=0.6193 (seg=0.2791 bnd=0.6804) val_iou=0.8006 val_dice=0.8892 val_precision=0.8847 val_recall=0.8938
[2026-04-17 13:02:12,541] INFO - Epoch [66/80] train_loss=0.5648 (seg=0.2350 bnd=0.6596) val_loss=0.6174 (seg=0.2774 bnd=0.6800) val_iou=0.8007 val_dice=0.8893 val_precision=0.8855 val_recall=0.8933
[2026-04-17 13:05:46,419] INFO - Epoch [67/80] train_loss=0.5643 (seg=0.2347 bnd=0.6593) val_loss=0.6139 (seg=0.2743 bnd=0.6792) val_iou=0.8019 val_dice=0.8901 val_precision=0.8875 val_recall=0.8927
[2026-04-17 13:05:47,136] INFO - Saved new best checkpoint at epoch 67 with IoU=0.8019
[2026-04-17 13:09:20,773] INFO - Epoch [68/80] train_loss=0.5637 (seg=0.2342 bnd=0.6590) val_loss=0.6157 (seg=0.2755 bnd=0.6803) val_iou=0.8013 val_dice=0.8897 val_precision=0.8884 val_recall=0.8910
[2026-04-17 13:12:54,773] INFO - Epoch [69/80] train_loss=0.5622 (seg=0.2333 bnd=0.6579) val_loss=0.6151 (seg=0.2751 bnd=0.6802) val_iou=0.8013 val_dice=0.8897 val_precision=0.8868 val_recall=0.8926
[2026-04-17 13:16:28,874] INFO - Epoch [70/80] train_loss=0.5620 (seg=0.2331 bnd=0.6578) val_loss=0.6127 (seg=0.2733 bnd=0.6787) val_iou=0.8021 val_dice=0.8902 val_precision=0.8887 val_recall=0.8917
[2026-04-17 13:16:29,776] INFO - Saved new best checkpoint at epoch 70 with IoU=0.8021
[2026-04-17 13:20:03,882] INFO - Epoch [71/80] train_loss=0.5603 (seg=0.2319 bnd=0.6569) val_loss=0.6148 (seg=0.2747 bnd=0.6802) val_iou=0.8017 val_dice=0.8900 val_precision=0.8867 val_recall=0.8932
[2026-04-17 13:23:38,365] INFO - Epoch [72/80] train_loss=0.5602 (seg=0.2318 bnd=0.6569) val_loss=0.6118 (seg=0.2724 bnd=0.6788) val_iou=0.8031 val_dice=0.8908 val_precision=0.8861 val_recall=0.8956
[2026-04-17 13:23:39,210] INFO - Saved new best checkpoint at epoch 72 with IoU=0.8031
[2026-04-17 13:27:13,186] INFO - Epoch [73/80] train_loss=0.5602 (seg=0.2317 bnd=0.6570) val_loss=0.6094 (seg=0.2707 bnd=0.6775) val_iou=0.8038 val_dice=0.8912 val_precision=0.8895 val_recall=0.8930
[2026-04-17 13:27:14,118] INFO - Saved new best checkpoint at epoch 73 with IoU=0.8038
[2026-04-17 13:30:48,374] INFO - Epoch [74/80] train_loss=0.5603 (seg=0.2318 bnd=0.6568) val_loss=0.6098 (seg=0.2711 bnd=0.6774) val_iou=0.8034 val_dice=0.8910 val_precision=0.8897 val_recall=0.8922
[2026-04-17 13:34:22,568] INFO - Epoch [75/80] train_loss=0.5604 (seg=0.2320 bnd=0.6568) val_loss=0.6107 (seg=0.2719 bnd=0.6775) val_iou=0.8038 val_dice=0.8912 val_precision=0.8875 val_recall=0.8949
[2026-04-17 13:37:56,728] INFO - Epoch [76/80] train_loss=0.5599 (seg=0.2315 bnd=0.6568) val_loss=0.6114 (seg=0.2723 bnd=0.6781) val_iou=0.8034 val_dice=0.8910 val_precision=0.8855 val_recall=0.8965
[2026-04-17 13:41:31,172] INFO - Epoch [77/80] train_loss=0.5590 (seg=0.2309 bnd=0.6562) val_loss=0.6102 (seg=0.2714 bnd=0.6775) val_iou=0.8039 val_dice=0.8913 val_precision=0.8890 val_recall=0.8936
[2026-04-17 13:41:31,954] INFO - Saved new best checkpoint at epoch 77 with IoU=0.8039
[2026-04-17 13:45:06,021] INFO - Epoch [78/80] train_loss=0.5586 (seg=0.2306 bnd=0.6560) val_loss=0.6103 (seg=0.2715 bnd=0.6777) val_iou=0.8035 val_dice=0.8910 val_precision=0.8886 val_recall=0.8935
[2026-04-17 13:48:40,439] INFO - Epoch [79/80] train_loss=0.5594 (seg=0.2312 bnd=0.6564) val_loss=0.6100 (seg=0.2712 bnd=0.6776) val_iou=0.8044 val_dice=0.8916 val_precision=0.8885 val_recall=0.8947
[2026-04-17 13:48:41,187] INFO - Saved new best checkpoint at epoch 79 with IoU=0.8044
[2026-04-17 13:52:15,487] INFO - Epoch [80/80] train_loss=0.5588 (seg=0.2308 bnd=0.6560) val_loss=0.6096 (seg=0.2710 bnd=0.6772) val_iou=0.8041 val_dice=0.8914 val_precision=0.8876 val_recall=0.8952
[2026-04-17 13:52:30,303] INFO - Finished inria_v2lite_boundary. val IoU=0.8044 Dice=0.8916
