[2026-04-29 08:39:27,587] INFO - Starting inria_simplified_boundary_seed123 on device=cuda
[2026-04-29 08:39:27,587] INFO - Train=12162 Val=2225 Test=0 Params=17915010 boundary_weight=0.50 kernel=3
[2026-04-29 08:43:03,134] INFO - Epoch [1/80] train_loss=1.2379 (seg=0.7634 bnd=0.9489) val_loss=1.0544 (seg=0.6153 bnd=0.8783) val_iou=0.5998 val_dice=0.7499 val_precision=0.7227 val_recall=0.7791
[2026-04-29 08:43:03,657] INFO - Saved new best checkpoint at epoch 1 with IoU=0.5998
[2026-04-29 08:46:37,800] INFO - Epoch [2/80] train_loss=0.9956 (seg=0.5696 bnd=0.8521) val_loss=0.8949 (seg=0.4815 bnd=0.8269) val_iou=0.6772 val_dice=0.8076 val_precision=0.7691 val_recall=0.8501
[2026-04-29 08:46:38,706] INFO - Saved new best checkpoint at epoch 2 with IoU=0.6772
[2026-04-29 08:50:13,072] INFO - Epoch [3/80] train_loss=0.9086 (seg=0.4989 bnd=0.8194) val_loss=0.8446 (seg=0.4463 bnd=0.7966) val_iou=0.6912 val_dice=0.8174 val_precision=0.8221 val_recall=0.8128
[2026-04-29 08:50:13,988] INFO - Saved new best checkpoint at epoch 3 with IoU=0.6912
[2026-04-29 08:53:48,322] INFO - Epoch [4/80] train_loss=0.8585 (seg=0.4586 bnd=0.7999) val_loss=0.8376 (seg=0.4442 bnd=0.7868) val_iou=0.6805 val_dice=0.8099 val_precision=0.8499 val_recall=0.7735
[2026-04-29 08:57:23,805] INFO - Epoch [5/80] train_loss=0.8284 (seg=0.4349 bnd=0.7870) val_loss=0.7712 (seg=0.3850 bnd=0.7723) val_iou=0.7292 val_dice=0.8434 val_precision=0.8332 val_recall=0.8539
[2026-04-29 08:57:24,551] INFO - Saved new best checkpoint at epoch 5 with IoU=0.7292
[2026-04-29 09:00:59,287] INFO - Epoch [6/80] train_loss=0.8046 (seg=0.4152 bnd=0.7787) val_loss=0.7790 (seg=0.3913 bnd=0.7753) val_iou=0.7355 val_dice=0.8476 val_precision=0.8338 val_recall=0.8618
[2026-04-29 09:01:00,217] INFO - Saved new best checkpoint at epoch 6 with IoU=0.7355
[2026-04-29 09:04:34,814] INFO - Epoch [7/80] train_loss=0.7886 (seg=0.4029 bnd=0.7715) val_loss=0.7583 (seg=0.3764 bnd=0.7638) val_iou=0.7353 val_dice=0.8474 val_precision=0.8380 val_recall=0.8571
[2026-04-29 09:08:10,134] INFO - Epoch [8/80] train_loss=0.7728 (seg=0.3906 bnd=0.7644) val_loss=0.7470 (seg=0.3676 bnd=0.7589) val_iou=0.7404 val_dice=0.8509 val_precision=0.8474 val_recall=0.8543
[2026-04-29 09:08:10,863] INFO - Saved new best checkpoint at epoch 8 with IoU=0.7404
[2026-04-29 09:11:45,733] INFO - Epoch [9/80] train_loss=0.7598 (seg=0.3805 bnd=0.7585) val_loss=0.7566 (seg=0.3768 bnd=0.7595) val_iou=0.7390 val_dice=0.8499 val_precision=0.8257 val_recall=0.8756
[2026-04-29 09:15:20,864] INFO - Epoch [10/80] train_loss=0.7459 (seg=0.3696 bnd=0.7527) val_loss=0.7271 (seg=0.3538 bnd=0.7466) val_iou=0.7488 val_dice=0.8564 val_precision=0.8361 val_recall=0.8776
[2026-04-29 09:15:21,968] INFO - Saved new best checkpoint at epoch 10 with IoU=0.7488
[2026-04-29 09:18:56,560] INFO - Epoch [11/80] train_loss=0.7380 (seg=0.3638 bnd=0.7483) val_loss=0.7168 (seg=0.3458 bnd=0.7420) val_iou=0.7526 val_dice=0.8589 val_precision=0.8743 val_recall=0.8440
[2026-04-29 09:18:57,436] INFO - Saved new best checkpoint at epoch 11 with IoU=0.7526
[2026-04-29 09:22:32,453] INFO - Epoch [12/80] train_loss=0.7292 (seg=0.3571 bnd=0.7441) val_loss=0.7099 (seg=0.3400 bnd=0.7397) val_iou=0.7589 val_dice=0.8629 val_precision=0.8576 val_recall=0.8684
[2026-04-29 09:22:33,321] INFO - Saved new best checkpoint at epoch 12 with IoU=0.7589
[2026-04-29 09:26:07,874] INFO - Epoch [13/80] train_loss=0.7203 (seg=0.3497 bnd=0.7411) val_loss=0.7247 (seg=0.3530 bnd=0.7435) val_iou=0.7565 val_dice=0.8613 val_precision=0.8516 val_recall=0.8713
[2026-04-29 09:29:42,659] INFO - Epoch [14/80] train_loss=0.7146 (seg=0.3456 bnd=0.7380) val_loss=0.7052 (seg=0.3386 bnd=0.7331) val_iou=0.7635 val_dice=0.8659 val_precision=0.8612 val_recall=0.8705
[2026-04-29 09:29:43,384] INFO - Saved new best checkpoint at epoch 14 with IoU=0.7635
[2026-04-29 09:33:18,114] INFO - Epoch [15/80] train_loss=0.7070 (seg=0.3400 bnd=0.7341) val_loss=0.6966 (seg=0.3312 bnd=0.7309) val_iou=0.7662 val_dice=0.8676 val_precision=0.8613 val_recall=0.8740
[2026-04-29 09:33:18,946] INFO - Saved new best checkpoint at epoch 15 with IoU=0.7662
[2026-04-29 09:36:54,155] INFO - Epoch [16/80] train_loss=0.6992 (seg=0.3333 bnd=0.7316) val_loss=0.6946 (seg=0.3300 bnd=0.7293) val_iou=0.7645 val_dice=0.8665 val_precision=0.8598 val_recall=0.8733
[2026-04-29 09:40:28,776] INFO - Epoch [17/80] train_loss=0.6956 (seg=0.3313 bnd=0.7285) val_loss=0.6995 (seg=0.3342 bnd=0.7306) val_iou=0.7630 val_dice=0.8656 val_precision=0.8567 val_recall=0.8746
[2026-04-29 09:44:04,066] INFO - Epoch [18/80] train_loss=0.6906 (seg=0.3273 bnd=0.7266) val_loss=0.6938 (seg=0.3317 bnd=0.7241) val_iou=0.7640 val_dice=0.8662 val_precision=0.8728 val_recall=0.8597
[2026-04-29 09:47:39,852] INFO - Epoch [19/80] train_loss=0.6853 (seg=0.3235 bnd=0.7237) val_loss=0.6824 (seg=0.3205 bnd=0.7238) val_iou=0.7713 val_dice=0.8709 val_precision=0.8693 val_recall=0.8725
[2026-04-29 09:47:40,716] INFO - Saved new best checkpoint at epoch 19 with IoU=0.7713
[2026-04-29 09:51:16,860] INFO - Epoch [20/80] train_loss=0.6816 (seg=0.3208 bnd=0.7216) val_loss=0.6883 (seg=0.3250 bnd=0.7267) val_iou=0.7684 val_dice=0.8690 val_precision=0.8692 val_recall=0.8688
[2026-04-29 09:54:51,450] INFO - Epoch [21/80] train_loss=0.6743 (seg=0.3151 bnd=0.7185) val_loss=0.6959 (seg=0.3332 bnd=0.7254) val_iou=0.7621 val_dice=0.8650 val_precision=0.8443 val_recall=0.8867
[2026-04-29 09:58:26,319] INFO - Epoch [22/80] train_loss=0.6710 (seg=0.3124 bnd=0.7172) val_loss=0.6729 (seg=0.3146 bnd=0.7165) val_iou=0.7737 val_dice=0.8724 val_precision=0.8636 val_recall=0.8814
[2026-04-29 09:58:27,218] INFO - Saved new best checkpoint at epoch 22 with IoU=0.7737
[2026-04-29 10:02:01,049] INFO - Epoch [23/80] train_loss=0.6671 (seg=0.3096 bnd=0.7149) val_loss=0.6824 (seg=0.3228 bnd=0.7194) val_iou=0.7713 val_dice=0.8709 val_precision=0.8628 val_recall=0.8791
[2026-04-29 10:05:36,017] INFO - Epoch [24/80] train_loss=0.6642 (seg=0.3072 bnd=0.7140) val_loss=0.6726 (seg=0.3142 bnd=0.7167) val_iou=0.7744 val_dice=0.8729 val_precision=0.8510 val_recall=0.8959
[2026-04-29 10:05:36,819] INFO - Saved new best checkpoint at epoch 24 with IoU=0.7744
[2026-04-29 10:09:11,994] INFO - Epoch [25/80] train_loss=0.6590 (seg=0.3034 bnd=0.7112) val_loss=0.6729 (seg=0.3146 bnd=0.7167) val_iou=0.7764 val_dice=0.8741 val_precision=0.8635 val_recall=0.8850
[2026-04-29 10:09:12,872] INFO - Saved new best checkpoint at epoch 25 with IoU=0.7764
[2026-04-29 10:12:50,946] INFO - Epoch [26/80] train_loss=0.6560 (seg=0.3016 bnd=0.7088) val_loss=0.6542 (seg=0.2989 bnd=0.7105) val_iou=0.7840 val_dice=0.8789 val_precision=0.8696 val_recall=0.8884
[2026-04-29 10:12:51,752] INFO - Saved new best checkpoint at epoch 26 with IoU=0.7840
[2026-04-29 10:16:30,314] INFO - Epoch [27/80] train_loss=0.6527 (seg=0.2988 bnd=0.7078) val_loss=0.6787 (seg=0.3191 bnd=0.7191) val_iou=0.7764 val_dice=0.8741 val_precision=0.8605 val_recall=0.8882
[2026-04-29 10:20:08,598] INFO - Epoch [28/80] train_loss=0.6493 (seg=0.2963 bnd=0.7060) val_loss=0.6569 (seg=0.3027 bnd=0.7085) val_iou=0.7824 val_dice=0.8779 val_precision=0.8708 val_recall=0.8852
[2026-04-29 10:23:49,561] INFO - Epoch [29/80] train_loss=0.6454 (seg=0.2938 bnd=0.7033) val_loss=0.6554 (seg=0.3010 bnd=0.7089) val_iou=0.7836 val_dice=0.8787 val_precision=0.8757 val_recall=0.8817
[2026-04-29 10:27:31,153] INFO - Epoch [30/80] train_loss=0.6423 (seg=0.2912 bnd=0.7022) val_loss=0.6570 (seg=0.3026 bnd=0.7089) val_iou=0.7837 val_dice=0.8788 val_precision=0.8758 val_recall=0.8817
[2026-04-29 10:31:12,959] INFO - Epoch [31/80] train_loss=0.6379 (seg=0.2880 bnd=0.6999) val_loss=0.6509 (seg=0.2980 bnd=0.7057) val_iou=0.7870 val_dice=0.8808 val_precision=0.8757 val_recall=0.8860
[2026-04-29 10:31:14,024] INFO - Saved new best checkpoint at epoch 31 with IoU=0.7870
[2026-04-29 10:34:53,732] INFO - Epoch [32/80] train_loss=0.6370 (seg=0.2872 bnd=0.6996) val_loss=0.6487 (seg=0.2976 bnd=0.7023) val_iou=0.7839 val_dice=0.8788 val_precision=0.8790 val_recall=0.8787
[2026-04-29 10:38:35,192] INFO - Epoch [33/80] train_loss=0.6334 (seg=0.2847 bnd=0.6975) val_loss=0.6557 (seg=0.3023 bnd=0.7069) val_iou=0.7868 val_dice=0.8807 val_precision=0.8659 val_recall=0.8960
[2026-04-29 10:42:16,586] INFO - Epoch [34/80] train_loss=0.6288 (seg=0.2812 bnd=0.6954) val_loss=0.6458 (seg=0.2941 bnd=0.7033) val_iou=0.7898 val_dice=0.8826 val_precision=0.8735 val_recall=0.8918
[2026-04-29 10:42:17,927] INFO - Saved new best checkpoint at epoch 34 with IoU=0.7898
[2026-04-29 10:45:59,183] INFO - Epoch [35/80] train_loss=0.6289 (seg=0.2814 bnd=0.6950) val_loss=0.6507 (seg=0.2990 bnd=0.7033) val_iou=0.7856 val_dice=0.8799 val_precision=0.8722 val_recall=0.8878
[2026-04-29 10:49:40,607] INFO - Epoch [36/80] train_loss=0.6230 (seg=0.2768 bnd=0.6924) val_loss=0.6460 (seg=0.2963 bnd=0.6994) val_iou=0.7840 val_dice=0.8789 val_precision=0.8786 val_recall=0.8792
[2026-04-29 10:53:22,865] INFO - Epoch [37/80] train_loss=0.6197 (seg=0.2741 bnd=0.6911) val_loss=0.6396 (seg=0.2905 bnd=0.6981) val_iou=0.7904 val_dice=0.8829 val_precision=0.8789 val_recall=0.8870
[2026-04-29 10:53:23,792] INFO - Saved new best checkpoint at epoch 37 with IoU=0.7904
[2026-04-29 10:57:03,911] INFO - Epoch [38/80] train_loss=0.6172 (seg=0.2725 bnd=0.6894) val_loss=0.6413 (seg=0.2924 bnd=0.6978) val_iou=0.7908 val_dice=0.8832 val_precision=0.8682 val_recall=0.8987
[2026-04-29 10:57:04,953] INFO - Saved new best checkpoint at epoch 38 with IoU=0.7908
[2026-04-29 11:00:45,865] INFO - Epoch [39/80] train_loss=0.6154 (seg=0.2712 bnd=0.6885) val_loss=0.6403 (seg=0.2917 bnd=0.6972) val_iou=0.7904 val_dice=0.8830 val_precision=0.8691 val_recall=0.8972
[2026-04-29 11:04:27,622] INFO - Epoch [40/80] train_loss=0.6124 (seg=0.2690 bnd=0.6869) val_loss=0.6463 (seg=0.2982 bnd=0.6963) val_iou=0.7828 val_dice=0.8782 val_precision=0.8648 val_recall=0.8919
[2026-04-29 11:08:09,010] INFO - Epoch [41/80] train_loss=0.6103 (seg=0.2677 bnd=0.6853) val_loss=0.6353 (seg=0.2880 bnd=0.6946) val_iou=0.7927 val_dice=0.8844 val_precision=0.8816 val_recall=0.8872
[2026-04-29 11:08:09,880] INFO - Saved new best checkpoint at epoch 41 with IoU=0.7927
[2026-04-29 11:11:50,385] INFO - Epoch [42/80] train_loss=0.6063 (seg=0.2644 bnd=0.6838) val_loss=0.6305 (seg=0.2844 bnd=0.6922) val_iou=0.7956 val_dice=0.8862 val_precision=0.8789 val_recall=0.8936
[2026-04-29 11:11:51,276] INFO - Saved new best checkpoint at epoch 42 with IoU=0.7956
[2026-04-29 11:15:31,673] INFO - Epoch [43/80] train_loss=0.6039 (seg=0.2630 bnd=0.6819) val_loss=0.6333 (seg=0.2870 bnd=0.6925) val_iou=0.7943 val_dice=0.8854 val_precision=0.8771 val_recall=0.8938
[2026-04-29 11:19:12,784] INFO - Epoch [44/80] train_loss=0.6012 (seg=0.2606 bnd=0.6810) val_loss=0.6396 (seg=0.2919 bnd=0.6954) val_iou=0.7963 val_dice=0.8866 val_precision=0.8786 val_recall=0.8948
[2026-04-29 11:19:13,879] INFO - Saved new best checkpoint at epoch 44 with IoU=0.7963
[2026-04-29 11:22:53,994] INFO - Epoch [45/80] train_loss=0.6008 (seg=0.2609 bnd=0.6797) val_loss=0.6335 (seg=0.2872 bnd=0.6926) val_iou=0.7918 val_dice=0.8838 val_precision=0.8800 val_recall=0.8876
[2026-04-29 11:26:35,389] INFO - Epoch [46/80] train_loss=0.5964 (seg=0.2575 bnd=0.6778) val_loss=0.6275 (seg=0.2823 bnd=0.6903) val_iou=0.7966 val_dice=0.8868 val_precision=0.8885 val_recall=0.8851
[2026-04-29 11:26:36,448] INFO - Saved new best checkpoint at epoch 46 with IoU=0.7966
[2026-04-29 11:30:18,885] INFO - Epoch [47/80] train_loss=0.5952 (seg=0.2566 bnd=0.6772) val_loss=0.6283 (seg=0.2830 bnd=0.6908) val_iou=0.7969 val_dice=0.8870 val_precision=0.8862 val_recall=0.8877
[2026-04-29 11:30:20,337] INFO - Saved new best checkpoint at epoch 47 with IoU=0.7969
[2026-04-29 11:34:02,228] INFO - Epoch [48/80] train_loss=0.5930 (seg=0.2550 bnd=0.6761) val_loss=0.6294 (seg=0.2844 bnd=0.6900) val_iou=0.7965 val_dice=0.8867 val_precision=0.8822 val_recall=0.8913
[2026-04-29 11:37:42,571] INFO - Epoch [49/80] train_loss=0.5897 (seg=0.2527 bnd=0.6740) val_loss=0.6281 (seg=0.2835 bnd=0.6891) val_iou=0.7968 val_dice=0.8869 val_precision=0.8823 val_recall=0.8916
[2026-04-29 11:41:24,252] INFO - Epoch [50/80] train_loss=0.5883 (seg=0.2517 bnd=0.6732) val_loss=0.6225 (seg=0.2789 bnd=0.6871) val_iou=0.7995 val_dice=0.8886 val_precision=0.8833 val_recall=0.8939
[2026-04-29 11:41:25,144] INFO - Saved new best checkpoint at epoch 50 with IoU=0.7995
[2026-04-29 11:45:06,066] INFO - Epoch [51/80] train_loss=0.5856 (seg=0.2499 bnd=0.6715) val_loss=0.6280 (seg=0.2842 bnd=0.6876) val_iou=0.7960 val_dice=0.8864 val_precision=0.8871 val_recall=0.8857
[2026-04-29 11:48:47,487] INFO - Epoch [52/80] train_loss=0.5843 (seg=0.2489 bnd=0.6709) val_loss=0.6226 (seg=0.2793 bnd=0.6867) val_iou=0.7994 val_dice=0.8885 val_precision=0.8813 val_recall=0.8958
[2026-04-29 11:52:28,469] INFO - Epoch [53/80] train_loss=0.5815 (seg=0.2468 bnd=0.6696) val_loss=0.6215 (seg=0.2783 bnd=0.6865) val_iou=0.7997 val_dice=0.8887 val_precision=0.8871 val_recall=0.8903
[2026-04-29 11:52:29,480] INFO - Saved new best checkpoint at epoch 53 with IoU=0.7997
[2026-04-29 11:56:10,402] INFO - Epoch [54/80] train_loss=0.5805 (seg=0.2460 bnd=0.6689) val_loss=0.6198 (seg=0.2784 bnd=0.6828) val_iou=0.7995 val_dice=0.8886 val_precision=0.8829 val_recall=0.8943
[2026-04-29 11:59:51,842] INFO - Epoch [55/80] train_loss=0.5773 (seg=0.2438 bnd=0.6671) val_loss=0.6165 (seg=0.2753 bnd=0.6824) val_iou=0.8027 val_dice=0.8905 val_precision=0.8844 val_recall=0.8968
[2026-04-29 11:59:52,700] INFO - Saved new best checkpoint at epoch 55 with IoU=0.8027
[2026-04-29 12:03:32,756] INFO - Epoch [56/80] train_loss=0.5770 (seg=0.2437 bnd=0.6667) val_loss=0.6171 (seg=0.2762 bnd=0.6818) val_iou=0.8011 val_dice=0.8895 val_precision=0.8791 val_recall=0.9002
[2026-04-29 12:07:12,917] INFO - Epoch [57/80] train_loss=0.5762 (seg=0.2430 bnd=0.6665) val_loss=0.6168 (seg=0.2756 bnd=0.6824) val_iou=0.8008 val_dice=0.8894 val_precision=0.8922 val_recall=0.8866
[2026-04-29 12:10:53,107] INFO - Epoch [58/80] train_loss=0.5730 (seg=0.2408 bnd=0.6645) val_loss=0.6193 (seg=0.2783 bnd=0.6821) val_iou=0.8007 val_dice=0.8893 val_precision=0.8816 val_recall=0.8972
[2026-04-29 12:14:33,080] INFO - Epoch [59/80] train_loss=0.5717 (seg=0.2399 bnd=0.6636) val_loss=0.6139 (seg=0.2733 bnd=0.6812) val_iou=0.8043 val_dice=0.8915 val_precision=0.8861 val_recall=0.8970
[2026-04-29 12:14:33,963] INFO - Saved new best checkpoint at epoch 59 with IoU=0.8043
[2026-04-29 12:18:13,120] INFO - Epoch [60/80] train_loss=0.5693 (seg=0.2381 bnd=0.6624) val_loss=0.6115 (seg=0.2716 bnd=0.6799) val_iou=0.8045 val_dice=0.8916 val_precision=0.8915 val_recall=0.8918
[2026-04-29 12:18:14,103] INFO - Saved new best checkpoint at epoch 60 with IoU=0.8045
[2026-04-29 12:21:54,253] INFO - Epoch [61/80] train_loss=0.5690 (seg=0.2378 bnd=0.6625) val_loss=0.6150 (seg=0.2745 bnd=0.6811) val_iou=0.8025 val_dice=0.8904 val_precision=0.8822 val_recall=0.8988
[2026-04-29 12:25:33,977] INFO - Epoch [62/80] train_loss=0.5670 (seg=0.2365 bnd=0.6610) val_loss=0.6141 (seg=0.2741 bnd=0.6800) val_iou=0.8032 val_dice=0.8909 val_precision=0.8882 val_recall=0.8936
[2026-04-29 12:29:13,556] INFO - Epoch [63/80] train_loss=0.5654 (seg=0.2353 bnd=0.6603) val_loss=0.6150 (seg=0.2750 bnd=0.6800) val_iou=0.8036 val_dice=0.8911 val_precision=0.8883 val_recall=0.8939
[2026-04-29 12:32:53,787] INFO - Epoch [64/80] train_loss=0.5660 (seg=0.2359 bnd=0.6602) val_loss=0.6160 (seg=0.2757 bnd=0.6805) val_iou=0.8027 val_dice=0.8905 val_precision=0.8862 val_recall=0.8949
[2026-04-29 12:36:33,689] INFO - Epoch [65/80] train_loss=0.5644 (seg=0.2347 bnd=0.6595) val_loss=0.6160 (seg=0.2765 bnd=0.6791) val_iou=0.8018 val_dice=0.8900 val_precision=0.8867 val_recall=0.8933
[2026-04-29 12:40:13,981] INFO - Epoch [66/80] train_loss=0.5622 (seg=0.2329 bnd=0.6586) val_loss=0.6132 (seg=0.2737 bnd=0.6790) val_iou=0.8032 val_dice=0.8909 val_precision=0.8857 val_recall=0.8961
[2026-04-29 12:43:56,321] INFO - Epoch [67/80] train_loss=0.5613 (seg=0.2324 bnd=0.6578) val_loss=0.6106 (seg=0.2718 bnd=0.6776) val_iou=0.8053 val_dice=0.8921 val_precision=0.8886 val_recall=0.8957
[2026-04-29 12:43:57,275] INFO - Saved new best checkpoint at epoch 67 with IoU=0.8053
[2026-04-29 12:47:37,179] INFO - Epoch [68/80] train_loss=0.5611 (seg=0.2323 bnd=0.6577) val_loss=0.6141 (seg=0.2745 bnd=0.6792) val_iou=0.8031 val_dice=0.8908 val_precision=0.8873 val_recall=0.8943
[2026-04-29 12:51:17,385] INFO - Epoch [69/80] train_loss=0.5610 (seg=0.2323 bnd=0.6574) val_loss=0.6127 (seg=0.2735 bnd=0.6783) val_iou=0.8037 val_dice=0.8912 val_precision=0.8855 val_recall=0.8969
[2026-04-29 12:54:56,957] INFO - Epoch [70/80] train_loss=0.5591 (seg=0.2310 bnd=0.6563) val_loss=0.6115 (seg=0.2723 bnd=0.6783) val_iou=0.8050 val_dice=0.8919 val_precision=0.8903 val_recall=0.8936
[2026-04-29 12:58:35,847] INFO - Epoch [71/80] train_loss=0.5589 (seg=0.2307 bnd=0.6564) val_loss=0.6099 (seg=0.2711 bnd=0.6775) val_iou=0.8058 val_dice=0.8925 val_precision=0.8882 val_recall=0.8968
[2026-04-29 12:58:36,920] INFO - Saved new best checkpoint at epoch 71 with IoU=0.8058
[2026-04-29 13:02:16,316] INFO - Epoch [72/80] train_loss=0.5581 (seg=0.2302 bnd=0.6558) val_loss=0.6119 (seg=0.2727 bnd=0.6784) val_iou=0.8047 val_dice=0.8918 val_precision=0.8888 val_recall=0.8948
[2026-04-29 13:05:56,702] INFO - Epoch [73/80] train_loss=0.5582 (seg=0.2303 bnd=0.6557) val_loss=0.6110 (seg=0.2723 bnd=0.6776) val_iou=0.8050 val_dice=0.8919 val_precision=0.8906 val_recall=0.8933
[2026-04-29 13:09:31,289] INFO - Epoch [74/80] train_loss=0.5577 (seg=0.2298 bnd=0.6557) val_loss=0.6105 (seg=0.2717 bnd=0.6776) val_iou=0.8053 val_dice=0.8922 val_precision=0.8895 val_recall=0.8949
[2026-04-29 13:13:05,274] INFO - Epoch [75/80] train_loss=0.5577 (seg=0.2297 bnd=0.6559) val_loss=0.6119 (seg=0.2729 bnd=0.6779) val_iou=0.8046 val_dice=0.8917 val_precision=0.8905 val_recall=0.8930
[2026-04-29 13:16:39,071] INFO - Epoch [76/80] train_loss=0.5567 (seg=0.2291 bnd=0.6551) val_loss=0.6104 (seg=0.2714 bnd=0.6779) val_iou=0.8054 val_dice=0.8922 val_precision=0.8900 val_recall=0.8944
[2026-04-29 13:20:13,235] INFO - Epoch [77/80] train_loss=0.5564 (seg=0.2290 bnd=0.6548) val_loss=0.6103 (seg=0.2713 bnd=0.6781) val_iou=0.8057 val_dice=0.8924 val_precision=0.8892 val_recall=0.8955
[2026-04-29 13:23:47,754] INFO - Epoch [78/80] train_loss=0.5569 (seg=0.2292 bnd=0.6554) val_loss=0.6105 (seg=0.2718 bnd=0.6775) val_iou=0.8052 val_dice=0.8921 val_precision=0.8900 val_recall=0.8941
[2026-04-29 13:27:21,706] INFO - Epoch [79/80] train_loss=0.5566 (seg=0.2293 bnd=0.6546) val_loss=0.6100 (seg=0.2713 bnd=0.6774) val_iou=0.8051 val_dice=0.8920 val_precision=0.8897 val_recall=0.8944
[2026-04-29 13:30:55,862] INFO - Epoch [80/80] train_loss=0.5555 (seg=0.2283 bnd=0.6543) val_loss=0.6108 (seg=0.2721 bnd=0.6774) val_iou=0.8051 val_dice=0.8920 val_precision=0.8882 val_recall=0.8959
[2026-04-29 13:31:10,948] INFO - Finished inria_simplified_boundary_seed123. val IoU=0.8058 Dice=0.8925
