[2026-04-30 13:47:37,951] INFO - Starting inria_true_vmamba_boundary_seed3407 on device=cuda
[2026-04-30 13:47:37,952] INFO - Train=12162 Val=2225 Test=0 Params=17926338 boundary_weight=0.50 kernel=3
[2026-04-30 13:52:17,234] INFO - Epoch [1/80] train_loss=1.2456 (seg=0.7688 bnd=0.9536) val_loss=0.9893 (seg=0.5607 bnd=0.8572) val_iou=0.6499 val_dice=0.7878 val_precision=0.7606 val_recall=0.8170
[2026-04-30 13:52:17,791] INFO - Saved new best checkpoint at epoch 1 with IoU=0.6499
[2026-04-30 13:56:55,875] INFO - Epoch [2/80] train_loss=0.9741 (seg=0.5510 bnd=0.8464) val_loss=0.8981 (seg=0.4842 bnd=0.8278) val_iou=0.6749 val_dice=0.8059 val_precision=0.7478 val_recall=0.8738
[2026-04-30 13:56:56,666] INFO - Saved new best checkpoint at epoch 2 with IoU=0.6749
[2026-04-30 14:01:34,655] INFO - Epoch [3/80] train_loss=0.8889 (seg=0.4809 bnd=0.8159) val_loss=0.8684 (seg=0.4657 bnd=0.8054) val_iou=0.6860 val_dice=0.8138 val_precision=0.7760 val_recall=0.8555
[2026-04-30 14:01:35,565] INFO - Saved new best checkpoint at epoch 3 with IoU=0.6860
[2026-04-30 14:06:13,734] INFO - Epoch [4/80] train_loss=0.8501 (seg=0.4504 bnd=0.7992) val_loss=0.8457 (seg=0.4492 bnd=0.7931) val_iou=0.6910 val_dice=0.8173 val_precision=0.8312 val_recall=0.8037
[2026-04-30 14:06:14,690] INFO - Saved new best checkpoint at epoch 4 with IoU=0.6910
[2026-04-30 14:10:53,011] INFO - Epoch [5/80] train_loss=0.8174 (seg=0.4242 bnd=0.7864) val_loss=0.7782 (seg=0.3924 bnd=0.7716) val_iou=0.7268 val_dice=0.8418 val_precision=0.8310 val_recall=0.8528
[2026-04-30 14:10:54,042] INFO - Saved new best checkpoint at epoch 5 with IoU=0.7268
[2026-04-30 14:15:32,419] INFO - Epoch [6/80] train_loss=0.7927 (seg=0.4047 bnd=0.7761) val_loss=0.7794 (seg=0.3947 bnd=0.7695) val_iou=0.7240 val_dice=0.8399 val_precision=0.8446 val_recall=0.8353
[2026-04-30 14:20:11,055] INFO - Epoch [7/80] train_loss=0.7836 (seg=0.3979 bnd=0.7714) val_loss=0.7752 (seg=0.3901 bnd=0.7702) val_iou=0.7294 val_dice=0.8436 val_precision=0.8400 val_recall=0.8471
[2026-04-30 14:20:12,124] INFO - Saved new best checkpoint at epoch 7 with IoU=0.7294
[2026-04-30 14:24:50,606] INFO - Epoch [8/80] train_loss=0.7691 (seg=0.3868 bnd=0.7644) val_loss=0.7337 (seg=0.3572 bnd=0.7530) val_iou=0.7469 val_dice=0.8551 val_precision=0.8407 val_recall=0.8700
[2026-04-30 14:24:51,581] INFO - Saved new best checkpoint at epoch 8 with IoU=0.7469
[2026-04-30 14:29:29,922] INFO - Epoch [9/80] train_loss=0.7557 (seg=0.3763 bnd=0.7587) val_loss=0.7891 (seg=0.4013 bnd=0.7757) val_iou=0.7470 val_dice=0.8552 val_precision=0.8522 val_recall=0.8581
[2026-04-30 14:29:31,000] INFO - Saved new best checkpoint at epoch 9 with IoU=0.7470
[2026-04-30 14:34:09,348] INFO - Epoch [10/80] train_loss=0.7447 (seg=0.3680 bnd=0.7533) val_loss=0.7319 (seg=0.3568 bnd=0.7501) val_iou=0.7476 val_dice=0.8556 val_precision=0.8475 val_recall=0.8638
[2026-04-30 14:34:10,308] INFO - Saved new best checkpoint at epoch 10 with IoU=0.7476
[2026-04-30 14:38:48,349] INFO - Epoch [11/80] train_loss=0.7350 (seg=0.3606 bnd=0.7488) val_loss=0.7204 (seg=0.3496 bnd=0.7415) val_iou=0.7482 val_dice=0.8559 val_precision=0.8615 val_recall=0.8504
[2026-04-30 14:38:49,208] INFO - Saved new best checkpoint at epoch 11 with IoU=0.7482
[2026-04-30 14:43:27,255] INFO - Epoch [12/80] train_loss=0.7242 (seg=0.3523 bnd=0.7439) val_loss=0.7390 (seg=0.3661 bnd=0.7457) val_iou=0.7304 val_dice=0.8442 val_precision=0.8743 val_recall=0.8161
[2026-04-30 14:48:06,081] INFO - Epoch [13/80] train_loss=0.7148 (seg=0.3448 bnd=0.7399) val_loss=0.7083 (seg=0.3401 bnd=0.7364) val_iou=0.7593 val_dice=0.8632 val_precision=0.8579 val_recall=0.8686
[2026-04-30 14:48:07,135] INFO - Saved new best checkpoint at epoch 13 with IoU=0.7593
[2026-04-30 14:52:45,198] INFO - Epoch [14/80] train_loss=0.7096 (seg=0.3415 bnd=0.7361) val_loss=0.7266 (seg=0.3556 bnd=0.7419) val_iou=0.7571 val_dice=0.8617 val_precision=0.8381 val_recall=0.8868
[2026-04-30 14:57:23,738] INFO - Epoch [15/80] train_loss=0.7019 (seg=0.3354 bnd=0.7330) val_loss=0.6932 (seg=0.3281 bnd=0.7301) val_iou=0.7665 val_dice=0.8678 val_precision=0.8540 val_recall=0.8821
[2026-04-30 14:57:24,667] INFO - Saved new best checkpoint at epoch 15 with IoU=0.7665
[2026-04-30 15:02:02,481] INFO - Epoch [16/80] train_loss=0.6972 (seg=0.3319 bnd=0.7307) val_loss=0.7100 (seg=0.3429 bnd=0.7343) val_iou=0.7555 val_dice=0.8607 val_precision=0.8350 val_recall=0.8880
[2026-04-30 15:06:40,909] INFO - Epoch [17/80] train_loss=0.6940 (seg=0.3298 bnd=0.7284) val_loss=0.6907 (seg=0.3265 bnd=0.7285) val_iou=0.7675 val_dice=0.8685 val_precision=0.8581 val_recall=0.8791
[2026-04-30 15:06:41,811] INFO - Saved new best checkpoint at epoch 17 with IoU=0.7675
[2026-04-30 15:11:20,121] INFO - Epoch [18/80] train_loss=0.6847 (seg=0.3224 bnd=0.7247) val_loss=0.6836 (seg=0.3214 bnd=0.7243) val_iou=0.7726 val_dice=0.8717 val_precision=0.8566 val_recall=0.8873
[2026-04-30 15:11:20,960] INFO - Saved new best checkpoint at epoch 18 with IoU=0.7726
[2026-04-30 15:15:59,306] INFO - Epoch [19/80] train_loss=0.6809 (seg=0.3198 bnd=0.7223) val_loss=0.6890 (seg=0.3261 bnd=0.7257) val_iou=0.7664 val_dice=0.8677 val_precision=0.8651 val_recall=0.8704
[2026-04-30 15:20:37,917] INFO - Epoch [20/80] train_loss=0.6746 (seg=0.3150 bnd=0.7192) val_loss=0.6731 (seg=0.3140 bnd=0.7182) val_iou=0.7767 val_dice=0.8743 val_precision=0.8620 val_recall=0.8869
[2026-04-30 15:20:38,729] INFO - Saved new best checkpoint at epoch 20 with IoU=0.7767
[2026-04-30 15:25:16,964] INFO - Epoch [21/80] train_loss=0.6696 (seg=0.3112 bnd=0.7169) val_loss=0.6856 (seg=0.3239 bnd=0.7235) val_iou=0.7686 val_dice=0.8692 val_precision=0.8493 val_recall=0.8900
[2026-04-30 15:29:55,776] INFO - Epoch [22/80] train_loss=0.6653 (seg=0.3080 bnd=0.7147) val_loss=0.6789 (seg=0.3191 bnd=0.7196) val_iou=0.7727 val_dice=0.8718 val_precision=0.8721 val_recall=0.8714
[2026-04-30 15:34:34,126] INFO - Epoch [23/80] train_loss=0.6604 (seg=0.3043 bnd=0.7123) val_loss=0.6804 (seg=0.3173 bnd=0.7261) val_iou=0.7714 val_dice=0.8710 val_precision=0.8710 val_recall=0.8710
[2026-04-30 15:39:12,575] INFO - Epoch [24/80] train_loss=0.6577 (seg=0.3021 bnd=0.7113) val_loss=0.6719 (seg=0.3125 bnd=0.7189) val_iou=0.7775 val_dice=0.8748 val_precision=0.8577 val_recall=0.8927
[2026-04-30 15:39:13,355] INFO - Saved new best checkpoint at epoch 24 with IoU=0.7775
[2026-04-30 15:43:51,470] INFO - Epoch [25/80] train_loss=0.6534 (seg=0.2992 bnd=0.7084) val_loss=0.6631 (seg=0.3062 bnd=0.7138) val_iou=0.7803 val_dice=0.8766 val_precision=0.8731 val_recall=0.8801
[2026-04-30 15:43:52,309] INFO - Saved new best checkpoint at epoch 25 with IoU=0.7803
[2026-04-30 15:48:30,525] INFO - Epoch [26/80] train_loss=0.6501 (seg=0.2966 bnd=0.7070) val_loss=0.6659 (seg=0.3088 bnd=0.7141) val_iou=0.7804 val_dice=0.8767 val_precision=0.8609 val_recall=0.8930
[2026-04-30 15:48:31,323] INFO - Saved new best checkpoint at epoch 26 with IoU=0.7804
[2026-04-30 15:53:09,249] INFO - Epoch [27/80] train_loss=0.6473 (seg=0.2946 bnd=0.7054) val_loss=0.6739 (seg=0.3166 bnd=0.7146) val_iou=0.7714 val_dice=0.8710 val_precision=0.8508 val_recall=0.8922
[2026-04-30 15:57:47,468] INFO - Epoch [28/80] train_loss=0.6423 (seg=0.2911 bnd=0.7025) val_loss=0.6527 (seg=0.2990 bnd=0.7075) val_iou=0.7871 val_dice=0.8809 val_precision=0.8703 val_recall=0.8917
[2026-04-30 15:57:48,315] INFO - Saved new best checkpoint at epoch 28 with IoU=0.7871
[2026-04-30 16:02:26,091] INFO - Epoch [29/80] train_loss=0.6385 (seg=0.2883 bnd=0.7003) val_loss=0.6476 (seg=0.2950 bnd=0.7052) val_iou=0.7880 val_dice=0.8814 val_precision=0.8727 val_recall=0.8904
[2026-04-30 16:02:27,023] INFO - Saved new best checkpoint at epoch 29 with IoU=0.7880
[2026-04-30 16:07:04,824] INFO - Epoch [30/80] train_loss=0.6331 (seg=0.2842 bnd=0.6979) val_loss=0.6446 (seg=0.2925 bnd=0.7043) val_iou=0.7875 val_dice=0.8811 val_precision=0.8796 val_recall=0.8827
[2026-04-30 16:11:43,087] INFO - Epoch [31/80] train_loss=0.6310 (seg=0.2829 bnd=0.6963) val_loss=0.6503 (seg=0.2971 bnd=0.7064) val_iou=0.7860 val_dice=0.8802 val_precision=0.8650 val_recall=0.8959
[2026-04-30 16:16:21,302] INFO - Epoch [32/80] train_loss=0.6276 (seg=0.2800 bnd=0.6952) val_loss=0.6435 (seg=0.2924 bnd=0.7021) val_iou=0.7890 val_dice=0.8821 val_precision=0.8755 val_recall=0.8887
[2026-04-30 16:16:22,218] INFO - Saved new best checkpoint at epoch 32 with IoU=0.7890
[2026-04-30 16:21:00,080] INFO - Epoch [33/80] train_loss=0.6262 (seg=0.2794 bnd=0.6936) val_loss=0.6426 (seg=0.2919 bnd=0.7015) val_iou=0.7918 val_dice=0.8838 val_precision=0.8807 val_recall=0.8869
[2026-04-30 16:21:01,013] INFO - Saved new best checkpoint at epoch 33 with IoU=0.7918
[2026-04-30 16:25:38,833] INFO - Epoch [34/80] train_loss=0.6213 (seg=0.2756 bnd=0.6913) val_loss=0.6366 (seg=0.2876 bnd=0.6980) val_iou=0.7917 val_dice=0.8837 val_precision=0.8784 val_recall=0.8892
[2026-04-30 16:30:17,249] INFO - Epoch [35/80] train_loss=0.6183 (seg=0.2735 bnd=0.6895) val_loss=0.6435 (seg=0.2934 bnd=0.7002) val_iou=0.7904 val_dice=0.8829 val_precision=0.8752 val_recall=0.8907
[2026-04-30 16:34:55,655] INFO - Epoch [36/80] train_loss=0.6156 (seg=0.2715 bnd=0.6883) val_loss=0.6541 (seg=0.3053 bnd=0.6975) val_iou=0.7756 val_dice=0.8736 val_precision=0.8509 val_recall=0.8976
[2026-04-30 16:39:34,141] INFO - Epoch [37/80] train_loss=0.6157 (seg=0.2719 bnd=0.6876) val_loss=0.6506 (seg=0.2996 bnd=0.7020) val_iou=0.7863 val_dice=0.8804 val_precision=0.8704 val_recall=0.8905
[2026-04-30 16:44:12,447] INFO - Epoch [38/80] train_loss=0.6099 (seg=0.2677 bnd=0.6844) val_loss=0.6330 (seg=0.2857 bnd=0.6946) val_iou=0.7958 val_dice=0.8863 val_precision=0.8835 val_recall=0.8892
[2026-04-30 16:44:13,352] INFO - Saved new best checkpoint at epoch 38 with IoU=0.7958
[2026-04-30 16:48:51,002] INFO - Epoch [39/80] train_loss=0.6071 (seg=0.2653 bnd=0.6836) val_loss=0.6343 (seg=0.2880 bnd=0.6926) val_iou=0.7908 val_dice=0.8832 val_precision=0.8689 val_recall=0.8979
[2026-04-30 16:53:29,512] INFO - Epoch [40/80] train_loss=0.6048 (seg=0.2642 bnd=0.6811) val_loss=0.6302 (seg=0.2840 bnd=0.6924) val_iou=0.7942 val_dice=0.8853 val_precision=0.8785 val_recall=0.8922
[2026-04-30 16:58:08,110] INFO - Epoch [41/80] train_loss=0.6003 (seg=0.2607 bnd=0.6792) val_loss=0.6303 (seg=0.2841 bnd=0.6923) val_iou=0.7964 val_dice=0.8866 val_precision=0.8852 val_recall=0.8880
[2026-04-30 16:58:08,957] INFO - Saved new best checkpoint at epoch 41 with IoU=0.7964
[2026-04-30 17:02:47,022] INFO - Epoch [42/80] train_loss=0.5984 (seg=0.2591 bnd=0.6786) val_loss=0.6321 (seg=0.2858 bnd=0.6927) val_iou=0.7926 val_dice=0.8843 val_precision=0.8756 val_recall=0.8932
[2026-04-30 17:07:25,515] INFO - Epoch [43/80] train_loss=0.5969 (seg=0.2581 bnd=0.6776) val_loss=0.6265 (seg=0.2823 bnd=0.6883) val_iou=0.7952 val_dice=0.8859 val_precision=0.8807 val_recall=0.8912
[2026-04-30 17:12:04,048] INFO - Epoch [44/80] train_loss=0.5939 (seg=0.2562 bnd=0.6753) val_loss=0.6221 (seg=0.2786 bnd=0.6869) val_iou=0.7969 val_dice=0.8870 val_precision=0.8749 val_recall=0.8994
[2026-04-30 17:12:04,940] INFO - Saved new best checkpoint at epoch 44 with IoU=0.7969
[2026-04-30 17:16:43,123] INFO - Epoch [45/80] train_loss=0.5915 (seg=0.2546 bnd=0.6738) val_loss=0.6236 (seg=0.2799 bnd=0.6874) val_iou=0.7977 val_dice=0.8875 val_precision=0.8779 val_recall=0.8972
[2026-04-30 17:16:43,967] INFO - Saved new best checkpoint at epoch 45 with IoU=0.7977
[2026-04-30 17:21:22,152] INFO - Epoch [46/80] train_loss=0.5891 (seg=0.2527 bnd=0.6728) val_loss=0.6166 (seg=0.2743 bnd=0.6846) val_iou=0.8012 val_dice=0.8897 val_precision=0.8887 val_recall=0.8906
[2026-04-30 17:21:22,953] INFO - Saved new best checkpoint at epoch 46 with IoU=0.8012
[2026-04-30 17:26:01,036] INFO - Epoch [47/80] train_loss=0.5867 (seg=0.2512 bnd=0.6711) val_loss=0.6133 (seg=0.2713 bnd=0.6840) val_iou=0.8035 val_dice=0.8911 val_precision=0.8870 val_recall=0.8952
[2026-04-30 17:26:01,897] INFO - Saved new best checkpoint at epoch 47 with IoU=0.8035
[2026-04-30 17:30:39,885] INFO - Epoch [48/80] train_loss=0.5826 (seg=0.2480 bnd=0.6691) val_loss=0.6165 (seg=0.2755 bnd=0.6822) val_iou=0.8009 val_dice=0.8895 val_precision=0.8921 val_recall=0.8869
[2026-04-30 17:35:18,419] INFO - Epoch [49/80] train_loss=0.5811 (seg=0.2472 bnd=0.6676) val_loss=0.6197 (seg=0.2780 bnd=0.6834) val_iou=0.7988 val_dice=0.8882 val_precision=0.8821 val_recall=0.8942
[2026-04-30 17:39:56,945] INFO - Epoch [50/80] train_loss=0.5795 (seg=0.2461 bnd=0.6667) val_loss=0.6120 (seg=0.2723 bnd=0.6793) val_iou=0.8027 val_dice=0.8905 val_precision=0.8860 val_recall=0.8951
[2026-04-30 17:44:35,595] INFO - Epoch [51/80] train_loss=0.5765 (seg=0.2439 bnd=0.6651) val_loss=0.6140 (seg=0.2745 bnd=0.6789) val_iou=0.8012 val_dice=0.8896 val_precision=0.8844 val_recall=0.8949
[2026-04-30 17:49:13,974] INFO - Epoch [52/80] train_loss=0.5744 (seg=0.2428 bnd=0.6632) val_loss=0.6065 (seg=0.2680 bnd=0.6771) val_iou=0.8053 val_dice=0.8922 val_precision=0.8902 val_recall=0.8942
[2026-04-30 17:49:14,905] INFO - Saved new best checkpoint at epoch 52 with IoU=0.8053
[2026-04-30 17:53:52,612] INFO - Epoch [53/80] train_loss=0.5703 (seg=0.2398 bnd=0.6609) val_loss=0.6143 (seg=0.2749 bnd=0.6787) val_iou=0.8001 val_dice=0.8890 val_precision=0.8849 val_recall=0.8931
[2026-04-30 17:58:31,007] INFO - Epoch [54/80] train_loss=0.5693 (seg=0.2393 bnd=0.6599) val_loss=0.6068 (seg=0.2690 bnd=0.6755) val_iou=0.8038 val_dice=0.8912 val_precision=0.8906 val_recall=0.8919
[2026-04-30 18:03:09,572] INFO - Epoch [55/80] train_loss=0.5653 (seg=0.2364 bnd=0.6577) val_loss=0.6051 (seg=0.2675 bnd=0.6752) val_iou=0.8058 val_dice=0.8924 val_precision=0.8948 val_recall=0.8901
[2026-04-30 18:03:10,474] INFO - Saved new best checkpoint at epoch 55 with IoU=0.8058
[2026-04-30 18:07:48,577] INFO - Epoch [56/80] train_loss=0.5643 (seg=0.2360 bnd=0.6565) val_loss=0.6065 (seg=0.2691 bnd=0.6749) val_iou=0.8047 val_dice=0.8918 val_precision=0.8892 val_recall=0.8944
[2026-04-30 18:12:27,296] INFO - Epoch [57/80] train_loss=0.5622 (seg=0.2344 bnd=0.6555) val_loss=0.6015 (seg=0.2646 bnd=0.6736) val_iou=0.8075 val_dice=0.8935 val_precision=0.8936 val_recall=0.8933
[2026-04-30 18:12:28,198] INFO - Saved new best checkpoint at epoch 57 with IoU=0.8075
[2026-04-30 18:17:06,252] INFO - Epoch [58/80] train_loss=0.5610 (seg=0.2338 bnd=0.6544) val_loss=0.6078 (seg=0.2707 bnd=0.6743) val_iou=0.8046 val_dice=0.8917 val_precision=0.8918 val_recall=0.8916
[2026-04-30 18:21:44,806] INFO - Epoch [59/80] train_loss=0.5589 (seg=0.2324 bnd=0.6529) val_loss=0.6001 (seg=0.2648 bnd=0.6707) val_iou=0.8077 val_dice=0.8936 val_precision=0.8937 val_recall=0.8935
[2026-04-30 18:21:45,767] INFO - Saved new best checkpoint at epoch 59 with IoU=0.8077
[2026-04-30 18:26:23,907] INFO - Epoch [60/80] train_loss=0.5565 (seg=0.2306 bnd=0.6517) val_loss=0.6030 (seg=0.2671 bnd=0.6719) val_iou=0.8068 val_dice=0.8931 val_precision=0.8893 val_recall=0.8970
[2026-04-30 18:31:02,564] INFO - Epoch [61/80] train_loss=0.5557 (seg=0.2301 bnd=0.6512) val_loss=0.6018 (seg=0.2669 bnd=0.6698) val_iou=0.8064 val_dice=0.8928 val_precision=0.8878 val_recall=0.8978
[2026-04-30 18:35:41,363] INFO - Epoch [62/80] train_loss=0.5541 (seg=0.2294 bnd=0.6494) val_loss=0.5973 (seg=0.2629 bnd=0.6688) val_iou=0.8087 val_dice=0.8942 val_precision=0.8902 val_recall=0.8983
[2026-04-30 18:35:42,127] INFO - Saved new best checkpoint at epoch 62 with IoU=0.8087
[2026-04-30 18:40:20,025] INFO - Epoch [63/80] train_loss=0.5534 (seg=0.2288 bnd=0.6491) val_loss=0.5985 (seg=0.2641 bnd=0.6688) val_iou=0.8081 val_dice=0.8939 val_precision=0.8908 val_recall=0.8969
[2026-04-30 18:44:58,486] INFO - Epoch [64/80] train_loss=0.5504 (seg=0.2268 bnd=0.6473) val_loss=0.6006 (seg=0.2662 bnd=0.6687) val_iou=0.8066 val_dice=0.8930 val_precision=0.8862 val_recall=0.8998
[2026-04-30 18:49:37,173] INFO - Epoch [65/80] train_loss=0.5486 (seg=0.2254 bnd=0.6464) val_loss=0.5969 (seg=0.2627 bnd=0.6684) val_iou=0.8098 val_dice=0.8949 val_precision=0.8951 val_recall=0.8947
[2026-04-30 18:49:37,973] INFO - Saved new best checkpoint at epoch 65 with IoU=0.8098
[2026-04-30 18:54:16,216] INFO - Epoch [66/80] train_loss=0.5500 (seg=0.2265 bnd=0.6470) val_loss=0.5954 (seg=0.2618 bnd=0.6673) val_iou=0.8105 val_dice=0.8953 val_precision=0.8977 val_recall=0.8930
[2026-04-30 18:54:17,178] INFO - Saved new best checkpoint at epoch 66 with IoU=0.8105
[2026-04-30 18:58:55,350] INFO - Epoch [67/80] train_loss=0.5486 (seg=0.2256 bnd=0.6460) val_loss=0.5977 (seg=0.2637 bnd=0.6680) val_iou=0.8088 val_dice=0.8943 val_precision=0.8889 val_recall=0.8998
[2026-04-30 19:03:34,064] INFO - Epoch [68/80] train_loss=0.5468 (seg=0.2243 bnd=0.6449) val_loss=0.5963 (seg=0.2629 bnd=0.6667) val_iou=0.8100 val_dice=0.8950 val_precision=0.8927 val_recall=0.8973
[2026-04-30 19:08:12,723] INFO - Epoch [69/80] train_loss=0.5469 (seg=0.2245 bnd=0.6446) val_loss=0.5946 (seg=0.2616 bnd=0.6659) val_iou=0.8104 val_dice=0.8953 val_precision=0.8896 val_recall=0.9010
[2026-04-30 19:12:51,259] INFO - Epoch [70/80] train_loss=0.5442 (seg=0.2226 bnd=0.6433) val_loss=0.5948 (seg=0.2616 bnd=0.6665) val_iou=0.8103 val_dice=0.8952 val_precision=0.8918 val_recall=0.8986
[2026-04-30 19:17:29,947] INFO - Epoch [71/80] train_loss=0.5444 (seg=0.2228 bnd=0.6432) val_loss=0.5946 (seg=0.2618 bnd=0.6657) val_iou=0.8104 val_dice=0.8952 val_precision=0.8907 val_recall=0.8998
[2026-04-30 19:22:08,504] INFO - Epoch [72/80] train_loss=0.5426 (seg=0.2216 bnd=0.6422) val_loss=0.5922 (seg=0.2596 bnd=0.6651) val_iou=0.8114 val_dice=0.8959 val_precision=0.8948 val_recall=0.8970
[2026-04-30 19:22:09,317] INFO - Saved new best checkpoint at epoch 72 with IoU=0.8114
[2026-04-30 19:26:47,437] INFO - Epoch [73/80] train_loss=0.5436 (seg=0.2222 bnd=0.6428) val_loss=0.5912 (seg=0.2592 bnd=0.6640) val_iou=0.8113 val_dice=0.8958 val_precision=0.8931 val_recall=0.8985
[2026-04-30 19:31:25,880] INFO - Epoch [74/80] train_loss=0.5431 (seg=0.2219 bnd=0.6423) val_loss=0.5916 (seg=0.2593 bnd=0.6647) val_iou=0.8118 val_dice=0.8961 val_precision=0.8937 val_recall=0.8986
[2026-04-30 19:31:26,793] INFO - Saved new best checkpoint at epoch 74 with IoU=0.8118
[2026-04-30 19:36:04,847] INFO - Epoch [75/80] train_loss=0.5422 (seg=0.2212 bnd=0.6419) val_loss=0.5932 (seg=0.2606 bnd=0.6652) val_iou=0.8113 val_dice=0.8958 val_precision=0.8956 val_recall=0.8960
[2026-04-30 19:40:43,184] INFO - Epoch [76/80] train_loss=0.5426 (seg=0.2216 bnd=0.6421) val_loss=0.5905 (seg=0.2586 bnd=0.6638) val_iou=0.8121 val_dice=0.8963 val_precision=0.8959 val_recall=0.8966
[2026-04-30 19:40:44,084] INFO - Saved new best checkpoint at epoch 76 with IoU=0.8121
[2026-04-30 19:45:21,942] INFO - Epoch [77/80] train_loss=0.5419 (seg=0.2212 bnd=0.6415) val_loss=0.5923 (seg=0.2601 bnd=0.6645) val_iou=0.8112 val_dice=0.8957 val_precision=0.8929 val_recall=0.8986
[2026-04-30 19:50:00,335] INFO - Epoch [78/80] train_loss=0.5416 (seg=0.2209 bnd=0.6414) val_loss=0.5923 (seg=0.2602 bnd=0.6641) val_iou=0.8109 val_dice=0.8956 val_precision=0.8921 val_recall=0.8991
[2026-04-30 19:54:38,648] INFO - Epoch [79/80] train_loss=0.5421 (seg=0.2213 bnd=0.6417) val_loss=0.5911 (seg=0.2591 bnd=0.6640) val_iou=0.8118 val_dice=0.8961 val_precision=0.8951 val_recall=0.8971
[2026-04-30 19:59:16,913] INFO - Epoch [80/80] train_loss=0.5420 (seg=0.2213 bnd=0.6414) val_loss=0.5916 (seg=0.2596 bnd=0.6641) val_iou=0.8115 val_dice=0.8959 val_precision=0.8944 val_recall=0.8974
[2026-04-30 19:59:31,738] INFO - Finished inria_true_vmamba_boundary_seed3407. val IoU=0.8121 Dice=0.8963
