[2026-04-30 01:50:41,358] INFO - Starting inria_true_vmamba_no_boundary_seed3407 on device=cuda
[2026-04-30 01:50:41,358] INFO - Train=12162 Val=2225 Test=0 Params=17843105
[2026-04-30 01:55:01,026] INFO - Epoch [1/80] train_loss=0.7503 val_loss=0.5925 val_iou=0.6260 val_dice=0.7700 val_precision=0.7780 val_recall=0.7621
[2026-04-30 01:55:01,568] INFO - Saved new best checkpoint at epoch 1 with IoU=0.6260
[2026-04-30 01:59:19,776] INFO - Epoch [2/80] train_loss=0.5634 val_loss=0.5077 val_iou=0.6816 val_dice=0.8107 val_precision=0.8106 val_recall=0.8107
[2026-04-30 01:59:20,715] INFO - Saved new best checkpoint at epoch 2 with IoU=0.6816
[2026-04-30 02:03:39,303] INFO - Epoch [3/80] train_loss=0.5018 val_loss=0.4404 val_iou=0.6967 val_dice=0.8212 val_precision=0.8237 val_recall=0.8188
[2026-04-30 02:03:40,180] INFO - Saved new best checkpoint at epoch 3 with IoU=0.6967
[2026-04-30 02:07:58,294] INFO - Epoch [4/80] train_loss=0.4596 val_loss=0.4374 val_iou=0.7115 val_dice=0.8314 val_precision=0.8102 val_recall=0.8538
[2026-04-30 02:07:59,229] INFO - Saved new best checkpoint at epoch 4 with IoU=0.7115
[2026-04-30 02:12:17,487] INFO - Epoch [5/80] train_loss=0.4369 val_loss=0.3853 val_iou=0.7299 val_dice=0.8439 val_precision=0.8238 val_recall=0.8650
[2026-04-30 02:12:18,505] INFO - Saved new best checkpoint at epoch 5 with IoU=0.7299
[2026-04-30 02:16:36,624] INFO - Epoch [6/80] train_loss=0.4220 val_loss=0.4026 val_iou=0.7150 val_dice=0.8338 val_precision=0.8356 val_recall=0.8321
[2026-04-30 02:20:55,082] INFO - Epoch [7/80] train_loss=0.4089 val_loss=0.3854 val_iou=0.7280 val_dice=0.8426 val_precision=0.8494 val_recall=0.8359
[2026-04-30 02:25:13,761] INFO - Epoch [8/80] train_loss=0.4005 val_loss=0.3672 val_iou=0.7371 val_dice=0.8487 val_precision=0.8520 val_recall=0.8453
[2026-04-30 02:25:14,639] INFO - Saved new best checkpoint at epoch 8 with IoU=0.7371
[2026-04-30 02:29:32,822] INFO - Epoch [9/80] train_loss=0.3892 val_loss=0.3724 val_iou=0.7348 val_dice=0.8471 val_precision=0.8483 val_recall=0.8459
[2026-04-30 02:33:51,652] INFO - Epoch [10/80] train_loss=0.3788 val_loss=0.3591 val_iou=0.7429 val_dice=0.8525 val_precision=0.8401 val_recall=0.8652
[2026-04-30 02:33:52,628] INFO - Saved new best checkpoint at epoch 10 with IoU=0.7429
[2026-04-30 02:38:10,744] INFO - Epoch [11/80] train_loss=0.3731 val_loss=0.3694 val_iou=0.7474 val_dice=0.8554 val_precision=0.8453 val_recall=0.8658
[2026-04-30 02:38:11,629] INFO - Saved new best checkpoint at epoch 11 with IoU=0.7474
[2026-04-30 02:42:29,718] INFO - Epoch [12/80] train_loss=0.3655 val_loss=0.3498 val_iou=0.7492 val_dice=0.8566 val_precision=0.8516 val_recall=0.8617
[2026-04-30 02:42:30,604] INFO - Saved new best checkpoint at epoch 12 with IoU=0.7492
[2026-04-30 02:46:49,075] INFO - Epoch [13/80] train_loss=0.3596 val_loss=0.3469 val_iou=0.7560 val_dice=0.8610 val_precision=0.8469 val_recall=0.8757
[2026-04-30 02:46:49,800] INFO - Saved new best checkpoint at epoch 13 with IoU=0.7560
[2026-04-30 02:51:07,969] INFO - Epoch [14/80] train_loss=0.3568 val_loss=0.3455 val_iou=0.7568 val_dice=0.8616 val_precision=0.8582 val_recall=0.8649
[2026-04-30 02:51:08,738] INFO - Saved new best checkpoint at epoch 14 with IoU=0.7568
[2026-04-30 02:55:26,907] INFO - Epoch [15/80] train_loss=0.3536 val_loss=0.3417 val_iou=0.7564 val_dice=0.8613 val_precision=0.8518 val_recall=0.8710
[2026-04-30 02:59:45,521] INFO - Epoch [16/80] train_loss=0.3478 val_loss=0.3514 val_iou=0.7561 val_dice=0.8611 val_precision=0.8653 val_recall=0.8570
[2026-04-30 03:04:04,184] INFO - Epoch [17/80] train_loss=0.3433 val_loss=0.3390 val_iou=0.7589 val_dice=0.8629 val_precision=0.8418 val_recall=0.8851
[2026-04-30 03:04:04,938] INFO - Saved new best checkpoint at epoch 17 with IoU=0.7589
[2026-04-30 03:08:23,071] INFO - Epoch [18/80] train_loss=0.3379 val_loss=0.3336 val_iou=0.7609 val_dice=0.8642 val_precision=0.8652 val_recall=0.8633
[2026-04-30 03:08:23,837] INFO - Saved new best checkpoint at epoch 18 with IoU=0.7609
[2026-04-30 03:12:41,917] INFO - Epoch [19/80] train_loss=0.3355 val_loss=0.3588 val_iou=0.7455 val_dice=0.8542 val_precision=0.8162 val_recall=0.8959
[2026-04-30 03:17:00,381] INFO - Epoch [20/80] train_loss=0.3290 val_loss=0.3379 val_iou=0.7586 val_dice=0.8627 val_precision=0.8624 val_recall=0.8630
[2026-04-30 03:21:18,932] INFO - Epoch [21/80] train_loss=0.3301 val_loss=0.3239 val_iou=0.7641 val_dice=0.8663 val_precision=0.8771 val_recall=0.8557
[2026-04-30 03:21:19,724] INFO - Saved new best checkpoint at epoch 21 with IoU=0.7641
[2026-04-30 03:25:37,822] INFO - Epoch [22/80] train_loss=0.3228 val_loss=0.3247 val_iou=0.7670 val_dice=0.8681 val_precision=0.8663 val_recall=0.8700
[2026-04-30 03:25:38,616] INFO - Saved new best checkpoint at epoch 22 with IoU=0.7670
[2026-04-30 03:29:56,570] INFO - Epoch [23/80] train_loss=0.3211 val_loss=0.3230 val_iou=0.7666 val_dice=0.8679 val_precision=0.8702 val_recall=0.8655
[2026-04-30 03:34:15,037] INFO - Epoch [24/80] train_loss=0.3190 val_loss=0.3218 val_iou=0.7704 val_dice=0.8703 val_precision=0.8606 val_recall=0.8802
[2026-04-30 03:34:15,790] INFO - Saved new best checkpoint at epoch 24 with IoU=0.7704
[2026-04-30 03:38:34,040] INFO - Epoch [25/80] train_loss=0.3162 val_loss=0.3196 val_iou=0.7685 val_dice=0.8691 val_precision=0.8602 val_recall=0.8781
[2026-04-30 03:42:52,338] INFO - Epoch [26/80] train_loss=0.3138 val_loss=0.3122 val_iou=0.7745 val_dice=0.8729 val_precision=0.8765 val_recall=0.8694
[2026-04-30 03:42:53,266] INFO - Saved new best checkpoint at epoch 26 with IoU=0.7745
[2026-04-30 03:47:11,359] INFO - Epoch [27/80] train_loss=0.3098 val_loss=0.3150 val_iou=0.7735 val_dice=0.8723 val_precision=0.8676 val_recall=0.8770
[2026-04-30 03:51:29,853] INFO - Epoch [28/80] train_loss=0.3071 val_loss=0.3107 val_iou=0.7739 val_dice=0.8725 val_precision=0.8593 val_recall=0.8862
[2026-04-30 03:55:48,195] INFO - Epoch [29/80] train_loss=0.3061 val_loss=0.3212 val_iou=0.7679 val_dice=0.8687 val_precision=0.8698 val_recall=0.8677
[2026-04-30 04:00:06,798] INFO - Epoch [30/80] train_loss=0.3033 val_loss=0.3151 val_iou=0.7706 val_dice=0.8704 val_precision=0.8744 val_recall=0.8666
[2026-04-30 04:04:25,158] INFO - Epoch [31/80] train_loss=0.3002 val_loss=0.3087 val_iou=0.7777 val_dice=0.8750 val_precision=0.8592 val_recall=0.8913
[2026-04-30 04:04:25,932] INFO - Saved new best checkpoint at epoch 31 with IoU=0.7777
[2026-04-30 04:08:43,927] INFO - Epoch [32/80] train_loss=0.2969 val_loss=0.3129 val_iou=0.7758 val_dice=0.8737 val_precision=0.8633 val_recall=0.8844
[2026-04-30 04:13:02,643] INFO - Epoch [33/80] train_loss=0.2933 val_loss=0.3142 val_iou=0.7735 val_dice=0.8723 val_precision=0.8784 val_recall=0.8663
[2026-04-30 04:17:21,033] INFO - Epoch [34/80] train_loss=0.2938 val_loss=0.3040 val_iou=0.7799 val_dice=0.8763 val_precision=0.8551 val_recall=0.8986
[2026-04-30 04:17:21,747] INFO - Saved new best checkpoint at epoch 34 with IoU=0.7799
[2026-04-30 04:21:40,009] INFO - Epoch [35/80] train_loss=0.2923 val_loss=0.3052 val_iou=0.7784 val_dice=0.8754 val_precision=0.8736 val_recall=0.8772
[2026-04-30 04:25:58,394] INFO - Epoch [36/80] train_loss=0.2884 val_loss=0.3006 val_iou=0.7820 val_dice=0.8777 val_precision=0.8674 val_recall=0.8882
[2026-04-30 04:25:59,146] INFO - Saved new best checkpoint at epoch 36 with IoU=0.7820
[2026-04-30 04:30:17,293] INFO - Epoch [37/80] train_loss=0.2864 val_loss=0.3024 val_iou=0.7821 val_dice=0.8778 val_precision=0.8680 val_recall=0.8877
[2026-04-30 04:30:18,086] INFO - Saved new best checkpoint at epoch 37 with IoU=0.7821
[2026-04-30 04:34:36,397] INFO - Epoch [38/80] train_loss=0.2832 val_loss=0.2973 val_iou=0.7843 val_dice=0.8791 val_precision=0.8761 val_recall=0.8821
[2026-04-30 04:34:37,172] INFO - Saved new best checkpoint at epoch 38 with IoU=0.7843
[2026-04-30 04:38:55,276] INFO - Epoch [39/80] train_loss=0.2822 val_loss=0.3027 val_iou=0.7800 val_dice=0.8764 val_precision=0.8612 val_recall=0.8920
[2026-04-30 04:43:13,751] INFO - Epoch [40/80] train_loss=0.2788 val_loss=0.2982 val_iou=0.7852 val_dice=0.8797 val_precision=0.8716 val_recall=0.8879
[2026-04-30 04:43:14,525] INFO - Saved new best checkpoint at epoch 40 with IoU=0.7852
[2026-04-30 04:47:32,639] INFO - Epoch [41/80] train_loss=0.2789 val_loss=0.2941 val_iou=0.7882 val_dice=0.8815 val_precision=0.8728 val_recall=0.8904
[2026-04-30 04:47:33,437] INFO - Saved new best checkpoint at epoch 41 with IoU=0.7882
[2026-04-30 04:51:51,440] INFO - Epoch [42/80] train_loss=0.2765 val_loss=0.2960 val_iou=0.7833 val_dice=0.8785 val_precision=0.8813 val_recall=0.8757
[2026-04-30 04:56:09,992] INFO - Epoch [43/80] train_loss=0.2744 val_loss=0.2937 val_iou=0.7877 val_dice=0.8812 val_precision=0.8777 val_recall=0.8848
[2026-04-30 05:00:28,317] INFO - Epoch [44/80] train_loss=0.2721 val_loss=0.2903 val_iou=0.7879 val_dice=0.8814 val_precision=0.8786 val_recall=0.8842
[2026-04-30 05:04:46,762] INFO - Epoch [45/80] train_loss=0.2701 val_loss=0.2933 val_iou=0.7866 val_dice=0.8806 val_precision=0.8736 val_recall=0.8876
[2026-04-30 05:09:05,409] INFO - Epoch [46/80] train_loss=0.2693 val_loss=0.2958 val_iou=0.7862 val_dice=0.8803 val_precision=0.8750 val_recall=0.8857
[2026-04-30 05:13:23,804] INFO - Epoch [47/80] train_loss=0.2668 val_loss=0.2935 val_iou=0.7881 val_dice=0.8815 val_precision=0.8626 val_recall=0.9012
[2026-04-30 05:17:42,381] INFO - Epoch [48/80] train_loss=0.2662 val_loss=0.2891 val_iou=0.7900 val_dice=0.8827 val_precision=0.8765 val_recall=0.8890
[2026-04-30 05:17:43,142] INFO - Saved new best checkpoint at epoch 48 with IoU=0.7900
[2026-04-30 05:22:01,230] INFO - Epoch [49/80] train_loss=0.2631 val_loss=0.2904 val_iou=0.7882 val_dice=0.8816 val_precision=0.8762 val_recall=0.8870
[2026-04-30 05:26:19,833] INFO - Epoch [50/80] train_loss=0.2625 val_loss=0.2841 val_iou=0.7925 val_dice=0.8842 val_precision=0.8794 val_recall=0.8891
[2026-04-30 05:26:20,608] INFO - Saved new best checkpoint at epoch 50 with IoU=0.7925
[2026-04-30 05:30:38,940] INFO - Epoch [51/80] train_loss=0.2612 val_loss=0.2908 val_iou=0.7873 val_dice=0.8810 val_precision=0.8758 val_recall=0.8863
[2026-04-30 05:34:57,480] INFO - Epoch [52/80] train_loss=0.2587 val_loss=0.2904 val_iou=0.7895 val_dice=0.8824 val_precision=0.8682 val_recall=0.8971
[2026-04-30 05:39:16,009] INFO - Epoch [53/80] train_loss=0.2580 val_loss=0.2885 val_iou=0.7892 val_dice=0.8822 val_precision=0.8746 val_recall=0.8899
[2026-04-30 05:43:34,313] INFO - Epoch [54/80] train_loss=0.2562 val_loss=0.2857 val_iou=0.7918 val_dice=0.8838 val_precision=0.8702 val_recall=0.8979
[2026-04-30 05:47:52,592] INFO - Epoch [55/80] train_loss=0.2555 val_loss=0.2855 val_iou=0.7925 val_dice=0.8842 val_precision=0.8753 val_recall=0.8934
[2026-04-30 05:47:53,326] INFO - Saved new best checkpoint at epoch 55 with IoU=0.7925
[2026-04-30 05:52:11,597] INFO - Epoch [56/80] train_loss=0.2534 val_loss=0.2806 val_iou=0.7952 val_dice=0.8859 val_precision=0.8825 val_recall=0.8893
[2026-04-30 05:52:12,387] INFO - Saved new best checkpoint at epoch 56 with IoU=0.7952
[2026-04-30 05:56:30,315] INFO - Epoch [57/80] train_loss=0.2525 val_loss=0.2838 val_iou=0.7923 val_dice=0.8841 val_precision=0.8854 val_recall=0.8828
[2026-04-30 06:00:48,448] INFO - Epoch [58/80] train_loss=0.2518 val_loss=0.2858 val_iou=0.7929 val_dice=0.8845 val_precision=0.8804 val_recall=0.8887
[2026-04-30 06:05:07,121] INFO - Epoch [59/80] train_loss=0.2497 val_loss=0.2793 val_iou=0.7958 val_dice=0.8863 val_precision=0.8813 val_recall=0.8913
[2026-04-30 06:05:07,894] INFO - Saved new best checkpoint at epoch 59 with IoU=0.7958
[2026-04-30 06:09:25,816] INFO - Epoch [60/80] train_loss=0.2490 val_loss=0.2785 val_iou=0.7969 val_dice=0.8869 val_precision=0.8853 val_recall=0.8886
[2026-04-30 06:09:26,574] INFO - Saved new best checkpoint at epoch 60 with IoU=0.7969
[2026-04-30 06:13:44,669] INFO - Epoch [61/80] train_loss=0.2476 val_loss=0.2813 val_iou=0.7954 val_dice=0.8861 val_precision=0.8789 val_recall=0.8934
[2026-04-30 06:18:02,902] INFO - Epoch [62/80] train_loss=0.2466 val_loss=0.2811 val_iou=0.7954 val_dice=0.8861 val_precision=0.8791 val_recall=0.8931
[2026-04-30 06:22:21,243] INFO - Epoch [63/80] train_loss=0.2464 val_loss=0.2776 val_iou=0.7975 val_dice=0.8873 val_precision=0.8802 val_recall=0.8946
[2026-04-30 06:22:22,001] INFO - Saved new best checkpoint at epoch 63 with IoU=0.7975
[2026-04-30 06:26:40,049] INFO - Epoch [64/80] train_loss=0.2448 val_loss=0.2767 val_iou=0.7978 val_dice=0.8875 val_precision=0.8838 val_recall=0.8913
[2026-04-30 06:26:40,837] INFO - Saved new best checkpoint at epoch 64 with IoU=0.7978
[2026-04-30 06:30:58,825] INFO - Epoch [65/80] train_loss=0.2448 val_loss=0.2801 val_iou=0.7963 val_dice=0.8866 val_precision=0.8852 val_recall=0.8880
[2026-04-30 06:35:17,253] INFO - Epoch [66/80] train_loss=0.2433 val_loss=0.2807 val_iou=0.7963 val_dice=0.8866 val_precision=0.8770 val_recall=0.8963
[2026-04-30 06:39:35,554] INFO - Epoch [67/80] train_loss=0.2424 val_loss=0.2792 val_iou=0.7963 val_dice=0.8866 val_precision=0.8781 val_recall=0.8953
[2026-04-30 06:43:53,958] INFO - Epoch [68/80] train_loss=0.2422 val_loss=0.2769 val_iou=0.7980 val_dice=0.8876 val_precision=0.8820 val_recall=0.8933
[2026-04-30 06:43:54,677] INFO - Saved new best checkpoint at epoch 68 with IoU=0.7980
[2026-04-30 06:48:12,695] INFO - Epoch [69/80] train_loss=0.2407 val_loss=0.2768 val_iou=0.7973 val_dice=0.8872 val_precision=0.8829 val_recall=0.8916
[2026-04-30 06:52:31,151] INFO - Epoch [70/80] train_loss=0.2412 val_loss=0.2764 val_iou=0.7975 val_dice=0.8874 val_precision=0.8832 val_recall=0.8916
[2026-04-30 06:56:49,729] INFO - Epoch [71/80] train_loss=0.2410 val_loss=0.2775 val_iou=0.7965 val_dice=0.8867 val_precision=0.8824 val_recall=0.8910
[2026-04-30 07:01:08,174] INFO - Epoch [72/80] train_loss=0.2398 val_loss=0.2769 val_iou=0.7975 val_dice=0.8874 val_precision=0.8816 val_recall=0.8932
[2026-04-30 07:05:26,551] INFO - Epoch [73/80] train_loss=0.2399 val_loss=0.2775 val_iou=0.7973 val_dice=0.8872 val_precision=0.8826 val_recall=0.8919
[2026-04-30 07:09:45,220] INFO - Epoch [74/80] train_loss=0.2390 val_loss=0.2765 val_iou=0.7983 val_dice=0.8878 val_precision=0.8837 val_recall=0.8920
[2026-04-30 07:09:45,978] INFO - Saved new best checkpoint at epoch 74 with IoU=0.7983
[2026-04-30 07:14:04,001] INFO - Epoch [75/80] train_loss=0.2390 val_loss=0.2767 val_iou=0.7974 val_dice=0.8873 val_precision=0.8816 val_recall=0.8930
[2026-04-30 07:18:22,280] INFO - Epoch [76/80] train_loss=0.2386 val_loss=0.2768 val_iou=0.7979 val_dice=0.8876 val_precision=0.8832 val_recall=0.8920
[2026-04-30 07:22:40,709] INFO - Epoch [77/80] train_loss=0.2388 val_loss=0.2760 val_iou=0.7978 val_dice=0.8875 val_precision=0.8796 val_recall=0.8956
[2026-04-30 07:26:58,904] INFO - Epoch [78/80] train_loss=0.2389 val_loss=0.2765 val_iou=0.7978 val_dice=0.8875 val_precision=0.8817 val_recall=0.8935
[2026-04-30 07:31:17,253] INFO - Epoch [79/80] train_loss=0.2388 val_loss=0.2766 val_iou=0.7974 val_dice=0.8873 val_precision=0.8804 val_recall=0.8943
[2026-04-30 07:35:35,600] INFO - Epoch [80/80] train_loss=0.2389 val_loss=0.2765 val_iou=0.7980 val_dice=0.8877 val_precision=0.8816 val_recall=0.8938
[2026-04-30 07:35:49,865] INFO - Finished inria_true_vmamba_no_boundary_seed3407. val IoU=0.7983 Dice=0.8878
