[2026-04-27 22:20:27,299] INFO - Starting inria_true_vmamba_C_full_true_vmamba_ss2d on device=cuda
[2026-04-27 22:20:27,299] INFO - Train=12162 Val=2225 Test=0 Params=17843105
[2026-04-27 22:24:49,379] INFO - Epoch [1/80] train_loss=0.7727 val_loss=0.6918 val_iou=0.5316 val_dice=0.6941 val_precision=0.7917 val_recall=0.6180
[2026-04-27 22:24:50,084] INFO - Saved new best checkpoint at epoch 1 with IoU=0.5316
[2026-04-27 22:29:10,927] INFO - Epoch [2/80] train_loss=0.5826 val_loss=0.5288 val_iou=0.6684 val_dice=0.8012 val_precision=0.7612 val_recall=0.8456
[2026-04-27 22:29:11,850] INFO - Saved new best checkpoint at epoch 2 with IoU=0.6684
[2026-04-27 22:33:32,166] INFO - Epoch [3/80] train_loss=0.5126 val_loss=0.4777 val_iou=0.6898 val_dice=0.8164 val_precision=0.7746 val_recall=0.8630
[2026-04-27 22:33:33,078] INFO - Saved new best checkpoint at epoch 3 with IoU=0.6898
[2026-04-27 22:37:53,473] INFO - Epoch [4/80] train_loss=0.4698 val_loss=0.4438 val_iou=0.7070 val_dice=0.8284 val_precision=0.8147 val_recall=0.8424
[2026-04-27 22:37:54,328] INFO - Saved new best checkpoint at epoch 4 with IoU=0.7070
[2026-04-27 22:42:14,469] INFO - Epoch [5/80] train_loss=0.4399 val_loss=0.4141 val_iou=0.7135 val_dice=0.8328 val_precision=0.8329 val_recall=0.8327
[2026-04-27 22:42:15,380] INFO - Saved new best checkpoint at epoch 5 with IoU=0.7135
[2026-04-27 22:46:35,377] INFO - Epoch [6/80] train_loss=0.4242 val_loss=0.4054 val_iou=0.7171 val_dice=0.8353 val_precision=0.8085 val_recall=0.8638
[2026-04-27 22:46:36,415] INFO - Saved new best checkpoint at epoch 6 with IoU=0.7171
[2026-04-27 22:50:56,517] INFO - Epoch [7/80] train_loss=0.4089 val_loss=0.4086 val_iou=0.7175 val_dice=0.8355 val_precision=0.8354 val_recall=0.8357
[2026-04-27 22:50:57,484] INFO - Saved new best checkpoint at epoch 7 with IoU=0.7175
[2026-04-27 22:55:17,275] INFO - Epoch [8/80] train_loss=0.3963 val_loss=0.3668 val_iou=0.7370 val_dice=0.8486 val_precision=0.8538 val_recall=0.8435
[2026-04-27 22:55:18,084] INFO - Saved new best checkpoint at epoch 8 with IoU=0.7370
[2026-04-27 22:59:37,413] INFO - Epoch [9/80] train_loss=0.3875 val_loss=0.3673 val_iou=0.7382 val_dice=0.8494 val_precision=0.8477 val_recall=0.8510
[2026-04-27 22:59:38,161] INFO - Saved new best checkpoint at epoch 9 with IoU=0.7382
[2026-04-27 23:03:57,751] INFO - Epoch [10/80] train_loss=0.3764 val_loss=0.3489 val_iou=0.7510 val_dice=0.8578 val_precision=0.8559 val_recall=0.8596
[2026-04-27 23:03:58,522] INFO - Saved new best checkpoint at epoch 10 with IoU=0.7510
[2026-04-27 23:08:17,690] INFO - Epoch [11/80] train_loss=0.3714 val_loss=0.3667 val_iou=0.7397 val_dice=0.8504 val_precision=0.8322 val_recall=0.8693
[2026-04-27 23:12:37,533] INFO - Epoch [12/80] train_loss=0.3609 val_loss=0.3565 val_iou=0.7573 val_dice=0.8619 val_precision=0.8538 val_recall=0.8702
[2026-04-27 23:12:38,396] INFO - Saved new best checkpoint at epoch 12 with IoU=0.7573
[2026-04-27 23:16:57,630] INFO - Epoch [13/80] train_loss=0.3546 val_loss=0.3448 val_iou=0.7571 val_dice=0.8618 val_precision=0.8304 val_recall=0.8956
[2026-04-27 23:21:17,764] INFO - Epoch [14/80] train_loss=0.3488 val_loss=0.3423 val_iou=0.7575 val_dice=0.8620 val_precision=0.8556 val_recall=0.8685
[2026-04-27 23:21:18,590] INFO - Saved new best checkpoint at epoch 14 with IoU=0.7575
[2026-04-27 23:25:38,396] INFO - Epoch [15/80] train_loss=0.3445 val_loss=0.3319 val_iou=0.7587 val_dice=0.8628 val_precision=0.8697 val_recall=0.8560
[2026-04-27 23:25:39,220] INFO - Saved new best checkpoint at epoch 15 with IoU=0.7587
[2026-04-27 23:29:58,779] INFO - Epoch [16/80] train_loss=0.3395 val_loss=0.3370 val_iou=0.7553 val_dice=0.8606 val_precision=0.8624 val_recall=0.8588
[2026-04-27 23:34:19,388] INFO - Epoch [17/80] train_loss=0.3360 val_loss=0.3313 val_iou=0.7634 val_dice=0.8658 val_precision=0.8539 val_recall=0.8781
[2026-04-27 23:34:20,284] INFO - Saved new best checkpoint at epoch 17 with IoU=0.7634
[2026-04-27 23:38:39,805] INFO - Epoch [18/80] train_loss=0.3341 val_loss=0.3340 val_iou=0.7599 val_dice=0.8636 val_precision=0.8481 val_recall=0.8796
[2026-04-27 23:42:59,381] INFO - Epoch [19/80] train_loss=0.3304 val_loss=0.3221 val_iou=0.7667 val_dice=0.8680 val_precision=0.8613 val_recall=0.8747
[2026-04-27 23:43:00,110] INFO - Saved new best checkpoint at epoch 19 with IoU=0.7667
[2026-04-27 23:47:19,526] INFO - Epoch [20/80] train_loss=0.3213 val_loss=0.3257 val_iou=0.7653 val_dice=0.8670 val_precision=0.8642 val_recall=0.8699
[2026-04-27 23:51:39,163] INFO - Epoch [21/80] train_loss=0.3199 val_loss=0.3193 val_iou=0.7699 val_dice=0.8700 val_precision=0.8709 val_recall=0.8691
[2026-04-27 23:51:40,056] INFO - Saved new best checkpoint at epoch 21 with IoU=0.7699
[2026-04-27 23:55:59,590] INFO - Epoch [22/80] train_loss=0.3152 val_loss=0.3181 val_iou=0.7678 val_dice=0.8687 val_precision=0.8770 val_recall=0.8605
[2026-04-28 00:00:19,505] INFO - Epoch [23/80] train_loss=0.3139 val_loss=0.3168 val_iou=0.7738 val_dice=0.8725 val_precision=0.8721 val_recall=0.8729
[2026-04-28 00:00:20,358] INFO - Saved new best checkpoint at epoch 23 with IoU=0.7738
[2026-04-28 00:04:39,562] INFO - Epoch [24/80] train_loss=0.3130 val_loss=0.3156 val_iou=0.7734 val_dice=0.8722 val_precision=0.8641 val_recall=0.8805
[2026-04-28 00:09:05,351] INFO - Epoch [25/80] train_loss=0.3071 val_loss=0.3145 val_iou=0.7745 val_dice=0.8729 val_precision=0.8672 val_recall=0.8787
[2026-04-28 00:09:06,192] INFO - Saved new best checkpoint at epoch 25 with IoU=0.7745
[2026-04-28 00:13:25,250] INFO - Epoch [26/80] train_loss=0.3056 val_loss=0.3064 val_iou=0.7795 val_dice=0.8761 val_precision=0.8706 val_recall=0.8816
[2026-04-28 00:13:26,116] INFO - Saved new best checkpoint at epoch 26 with IoU=0.7795
[2026-04-28 00:17:45,820] INFO - Epoch [27/80] train_loss=0.3029 val_loss=0.3101 val_iou=0.7796 val_dice=0.8762 val_precision=0.8661 val_recall=0.8865
[2026-04-28 00:17:46,604] INFO - Saved new best checkpoint at epoch 27 with IoU=0.7796
[2026-04-28 00:22:06,097] INFO - Epoch [28/80] train_loss=0.3010 val_loss=0.3195 val_iou=0.7733 val_dice=0.8722 val_precision=0.8803 val_recall=0.8641
[2026-04-28 00:26:26,078] INFO - Epoch [29/80] train_loss=0.2987 val_loss=0.3033 val_iou=0.7805 val_dice=0.8767 val_precision=0.8684 val_recall=0.8852
[2026-04-28 00:26:27,214] INFO - Saved new best checkpoint at epoch 29 with IoU=0.7805
[2026-04-28 00:30:46,905] INFO - Epoch [30/80] train_loss=0.2974 val_loss=0.3034 val_iou=0.7816 val_dice=0.8774 val_precision=0.8714 val_recall=0.8835
[2026-04-28 00:30:47,676] INFO - Saved new best checkpoint at epoch 30 with IoU=0.7816
[2026-04-28 00:35:06,881] INFO - Epoch [31/80] train_loss=0.2934 val_loss=0.3105 val_iou=0.7815 val_dice=0.8774 val_precision=0.8680 val_recall=0.8870
[2026-04-28 00:39:26,783] INFO - Epoch [32/80] train_loss=0.2908 val_loss=0.3002 val_iou=0.7822 val_dice=0.8778 val_precision=0.8759 val_recall=0.8796
[2026-04-28 00:39:27,781] INFO - Saved new best checkpoint at epoch 32 with IoU=0.7822
[2026-04-28 00:43:47,157] INFO - Epoch [33/80] train_loss=0.2883 val_loss=0.2994 val_iou=0.7836 val_dice=0.8787 val_precision=0.8785 val_recall=0.8789
[2026-04-28 00:43:47,956] INFO - Saved new best checkpoint at epoch 33 with IoU=0.7836
[2026-04-28 00:48:07,456] INFO - Epoch [34/80] train_loss=0.2857 val_loss=0.2974 val_iou=0.7845 val_dice=0.8793 val_precision=0.8783 val_recall=0.8802
[2026-04-28 00:48:08,247] INFO - Saved new best checkpoint at epoch 34 with IoU=0.7845
[2026-04-28 00:52:27,680] INFO - Epoch [35/80] train_loss=0.2837 val_loss=0.2987 val_iou=0.7849 val_dice=0.8795 val_precision=0.8789 val_recall=0.8800
[2026-04-28 00:52:28,506] INFO - Saved new best checkpoint at epoch 35 with IoU=0.7849
[2026-04-28 00:56:48,185] INFO - Epoch [36/80] train_loss=0.2826 val_loss=0.2968 val_iou=0.7854 val_dice=0.8798 val_precision=0.8627 val_recall=0.8976
[2026-04-28 00:56:49,239] INFO - Saved new best checkpoint at epoch 36 with IoU=0.7854
[2026-04-28 01:01:09,143] INFO - Epoch [37/80] train_loss=0.2821 val_loss=0.3004 val_iou=0.7817 val_dice=0.8775 val_precision=0.8744 val_recall=0.8806
[2026-04-28 01:05:29,523] INFO - Epoch [38/80] train_loss=0.2777 val_loss=0.3001 val_iou=0.7834 val_dice=0.8786 val_precision=0.8723 val_recall=0.8850
[2026-04-28 01:09:49,490] INFO - Epoch [39/80] train_loss=0.2778 val_loss=0.2932 val_iou=0.7884 val_dice=0.8817 val_precision=0.8738 val_recall=0.8898
[2026-04-28 01:09:50,383] INFO - Saved new best checkpoint at epoch 39 with IoU=0.7884
[2026-04-28 01:14:09,840] INFO - Epoch [40/80] train_loss=0.2760 val_loss=0.2963 val_iou=0.7854 val_dice=0.8798 val_precision=0.8822 val_recall=0.8774
[2026-04-28 01:18:29,999] INFO - Epoch [41/80] train_loss=0.2743 val_loss=0.2949 val_iou=0.7865 val_dice=0.8805 val_precision=0.8777 val_recall=0.8833
[2026-04-28 01:22:49,807] INFO - Epoch [42/80] train_loss=0.2734 val_loss=0.2916 val_iou=0.7890 val_dice=0.8821 val_precision=0.8805 val_recall=0.8836
[2026-04-28 01:22:50,652] INFO - Saved new best checkpoint at epoch 42 with IoU=0.7890
[2026-04-28 01:27:10,452] INFO - Epoch [43/80] train_loss=0.2704 val_loss=0.2958 val_iou=0.7867 val_dice=0.8806 val_precision=0.8790 val_recall=0.8822
[2026-04-28 01:31:30,611] INFO - Epoch [44/80] train_loss=0.2701 val_loss=0.2865 val_iou=0.7908 val_dice=0.8832 val_precision=0.8789 val_recall=0.8874
[2026-04-28 01:31:31,515] INFO - Saved new best checkpoint at epoch 44 with IoU=0.7908
[2026-04-28 01:35:51,205] INFO - Epoch [45/80] train_loss=0.2669 val_loss=0.2856 val_iou=0.7908 val_dice=0.8832 val_precision=0.8746 val_recall=0.8919
[2026-04-28 01:35:52,202] INFO - Saved new best checkpoint at epoch 45 with IoU=0.7908
[2026-04-28 01:40:11,787] INFO - Epoch [46/80] train_loss=0.2654 val_loss=0.2868 val_iou=0.7906 val_dice=0.8831 val_precision=0.8830 val_recall=0.8831
[2026-04-28 01:44:31,666] INFO - Epoch [47/80] train_loss=0.2630 val_loss=0.2841 val_iou=0.7938 val_dice=0.8850 val_precision=0.8785 val_recall=0.8917
[2026-04-28 01:44:32,531] INFO - Saved new best checkpoint at epoch 47 with IoU=0.7938
[2026-04-28 01:48:51,986] INFO - Epoch [48/80] train_loss=0.2620 val_loss=0.2858 val_iou=0.7917 val_dice=0.8838 val_precision=0.8741 val_recall=0.8936
[2026-04-28 01:53:11,849] INFO - Epoch [49/80] train_loss=0.2606 val_loss=0.2855 val_iou=0.7890 val_dice=0.8821 val_precision=0.8777 val_recall=0.8865
[2026-04-28 01:57:32,369] INFO - Epoch [50/80] train_loss=0.2585 val_loss=0.2858 val_iou=0.7941 val_dice=0.8853 val_precision=0.8829 val_recall=0.8876
[2026-04-28 01:57:33,176] INFO - Saved new best checkpoint at epoch 50 with IoU=0.7941
[2026-04-28 02:01:52,798] INFO - Epoch [51/80] train_loss=0.2581 val_loss=0.2830 val_iou=0.7934 val_dice=0.8848 val_precision=0.8791 val_recall=0.8905
[2026-04-28 02:06:12,824] INFO - Epoch [52/80] train_loss=0.2564 val_loss=0.2814 val_iou=0.7965 val_dice=0.8867 val_precision=0.8806 val_recall=0.8929
[2026-04-28 02:06:13,725] INFO - Saved new best checkpoint at epoch 52 with IoU=0.7965
[2026-04-28 02:10:33,506] INFO - Epoch [53/80] train_loss=0.2547 val_loss=0.2807 val_iou=0.7942 val_dice=0.8853 val_precision=0.8913 val_recall=0.8793
[2026-04-28 02:14:53,692] INFO - Epoch [54/80] train_loss=0.2536 val_loss=0.2842 val_iou=0.7909 val_dice=0.8832 val_precision=0.8880 val_recall=0.8785
[2026-04-28 02:19:13,639] INFO - Epoch [55/80] train_loss=0.2514 val_loss=0.2795 val_iou=0.7956 val_dice=0.8862 val_precision=0.8817 val_recall=0.8907
[2026-04-28 02:23:33,509] INFO - Epoch [56/80] train_loss=0.2508 val_loss=0.2785 val_iou=0.7973 val_dice=0.8872 val_precision=0.8834 val_recall=0.8910
[2026-04-28 02:23:34,379] INFO - Saved new best checkpoint at epoch 56 with IoU=0.7973
[2026-04-28 02:27:53,961] INFO - Epoch [57/80] train_loss=0.2505 val_loss=0.2826 val_iou=0.7944 val_dice=0.8854 val_precision=0.8818 val_recall=0.8891
[2026-04-28 02:32:14,173] INFO - Epoch [58/80] train_loss=0.2486 val_loss=0.2788 val_iou=0.7973 val_dice=0.8872 val_precision=0.8839 val_recall=0.8906
[2026-04-28 02:36:34,348] INFO - Epoch [59/80] train_loss=0.2478 val_loss=0.2787 val_iou=0.7969 val_dice=0.8870 val_precision=0.8793 val_recall=0.8948
[2026-04-28 02:40:54,123] INFO - Epoch [60/80] train_loss=0.2470 val_loss=0.2801 val_iou=0.7948 val_dice=0.8856 val_precision=0.8862 val_recall=0.8851
[2026-04-28 02:45:14,017] INFO - Epoch [61/80] train_loss=0.2461 val_loss=0.2820 val_iou=0.7952 val_dice=0.8859 val_precision=0.8816 val_recall=0.8902
[2026-04-28 02:49:34,318] INFO - Epoch [62/80] train_loss=0.2434 val_loss=0.2838 val_iou=0.7947 val_dice=0.8856 val_precision=0.8735 val_recall=0.8981
[2026-04-28 02:53:54,349] INFO - Epoch [63/80] train_loss=0.2445 val_loss=0.2785 val_iou=0.7972 val_dice=0.8872 val_precision=0.8790 val_recall=0.8955
[2026-04-28 02:58:14,246] INFO - Epoch [64/80] train_loss=0.2432 val_loss=0.2797 val_iou=0.7961 val_dice=0.8865 val_precision=0.8823 val_recall=0.8907
[2026-04-28 03:02:34,001] INFO - Epoch [65/80] train_loss=0.2414 val_loss=0.2787 val_iou=0.7977 val_dice=0.8875 val_precision=0.8846 val_recall=0.8903
[2026-04-28 03:02:34,910] INFO - Saved new best checkpoint at epoch 65 with IoU=0.7977
[2026-04-28 03:06:54,533] INFO - Epoch [66/80] train_loss=0.2409 val_loss=0.2805 val_iou=0.7953 val_dice=0.8860 val_precision=0.8829 val_recall=0.8891
[2026-04-28 03:11:14,521] INFO - Epoch [67/80] train_loss=0.2394 val_loss=0.2783 val_iou=0.7971 val_dice=0.8871 val_precision=0.8810 val_recall=0.8932
[2026-04-28 03:15:34,262] INFO - Epoch [68/80] train_loss=0.2397 val_loss=0.2754 val_iou=0.7989 val_dice=0.8882 val_precision=0.8869 val_recall=0.8896
[2026-04-28 03:15:35,265] INFO - Saved new best checkpoint at epoch 68 with IoU=0.7989
[2026-04-28 03:19:55,282] INFO - Epoch [69/80] train_loss=0.2401 val_loss=0.2760 val_iou=0.7983 val_dice=0.8878 val_precision=0.8821 val_recall=0.8936
[2026-04-28 03:24:15,267] INFO - Epoch [70/80] train_loss=0.2386 val_loss=0.2775 val_iou=0.7977 val_dice=0.8875 val_precision=0.8822 val_recall=0.8928
[2026-04-28 03:28:35,556] INFO - Epoch [71/80] train_loss=0.2386 val_loss=0.2749 val_iou=0.7989 val_dice=0.8882 val_precision=0.8833 val_recall=0.8932
[2026-04-28 03:28:36,467] INFO - Saved new best checkpoint at epoch 71 with IoU=0.7989
[2026-04-28 03:32:55,862] INFO - Epoch [72/80] train_loss=0.2376 val_loss=0.2754 val_iou=0.7989 val_dice=0.8882 val_precision=0.8862 val_recall=0.8902
[2026-04-28 03:37:16,419] INFO - Epoch [73/80] train_loss=0.2366 val_loss=0.2761 val_iou=0.7985 val_dice=0.8880 val_precision=0.8830 val_recall=0.8930
[2026-04-28 03:41:36,488] INFO - Epoch [74/80] train_loss=0.2373 val_loss=0.2755 val_iou=0.7994 val_dice=0.8885 val_precision=0.8858 val_recall=0.8912
[2026-04-28 03:41:37,371] INFO - Saved new best checkpoint at epoch 74 with IoU=0.7994
[2026-04-28 03:45:56,905] INFO - Epoch [75/80] train_loss=0.2369 val_loss=0.2755 val_iou=0.7986 val_dice=0.8880 val_precision=0.8834 val_recall=0.8927
[2026-04-28 03:50:16,770] INFO - Epoch [76/80] train_loss=0.2369 val_loss=0.2753 val_iou=0.7989 val_dice=0.8882 val_precision=0.8847 val_recall=0.8917
[2026-04-28 03:54:36,611] INFO - Epoch [77/80] train_loss=0.2369 val_loss=0.2762 val_iou=0.7985 val_dice=0.8880 val_precision=0.8846 val_recall=0.8914
[2026-04-28 03:58:56,662] INFO - Epoch [78/80] train_loss=0.2372 val_loss=0.2750 val_iou=0.7995 val_dice=0.8886 val_precision=0.8844 val_recall=0.8928
[2026-04-28 03:58:57,649] INFO - Saved new best checkpoint at epoch 78 with IoU=0.7995
[2026-04-28 04:03:17,328] INFO - Epoch [79/80] train_loss=0.2367 val_loss=0.2753 val_iou=0.7991 val_dice=0.8884 val_precision=0.8865 val_recall=0.8902
[2026-04-28 04:07:37,440] INFO - Epoch [80/80] train_loss=0.2354 val_loss=0.2759 val_iou=0.7990 val_dice=0.8883 val_precision=0.8843 val_recall=0.8923
[2026-04-28 04:07:52,232] INFO - Finished inria_true_vmamba_C_full_true_vmamba_ss2d. val IoU=0.7995 Dice=0.8886
