[2026-04-28 07:38:00,577] INFO - Starting inria_true_vmamba_boundary on device=cuda
[2026-04-28 07:38:00,577] INFO - Train=12162 Val=2225 Test=0 Params=17926338 boundary_weight=0.50 kernel=3
[2026-04-28 07:42:40,959] INFO - Epoch [1/80] train_loss=1.2090 (seg=0.7357 bnd=0.9465) val_loss=1.0290 (seg=0.5903 bnd=0.8774) val_iou=0.6315 val_dice=0.7741 val_precision=0.7248 val_recall=0.8307
[2026-04-28 07:42:41,514] INFO - Saved new best checkpoint at epoch 1 with IoU=0.6315
[2026-04-28 07:47:20,950] INFO - Epoch [2/80] train_loss=0.9598 (seg=0.5382 bnd=0.8431) val_loss=0.8684 (seg=0.4601 bnd=0.8166) val_iou=0.6946 val_dice=0.8198 val_precision=0.8270 val_recall=0.8127
[2026-04-28 07:47:21,812] INFO - Saved new best checkpoint at epoch 2 with IoU=0.6946
[2026-04-28 07:52:01,363] INFO - Epoch [3/80] train_loss=0.8765 (seg=0.4704 bnd=0.8121) val_loss=0.8285 (seg=0.4331 bnd=0.7907) val_iou=0.7073 val_dice=0.8286 val_precision=0.8284 val_recall=0.8288
[2026-04-28 07:52:02,182] INFO - Saved new best checkpoint at epoch 3 with IoU=0.7073
[2026-04-28 07:56:40,984] INFO - Epoch [4/80] train_loss=0.8344 (seg=0.4375 bnd=0.7938) val_loss=0.7971 (seg=0.4039 bnd=0.7864) val_iou=0.7262 val_dice=0.8414 val_precision=0.8272 val_recall=0.8560
[2026-04-28 07:56:41,877] INFO - Saved new best checkpoint at epoch 4 with IoU=0.7262
[2026-04-28 08:01:20,597] INFO - Epoch [5/80] train_loss=0.8064 (seg=0.4152 bnd=0.7823) val_loss=0.7856 (seg=0.3964 bnd=0.7786) val_iou=0.7244 val_dice=0.8402 val_precision=0.8577 val_recall=0.8233
[2026-04-28 08:05:59,679] INFO - Epoch [6/80] train_loss=0.7835 (seg=0.3972 bnd=0.7725) val_loss=0.7408 (seg=0.3612 bnd=0.7591) val_iou=0.7447 val_dice=0.8537 val_precision=0.8510 val_recall=0.8563
[2026-04-28 08:06:00,610] INFO - Saved new best checkpoint at epoch 6 with IoU=0.7447
[2026-04-28 08:10:39,027] INFO - Epoch [7/80] train_loss=0.7671 (seg=0.3848 bnd=0.7646) val_loss=0.7401 (seg=0.3612 bnd=0.7579) val_iou=0.7437 val_dice=0.8530 val_precision=0.8529 val_recall=0.8531
[2026-04-28 08:15:17,849] INFO - Epoch [8/80] train_loss=0.7535 (seg=0.3746 bnd=0.7577) val_loss=0.7238 (seg=0.3497 bnd=0.7484) val_iou=0.7499 val_dice=0.8570 val_precision=0.8644 val_recall=0.8498
[2026-04-28 08:15:18,582] INFO - Saved new best checkpoint at epoch 8 with IoU=0.7499
[2026-04-28 08:19:57,083] INFO - Epoch [9/80] train_loss=0.7400 (seg=0.3643 bnd=0.7514) val_loss=0.7376 (seg=0.3619 bnd=0.7515) val_iou=0.7512 val_dice=0.8579 val_precision=0.8418 val_recall=0.8747
[2026-04-28 08:19:57,843] INFO - Saved new best checkpoint at epoch 9 with IoU=0.7512
[2026-04-28 08:24:36,340] INFO - Epoch [10/80] train_loss=0.7323 (seg=0.3589 bnd=0.7467) val_loss=0.7070 (seg=0.3389 bnd=0.7362) val_iou=0.7591 val_dice=0.8631 val_precision=0.8683 val_recall=0.8579
[2026-04-28 08:24:37,168] INFO - Saved new best checkpoint at epoch 10 with IoU=0.7591
[2026-04-28 08:29:15,509] INFO - Epoch [11/80] train_loss=0.7206 (seg=0.3497 bnd=0.7419) val_loss=0.6966 (seg=0.3291 bnd=0.7350) val_iou=0.7644 val_dice=0.8665 val_precision=0.8604 val_recall=0.8727
[2026-04-28 08:29:16,334] INFO - Saved new best checkpoint at epoch 11 with IoU=0.7644
[2026-04-28 08:33:54,617] INFO - Epoch [12/80] train_loss=0.7111 (seg=0.3424 bnd=0.7374) val_loss=0.7081 (seg=0.3386 bnd=0.7390) val_iou=0.7607 val_dice=0.8641 val_precision=0.8595 val_recall=0.8687
[2026-04-28 08:38:33,207] INFO - Epoch [13/80] train_loss=0.7047 (seg=0.3374 bnd=0.7347) val_loss=0.6912 (seg=0.3276 bnd=0.7273) val_iou=0.7658 val_dice=0.8674 val_precision=0.8649 val_recall=0.8698
[2026-04-28 08:38:33,959] INFO - Saved new best checkpoint at epoch 13 with IoU=0.7658
[2026-04-28 08:43:12,166] INFO - Epoch [14/80] train_loss=0.6982 (seg=0.3325 bnd=0.7315) val_loss=0.7003 (seg=0.3331 bnd=0.7344) val_iou=0.7613 val_dice=0.8645 val_precision=0.8778 val_recall=0.8516
[2026-04-28 08:47:50,710] INFO - Epoch [15/80] train_loss=0.6938 (seg=0.3298 bnd=0.7281) val_loss=0.6817 (seg=0.3192 bnd=0.7250) val_iou=0.7705 val_dice=0.8703 val_precision=0.8460 val_recall=0.8961
[2026-04-28 08:47:51,454] INFO - Saved new best checkpoint at epoch 15 with IoU=0.7705
[2026-04-28 08:52:29,821] INFO - Epoch [16/80] train_loss=0.6854 (seg=0.3228 bnd=0.7253) val_loss=0.6940 (seg=0.3300 bnd=0.7279) val_iou=0.7655 val_dice=0.8672 val_precision=0.8617 val_recall=0.8727
[2026-04-28 08:57:08,348] INFO - Epoch [17/80] train_loss=0.6791 (seg=0.3183 bnd=0.7215) val_loss=0.6753 (seg=0.3144 bnd=0.7219) val_iou=0.7732 val_dice=0.8721 val_precision=0.8664 val_recall=0.8779
[2026-04-28 08:57:09,105] INFO - Saved new best checkpoint at epoch 17 with IoU=0.7732
[2026-04-28 09:01:47,232] INFO - Epoch [18/80] train_loss=0.6745 (seg=0.3149 bnd=0.7192) val_loss=0.6776 (seg=0.3158 bnd=0.7237) val_iou=0.7768 val_dice=0.8744 val_precision=0.8720 val_recall=0.8768
[2026-04-28 09:01:47,980] INFO - Saved new best checkpoint at epoch 18 with IoU=0.7768
[2026-04-28 09:06:26,301] INFO - Epoch [19/80] train_loss=0.6695 (seg=0.3110 bnd=0.7171) val_loss=0.6676 (seg=0.3089 bnd=0.7173) val_iou=0.7788 val_dice=0.8757 val_precision=0.8554 val_recall=0.8969
[2026-04-28 09:06:27,002] INFO - Saved new best checkpoint at epoch 19 with IoU=0.7788
[2026-04-28 09:11:05,304] INFO - Epoch [20/80] train_loss=0.6643 (seg=0.3073 bnd=0.7140) val_loss=0.6788 (seg=0.3189 bnd=0.7198) val_iou=0.7699 val_dice=0.8700 val_precision=0.8741 val_recall=0.8659
[2026-04-28 09:15:43,892] INFO - Epoch [21/80] train_loss=0.6627 (seg=0.3061 bnd=0.7132) val_loss=0.6783 (seg=0.3177 bnd=0.7213) val_iou=0.7729 val_dice=0.8719 val_precision=0.8634 val_recall=0.8806
[2026-04-28 09:20:22,520] INFO - Epoch [22/80] train_loss=0.6563 (seg=0.3018 bnd=0.7091) val_loss=0.6743 (seg=0.3162 bnd=0.7163) val_iou=0.7755 val_dice=0.8735 val_precision=0.8727 val_recall=0.8743
[2026-04-28 09:25:01,399] INFO - Epoch [23/80] train_loss=0.6529 (seg=0.2993 bnd=0.7073) val_loss=0.6668 (seg=0.3088 bnd=0.7160) val_iou=0.7795 val_dice=0.8761 val_precision=0.8744 val_recall=0.8778
[2026-04-28 09:25:02,140] INFO - Saved new best checkpoint at epoch 23 with IoU=0.7795
[2026-04-28 09:29:40,250] INFO - Epoch [24/80] train_loss=0.6502 (seg=0.2970 bnd=0.7064) val_loss=0.6576 (seg=0.3021 bnd=0.7109) val_iou=0.7827 val_dice=0.8781 val_precision=0.8807 val_recall=0.8755
[2026-04-28 09:29:41,203] INFO - Saved new best checkpoint at epoch 24 with IoU=0.7827
[2026-04-28 09:34:19,461] INFO - Epoch [25/80] train_loss=0.6471 (seg=0.2950 bnd=0.7042) val_loss=0.6697 (seg=0.3131 bnd=0.7132) val_iou=0.7793 val_dice=0.8760 val_precision=0.8767 val_recall=0.8753
[2026-04-28 09:38:58,235] INFO - Epoch [26/80] train_loss=0.6435 (seg=0.2924 bnd=0.7023) val_loss=0.6534 (seg=0.2997 bnd=0.7074) val_iou=0.7846 val_dice=0.8793 val_precision=0.8698 val_recall=0.8890
[2026-04-28 09:38:58,904] INFO - Saved new best checkpoint at epoch 26 with IoU=0.7846
[2026-04-28 09:43:37,613] INFO - Epoch [27/80] train_loss=0.6381 (seg=0.2883 bnd=0.6994) val_loss=0.6476 (seg=0.2951 bnd=0.7050) val_iou=0.7861 val_dice=0.8802 val_precision=0.8760 val_recall=0.8845
[2026-04-28 09:43:38,391] INFO - Saved new best checkpoint at epoch 27 with IoU=0.7861
[2026-04-28 09:48:16,999] INFO - Epoch [28/80] train_loss=0.6362 (seg=0.2871 bnd=0.6982) val_loss=0.6496 (seg=0.2971 bnd=0.7049) val_iou=0.7850 val_dice=0.8795 val_precision=0.8791 val_recall=0.8799
[2026-04-28 09:52:55,843] INFO - Epoch [29/80] train_loss=0.6316 (seg=0.2836 bnd=0.6960) val_loss=0.6448 (seg=0.2929 bnd=0.7037) val_iou=0.7867 val_dice=0.8806 val_precision=0.8804 val_recall=0.8808
[2026-04-28 09:52:56,795] INFO - Saved new best checkpoint at epoch 29 with IoU=0.7867
[2026-04-28 09:57:35,092] INFO - Epoch [30/80] train_loss=0.6287 (seg=0.2814 bnd=0.6946) val_loss=0.6397 (seg=0.2901 bnd=0.6994) val_iou=0.7900 val_dice=0.8827 val_precision=0.8704 val_recall=0.8953
[2026-04-28 09:57:35,823] INFO - Saved new best checkpoint at epoch 30 with IoU=0.7900
[2026-04-28 10:02:14,001] INFO - Epoch [31/80] train_loss=0.6269 (seg=0.2802 bnd=0.6934) val_loss=0.6416 (seg=0.2909 bnd=0.7015) val_iou=0.7900 val_dice=0.8827 val_precision=0.8795 val_recall=0.8859
[2026-04-28 10:06:52,827] INFO - Epoch [32/80] train_loss=0.6227 (seg=0.2773 bnd=0.6909) val_loss=0.6352 (seg=0.2864 bnd=0.6978) val_iou=0.7921 val_dice=0.8840 val_precision=0.8771 val_recall=0.8911
[2026-04-28 10:06:54,035] INFO - Saved new best checkpoint at epoch 32 with IoU=0.7921
[2026-04-28 10:11:32,356] INFO - Epoch [33/80] train_loss=0.6211 (seg=0.2763 bnd=0.6896) val_loss=0.6343 (seg=0.2863 bnd=0.6959) val_iou=0.7925 val_dice=0.8842 val_precision=0.8762 val_recall=0.8924
[2026-04-28 10:11:33,217] INFO - Saved new best checkpoint at epoch 33 with IoU=0.7925
[2026-04-28 10:16:11,865] INFO - Epoch [34/80] train_loss=0.6164 (seg=0.2728 bnd=0.6873) val_loss=0.6426 (seg=0.2940 bnd=0.6971) val_iou=0.7855 val_dice=0.8799 val_precision=0.8900 val_recall=0.8700
[2026-04-28 10:20:50,743] INFO - Epoch [35/80] train_loss=0.6120 (seg=0.2693 bnd=0.6852) val_loss=0.6348 (seg=0.2872 bnd=0.6954) val_iou=0.7921 val_dice=0.8840 val_precision=0.8711 val_recall=0.8973
[2026-04-28 10:25:29,979] INFO - Epoch [36/80] train_loss=0.6108 (seg=0.2687 bnd=0.6842) val_loss=0.6287 (seg=0.2824 bnd=0.6926) val_iou=0.7946 val_dice=0.8855 val_precision=0.8785 val_recall=0.8927
[2026-04-28 10:25:30,900] INFO - Saved new best checkpoint at epoch 36 with IoU=0.7946
[2026-04-28 10:30:09,457] INFO - Epoch [37/80] train_loss=0.6091 (seg=0.2676 bnd=0.6829) val_loss=0.6333 (seg=0.2866 bnd=0.6934) val_iou=0.7951 val_dice=0.8859 val_precision=0.8861 val_recall=0.8856
[2026-04-28 10:30:11,006] INFO - Saved new best checkpoint at epoch 37 with IoU=0.7951
[2026-04-28 10:34:49,835] INFO - Epoch [38/80] train_loss=0.6033 (seg=0.2633 bnd=0.6800) val_loss=0.6237 (seg=0.2801 bnd=0.6871) val_iou=0.7974 val_dice=0.8873 val_precision=0.8789 val_recall=0.8959
[2026-04-28 10:34:53,081] INFO - Saved new best checkpoint at epoch 38 with IoU=0.7974
[2026-04-28 10:39:31,763] INFO - Epoch [39/80] train_loss=0.6021 (seg=0.2626 bnd=0.6790) val_loss=0.6259 (seg=0.2800 bnd=0.6917) val_iou=0.7978 val_dice=0.8875 val_precision=0.8807 val_recall=0.8944
[2026-04-28 10:39:32,620] INFO - Saved new best checkpoint at epoch 39 with IoU=0.7978
[2026-04-28 10:44:11,357] INFO - Epoch [40/80] train_loss=0.5997 (seg=0.2611 bnd=0.6772) val_loss=0.6223 (seg=0.2784 bnd=0.6879) val_iou=0.7984 val_dice=0.8879 val_precision=0.8893 val_recall=0.8866
[2026-04-28 10:44:12,060] INFO - Saved new best checkpoint at epoch 40 with IoU=0.7984
[2026-04-28 10:48:50,376] INFO - Epoch [41/80] train_loss=0.5939 (seg=0.2566 bnd=0.6746) val_loss=0.6201 (seg=0.2767 bnd=0.6867) val_iou=0.7997 val_dice=0.8887 val_precision=0.8844 val_recall=0.8931
[2026-04-28 10:48:51,267] INFO - Saved new best checkpoint at epoch 41 with IoU=0.7997
[2026-04-28 10:53:29,660] INFO - Epoch [42/80] train_loss=0.5917 (seg=0.2551 bnd=0.6732) val_loss=0.6207 (seg=0.2773 bnd=0.6867) val_iou=0.7988 val_dice=0.8882 val_precision=0.8840 val_recall=0.8923
[2026-04-28 10:58:08,436] INFO - Epoch [43/80] train_loss=0.5897 (seg=0.2540 bnd=0.6714) val_loss=0.6187 (seg=0.2772 bnd=0.6830) val_iou=0.7978 val_dice=0.8875 val_precision=0.8779 val_recall=0.8974
[2026-04-28 11:02:47,541] INFO - Epoch [44/80] train_loss=0.5881 (seg=0.2528 bnd=0.6707) val_loss=0.6189 (seg=0.2779 bnd=0.6821) val_iou=0.7964 val_dice=0.8867 val_precision=0.8789 val_recall=0.8946
[2026-04-28 11:07:26,692] INFO - Epoch [45/80] train_loss=0.5851 (seg=0.2508 bnd=0.6686) val_loss=0.6216 (seg=0.2806 bnd=0.6821) val_iou=0.7943 val_dice=0.8853 val_precision=0.8709 val_recall=0.9003
[2026-04-28 11:12:05,819] INFO - Epoch [46/80] train_loss=0.5813 (seg=0.2483 bnd=0.6660) val_loss=0.6134 (seg=0.2727 bnd=0.6815) val_iou=0.8009 val_dice=0.8895 val_precision=0.8822 val_recall=0.8969
[2026-04-28 11:12:06,720] INFO - Saved new best checkpoint at epoch 46 with IoU=0.8009
[2026-04-28 11:16:45,393] INFO - Epoch [47/80] train_loss=0.5806 (seg=0.2481 bnd=0.6651) val_loss=0.6078 (seg=0.2694 bnd=0.6768) val_iou=0.8045 val_dice=0.8917 val_precision=0.8784 val_recall=0.9054
[2026-04-28 11:16:46,290] INFO - Saved new best checkpoint at epoch 47 with IoU=0.8045
[2026-04-28 11:21:24,856] INFO - Epoch [48/80] train_loss=0.5765 (seg=0.2448 bnd=0.6634) val_loss=0.6142 (seg=0.2744 bnd=0.6796) val_iou=0.8039 val_dice=0.8913 val_precision=0.8866 val_recall=0.8960
[2026-04-28 11:26:03,844] INFO - Epoch [49/80] train_loss=0.5739 (seg=0.2432 bnd=0.6614) val_loss=0.6149 (seg=0.2760 bnd=0.6778) val_iou=0.8007 val_dice=0.8893 val_precision=0.8764 val_recall=0.9027
[2026-04-28 11:30:42,951] INFO - Epoch [50/80] train_loss=0.5726 (seg=0.2427 bnd=0.6599) val_loss=0.6013 (seg=0.2656 bnd=0.6714) val_iou=0.8056 val_dice=0.8923 val_precision=0.8888 val_recall=0.8959
[2026-04-28 11:30:43,716] INFO - Saved new best checkpoint at epoch 50 with IoU=0.8056
[2026-04-28 11:35:22,302] INFO - Epoch [51/80] train_loss=0.5698 (seg=0.2405 bnd=0.6586) val_loss=0.6126 (seg=0.2749 bnd=0.6755) val_iou=0.8019 val_dice=0.8900 val_precision=0.8886 val_recall=0.8914
[2026-04-28 11:40:01,380] INFO - Epoch [52/80] train_loss=0.5664 (seg=0.2383 bnd=0.6562) val_loss=0.6041 (seg=0.2682 bnd=0.6718) val_iou=0.8054 val_dice=0.8922 val_precision=0.8893 val_recall=0.8951
[2026-04-28 11:44:40,271] INFO - Epoch [53/80] train_loss=0.5649 (seg=0.2373 bnd=0.6552) val_loss=0.5994 (seg=0.2646 bnd=0.6696) val_iou=0.8086 val_dice=0.8942 val_precision=0.8932 val_recall=0.8952
[2026-04-28 11:44:41,002] INFO - Saved new best checkpoint at epoch 53 with IoU=0.8086
[2026-04-28 11:49:19,558] INFO - Epoch [54/80] train_loss=0.5628 (seg=0.2359 bnd=0.6537) val_loss=0.5979 (seg=0.2632 bnd=0.6693) val_iou=0.8093 val_dice=0.8946 val_precision=0.8940 val_recall=0.8952
[2026-04-28 11:49:20,402] INFO - Saved new best checkpoint at epoch 54 with IoU=0.8093
[2026-04-28 11:53:58,875] INFO - Epoch [55/80] train_loss=0.5603 (seg=0.2343 bnd=0.6519) val_loss=0.6033 (seg=0.2676 bnd=0.6713) val_iou=0.8067 val_dice=0.8930 val_precision=0.8916 val_recall=0.8945
[2026-04-28 11:58:37,901] INFO - Epoch [56/80] train_loss=0.5587 (seg=0.2334 bnd=0.6507) val_loss=0.5940 (seg=0.2605 bnd=0.6671) val_iou=0.8111 val_dice=0.8957 val_precision=0.8941 val_recall=0.8972
[2026-04-28 11:58:38,803] INFO - Saved new best checkpoint at epoch 56 with IoU=0.8111
[2026-04-28 12:03:17,202] INFO - Epoch [57/80] train_loss=0.5563 (seg=0.2317 bnd=0.6493) val_loss=0.6009 (seg=0.2667 bnd=0.6683) val_iou=0.8066 val_dice=0.8929 val_precision=0.8945 val_recall=0.8914
[2026-04-28 12:07:55,921] INFO - Epoch [58/80] train_loss=0.5543 (seg=0.2301 bnd=0.6483) val_loss=0.5970 (seg=0.2631 bnd=0.6677) val_iou=0.8099 val_dice=0.8949 val_precision=0.8894 val_recall=0.9005
[2026-04-28 12:12:35,131] INFO - Epoch [59/80] train_loss=0.5524 (seg=0.2291 bnd=0.6467) val_loss=0.5929 (seg=0.2607 bnd=0.6644) val_iou=0.8116 val_dice=0.8960 val_precision=0.8966 val_recall=0.8954
[2026-04-28 12:12:36,015] INFO - Saved new best checkpoint at epoch 59 with IoU=0.8116
[2026-04-28 12:17:14,541] INFO - Epoch [60/80] train_loss=0.5515 (seg=0.2284 bnd=0.6461) val_loss=0.5937 (seg=0.2615 bnd=0.6644) val_iou=0.8118 val_dice=0.8961 val_precision=0.8953 val_recall=0.8970
[2026-04-28 12:17:15,358] INFO - Saved new best checkpoint at epoch 60 with IoU=0.8118
[2026-04-28 12:21:54,049] INFO - Epoch [61/80] train_loss=0.5488 (seg=0.2265 bnd=0.6445) val_loss=0.5936 (seg=0.2618 bnd=0.6636) val_iou=0.8099 val_dice=0.8950 val_precision=0.8926 val_recall=0.8974
[2026-04-28 12:26:32,940] INFO - Epoch [62/80] train_loss=0.5479 (seg=0.2261 bnd=0.6436) val_loss=0.5946 (seg=0.2620 bnd=0.6652) val_iou=0.8106 val_dice=0.8954 val_precision=0.8946 val_recall=0.8962
[2026-04-28 12:31:11,990] INFO - Epoch [63/80] train_loss=0.5467 (seg=0.2253 bnd=0.6429) val_loss=0.5944 (seg=0.2618 bnd=0.6651) val_iou=0.8112 val_dice=0.8957 val_precision=0.8938 val_recall=0.8977
[2026-04-28 12:35:50,847] INFO - Epoch [64/80] train_loss=0.5445 (seg=0.2236 bnd=0.6417) val_loss=0.5908 (seg=0.2595 bnd=0.6625) val_iou=0.8123 val_dice=0.8964 val_precision=0.8958 val_recall=0.8971
[2026-04-28 12:35:51,733] INFO - Saved new best checkpoint at epoch 64 with IoU=0.8123
[2026-04-28 12:40:30,045] INFO - Epoch [65/80] train_loss=0.5439 (seg=0.2234 bnd=0.6411) val_loss=0.5902 (seg=0.2591 bnd=0.6622) val_iou=0.8124 val_dice=0.8965 val_precision=0.8957 val_recall=0.8973
[2026-04-28 12:40:30,866] INFO - Saved new best checkpoint at epoch 65 with IoU=0.8124
[2026-04-28 12:45:09,306] INFO - Epoch [66/80] train_loss=0.5433 (seg=0.2230 bnd=0.6405) val_loss=0.5902 (seg=0.2591 bnd=0.6622) val_iou=0.8131 val_dice=0.8969 val_precision=0.8948 val_recall=0.8990
[2026-04-28 12:45:10,322] INFO - Saved new best checkpoint at epoch 66 with IoU=0.8131
[2026-04-28 12:49:48,883] INFO - Epoch [67/80] train_loss=0.5425 (seg=0.2223 bnd=0.6403) val_loss=0.5906 (seg=0.2603 bnd=0.6606) val_iou=0.8113 val_dice=0.8958 val_precision=0.8964 val_recall=0.8952
[2026-04-28 12:54:27,603] INFO - Epoch [68/80] train_loss=0.5402 (seg=0.2209 bnd=0.6386) val_loss=0.5901 (seg=0.2593 bnd=0.6617) val_iou=0.8120 val_dice=0.8963 val_precision=0.8939 val_recall=0.8987
[2026-04-28 12:59:06,366] INFO - Epoch [69/80] train_loss=0.5400 (seg=0.2206 bnd=0.6389) val_loss=0.5889 (seg=0.2585 bnd=0.6609) val_iou=0.8124 val_dice=0.8965 val_precision=0.8972 val_recall=0.8958
[2026-04-28 13:03:45,284] INFO - Epoch [70/80] train_loss=0.5386 (seg=0.2197 bnd=0.6378) val_loss=0.5880 (seg=0.2580 bnd=0.6601) val_iou=0.8134 val_dice=0.8971 val_precision=0.8953 val_recall=0.8989
[2026-04-28 13:03:46,165] INFO - Saved new best checkpoint at epoch 70 with IoU=0.8134
[2026-04-28 13:08:24,684] INFO - Epoch [71/80] train_loss=0.5387 (seg=0.2198 bnd=0.6377) val_loss=0.5873 (seg=0.2579 bnd=0.6588) val_iou=0.8136 val_dice=0.8972 val_precision=0.8974 val_recall=0.8970
[2026-04-28 13:08:25,575] INFO - Saved new best checkpoint at epoch 71 with IoU=0.8136
[2026-04-28 13:13:04,192] INFO - Epoch [72/80] train_loss=0.5374 (seg=0.2190 bnd=0.6368) val_loss=0.5867 (seg=0.2572 bnd=0.6589) val_iou=0.8141 val_dice=0.8976 val_precision=0.8943 val_recall=0.9009
[2026-04-28 13:13:05,018] INFO - Saved new best checkpoint at epoch 72 with IoU=0.8141
[2026-04-28 13:17:43,339] INFO - Epoch [73/80] train_loss=0.5377 (seg=0.2192 bnd=0.6370) val_loss=0.5869 (seg=0.2572 bnd=0.6594) val_iou=0.8138 val_dice=0.8973 val_precision=0.8988 val_recall=0.8959
[2026-04-28 13:22:22,330] INFO - Epoch [74/80] train_loss=0.5366 (seg=0.2185 bnd=0.6362) val_loss=0.5880 (seg=0.2582 bnd=0.6597) val_iou=0.8133 val_dice=0.8970 val_precision=0.8954 val_recall=0.8986
[2026-04-28 13:27:01,263] INFO - Epoch [75/80] train_loss=0.5369 (seg=0.2187 bnd=0.6364) val_loss=0.5862 (seg=0.2569 bnd=0.6587) val_iou=0.8135 val_dice=0.8972 val_precision=0.8936 val_recall=0.9007
[2026-04-28 13:31:40,203] INFO - Epoch [76/80] train_loss=0.5365 (seg=0.2185 bnd=0.6360) val_loss=0.5875 (seg=0.2577 bnd=0.6594) val_iou=0.8138 val_dice=0.8973 val_precision=0.8957 val_recall=0.8990
[2026-04-28 13:36:19,105] INFO - Epoch [77/80] train_loss=0.5354 (seg=0.2178 bnd=0.6352) val_loss=0.5874 (seg=0.2578 bnd=0.6593) val_iou=0.8133 val_dice=0.8971 val_precision=0.8970 val_recall=0.8971
[2026-04-28 13:40:58,216] INFO - Epoch [78/80] train_loss=0.5355 (seg=0.2178 bnd=0.6353) val_loss=0.5867 (seg=0.2572 bnd=0.6591) val_iou=0.8138 val_dice=0.8974 val_precision=0.8971 val_recall=0.8976
[2026-04-28 13:45:37,126] INFO - Epoch [79/80] train_loss=0.5357 (seg=0.2179 bnd=0.6356) val_loss=0.5873 (seg=0.2578 bnd=0.6592) val_iou=0.8137 val_dice=0.8973 val_precision=0.8939 val_recall=0.9006
[2026-04-28 13:50:16,016] INFO - Epoch [80/80] train_loss=0.5356 (seg=0.2179 bnd=0.6354) val_loss=0.5867 (seg=0.2572 bnd=0.6591) val_iou=0.8136 val_dice=0.8972 val_precision=0.8960 val_recall=0.8984
[2026-04-28 13:50:31,112] INFO - Finished inria_true_vmamba_boundary. val IoU=0.8141 Dice=0.8976
