[2026-05-01 06:44:27,274] INFO - Starting whu_deterministic_simplified_boundary_seed123 on device=cuda
[2026-05-01 06:44:27,274] INFO - Deterministic setup: seed=123 cudnn.deterministic=True cudnn.benchmark=False deterministic_algorithms=True train_loader_generator_seed=123 worker_init_fn=enabled
[2026-05-01 06:44:27,274] INFO - Train=4736 Val=1036 Test=2416 Params=17915010 boundary_weight=0.50 kernel=3
[2026-05-01 06:46:49,182] INFO - Epoch [1/80] train_loss=0.8939 (seg=0.5048 bnd=0.7782) val_loss=0.7853 (seg=0.4999 bnd=0.5707) val_iou=0.7432 val_dice=0.8527 val_precision=0.8300 val_recall=0.8766
[2026-05-01 06:46:49,723] INFO - Saved new best checkpoint at epoch 1 with IoU=0.7432
[2026-05-01 06:49:10,323] INFO - Epoch [2/80] train_loss=0.6318 (seg=0.3325 bnd=0.5986) val_loss=0.5128 (seg=0.2859 bnd=0.4537) val_iou=0.8272 val_dice=0.9054 val_precision=0.9133 val_recall=0.8977
[2026-05-01 06:49:11,066] INFO - Saved new best checkpoint at epoch 2 with IoU=0.8272
[2026-05-01 06:51:31,451] INFO - Epoch [3/80] train_loss=0.5508 (seg=0.2727 bnd=0.5563) val_loss=0.4113 (seg=0.2155 bnd=0.3916) val_iou=0.8408 val_dice=0.9135 val_precision=0.9076 val_recall=0.9196
[2026-05-01 06:51:32,089] INFO - Saved new best checkpoint at epoch 3 with IoU=0.8408
[2026-05-01 06:53:52,457] INFO - Epoch [4/80] train_loss=0.5124 (seg=0.2459 bnd=0.5331) val_loss=0.4522 (seg=0.2478 bnd=0.4088) val_iou=0.8213 val_dice=0.9019 val_precision=0.8741 val_recall=0.9315
[2026-05-01 06:56:13,109] INFO - Epoch [5/80] train_loss=0.4934 (seg=0.2320 bnd=0.5230) val_loss=0.4054 (seg=0.2115 bnd=0.3879) val_iou=0.8444 val_dice=0.9156 val_precision=0.8952 val_recall=0.9370
[2026-05-01 06:56:13,847] INFO - Saved new best checkpoint at epoch 5 with IoU=0.8444
[2026-05-01 06:58:34,391] INFO - Epoch [6/80] train_loss=0.4761 (seg=0.2205 bnd=0.5111) val_loss=0.4431 (seg=0.2439 bnd=0.3983) val_iou=0.8232 val_dice=0.9030 val_precision=0.8681 val_recall=0.9408
[2026-05-01 07:00:55,138] INFO - Epoch [7/80] train_loss=0.4495 (seg=0.2014 bnd=0.4962) val_loss=0.3446 (seg=0.1709 bnd=0.3475) val_iou=0.8794 val_dice=0.9358 val_precision=0.9476 val_recall=0.9244
[2026-05-01 07:00:55,880] INFO - Saved new best checkpoint at epoch 7 with IoU=0.8794
[2026-05-01 07:03:16,386] INFO - Epoch [8/80] train_loss=0.4433 (seg=0.1978 bnd=0.4911) val_loss=0.3919 (seg=0.2089 bnd=0.3660) val_iou=0.8454 val_dice=0.9162 val_precision=0.8931 val_recall=0.9406
[2026-05-01 07:05:37,237] INFO - Epoch [9/80] train_loss=0.4320 (seg=0.1894 bnd=0.4853) val_loss=0.3488 (seg=0.1760 bnd=0.3456) val_iou=0.8718 val_dice=0.9315 val_precision=0.9205 val_recall=0.9428
[2026-05-01 07:07:58,169] INFO - Epoch [10/80] train_loss=0.4202 (seg=0.1809 bnd=0.4787) val_loss=0.3611 (seg=0.1818 bnd=0.3586) val_iou=0.8854 val_dice=0.9392 val_precision=0.9429 val_recall=0.9356
[2026-05-01 07:07:58,839] INFO - Saved new best checkpoint at epoch 10 with IoU=0.8854
[2026-05-01 07:10:19,176] INFO - Epoch [11/80] train_loss=0.4137 (seg=0.1770 bnd=0.4735) val_loss=0.3339 (seg=0.1671 bnd=0.3338) val_iou=0.8726 val_dice=0.9320 val_precision=0.9188 val_recall=0.9455
[2026-05-01 07:12:40,242] INFO - Epoch [12/80] train_loss=0.4085 (seg=0.1739 bnd=0.4693) val_loss=0.3571 (seg=0.1888 bnd=0.3365) val_iou=0.8560 val_dice=0.9224 val_precision=0.9536 val_recall=0.8932
[2026-05-01 07:15:01,510] INFO - Epoch [13/80] train_loss=0.4022 (seg=0.1689 bnd=0.4667) val_loss=0.3330 (seg=0.1624 bnd=0.3412) val_iou=0.8754 val_dice=0.9336 val_precision=0.9433 val_recall=0.9240
[2026-05-01 07:17:22,362] INFO - Epoch [14/80] train_loss=0.3979 (seg=0.1671 bnd=0.4616) val_loss=0.3532 (seg=0.1763 bnd=0.3539) val_iou=0.8914 val_dice=0.9426 val_precision=0.9435 val_recall=0.9417
[2026-05-01 07:17:23,128] INFO - Saved new best checkpoint at epoch 14 with IoU=0.8914
[2026-05-01 07:19:43,775] INFO - Epoch [15/80] train_loss=0.3939 (seg=0.1641 bnd=0.4596) val_loss=0.3123 (seg=0.1499 bnd=0.3249) val_iou=0.8899 val_dice=0.9417 val_precision=0.9379 val_recall=0.9456
[2026-05-01 07:22:04,760] INFO - Epoch [16/80] train_loss=0.3913 (seg=0.1634 bnd=0.4558) val_loss=0.4700 (seg=0.2836 bnd=0.3727) val_iou=0.7944 val_dice=0.8854 val_precision=0.8343 val_recall=0.9431
[2026-05-01 07:24:25,599] INFO - Epoch [17/80] train_loss=0.3837 (seg=0.1578 bnd=0.4520) val_loss=0.3359 (seg=0.1689 bnd=0.3341) val_iou=0.8861 val_dice=0.9396 val_precision=0.9382 val_recall=0.9411
[2026-05-01 07:26:46,378] INFO - Epoch [18/80] train_loss=0.3811 (seg=0.1568 bnd=0.4485) val_loss=0.3059 (seg=0.1447 bnd=0.3222) val_iou=0.8973 val_dice=0.9459 val_precision=0.9398 val_recall=0.9521
[2026-05-01 07:26:47,088] INFO - Saved new best checkpoint at epoch 18 with IoU=0.8973
[2026-05-01 07:29:07,684] INFO - Epoch [19/80] train_loss=0.3786 (seg=0.1550 bnd=0.4472) val_loss=0.3110 (seg=0.1499 bnd=0.3221) val_iou=0.8947 val_dice=0.9444 val_precision=0.9459 val_recall=0.9430
[2026-05-01 07:31:28,446] INFO - Epoch [20/80] train_loss=0.3788 (seg=0.1550 bnd=0.4476) val_loss=0.3072 (seg=0.1453 bnd=0.3238) val_iou=0.8956 val_dice=0.9449 val_precision=0.9520 val_recall=0.9379
[2026-05-01 07:33:49,151] INFO - Epoch [21/80] train_loss=0.3720 (seg=0.1502 bnd=0.4436) val_loss=0.3084 (seg=0.1459 bnd=0.3250) val_iou=0.8981 val_dice=0.9463 val_precision=0.9562 val_recall=0.9367
[2026-05-01 07:33:49,917] INFO - Saved new best checkpoint at epoch 21 with IoU=0.8981
[2026-05-01 07:36:10,424] INFO - Epoch [22/80] train_loss=0.3665 (seg=0.1471 bnd=0.4389) val_loss=0.3309 (seg=0.1606 bnd=0.3407) val_iou=0.8970 val_dice=0.9457 val_precision=0.9443 val_recall=0.9472
[2026-05-01 07:38:31,313] INFO - Epoch [23/80] train_loss=0.3627 (seg=0.1448 bnd=0.4357) val_loss=0.3247 (seg=0.1599 bnd=0.3296) val_iou=0.8956 val_dice=0.9449 val_precision=0.9430 val_recall=0.9469
[2026-05-01 07:40:52,219] INFO - Epoch [24/80] train_loss=0.3610 (seg=0.1440 bnd=0.4340) val_loss=0.2997 (seg=0.1409 bnd=0.3175) val_iou=0.9024 val_dice=0.9487 val_precision=0.9504 val_recall=0.9471
[2026-05-01 07:40:53,014] INFO - Saved new best checkpoint at epoch 24 with IoU=0.9024
[2026-05-01 07:43:13,394] INFO - Epoch [25/80] train_loss=0.3569 (seg=0.1416 bnd=0.4305) val_loss=0.3228 (seg=0.1589 bnd=0.3277) val_iou=0.8931 val_dice=0.9435 val_precision=0.9370 val_recall=0.9501
[2026-05-01 07:45:34,195] INFO - Epoch [26/80] train_loss=0.3543 (seg=0.1398 bnd=0.4291) val_loss=0.2969 (seg=0.1405 bnd=0.3127) val_iou=0.9015 val_dice=0.9482 val_precision=0.9500 val_recall=0.9464
[2026-05-01 07:47:54,975] INFO - Epoch [27/80] train_loss=0.3521 (seg=0.1385 bnd=0.4274) val_loss=0.3389 (seg=0.1688 bnd=0.3402) val_iou=0.8804 val_dice=0.9364 val_precision=0.9161 val_recall=0.9576
[2026-05-01 07:50:15,753] INFO - Epoch [28/80] train_loss=0.3531 (seg=0.1396 bnd=0.4270) val_loss=0.3164 (seg=0.1523 bnd=0.3282) val_iou=0.8958 val_dice=0.9450 val_precision=0.9442 val_recall=0.9459
[2026-05-01 07:52:36,670] INFO - Epoch [29/80] train_loss=0.3458 (seg=0.1348 bnd=0.4219) val_loss=0.2842 (seg=0.1309 bnd=0.3064) val_iou=0.9061 val_dice=0.9507 val_precision=0.9513 val_recall=0.9502
[2026-05-01 07:52:37,447] INFO - Saved new best checkpoint at epoch 29 with IoU=0.9061
[2026-05-01 07:54:58,291] INFO - Epoch [30/80] train_loss=0.3454 (seg=0.1349 bnd=0.4210) val_loss=0.2902 (seg=0.1341 bnd=0.3123) val_iou=0.9046 val_dice=0.9499 val_precision=0.9583 val_recall=0.9417
[2026-05-01 07:57:19,251] INFO - Epoch [31/80] train_loss=0.3441 (seg=0.1340 bnd=0.4202) val_loss=0.3180 (seg=0.1525 bnd=0.3310) val_iou=0.9049 val_dice=0.9501 val_precision=0.9509 val_recall=0.9492
[2026-05-01 07:59:40,220] INFO - Epoch [32/80] train_loss=0.3403 (seg=0.1322 bnd=0.4162) val_loss=0.3066 (seg=0.1455 bnd=0.3221) val_iou=0.8952 val_dice=0.9447 val_precision=0.9396 val_recall=0.9499
[2026-05-01 08:02:01,029] INFO - Epoch [33/80] train_loss=0.3366 (seg=0.1297 bnd=0.4138) val_loss=0.3829 (seg=0.2058 bnd=0.3543) val_iou=0.8517 val_dice=0.9199 val_precision=0.8948 val_recall=0.9466
[2026-05-01 08:04:21,787] INFO - Epoch [34/80] train_loss=0.3361 (seg=0.1296 bnd=0.4130) val_loss=0.3098 (seg=0.1488 bnd=0.3219) val_iou=0.9046 val_dice=0.9499 val_precision=0.9488 val_recall=0.9510
[2026-05-01 08:06:42,416] INFO - Epoch [35/80] train_loss=0.3323 (seg=0.1274 bnd=0.4097) val_loss=0.2810 (seg=0.1266 bnd=0.3088) val_iou=0.9063 val_dice=0.9508 val_precision=0.9476 val_recall=0.9541
[2026-05-01 08:06:43,075] INFO - Saved new best checkpoint at epoch 35 with IoU=0.9063
[2026-05-01 08:09:03,436] INFO - Epoch [36/80] train_loss=0.3266 (seg=0.1236 bnd=0.4059) val_loss=0.3151 (seg=0.1520 bnd=0.3261) val_iou=0.9036 val_dice=0.9494 val_precision=0.9558 val_recall=0.9431
[2026-05-01 08:11:24,142] INFO - Epoch [37/80] train_loss=0.3288 (seg=0.1253 bnd=0.4070) val_loss=0.2974 (seg=0.1395 bnd=0.3158) val_iou=0.9039 val_dice=0.9495 val_precision=0.9542 val_recall=0.9449
[2026-05-01 08:13:45,058] INFO - Epoch [38/80] train_loss=0.3267 (seg=0.1241 bnd=0.4053) val_loss=0.3247 (seg=0.1589 bnd=0.3315) val_iou=0.8957 val_dice=0.9450 val_precision=0.9428 val_recall=0.9472
[2026-05-01 08:16:05,864] INFO - Epoch [39/80] train_loss=0.3231 (seg=0.1219 bnd=0.4024) val_loss=0.2865 (seg=0.1332 bnd=0.3066) val_iou=0.9081 val_dice=0.9518 val_precision=0.9577 val_recall=0.9460
[2026-05-01 08:16:06,549] INFO - Saved new best checkpoint at epoch 39 with IoU=0.9081
[2026-05-01 08:18:26,988] INFO - Epoch [40/80] train_loss=0.3224 (seg=0.1216 bnd=0.4015) val_loss=0.2808 (seg=0.1279 bnd=0.3058) val_iou=0.9090 val_dice=0.9523 val_precision=0.9562 val_recall=0.9485
[2026-05-01 08:18:27,801] INFO - Saved new best checkpoint at epoch 40 with IoU=0.9090
[2026-05-01 08:20:48,313] INFO - Epoch [41/80] train_loss=0.3218 (seg=0.1216 bnd=0.4003) val_loss=0.3024 (seg=0.1429 bnd=0.3191) val_iou=0.9021 val_dice=0.9485 val_precision=0.9463 val_recall=0.9507
[2026-05-01 08:23:08,984] INFO - Epoch [42/80] train_loss=0.3173 (seg=0.1188 bnd=0.3969) val_loss=0.3165 (seg=0.1546 bnd=0.3239) val_iou=0.8931 val_dice=0.9435 val_precision=0.9371 val_recall=0.9500
[2026-05-01 08:25:29,679] INFO - Epoch [43/80] train_loss=0.3175 (seg=0.1193 bnd=0.3964) val_loss=0.3163 (seg=0.1531 bnd=0.3264) val_iou=0.8975 val_dice=0.9460 val_precision=0.9411 val_recall=0.9509
[2026-05-01 08:27:50,432] INFO - Epoch [44/80] train_loss=0.3149 (seg=0.1182 bnd=0.3934) val_loss=0.2929 (seg=0.1379 bnd=0.3101) val_iou=0.9064 val_dice=0.9509 val_precision=0.9521 val_recall=0.9497
[2026-05-01 08:30:11,360] INFO - Epoch [45/80] train_loss=0.3126 (seg=0.1170 bnd=0.3912) val_loss=0.2961 (seg=0.1384 bnd=0.3153) val_iou=0.9040 val_dice=0.9496 val_precision=0.9491 val_recall=0.9501
[2026-05-01 08:32:32,234] INFO - Epoch [46/80] train_loss=0.3093 (seg=0.1151 bnd=0.3885) val_loss=0.2848 (seg=0.1296 bnd=0.3104) val_iou=0.9096 val_dice=0.9526 val_precision=0.9556 val_recall=0.9497
[2026-05-01 08:32:32,948] INFO - Saved new best checkpoint at epoch 46 with IoU=0.9096
[2026-05-01 08:34:53,621] INFO - Epoch [47/80] train_loss=0.3068 (seg=0.1140 bnd=0.3857) val_loss=0.2905 (seg=0.1337 bnd=0.3138) val_iou=0.9074 val_dice=0.9515 val_precision=0.9587 val_recall=0.9443
[2026-05-01 08:37:14,392] INFO - Epoch [48/80] train_loss=0.3053 (seg=0.1127 bnd=0.3852) val_loss=0.2948 (seg=0.1369 bnd=0.3157) val_iou=0.9069 val_dice=0.9512 val_precision=0.9511 val_recall=0.9512
[2026-05-01 08:39:35,449] INFO - Epoch [49/80] train_loss=0.3022 (seg=0.1110 bnd=0.3823) val_loss=0.3072 (seg=0.1454 bnd=0.3234) val_iou=0.9020 val_dice=0.9485 val_precision=0.9487 val_recall=0.9483
[2026-05-01 08:41:56,168] INFO - Epoch [50/80] train_loss=0.3048 (seg=0.1132 bnd=0.3834) val_loss=0.2880 (seg=0.1337 bnd=0.3086) val_iou=0.9101 val_dice=0.9529 val_precision=0.9570 val_recall=0.9489
[2026-05-01 08:41:56,976] INFO - Saved new best checkpoint at epoch 50 with IoU=0.9101
[2026-05-01 08:44:17,537] INFO - Epoch [51/80] train_loss=0.3017 (seg=0.1117 bnd=0.3800) val_loss=0.2916 (seg=0.1347 bnd=0.3138) val_iou=0.9082 val_dice=0.9519 val_precision=0.9531 val_recall=0.9507
[2026-05-01 08:46:38,299] INFO - Epoch [52/80] train_loss=0.2991 (seg=0.1098 bnd=0.3787) val_loss=0.2954 (seg=0.1369 bnd=0.3171) val_iou=0.9093 val_dice=0.9525 val_precision=0.9578 val_recall=0.9473
[2026-05-01 08:48:59,093] INFO - Epoch [53/80] train_loss=0.2957 (seg=0.1082 bnd=0.3751) val_loss=0.2888 (seg=0.1319 bnd=0.3137) val_iou=0.9093 val_dice=0.9525 val_precision=0.9537 val_recall=0.9513
[2026-05-01 08:51:20,175] INFO - Epoch [54/80] train_loss=0.2955 (seg=0.1082 bnd=0.3747) val_loss=0.2723 (seg=0.1225 bnd=0.2997) val_iou=0.9124 val_dice=0.9542 val_precision=0.9558 val_recall=0.9525
[2026-05-01 08:51:20,867] INFO - Saved new best checkpoint at epoch 54 with IoU=0.9124
[2026-05-01 08:53:41,315] INFO - Epoch [55/80] train_loss=0.2950 (seg=0.1079 bnd=0.3741) val_loss=0.2912 (seg=0.1345 bnd=0.3136) val_iou=0.9120 val_dice=0.9540 val_precision=0.9517 val_recall=0.9562
[2026-05-01 08:56:02,082] INFO - Epoch [56/80] train_loss=0.2919 (seg=0.1063 bnd=0.3712) val_loss=0.2966 (seg=0.1380 bnd=0.3173) val_iou=0.9083 val_dice=0.9520 val_precision=0.9506 val_recall=0.9533
[2026-05-01 08:58:22,826] INFO - Epoch [57/80] train_loss=0.2896 (seg=0.1049 bnd=0.3694) val_loss=0.2946 (seg=0.1375 bnd=0.3142) val_iou=0.9068 val_dice=0.9511 val_precision=0.9449 val_recall=0.9574
[2026-05-01 09:00:43,545] INFO - Epoch [58/80] train_loss=0.2896 (seg=0.1049 bnd=0.3693) val_loss=0.3037 (seg=0.1442 bnd=0.3190) val_iou=0.9094 val_dice=0.9525 val_precision=0.9560 val_recall=0.9491
[2026-05-01 09:03:04,303] INFO - Epoch [59/80] train_loss=0.2890 (seg=0.1047 bnd=0.3686) val_loss=0.2926 (seg=0.1347 bnd=0.3157) val_iou=0.9103 val_dice=0.9530 val_precision=0.9560 val_recall=0.9500
[2026-05-01 09:05:25,222] INFO - Epoch [60/80] train_loss=0.2862 (seg=0.1031 bnd=0.3661) val_loss=0.2988 (seg=0.1399 bnd=0.3177) val_iou=0.9091 val_dice=0.9524 val_precision=0.9545 val_recall=0.9503
[2026-05-01 09:07:46,122] INFO - Epoch [61/80] train_loss=0.2872 (seg=0.1036 bnd=0.3673) val_loss=0.2894 (seg=0.1334 bnd=0.3122) val_iou=0.9103 val_dice=0.9530 val_precision=0.9557 val_recall=0.9504
[2026-05-01 09:10:07,044] INFO - Epoch [62/80] train_loss=0.2867 (seg=0.1035 bnd=0.3664) val_loss=0.2929 (seg=0.1352 bnd=0.3154) val_iou=0.9106 val_dice=0.9532 val_precision=0.9547 val_recall=0.9517
[2026-05-01 09:12:27,707] INFO - Epoch [63/80] train_loss=0.2859 (seg=0.1029 bnd=0.3660) val_loss=0.3013 (seg=0.1399 bnd=0.3228) val_iou=0.9079 val_dice=0.9517 val_precision=0.9539 val_recall=0.9495
[2026-05-01 09:14:48,584] INFO - Epoch [64/80] train_loss=0.2862 (seg=0.1031 bnd=0.3663) val_loss=0.2890 (seg=0.1334 bnd=0.3113) val_iou=0.9109 val_dice=0.9534 val_precision=0.9546 val_recall=0.9522
[2026-05-01 09:17:09,368] INFO - Epoch [65/80] train_loss=0.2842 (seg=0.1019 bnd=0.3646) val_loss=0.2873 (seg=0.1332 bnd=0.3082) val_iou=0.9130 val_dice=0.9545 val_precision=0.9566 val_recall=0.9525
[2026-05-01 09:17:10,106] INFO - Saved new best checkpoint at epoch 65 with IoU=0.9130
[2026-05-01 09:19:30,459] INFO - Epoch [66/80] train_loss=0.2847 (seg=0.1022 bnd=0.3648) val_loss=0.2903 (seg=0.1347 bnd=0.3112) val_iou=0.9063 val_dice=0.9508 val_precision=0.9514 val_recall=0.9503
[2026-05-01 09:21:51,242] INFO - Epoch [67/80] train_loss=0.2826 (seg=0.1014 bnd=0.3624) val_loss=0.2881 (seg=0.1331 bnd=0.3102) val_iou=0.9106 val_dice=0.9532 val_precision=0.9551 val_recall=0.9513
[2026-05-01 09:24:12,068] INFO - Epoch [68/80] train_loss=0.2825 (seg=0.1010 bnd=0.3630) val_loss=0.2815 (seg=0.1284 bnd=0.3062) val_iou=0.9116 val_dice=0.9537 val_precision=0.9570 val_recall=0.9505
[2026-05-01 09:26:32,902] INFO - Epoch [69/80] train_loss=0.2808 (seg=0.1005 bnd=0.3605) val_loss=0.2805 (seg=0.1279 bnd=0.3051) val_iou=0.9103 val_dice=0.9530 val_precision=0.9533 val_recall=0.9527
[2026-05-01 09:28:53,824] INFO - Epoch [70/80] train_loss=0.2817 (seg=0.1008 bnd=0.3618) val_loss=0.2883 (seg=0.1334 bnd=0.3098) val_iou=0.9089 val_dice=0.9523 val_precision=0.9508 val_recall=0.9537
[2026-05-01 09:31:14,465] INFO - Epoch [71/80] train_loss=0.2808 (seg=0.1005 bnd=0.3605) val_loss=0.2862 (seg=0.1315 bnd=0.3094) val_iou=0.9104 val_dice=0.9531 val_precision=0.9560 val_recall=0.9502
[2026-05-01 09:33:35,178] INFO - Epoch [72/80] train_loss=0.2799 (seg=0.0999 bnd=0.3600) val_loss=0.2881 (seg=0.1331 bnd=0.3101) val_iou=0.9097 val_dice=0.9527 val_precision=0.9548 val_recall=0.9507
[2026-05-01 09:35:55,890] INFO - Epoch [73/80] train_loss=0.2821 (seg=0.1011 bnd=0.3620) val_loss=0.2913 (seg=0.1345 bnd=0.3135) val_iou=0.9097 val_dice=0.9527 val_precision=0.9540 val_recall=0.9514
[2026-05-01 09:38:16,709] INFO - Epoch [74/80] train_loss=0.2800 (seg=0.0999 bnd=0.3602) val_loss=0.2857 (seg=0.1310 bnd=0.3093) val_iou=0.9110 val_dice=0.9534 val_precision=0.9564 val_recall=0.9504
[2026-05-01 09:40:37,536] INFO - Epoch [75/80] train_loss=0.2790 (seg=0.0997 bnd=0.3587) val_loss=0.2856 (seg=0.1309 bnd=0.3095) val_iou=0.9107 val_dice=0.9533 val_precision=0.9555 val_recall=0.9511
[2026-05-01 09:42:58,485] INFO - Epoch [76/80] train_loss=0.2803 (seg=0.1003 bnd=0.3601) val_loss=0.2866 (seg=0.1318 bnd=0.3096) val_iou=0.9101 val_dice=0.9530 val_precision=0.9546 val_recall=0.9513
[2026-05-01 09:45:19,236] INFO - Epoch [77/80] train_loss=0.2786 (seg=0.0994 bnd=0.3583) val_loss=0.2839 (seg=0.1299 bnd=0.3080) val_iou=0.9106 val_dice=0.9532 val_precision=0.9540 val_recall=0.9524
[2026-05-01 09:47:40,080] INFO - Epoch [78/80] train_loss=0.2786 (seg=0.0993 bnd=0.3588) val_loss=0.2852 (seg=0.1307 bnd=0.3090) val_iou=0.9108 val_dice=0.9533 val_precision=0.9551 val_recall=0.9515
[2026-05-01 09:50:00,782] INFO - Epoch [79/80] train_loss=0.2810 (seg=0.1005 bnd=0.3609) val_loss=0.2867 (seg=0.1318 bnd=0.3099) val_iou=0.9105 val_dice=0.9532 val_precision=0.9556 val_recall=0.9507
[2026-05-01 09:52:21,545] INFO - Epoch [80/80] train_loss=0.2812 (seg=0.1005 bnd=0.3614) val_loss=0.2856 (seg=0.1314 bnd=0.3083) val_iou=0.9105 val_dice=0.9532 val_precision=0.9544 val_recall=0.9519
[2026-05-01 09:52:41,284] INFO - Finished whu_deterministic_simplified_boundary_seed123. test IoU=0.9015 Dice=0.9482
