[2026-04-30 22:22:40,345] INFO - Starting whu_repro_simplified_boundary_seed3407 on device=cuda
[2026-04-30 22:22:40,345] INFO - Train=4736 Val=1036 Test=2416 Params=17915010 boundary_weight=0.50 kernel=3
[2026-04-30 22:24:08,664] INFO - Epoch [1/80] train_loss=0.9307 (seg=0.5342 bnd=0.7930) val_loss=0.8970 (seg=0.5722 bnd=0.6496) val_iou=0.7236 val_dice=0.8397 val_precision=0.7629 val_recall=0.9337
[2026-04-30 22:24:09,213] INFO - Saved new best checkpoint at epoch 1 with IoU=0.7236
[2026-04-30 22:25:36,410] INFO - Epoch [2/80] train_loss=0.6625 (seg=0.3598 bnd=0.6055) val_loss=0.6315 (seg=0.3784 bnd=0.5061) val_iou=0.7295 val_dice=0.8436 val_precision=0.8023 val_recall=0.8893
[2026-04-30 22:25:37,037] INFO - Saved new best checkpoint at epoch 2 with IoU=0.7295
[2026-04-30 22:27:04,473] INFO - Epoch [3/80] train_loss=0.5757 (seg=0.2925 bnd=0.5665) val_loss=0.5333 (seg=0.3045 bnd=0.4576) val_iou=0.7843 val_dice=0.8791 val_precision=0.8485 val_recall=0.9121
[2026-04-30 22:27:05,083] INFO - Saved new best checkpoint at epoch 3 with IoU=0.7843
[2026-04-30 22:28:32,170] INFO - Epoch [4/80] train_loss=0.5301 (seg=0.2582 bnd=0.5439) val_loss=0.4870 (seg=0.2719 bnd=0.4302) val_iou=0.8301 val_dice=0.9071 val_precision=0.8853 val_recall=0.9301
[2026-04-30 22:28:32,935] INFO - Saved new best checkpoint at epoch 4 with IoU=0.8301
[2026-04-30 22:30:00,331] INFO - Epoch [5/80] train_loss=0.5021 (seg=0.2388 bnd=0.5267) val_loss=0.4143 (seg=0.2198 bnd=0.3891) val_iou=0.8458 val_dice=0.9165 val_precision=0.9086 val_recall=0.9245
[2026-04-30 22:30:01,035] INFO - Saved new best checkpoint at epoch 5 with IoU=0.8458
[2026-04-30 22:31:28,408] INFO - Epoch [6/80] train_loss=0.4761 (seg=0.2205 bnd=0.5112) val_loss=0.4588 (seg=0.2496 bnd=0.4183) val_iou=0.8379 val_dice=0.9118 val_precision=0.8894 val_recall=0.9354
[2026-04-30 22:32:56,069] INFO - Epoch [7/80] train_loss=0.4653 (seg=0.2128 bnd=0.5050) val_loss=0.4225 (seg=0.2221 bnd=0.4007) val_iou=0.8563 val_dice=0.9226 val_precision=0.9179 val_recall=0.9274
[2026-04-30 22:32:56,791] INFO - Saved new best checkpoint at epoch 7 with IoU=0.8563
[2026-04-30 22:34:24,166] INFO - Epoch [8/80] train_loss=0.4556 (seg=0.2065 bnd=0.4982) val_loss=0.4285 (seg=0.2341 bnd=0.3889) val_iou=0.8351 val_dice=0.9101 val_precision=0.8969 val_recall=0.9237
[2026-04-30 22:35:51,892] INFO - Epoch [9/80] train_loss=0.4419 (seg=0.1967 bnd=0.4903) val_loss=0.3728 (seg=0.1908 bnd=0.3640) val_iou=0.8704 val_dice=0.9307 val_precision=0.9349 val_recall=0.9266
[2026-04-30 22:35:52,551] INFO - Saved new best checkpoint at epoch 9 with IoU=0.8704
[2026-04-30 22:37:20,039] INFO - Epoch [10/80] train_loss=0.4324 (seg=0.1907 bnd=0.4834) val_loss=0.4209 (seg=0.2290 bnd=0.3840) val_iou=0.8511 val_dice=0.9196 val_precision=0.9051 val_recall=0.9345
[2026-04-30 22:38:47,683] INFO - Epoch [11/80] train_loss=0.4238 (seg=0.1842 bnd=0.4791) val_loss=0.3892 (seg=0.2025 bnd=0.3734) val_iou=0.8656 val_dice=0.9279 val_precision=0.9119 val_recall=0.9446
[2026-04-30 22:40:15,198] INFO - Epoch [12/80] train_loss=0.4197 (seg=0.1813 bnd=0.4766) val_loss=0.3781 (seg=0.1965 bnd=0.3630) val_iou=0.8808 val_dice=0.9366 val_precision=0.9343 val_recall=0.9389
[2026-04-30 22:40:15,931] INFO - Saved new best checkpoint at epoch 12 with IoU=0.8808
[2026-04-30 22:41:43,110] INFO - Epoch [13/80] train_loss=0.4103 (seg=0.1754 bnd=0.4698) val_loss=0.3376 (seg=0.1636 bnd=0.3480) val_iou=0.8833 val_dice=0.9380 val_precision=0.9287 val_recall=0.9476
[2026-04-30 22:41:43,880] INFO - Saved new best checkpoint at epoch 13 with IoU=0.8833
[2026-04-30 22:43:11,178] INFO - Epoch [14/80] train_loss=0.4062 (seg=0.1725 bnd=0.4674) val_loss=0.3682 (seg=0.1868 bnd=0.3628) val_iou=0.8835 val_dice=0.9382 val_precision=0.9392 val_recall=0.9372
[2026-04-30 22:43:11,931] INFO - Saved new best checkpoint at epoch 14 with IoU=0.8835
[2026-04-30 22:44:39,079] INFO - Epoch [15/80] train_loss=0.4006 (seg=0.1686 bnd=0.4640) val_loss=0.3440 (seg=0.1721 bnd=0.3437) val_iou=0.8916 val_dice=0.9427 val_precision=0.9373 val_recall=0.9481
[2026-04-30 22:44:39,687] INFO - Saved new best checkpoint at epoch 15 with IoU=0.8916
[2026-04-30 22:46:07,030] INFO - Epoch [16/80] train_loss=0.3991 (seg=0.1685 bnd=0.4612) val_loss=0.3443 (seg=0.1711 bnd=0.3463) val_iou=0.8898 val_dice=0.9417 val_precision=0.9311 val_recall=0.9525
[2026-04-30 22:47:34,519] INFO - Epoch [17/80] train_loss=0.3925 (seg=0.1635 bnd=0.4580) val_loss=0.3315 (seg=0.1655 bnd=0.3320) val_iou=0.8862 val_dice=0.9397 val_precision=0.9569 val_recall=0.9230
[2026-04-30 22:49:02,263] INFO - Epoch [18/80] train_loss=0.3905 (seg=0.1627 bnd=0.4555) val_loss=0.3848 (seg=0.1980 bnd=0.3736) val_iou=0.8847 val_dice=0.9388 val_precision=0.9251 val_recall=0.9530
[2026-04-30 22:50:29,933] INFO - Epoch [19/80] train_loss=0.3859 (seg=0.1596 bnd=0.4526) val_loss=0.3376 (seg=0.1683 bnd=0.3386) val_iou=0.8869 val_dice=0.9401 val_precision=0.9516 val_recall=0.9288
[2026-04-30 22:51:57,611] INFO - Epoch [20/80] train_loss=0.3798 (seg=0.1556 bnd=0.4482) val_loss=0.3699 (seg=0.1905 bnd=0.3588) val_iou=0.8775 val_dice=0.9347 val_precision=0.9172 val_recall=0.9529
[2026-04-30 22:53:25,369] INFO - Epoch [21/80] train_loss=0.3767 (seg=0.1540 bnd=0.4454) val_loss=0.3189 (seg=0.1548 bnd=0.3282) val_iou=0.8921 val_dice=0.9430 val_precision=0.9480 val_recall=0.9380
[2026-04-30 22:53:26,072] INFO - Saved new best checkpoint at epoch 21 with IoU=0.8921
[2026-04-30 22:54:53,066] INFO - Epoch [22/80] train_loss=0.3680 (seg=0.1478 bnd=0.4404) val_loss=0.3362 (seg=0.1656 bnd=0.3413) val_iou=0.8922 val_dice=0.9430 val_precision=0.9401 val_recall=0.9460
[2026-04-30 22:54:53,814] INFO - Saved new best checkpoint at epoch 22 with IoU=0.8922
[2026-04-30 22:56:20,868] INFO - Epoch [23/80] train_loss=0.3697 (seg=0.1496 bnd=0.4402) val_loss=0.3157 (seg=0.1484 bnd=0.3346) val_iou=0.9011 val_dice=0.9480 val_precision=0.9477 val_recall=0.9482
[2026-04-30 22:56:21,539] INFO - Saved new best checkpoint at epoch 23 with IoU=0.9011
[2026-04-30 22:57:49,000] INFO - Epoch [24/80] train_loss=0.3620 (seg=0.1446 bnd=0.4349) val_loss=0.2969 (seg=0.1366 bnd=0.3207) val_iou=0.9004 val_dice=0.9476 val_precision=0.9493 val_recall=0.9458
[2026-04-30 22:59:16,622] INFO - Epoch [25/80] train_loss=0.3607 (seg=0.1435 bnd=0.4344) val_loss=0.3233 (seg=0.1583 bnd=0.3300) val_iou=0.8943 val_dice=0.9442 val_precision=0.9369 val_recall=0.9517
[2026-04-30 23:00:44,289] INFO - Epoch [26/80] train_loss=0.3573 (seg=0.1421 bnd=0.4304) val_loss=0.3063 (seg=0.1440 bnd=0.3246) val_iou=0.8999 val_dice=0.9473 val_precision=0.9425 val_recall=0.9522
[2026-04-30 23:02:12,079] INFO - Epoch [27/80] train_loss=0.3600 (seg=0.1439 bnd=0.4322) val_loss=0.3186 (seg=0.1547 bnd=0.3278) val_iou=0.8981 val_dice=0.9463 val_precision=0.9549 val_recall=0.9378
[2026-04-30 23:03:39,483] INFO - Epoch [28/80] train_loss=0.3569 (seg=0.1419 bnd=0.4299) val_loss=0.3128 (seg=0.1513 bnd=0.3229) val_iou=0.8986 val_dice=0.9466 val_precision=0.9435 val_recall=0.9498
[2026-04-30 23:05:07,343] INFO - Epoch [29/80] train_loss=0.3538 (seg=0.1397 bnd=0.4283) val_loss=0.3000 (seg=0.1395 bnd=0.3209) val_iou=0.9011 val_dice=0.9480 val_precision=0.9460 val_recall=0.9500
[2026-04-30 23:05:07,972] INFO - Saved new best checkpoint at epoch 29 with IoU=0.9011
[2026-04-30 23:06:35,388] INFO - Epoch [30/80] train_loss=0.3512 (seg=0.1382 bnd=0.4260) val_loss=0.3030 (seg=0.1424 bnd=0.3212) val_iou=0.9016 val_dice=0.9483 val_precision=0.9538 val_recall=0.9428
[2026-04-30 23:06:36,015] INFO - Saved new best checkpoint at epoch 30 with IoU=0.9016
[2026-04-30 23:08:03,326] INFO - Epoch [31/80] train_loss=0.3474 (seg=0.1360 bnd=0.4229) val_loss=0.2891 (seg=0.1339 bnd=0.3104) val_iou=0.9057 val_dice=0.9505 val_precision=0.9503 val_recall=0.9507
[2026-04-30 23:08:04,009] INFO - Saved new best checkpoint at epoch 31 with IoU=0.9057
[2026-04-30 23:09:31,052] INFO - Epoch [32/80] train_loss=0.3418 (seg=0.1323 bnd=0.4190) val_loss=0.2862 (seg=0.1313 bnd=0.3098) val_iou=0.9070 val_dice=0.9512 val_precision=0.9509 val_recall=0.9516
[2026-04-30 23:09:31,775] INFO - Saved new best checkpoint at epoch 32 with IoU=0.9070
[2026-04-30 23:10:59,256] INFO - Epoch [33/80] train_loss=0.3452 (seg=0.1352 bnd=0.4200) val_loss=0.3254 (seg=0.1601 bnd=0.3307) val_iou=0.8975 val_dice=0.9460 val_precision=0.9404 val_recall=0.9517
[2026-04-30 23:12:26,929] INFO - Epoch [34/80] train_loss=0.3440 (seg=0.1342 bnd=0.4196) val_loss=0.2919 (seg=0.1360 bnd=0.3117) val_iou=0.9074 val_dice=0.9515 val_precision=0.9550 val_recall=0.9480
[2026-04-30 23:12:27,546] INFO - Saved new best checkpoint at epoch 34 with IoU=0.9074
[2026-04-30 23:13:55,140] INFO - Epoch [35/80] train_loss=0.3399 (seg=0.1322 bnd=0.4155) val_loss=0.2955 (seg=0.1369 bnd=0.3172) val_iou=0.9033 val_dice=0.9492 val_precision=0.9499 val_recall=0.9485
[2026-04-30 23:15:23,395] INFO - Epoch [36/80] train_loss=0.3351 (seg=0.1289 bnd=0.4123) val_loss=0.2859 (seg=0.1324 bnd=0.3070) val_iou=0.9053 val_dice=0.9503 val_precision=0.9552 val_recall=0.9454
[2026-04-30 23:16:50,793] INFO - Epoch [37/80] train_loss=0.3310 (seg=0.1260 bnd=0.4101) val_loss=0.3164 (seg=0.1540 bnd=0.3249) val_iou=0.8992 val_dice=0.9469 val_precision=0.9410 val_recall=0.9529
[2026-04-30 23:18:18,481] INFO - Epoch [38/80] train_loss=0.3334 (seg=0.1280 bnd=0.4107) val_loss=0.3358 (seg=0.1639 bnd=0.3439) val_iou=0.9075 val_dice=0.9515 val_precision=0.9478 val_recall=0.9552
[2026-04-30 23:18:19,264] INFO - Saved new best checkpoint at epoch 38 with IoU=0.9075
[2026-04-30 23:19:46,284] INFO - Epoch [39/80] train_loss=0.3334 (seg=0.1279 bnd=0.4109) val_loss=0.3160 (seg=0.1525 bnd=0.3269) val_iou=0.8995 val_dice=0.9471 val_precision=0.9428 val_recall=0.9513
[2026-04-30 23:21:14,299] INFO - Epoch [40/80] train_loss=0.3274 (seg=0.1241 bnd=0.4066) val_loss=0.3153 (seg=0.1495 bnd=0.3315) val_iou=0.9053 val_dice=0.9503 val_precision=0.9443 val_recall=0.9564
[2026-04-30 23:22:41,752] INFO - Epoch [41/80] train_loss=0.3224 (seg=0.1210 bnd=0.4026) val_loss=0.3177 (seg=0.1540 bnd=0.3275) val_iou=0.8949 val_dice=0.9446 val_precision=0.9440 val_recall=0.9451
[2026-04-30 23:24:09,485] INFO - Epoch [42/80] train_loss=0.3227 (seg=0.1218 bnd=0.4019) val_loss=0.3261 (seg=0.1577 bnd=0.3370) val_iou=0.9012 val_dice=0.9480 val_precision=0.9550 val_recall=0.9411
[2026-04-30 23:25:37,296] INFO - Epoch [43/80] train_loss=0.3204 (seg=0.1203 bnd=0.4001) val_loss=0.3286 (seg=0.1619 bnd=0.3334) val_iou=0.9056 val_dice=0.9504 val_precision=0.9508 val_recall=0.9501
[2026-04-30 23:27:04,583] INFO - Epoch [44/80] train_loss=0.3204 (seg=0.1204 bnd=0.3999) val_loss=0.2962 (seg=0.1398 bnd=0.3128) val_iou=0.9100 val_dice=0.9529 val_precision=0.9600 val_recall=0.9459
[2026-04-30 23:27:05,270] INFO - Saved new best checkpoint at epoch 44 with IoU=0.9100
[2026-04-30 23:28:32,460] INFO - Epoch [45/80] train_loss=0.3180 (seg=0.1188 bnd=0.3982) val_loss=0.2973 (seg=0.1388 bnd=0.3170) val_iou=0.9083 val_dice=0.9520 val_precision=0.9471 val_recall=0.9569
[2026-04-30 23:29:59,945] INFO - Epoch [46/80] train_loss=0.3155 (seg=0.1173 bnd=0.3964) val_loss=0.2853 (seg=0.1307 bnd=0.3093) val_iou=0.9134 val_dice=0.9548 val_precision=0.9602 val_recall=0.9494
[2026-04-30 23:30:00,576] INFO - Saved new best checkpoint at epoch 46 with IoU=0.9134
[2026-04-30 23:31:27,903] INFO - Epoch [47/80] train_loss=0.3143 (seg=0.1168 bnd=0.3950) val_loss=0.3684 (seg=0.2008 bnd=0.3352) val_iou=0.8577 val_dice=0.9234 val_precision=0.8964 val_recall=0.9521
[2026-04-30 23:32:55,589] INFO - Epoch [48/80] train_loss=0.3130 (seg=0.1160 bnd=0.3939) val_loss=0.3659 (seg=0.1903 bnd=0.3512) val_iou=0.8858 val_dice=0.9394 val_precision=0.9311 val_recall=0.9479
[2026-04-30 23:34:23,367] INFO - Epoch [49/80] train_loss=0.3109 (seg=0.1152 bnd=0.3914) val_loss=0.3345 (seg=0.1691 bnd=0.3307) val_iou=0.8878 val_dice=0.9406 val_precision=0.9327 val_recall=0.9485
[2026-04-30 23:35:50,782] INFO - Epoch [50/80] train_loss=0.3101 (seg=0.1141 bnd=0.3921) val_loss=0.3018 (seg=0.1443 bnd=0.3151) val_iou=0.9046 val_dice=0.9499 val_precision=0.9479 val_recall=0.9519
[2026-04-30 23:37:18,148] INFO - Epoch [51/80] train_loss=0.3073 (seg=0.1128 bnd=0.3889) val_loss=0.3177 (seg=0.1551 bnd=0.3252) val_iou=0.9029 val_dice=0.9490 val_precision=0.9447 val_recall=0.9533
[2026-04-30 23:38:45,649] INFO - Epoch [52/80] train_loss=0.3055 (seg=0.1122 bnd=0.3866) val_loss=0.3162 (seg=0.1539 bnd=0.3246) val_iou=0.8983 val_dice=0.9464 val_precision=0.9451 val_recall=0.9477
[2026-04-30 23:40:13,021] INFO - Epoch [53/80] train_loss=0.3058 (seg=0.1123 bnd=0.3870) val_loss=0.3140 (seg=0.1531 bnd=0.3219) val_iou=0.8989 val_dice=0.9467 val_precision=0.9375 val_recall=0.9562
[2026-04-30 23:41:40,911] INFO - Epoch [54/80] train_loss=0.3021 (seg=0.1103 bnd=0.3835) val_loss=0.2942 (seg=0.1390 bnd=0.3104) val_iou=0.9096 val_dice=0.9526 val_precision=0.9593 val_recall=0.9461
[2026-04-30 23:43:08,324] INFO - Epoch [55/80] train_loss=0.3009 (seg=0.1097 bnd=0.3824) val_loss=0.2997 (seg=0.1409 bnd=0.3175) val_iou=0.9076 val_dice=0.9516 val_precision=0.9528 val_recall=0.9503
[2026-04-30 23:44:36,224] INFO - Epoch [56/80] train_loss=0.2996 (seg=0.1091 bnd=0.3812) val_loss=0.2985 (seg=0.1392 bnd=0.3186) val_iou=0.9092 val_dice=0.9524 val_precision=0.9575 val_recall=0.9474
[2026-04-30 23:46:03,434] INFO - Epoch [57/80] train_loss=0.3010 (seg=0.1100 bnd=0.3821) val_loss=0.3037 (seg=0.1447 bnd=0.3179) val_iou=0.9055 val_dice=0.9504 val_precision=0.9467 val_recall=0.9542
[2026-04-30 23:47:31,188] INFO - Epoch [58/80] train_loss=0.2962 (seg=0.1071 bnd=0.3783) val_loss=0.2977 (seg=0.1396 bnd=0.3163) val_iou=0.9069 val_dice=0.9512 val_precision=0.9448 val_recall=0.9576
[2026-04-30 23:48:58,171] INFO - Epoch [59/80] train_loss=0.2958 (seg=0.1070 bnd=0.3776) val_loss=0.2930 (seg=0.1367 bnd=0.3127) val_iou=0.9096 val_dice=0.9526 val_precision=0.9573 val_recall=0.9480
[2026-04-30 23:50:25,437] INFO - Epoch [60/80] train_loss=0.2964 (seg=0.1074 bnd=0.3778) val_loss=0.2995 (seg=0.1402 bnd=0.3188) val_iou=0.9095 val_dice=0.9526 val_precision=0.9561 val_recall=0.9490
[2026-04-30 23:51:52,821] INFO - Epoch [61/80] train_loss=0.2951 (seg=0.1069 bnd=0.3764) val_loss=0.2910 (seg=0.1344 bnd=0.3132) val_iou=0.9117 val_dice=0.9538 val_precision=0.9554 val_recall=0.9523
[2026-04-30 23:53:19,874] INFO - Epoch [62/80] train_loss=0.2957 (seg=0.1073 bnd=0.3768) val_loss=0.3006 (seg=0.1426 bnd=0.3160) val_iou=0.9086 val_dice=0.9521 val_precision=0.9531 val_recall=0.9511
[2026-04-30 23:54:47,543] INFO - Epoch [63/80] train_loss=0.2947 (seg=0.1069 bnd=0.3757) val_loss=0.2835 (seg=0.1309 bnd=0.3053) val_iou=0.9117 val_dice=0.9538 val_precision=0.9581 val_recall=0.9496
[2026-04-30 23:56:14,889] INFO - Epoch [64/80] train_loss=0.2931 (seg=0.1056 bnd=0.3751) val_loss=0.2816 (seg=0.1287 bnd=0.3059) val_iou=0.9141 val_dice=0.9551 val_precision=0.9555 val_recall=0.9548
[2026-04-30 23:56:15,645] INFO - Saved new best checkpoint at epoch 64 with IoU=0.9141
[2026-04-30 23:57:42,856] INFO - Epoch [65/80] train_loss=0.2909 (seg=0.1047 bnd=0.3724) val_loss=0.2962 (seg=0.1384 bnd=0.3156) val_iou=0.9111 val_dice=0.9535 val_precision=0.9554 val_recall=0.9516
[2026-04-30 23:59:10,505] INFO - Epoch [66/80] train_loss=0.2891 (seg=0.1038 bnd=0.3708) val_loss=0.2986 (seg=0.1406 bnd=0.3162) val_iou=0.9090 val_dice=0.9524 val_precision=0.9525 val_recall=0.9522
[2026-05-01 00:00:38,273] INFO - Epoch [67/80] train_loss=0.2908 (seg=0.1045 bnd=0.3726) val_loss=0.3066 (seg=0.1467 bnd=0.3197) val_iou=0.9063 val_dice=0.9509 val_precision=0.9493 val_recall=0.9524
[2026-05-01 00:02:05,368] INFO - Epoch [68/80] train_loss=0.2920 (seg=0.1051 bnd=0.3737) val_loss=0.3000 (seg=0.1421 bnd=0.3157) val_iou=0.9082 val_dice=0.9519 val_precision=0.9549 val_recall=0.9489
[2026-05-01 00:03:33,142] INFO - Epoch [69/80] train_loss=0.2914 (seg=0.1047 bnd=0.3735) val_loss=0.2968 (seg=0.1396 bnd=0.3145) val_iou=0.9100 val_dice=0.9529 val_precision=0.9542 val_recall=0.9515
[2026-05-01 00:05:00,861] INFO - Epoch [70/80] train_loss=0.2889 (seg=0.1034 bnd=0.3710) val_loss=0.2968 (seg=0.1396 bnd=0.3144) val_iou=0.9104 val_dice=0.9531 val_precision=0.9551 val_recall=0.9512
[2026-05-01 00:06:28,593] INFO - Epoch [71/80] train_loss=0.2874 (seg=0.1030 bnd=0.3688) val_loss=0.3039 (seg=0.1443 bnd=0.3193) val_iou=0.9086 val_dice=0.9521 val_precision=0.9523 val_recall=0.9520
[2026-05-01 00:07:56,459] INFO - Epoch [72/80] train_loss=0.2865 (seg=0.1024 bnd=0.3683) val_loss=0.2982 (seg=0.1399 bnd=0.3165) val_iou=0.9106 val_dice=0.9532 val_precision=0.9548 val_recall=0.9516
[2026-05-01 00:09:23,985] INFO - Epoch [73/80] train_loss=0.2870 (seg=0.1026 bnd=0.3688) val_loss=0.2968 (seg=0.1395 bnd=0.3146) val_iou=0.9111 val_dice=0.9535 val_precision=0.9551 val_recall=0.9519
[2026-05-01 00:10:51,518] INFO - Epoch [74/80] train_loss=0.2870 (seg=0.1028 bnd=0.3683) val_loss=0.2946 (seg=0.1375 bnd=0.3142) val_iou=0.9110 val_dice=0.9534 val_precision=0.9538 val_recall=0.9530
[2026-05-01 00:12:18,999] INFO - Epoch [75/80] train_loss=0.2860 (seg=0.1021 bnd=0.3679) val_loss=0.3013 (seg=0.1423 bnd=0.3181) val_iou=0.9108 val_dice=0.9533 val_precision=0.9543 val_recall=0.9524
[2026-05-01 00:13:46,933] INFO - Epoch [76/80] train_loss=0.2861 (seg=0.1021 bnd=0.3680) val_loss=0.2984 (seg=0.1408 bnd=0.3152) val_iou=0.9104 val_dice=0.9531 val_precision=0.9551 val_recall=0.9512
[2026-05-01 00:15:14,969] INFO - Epoch [77/80] train_loss=0.2854 (seg=0.1019 bnd=0.3670) val_loss=0.2960 (seg=0.1391 bnd=0.3138) val_iou=0.9103 val_dice=0.9530 val_precision=0.9550 val_recall=0.9510
[2026-05-01 00:16:42,865] INFO - Epoch [78/80] train_loss=0.2866 (seg=0.1025 bnd=0.3682) val_loss=0.2960 (seg=0.1388 bnd=0.3144) val_iou=0.9101 val_dice=0.9529 val_precision=0.9541 val_recall=0.9517
[2026-05-01 00:18:10,234] INFO - Epoch [79/80] train_loss=0.2851 (seg=0.1014 bnd=0.3674) val_loss=0.3013 (seg=0.1425 bnd=0.3177) val_iou=0.9087 val_dice=0.9521 val_precision=0.9525 val_recall=0.9518
[2026-05-01 00:19:38,181] INFO - Epoch [80/80] train_loss=0.2860 (seg=0.1022 bnd=0.3675) val_loss=0.2981 (seg=0.1401 bnd=0.3160) val_iou=0.9101 val_dice=0.9529 val_precision=0.9549 val_recall=0.9510
[2026-05-01 00:19:52,441] INFO - Finished whu_repro_simplified_boundary_seed3407. test IoU=0.9001 Dice=0.9474
