[2026-04-26 06:54:04,212] INFO - Starting whu_ss2d_C_full_ss2d on device=cuda
[2026-04-26 06:54:04,212] INFO - Train=4736 Val=1036 Test=2416 Params=17378481
[2026-04-26 06:55:29,858] INFO - Epoch [1/80] train_loss=0.5375 val_loss=0.5680 val_iou=0.7552 val_dice=0.8605 val_precision=0.8853 val_recall=0.8372
[2026-04-26 06:55:30,366] INFO - Saved new best checkpoint at epoch 1 with IoU=0.7552
[2026-04-26 06:56:54,793] INFO - Epoch [2/80] train_loss=0.3750 val_loss=0.3012 val_iou=0.8117 val_dice=0.8961 val_precision=0.8821 val_recall=0.9105
[2026-04-26 06:56:55,585] INFO - Saved new best checkpoint at epoch 2 with IoU=0.8117
[2026-04-26 06:58:20,058] INFO - Epoch [3/80] train_loss=0.2932 val_loss=0.2991 val_iou=0.7965 val_dice=0.8867 val_precision=0.8542 val_recall=0.9219
[2026-04-26 06:59:45,127] INFO - Epoch [4/80] train_loss=0.2632 val_loss=0.3645 val_iou=0.7473 val_dice=0.8554 val_precision=0.7886 val_recall=0.9345
[2026-04-26 07:01:10,058] INFO - Epoch [5/80] train_loss=0.2421 val_loss=0.2894 val_iou=0.8216 val_dice=0.9021 val_precision=0.8690 val_recall=0.9377
[2026-04-26 07:01:10,850] INFO - Saved new best checkpoint at epoch 5 with IoU=0.8216
[2026-04-26 07:02:35,030] INFO - Epoch [6/80] train_loss=0.2301 val_loss=0.2263 val_iou=0.8378 val_dice=0.9118 val_precision=0.8927 val_recall=0.9317
[2026-04-26 07:02:35,912] INFO - Saved new best checkpoint at epoch 6 with IoU=0.8378
[2026-04-26 07:04:00,752] INFO - Epoch [7/80] train_loss=0.2120 val_loss=0.2146 val_iou=0.8473 val_dice=0.9174 val_precision=0.9264 val_recall=0.9085
[2026-04-26 07:04:01,566] INFO - Saved new best checkpoint at epoch 7 with IoU=0.8473
[2026-04-26 07:05:25,887] INFO - Epoch [8/80] train_loss=0.2114 val_loss=0.2321 val_iou=0.8569 val_dice=0.9229 val_precision=0.9457 val_recall=0.9012
[2026-04-26 07:05:26,700] INFO - Saved new best checkpoint at epoch 8 with IoU=0.8569
[2026-04-26 07:06:51,223] INFO - Epoch [9/80] train_loss=0.2003 val_loss=0.2281 val_iou=0.8380 val_dice=0.9118 val_precision=0.8916 val_recall=0.9331
[2026-04-26 07:08:15,780] INFO - Epoch [10/80] train_loss=0.1941 val_loss=0.1913 val_iou=0.8747 val_dice=0.9332 val_precision=0.9373 val_recall=0.9291
[2026-04-26 07:08:16,637] INFO - Saved new best checkpoint at epoch 10 with IoU=0.8747
[2026-04-26 07:09:41,037] INFO - Epoch [11/80] train_loss=0.1924 val_loss=0.1900 val_iou=0.8672 val_dice=0.9289 val_precision=0.9124 val_recall=0.9459
[2026-04-26 07:11:05,520] INFO - Epoch [12/80] train_loss=0.1866 val_loss=0.2155 val_iou=0.8654 val_dice=0.9279 val_precision=0.9105 val_recall=0.9458
[2026-04-26 07:12:30,357] INFO - Epoch [13/80] train_loss=0.1829 val_loss=0.1665 val_iou=0.8777 val_dice=0.9349 val_precision=0.9287 val_recall=0.9411
[2026-04-26 07:12:31,438] INFO - Saved new best checkpoint at epoch 13 with IoU=0.8777
[2026-04-26 07:13:55,941] INFO - Epoch [14/80] train_loss=0.1753 val_loss=0.2004 val_iou=0.8709 val_dice=0.9310 val_precision=0.9268 val_recall=0.9353
[2026-04-26 07:15:20,767] INFO - Epoch [15/80] train_loss=0.1777 val_loss=0.1583 val_iou=0.8867 val_dice=0.9400 val_precision=0.9374 val_recall=0.9425
[2026-04-26 07:15:21,645] INFO - Saved new best checkpoint at epoch 15 with IoU=0.8867
[2026-04-26 07:16:46,384] INFO - Epoch [16/80] train_loss=0.1712 val_loss=0.1461 val_iou=0.8953 val_dice=0.9447 val_precision=0.9460 val_recall=0.9435
[2026-04-26 07:16:47,175] INFO - Saved new best checkpoint at epoch 16 with IoU=0.8953
[2026-04-26 07:18:11,784] INFO - Epoch [17/80] train_loss=0.1685 val_loss=0.1600 val_iou=0.8801 val_dice=0.9362 val_precision=0.9416 val_recall=0.9310
[2026-04-26 07:19:36,637] INFO - Epoch [18/80] train_loss=0.1632 val_loss=0.2162 val_iou=0.8407 val_dice=0.9135 val_precision=0.8822 val_recall=0.9470
[2026-04-26 07:21:01,532] INFO - Epoch [19/80] train_loss=0.1642 val_loss=0.2192 val_iou=0.8438 val_dice=0.9153 val_precision=0.8809 val_recall=0.9524
[2026-04-26 07:22:26,691] INFO - Epoch [20/80] train_loss=0.1643 val_loss=0.1542 val_iou=0.8930 val_dice=0.9435 val_precision=0.9472 val_recall=0.9398
[2026-04-26 07:23:51,502] INFO - Epoch [21/80] train_loss=0.1584 val_loss=0.1630 val_iou=0.8864 val_dice=0.9398 val_precision=0.9344 val_recall=0.9452
[2026-04-26 07:25:16,240] INFO - Epoch [22/80] train_loss=0.1534 val_loss=0.1385 val_iou=0.9000 val_dice=0.9473 val_precision=0.9506 val_recall=0.9441
[2026-04-26 07:25:17,094] INFO - Saved new best checkpoint at epoch 22 with IoU=0.9000
[2026-04-26 07:26:41,663] INFO - Epoch [23/80] train_loss=0.1551 val_loss=0.1494 val_iou=0.8893 val_dice=0.9414 val_precision=0.9236 val_recall=0.9600
[2026-04-26 07:28:06,379] INFO - Epoch [24/80] train_loss=0.1526 val_loss=0.1451 val_iou=0.8869 val_dice=0.9400 val_precision=0.9299 val_recall=0.9504
[2026-04-26 07:29:31,069] INFO - Epoch [25/80] train_loss=0.1501 val_loss=0.1961 val_iou=0.8816 val_dice=0.9371 val_precision=0.9292 val_recall=0.9451
[2026-04-26 07:30:55,984] INFO - Epoch [26/80] train_loss=0.1503 val_loss=0.1501 val_iou=0.8933 val_dice=0.9436 val_precision=0.9403 val_recall=0.9470
[2026-04-26 07:32:20,767] INFO - Epoch [27/80] train_loss=0.1454 val_loss=0.1531 val_iou=0.8965 val_dice=0.9455 val_precision=0.9519 val_recall=0.9391
[2026-04-26 07:33:45,687] INFO - Epoch [28/80] train_loss=0.1459 val_loss=0.1521 val_iou=0.8988 val_dice=0.9467 val_precision=0.9490 val_recall=0.9443
[2026-04-26 07:35:10,275] INFO - Epoch [29/80] train_loss=0.1426 val_loss=0.1379 val_iou=0.9009 val_dice=0.9479 val_precision=0.9515 val_recall=0.9443
[2026-04-26 07:35:11,064] INFO - Saved new best checkpoint at epoch 29 with IoU=0.9009
[2026-04-26 07:36:35,586] INFO - Epoch [30/80] train_loss=0.1395 val_loss=0.1483 val_iou=0.9047 val_dice=0.9499 val_precision=0.9482 val_recall=0.9517
[2026-04-26 07:36:36,353] INFO - Saved new best checkpoint at epoch 30 with IoU=0.9047
[2026-04-26 07:38:00,862] INFO - Epoch [31/80] train_loss=0.1394 val_loss=0.1558 val_iou=0.9004 val_dice=0.9476 val_precision=0.9508 val_recall=0.9445
[2026-04-26 07:39:25,743] INFO - Epoch [32/80] train_loss=0.1383 val_loss=0.1533 val_iou=0.8988 val_dice=0.9467 val_precision=0.9428 val_recall=0.9506
[2026-04-26 07:40:50,370] INFO - Epoch [33/80] train_loss=0.1352 val_loss=0.1504 val_iou=0.8923 val_dice=0.9431 val_precision=0.9343 val_recall=0.9521
[2026-04-26 07:42:14,596] INFO - Epoch [34/80] train_loss=0.1380 val_loss=0.1810 val_iou=0.8696 val_dice=0.9303 val_precision=0.9197 val_recall=0.9410
[2026-04-26 07:43:39,436] INFO - Epoch [35/80] train_loss=0.1366 val_loss=0.1281 val_iou=0.9053 val_dice=0.9503 val_precision=0.9449 val_recall=0.9557
[2026-04-26 07:43:40,250] INFO - Saved new best checkpoint at epoch 35 with IoU=0.9053
[2026-04-26 07:45:04,332] INFO - Epoch [36/80] train_loss=0.1345 val_loss=0.1287 val_iou=0.9019 val_dice=0.9484 val_precision=0.9398 val_recall=0.9573
[2026-04-26 07:46:29,104] INFO - Epoch [37/80] train_loss=0.1311 val_loss=0.1385 val_iou=0.9045 val_dice=0.9498 val_precision=0.9616 val_recall=0.9384
[2026-04-26 07:47:53,717] INFO - Epoch [38/80] train_loss=0.1316 val_loss=0.1367 val_iou=0.9068 val_dice=0.9511 val_precision=0.9542 val_recall=0.9481
[2026-04-26 07:47:54,607] INFO - Saved new best checkpoint at epoch 38 with IoU=0.9068
[2026-04-26 07:49:18,602] INFO - Epoch [39/80] train_loss=0.1295 val_loss=0.1441 val_iou=0.8997 val_dice=0.9472 val_precision=0.9412 val_recall=0.9532
[2026-04-26 07:50:43,356] INFO - Epoch [40/80] train_loss=0.1280 val_loss=0.1536 val_iou=0.8976 val_dice=0.9460 val_precision=0.9414 val_recall=0.9507
[2026-04-26 07:52:08,413] INFO - Epoch [41/80] train_loss=0.1275 val_loss=0.1384 val_iou=0.8986 val_dice=0.9466 val_precision=0.9401 val_recall=0.9531
[2026-04-26 07:53:33,045] INFO - Epoch [42/80] train_loss=0.1255 val_loss=0.1704 val_iou=0.8886 val_dice=0.9410 val_precision=0.9303 val_recall=0.9519
[2026-04-26 07:54:57,694] INFO - Epoch [43/80] train_loss=0.1265 val_loss=0.1491 val_iou=0.8998 val_dice=0.9472 val_precision=0.9404 val_recall=0.9542
[2026-04-26 07:56:22,174] INFO - Epoch [44/80] train_loss=0.1233 val_loss=0.1306 val_iou=0.9096 val_dice=0.9527 val_precision=0.9562 val_recall=0.9492
[2026-04-26 07:56:23,081] INFO - Saved new best checkpoint at epoch 44 with IoU=0.9096
[2026-04-26 07:57:47,584] INFO - Epoch [45/80] train_loss=0.1224 val_loss=0.1468 val_iou=0.8990 val_dice=0.9468 val_precision=0.9458 val_recall=0.9478
[2026-04-26 07:59:12,060] INFO - Epoch [46/80] train_loss=0.1219 val_loss=0.1349 val_iou=0.9012 val_dice=0.9480 val_precision=0.9528 val_recall=0.9433
[2026-04-26 08:00:36,636] INFO - Epoch [47/80] train_loss=0.1188 val_loss=0.1513 val_iou=0.8932 val_dice=0.9436 val_precision=0.9371 val_recall=0.9501
[2026-04-26 08:02:01,178] INFO - Epoch [48/80] train_loss=0.1181 val_loss=0.1335 val_iou=0.9020 val_dice=0.9485 val_precision=0.9506 val_recall=0.9464
[2026-04-26 08:03:26,519] INFO - Epoch [49/80] train_loss=0.1179 val_loss=0.1456 val_iou=0.8992 val_dice=0.9469 val_precision=0.9440 val_recall=0.9500
[2026-04-26 08:04:51,168] INFO - Epoch [50/80] train_loss=0.1161 val_loss=0.1410 val_iou=0.9002 val_dice=0.9475 val_precision=0.9423 val_recall=0.9527
[2026-04-26 08:06:15,855] INFO - Epoch [51/80] train_loss=0.1153 val_loss=0.1486 val_iou=0.8990 val_dice=0.9468 val_precision=0.9464 val_recall=0.9472
[2026-04-26 08:07:40,762] INFO - Epoch [52/80] train_loss=0.1135 val_loss=0.1404 val_iou=0.9064 val_dice=0.9509 val_precision=0.9513 val_recall=0.9505
[2026-04-26 08:09:05,534] INFO - Epoch [53/80] train_loss=0.1140 val_loss=0.1378 val_iou=0.9017 val_dice=0.9483 val_precision=0.9462 val_recall=0.9505
[2026-04-26 08:10:30,206] INFO - Epoch [54/80] train_loss=0.1113 val_loss=0.1430 val_iou=0.9026 val_dice=0.9488 val_precision=0.9482 val_recall=0.9495
[2026-04-26 08:11:54,968] INFO - Epoch [55/80] train_loss=0.1117 val_loss=0.1510 val_iou=0.9018 val_dice=0.9483 val_precision=0.9440 val_recall=0.9527
[2026-04-26 08:13:19,534] INFO - Epoch [56/80] train_loss=0.1121 val_loss=0.1430 val_iou=0.9038 val_dice=0.9495 val_precision=0.9495 val_recall=0.9495
[2026-04-26 08:14:43,894] INFO - Epoch [57/80] train_loss=0.1101 val_loss=0.1466 val_iou=0.9020 val_dice=0.9485 val_precision=0.9462 val_recall=0.9507
[2026-04-26 08:16:08,739] INFO - Epoch [58/80] train_loss=0.1094 val_loss=0.1409 val_iou=0.9014 val_dice=0.9481 val_precision=0.9444 val_recall=0.9519
[2026-04-26 08:17:33,483] INFO - Epoch [59/80] train_loss=0.1084 val_loss=0.1434 val_iou=0.9026 val_dice=0.9488 val_precision=0.9490 val_recall=0.9487
[2026-04-26 08:18:58,278] INFO - Epoch [60/80] train_loss=0.1085 val_loss=0.1478 val_iou=0.9015 val_dice=0.9482 val_precision=0.9461 val_recall=0.9504
[2026-04-26 08:20:22,961] INFO - Epoch [61/80] train_loss=0.1078 val_loss=0.1447 val_iou=0.9025 val_dice=0.9487 val_precision=0.9486 val_recall=0.9489
[2026-04-26 08:21:47,392] INFO - Epoch [62/80] train_loss=0.1073 val_loss=0.1309 val_iou=0.9106 val_dice=0.9532 val_precision=0.9557 val_recall=0.9507
[2026-04-26 08:21:48,196] INFO - Saved new best checkpoint at epoch 62 with IoU=0.9106
[2026-04-26 08:23:12,800] INFO - Epoch [63/80] train_loss=0.1066 val_loss=0.1318 val_iou=0.9083 val_dice=0.9519 val_precision=0.9559 val_recall=0.9480
[2026-04-26 08:24:37,448] INFO - Epoch [64/80] train_loss=0.1069 val_loss=0.1401 val_iou=0.9019 val_dice=0.9484 val_precision=0.9447 val_recall=0.9521
[2026-04-26 08:26:02,370] INFO - Epoch [65/80] train_loss=0.1053 val_loss=0.1368 val_iou=0.9030 val_dice=0.9490 val_precision=0.9474 val_recall=0.9506
[2026-04-26 08:27:26,975] INFO - Epoch [66/80] train_loss=0.1059 val_loss=0.1419 val_iou=0.9007 val_dice=0.9477 val_precision=0.9444 val_recall=0.9511
[2026-04-26 08:28:51,853] INFO - Epoch [67/80] train_loss=0.1054 val_loss=0.1440 val_iou=0.8991 val_dice=0.9469 val_precision=0.9422 val_recall=0.9516
[2026-04-26 08:30:16,193] INFO - Epoch [68/80] train_loss=0.1048 val_loss=0.1353 val_iou=0.9031 val_dice=0.9491 val_precision=0.9467 val_recall=0.9514
[2026-04-26 08:31:41,205] INFO - Epoch [69/80] train_loss=0.1040 val_loss=0.1266 val_iou=0.9085 val_dice=0.9521 val_precision=0.9535 val_recall=0.9507
[2026-04-26 08:33:05,823] INFO - Epoch [70/80] train_loss=0.1041 val_loss=0.1362 val_iou=0.9017 val_dice=0.9483 val_precision=0.9444 val_recall=0.9522
[2026-04-26 08:34:30,645] INFO - Epoch [71/80] train_loss=0.1040 val_loss=0.1297 val_iou=0.9049 val_dice=0.9501 val_precision=0.9508 val_recall=0.9494
[2026-04-26 08:35:55,253] INFO - Epoch [72/80] train_loss=0.1042 val_loss=0.1290 val_iou=0.9051 val_dice=0.9502 val_precision=0.9492 val_recall=0.9512
[2026-04-26 08:37:20,185] INFO - Epoch [73/80] train_loss=0.1042 val_loss=0.1319 val_iou=0.9034 val_dice=0.9492 val_precision=0.9479 val_recall=0.9506
[2026-04-26 08:38:45,268] INFO - Epoch [74/80] train_loss=0.1035 val_loss=0.1316 val_iou=0.9034 val_dice=0.9493 val_precision=0.9480 val_recall=0.9506
[2026-04-26 08:40:09,763] INFO - Epoch [75/80] train_loss=0.1032 val_loss=0.1274 val_iou=0.9094 val_dice=0.9525 val_precision=0.9556 val_recall=0.9495
[2026-04-26 08:41:34,602] INFO - Epoch [76/80] train_loss=0.1035 val_loss=0.1303 val_iou=0.9061 val_dice=0.9508 val_precision=0.9513 val_recall=0.9502
[2026-04-26 08:43:00,228] INFO - Epoch [77/80] train_loss=0.1031 val_loss=0.1346 val_iou=0.9023 val_dice=0.9486 val_precision=0.9467 val_recall=0.9505
[2026-04-26 08:44:25,116] INFO - Epoch [78/80] train_loss=0.1028 val_loss=0.1335 val_iou=0.9031 val_dice=0.9491 val_precision=0.9474 val_recall=0.9508
[2026-04-26 08:45:49,991] INFO - Epoch [79/80] train_loss=0.1035 val_loss=0.1309 val_iou=0.9050 val_dice=0.9501 val_precision=0.9507 val_recall=0.9496
[2026-04-26 08:47:14,704] INFO - Epoch [80/80] train_loss=0.1032 val_loss=0.1354 val_iou=0.9024 val_dice=0.9487 val_precision=0.9468 val_recall=0.9506
[2026-04-26 08:47:29,120] INFO - Finished whu_ss2d_C_full_ss2d. test IoU=0.9002 Dice=0.9475
