[2026-05-05 07:21:38,650] INFO - Starting whu_deeplabv3_resnet50_seed42 on device=cuda
[2026-05-05 07:21:38,650] INFO - Train=4736 Val=1036 Test=2416 Params(total)=39633729 Params(trainable)=39633729
[2026-05-05 07:21:38,650] INFO - Backbone init: ImageNet-pretrained backbone (ResNet50_Weights.IMAGENET1K_V1); aux_loss=False
[2026-05-05 07:22:57,796] INFO - Epoch [1/80] train_loss=0.3810 val_loss=0.3527 val_iou=0.7436 val_dice=0.8530 val_precision=0.7956 val_recall=0.9192
[2026-05-05 07:22:58,766] INFO - Saved new best checkpoint at epoch 1 with IoU=0.7436
[2026-05-05 07:24:18,298] INFO - Epoch [2/80] train_loss=0.2694 val_loss=0.2580 val_iou=0.8128 val_dice=0.8968 val_precision=0.8749 val_recall=0.9197
[2026-05-05 07:24:19,726] INFO - Saved new best checkpoint at epoch 2 with IoU=0.8128
[2026-05-05 07:25:39,417] INFO - Epoch [3/80] train_loss=0.2389 val_loss=0.2028 val_iou=0.8533 val_dice=0.9208 val_precision=0.9301 val_recall=0.9118
[2026-05-05 07:25:40,905] INFO - Saved new best checkpoint at epoch 3 with IoU=0.8533
[2026-05-05 07:27:00,775] INFO - Epoch [4/80] train_loss=0.2291 val_loss=0.2261 val_iou=0.8330 val_dice=0.9089 val_precision=0.8776 val_recall=0.9425
[2026-05-05 07:28:21,252] INFO - Epoch [5/80] train_loss=0.2159 val_loss=0.2095 val_iou=0.8506 val_dice=0.9193 val_precision=0.9145 val_recall=0.9241
[2026-05-05 07:29:41,298] INFO - Epoch [6/80] train_loss=0.2072 val_loss=0.1996 val_iou=0.8520 val_dice=0.9201 val_precision=0.9294 val_recall=0.9110
[2026-05-05 07:31:01,124] INFO - Epoch [7/80] train_loss=0.2089 val_loss=0.1974 val_iou=0.8712 val_dice=0.9312 val_precision=0.9248 val_recall=0.9376
[2026-05-05 07:31:02,561] INFO - Saved new best checkpoint at epoch 7 with IoU=0.8712
[2026-05-05 07:32:21,990] INFO - Epoch [8/80] train_loss=0.2021 val_loss=0.1850 val_iou=0.8779 val_dice=0.9350 val_precision=0.9325 val_recall=0.9376
[2026-05-05 07:32:23,349] INFO - Saved new best checkpoint at epoch 8 with IoU=0.8779
[2026-05-05 07:33:42,158] INFO - Epoch [9/80] train_loss=0.1981 val_loss=0.1905 val_iou=0.8645 val_dice=0.9273 val_precision=0.9276 val_recall=0.9270
[2026-05-05 07:35:02,233] INFO - Epoch [10/80] train_loss=0.1910 val_loss=0.1884 val_iou=0.8515 val_dice=0.9198 val_precision=0.9469 val_recall=0.8942
[2026-05-05 07:36:21,875] INFO - Epoch [11/80] train_loss=0.1893 val_loss=0.1882 val_iou=0.8796 val_dice=0.9359 val_precision=0.9289 val_recall=0.9430
[2026-05-05 07:36:23,540] INFO - Saved new best checkpoint at epoch 11 with IoU=0.8796
[2026-05-05 07:37:42,293] INFO - Epoch [12/80] train_loss=0.1853 val_loss=0.1788 val_iou=0.8722 val_dice=0.9318 val_precision=0.9223 val_recall=0.9414
[2026-05-05 07:39:02,007] INFO - Epoch [13/80] train_loss=0.1837 val_loss=0.1623 val_iou=0.8828 val_dice=0.9377 val_precision=0.9542 val_recall=0.9219
[2026-05-05 07:39:03,433] INFO - Saved new best checkpoint at epoch 13 with IoU=0.8828
[2026-05-05 07:40:22,434] INFO - Epoch [14/80] train_loss=0.1804 val_loss=0.1611 val_iou=0.8773 val_dice=0.9346 val_precision=0.9425 val_recall=0.9269
[2026-05-05 07:41:42,570] INFO - Epoch [15/80] train_loss=0.1788 val_loss=0.1991 val_iou=0.8483 val_dice=0.9179 val_precision=0.9134 val_recall=0.9224
[2026-05-05 07:43:02,192] INFO - Epoch [16/80] train_loss=0.1748 val_loss=0.2013 val_iou=0.8380 val_dice=0.9119 val_precision=0.8835 val_recall=0.9421
[2026-05-05 07:44:21,540] INFO - Epoch [17/80] train_loss=0.1744 val_loss=0.1953 val_iou=0.8686 val_dice=0.9297 val_precision=0.9146 val_recall=0.9453
[2026-05-05 07:45:41,265] INFO - Epoch [18/80] train_loss=0.1694 val_loss=0.1593 val_iou=0.8818 val_dice=0.9372 val_precision=0.9403 val_recall=0.9341
[2026-05-05 07:47:00,361] INFO - Epoch [19/80] train_loss=0.1681 val_loss=0.2017 val_iou=0.8726 val_dice=0.9320 val_precision=0.9494 val_recall=0.9152
[2026-05-05 07:48:19,644] INFO - Epoch [20/80] train_loss=0.1670 val_loss=0.1733 val_iou=0.8874 val_dice=0.9403 val_precision=0.9347 val_recall=0.9460
[2026-05-05 07:48:21,379] INFO - Saved new best checkpoint at epoch 20 with IoU=0.8874
[2026-05-05 07:49:39,651] INFO - Epoch [21/80] train_loss=0.1697 val_loss=0.1790 val_iou=0.8572 val_dice=0.9231 val_precision=0.9563 val_recall=0.8921
[2026-05-05 07:50:58,878] INFO - Epoch [22/80] train_loss=0.1633 val_loss=0.1628 val_iou=0.8877 val_dice=0.9405 val_precision=0.9486 val_recall=0.9325
[2026-05-05 07:51:00,488] INFO - Saved new best checkpoint at epoch 22 with IoU=0.8877
[2026-05-05 07:52:18,905] INFO - Epoch [23/80] train_loss=0.1622 val_loss=0.1457 val_iou=0.8907 val_dice=0.9422 val_precision=0.9448 val_recall=0.9396
[2026-05-05 07:52:20,415] INFO - Saved new best checkpoint at epoch 23 with IoU=0.8907
[2026-05-05 07:53:38,816] INFO - Epoch [24/80] train_loss=0.1621 val_loss=0.1760 val_iou=0.8708 val_dice=0.9310 val_precision=0.9213 val_recall=0.9408
[2026-05-05 07:54:58,226] INFO - Epoch [25/80] train_loss=0.1572 val_loss=0.1498 val_iou=0.8868 val_dice=0.9400 val_precision=0.9333 val_recall=0.9468
[2026-05-05 07:56:17,564] INFO - Epoch [26/80] train_loss=0.1581 val_loss=0.1511 val_iou=0.8889 val_dice=0.9412 val_precision=0.9515 val_recall=0.9311
[2026-05-05 07:57:37,094] INFO - Epoch [27/80] train_loss=0.1559 val_loss=0.1274 val_iou=0.8978 val_dice=0.9462 val_precision=0.9509 val_recall=0.9415
[2026-05-05 07:57:38,831] INFO - Saved new best checkpoint at epoch 27 with IoU=0.8978
[2026-05-05 07:58:57,158] INFO - Epoch [28/80] train_loss=0.1525 val_loss=0.1403 val_iou=0.8864 val_dice=0.9398 val_precision=0.9480 val_recall=0.9317
[2026-05-05 08:00:16,606] INFO - Epoch [29/80] train_loss=0.1528 val_loss=0.1516 val_iou=0.8806 val_dice=0.9365 val_precision=0.9464 val_recall=0.9268
[2026-05-05 08:01:35,650] INFO - Epoch [30/80] train_loss=0.1525 val_loss=0.1605 val_iou=0.8936 val_dice=0.9438 val_precision=0.9459 val_recall=0.9418
[2026-05-05 08:02:55,217] INFO - Epoch [31/80] train_loss=0.1482 val_loss=0.1392 val_iou=0.8981 val_dice=0.9463 val_precision=0.9450 val_recall=0.9476
[2026-05-05 08:02:56,761] INFO - Saved new best checkpoint at epoch 31 with IoU=0.8981
[2026-05-05 08:04:15,292] INFO - Epoch [32/80] train_loss=0.1463 val_loss=0.1384 val_iou=0.8949 val_dice=0.9445 val_precision=0.9444 val_recall=0.9446
[2026-05-05 08:05:34,762] INFO - Epoch [33/80] train_loss=0.1467 val_loss=0.1477 val_iou=0.8906 val_dice=0.9421 val_precision=0.9416 val_recall=0.9427
[2026-05-05 08:06:54,000] INFO - Epoch [34/80] train_loss=0.1469 val_loss=0.1505 val_iou=0.8979 val_dice=0.9462 val_precision=0.9450 val_recall=0.9473
[2026-05-05 08:08:13,226] INFO - Epoch [35/80] train_loss=0.1436 val_loss=0.1429 val_iou=0.8943 val_dice=0.9442 val_precision=0.9475 val_recall=0.9409
[2026-05-05 08:09:32,096] INFO - Epoch [36/80] train_loss=0.1424 val_loss=0.1275 val_iou=0.9000 val_dice=0.9474 val_precision=0.9493 val_recall=0.9455
[2026-05-05 08:09:33,461] INFO - Saved new best checkpoint at epoch 36 with IoU=0.9000
[2026-05-05 08:10:51,945] INFO - Epoch [37/80] train_loss=0.1434 val_loss=0.1339 val_iou=0.8992 val_dice=0.9469 val_precision=0.9520 val_recall=0.9419
[2026-05-05 08:12:10,968] INFO - Epoch [38/80] train_loss=0.1412 val_loss=0.1300 val_iou=0.9017 val_dice=0.9483 val_precision=0.9541 val_recall=0.9425
[2026-05-05 08:12:12,681] INFO - Saved new best checkpoint at epoch 38 with IoU=0.9017
[2026-05-05 08:13:31,114] INFO - Epoch [39/80] train_loss=0.1398 val_loss=0.1446 val_iou=0.8964 val_dice=0.9454 val_precision=0.9450 val_recall=0.9458
[2026-05-05 08:14:50,039] INFO - Epoch [40/80] train_loss=0.1392 val_loss=0.1396 val_iou=0.8999 val_dice=0.9473 val_precision=0.9449 val_recall=0.9497
[2026-05-05 08:16:09,618] INFO - Epoch [41/80] train_loss=0.1356 val_loss=0.1349 val_iou=0.9027 val_dice=0.9489 val_precision=0.9480 val_recall=0.9498
[2026-05-05 08:16:11,074] INFO - Saved new best checkpoint at epoch 41 with IoU=0.9027
[2026-05-05 08:17:29,282] INFO - Epoch [42/80] train_loss=0.1342 val_loss=0.1337 val_iou=0.9043 val_dice=0.9498 val_precision=0.9510 val_recall=0.9485
[2026-05-05 08:17:30,739] INFO - Saved new best checkpoint at epoch 42 with IoU=0.9043
[2026-05-05 08:18:48,853] INFO - Epoch [43/80] train_loss=0.1348 val_loss=0.1397 val_iou=0.9016 val_dice=0.9483 val_precision=0.9522 val_recall=0.9443
[2026-05-05 08:20:07,481] INFO - Epoch [44/80] train_loss=0.1330 val_loss=0.1386 val_iou=0.8989 val_dice=0.9468 val_precision=0.9516 val_recall=0.9420
[2026-05-05 08:21:26,867] INFO - Epoch [45/80] train_loss=0.1351 val_loss=0.1388 val_iou=0.8953 val_dice=0.9448 val_precision=0.9508 val_recall=0.9388
[2026-05-05 08:22:46,099] INFO - Epoch [46/80] train_loss=0.1312 val_loss=0.1385 val_iou=0.9041 val_dice=0.9496 val_precision=0.9481 val_recall=0.9512
[2026-05-05 08:24:05,222] INFO - Epoch [47/80] train_loss=0.1306 val_loss=0.1266 val_iou=0.9040 val_dice=0.9496 val_precision=0.9535 val_recall=0.9457
[2026-05-05 08:25:24,484] INFO - Epoch [48/80] train_loss=0.1296 val_loss=0.1263 val_iou=0.9070 val_dice=0.9512 val_precision=0.9551 val_recall=0.9474
[2026-05-05 08:25:26,036] INFO - Saved new best checkpoint at epoch 48 with IoU=0.9070
[2026-05-05 08:26:44,681] INFO - Epoch [49/80] train_loss=0.1284 val_loss=0.1334 val_iou=0.9034 val_dice=0.9492 val_precision=0.9549 val_recall=0.9436
[2026-05-05 08:28:04,696] INFO - Epoch [50/80] train_loss=0.1273 val_loss=0.1309 val_iou=0.9055 val_dice=0.9504 val_precision=0.9501 val_recall=0.9507
[2026-05-05 08:29:23,879] INFO - Epoch [51/80] train_loss=0.1266 val_loss=0.1278 val_iou=0.9056 val_dice=0.9505 val_precision=0.9537 val_recall=0.9473
[2026-05-05 08:30:43,509] INFO - Epoch [52/80] train_loss=0.1266 val_loss=0.1317 val_iou=0.9060 val_dice=0.9507 val_precision=0.9536 val_recall=0.9478
[2026-05-05 08:32:02,602] INFO - Epoch [53/80] train_loss=0.1250 val_loss=0.1377 val_iou=0.9064 val_dice=0.9509 val_precision=0.9520 val_recall=0.9498
[2026-05-05 08:33:22,599] INFO - Epoch [54/80] train_loss=0.1241 val_loss=0.1249 val_iou=0.9063 val_dice=0.9509 val_precision=0.9547 val_recall=0.9470
[2026-05-05 08:34:42,298] INFO - Epoch [55/80] train_loss=0.1229 val_loss=0.1311 val_iou=0.9052 val_dice=0.9503 val_precision=0.9525 val_recall=0.9481
[2026-05-05 08:36:01,909] INFO - Epoch [56/80] train_loss=0.1224 val_loss=0.1329 val_iou=0.9053 val_dice=0.9503 val_precision=0.9492 val_recall=0.9514
[2026-05-05 08:37:21,844] INFO - Epoch [57/80] train_loss=0.1222 val_loss=0.1265 val_iou=0.9061 val_dice=0.9507 val_precision=0.9532 val_recall=0.9483
[2026-05-05 08:38:41,169] INFO - Epoch [58/80] train_loss=0.1216 val_loss=0.1226 val_iou=0.9073 val_dice=0.9514 val_precision=0.9558 val_recall=0.9471
[2026-05-05 08:38:42,931] INFO - Saved new best checkpoint at epoch 58 with IoU=0.9073
[2026-05-05 08:40:01,185] INFO - Epoch [59/80] train_loss=0.1208 val_loss=0.1298 val_iou=0.9016 val_dice=0.9483 val_precision=0.9544 val_recall=0.9422
[2026-05-05 08:41:20,716] INFO - Epoch [60/80] train_loss=0.1194 val_loss=0.1337 val_iou=0.9060 val_dice=0.9507 val_precision=0.9513 val_recall=0.9500
[2026-05-05 08:42:39,967] INFO - Epoch [61/80] train_loss=0.1193 val_loss=0.1234 val_iou=0.9079 val_dice=0.9517 val_precision=0.9547 val_recall=0.9488
[2026-05-05 08:42:41,419] INFO - Saved new best checkpoint at epoch 61 with IoU=0.9079
[2026-05-05 08:44:00,374] INFO - Epoch [62/80] train_loss=0.1196 val_loss=0.1211 val_iou=0.9093 val_dice=0.9525 val_precision=0.9546 val_recall=0.9504
[2026-05-05 08:44:01,778] INFO - Saved new best checkpoint at epoch 62 with IoU=0.9093
[2026-05-05 08:45:20,543] INFO - Epoch [63/80] train_loss=0.1187 val_loss=0.1203 val_iou=0.9094 val_dice=0.9525 val_precision=0.9562 val_recall=0.9489
[2026-05-05 08:45:22,284] INFO - Saved new best checkpoint at epoch 63 with IoU=0.9094
[2026-05-05 08:46:41,115] INFO - Epoch [64/80] train_loss=0.1182 val_loss=0.1234 val_iou=0.9072 val_dice=0.9513 val_precision=0.9572 val_recall=0.9455
[2026-05-05 08:48:00,644] INFO - Epoch [65/80] train_loss=0.1176 val_loss=0.1232 val_iou=0.9079 val_dice=0.9517 val_precision=0.9584 val_recall=0.9452
[2026-05-05 08:49:20,257] INFO - Epoch [66/80] train_loss=0.1172 val_loss=0.1218 val_iou=0.9090 val_dice=0.9523 val_precision=0.9566 val_recall=0.9481
[2026-05-05 08:50:39,866] INFO - Epoch [67/80] train_loss=0.1165 val_loss=0.1205 val_iou=0.9094 val_dice=0.9525 val_precision=0.9556 val_recall=0.9495
[2026-05-05 08:50:41,578] INFO - Saved new best checkpoint at epoch 67 with IoU=0.9094
[2026-05-05 08:52:00,577] INFO - Epoch [68/80] train_loss=0.1170 val_loss=0.1198 val_iou=0.9091 val_dice=0.9524 val_precision=0.9555 val_recall=0.9492
[2026-05-05 08:53:19,796] INFO - Epoch [69/80] train_loss=0.1157 val_loss=0.1221 val_iou=0.9095 val_dice=0.9526 val_precision=0.9546 val_recall=0.9505
[2026-05-05 08:53:21,447] INFO - Saved new best checkpoint at epoch 69 with IoU=0.9095
[2026-05-05 08:54:40,591] INFO - Epoch [70/80] train_loss=0.1159 val_loss=0.1232 val_iou=0.9092 val_dice=0.9524 val_precision=0.9545 val_recall=0.9503
[2026-05-05 08:56:00,034] INFO - Epoch [71/80] train_loss=0.1154 val_loss=0.1225 val_iou=0.9094 val_dice=0.9526 val_precision=0.9543 val_recall=0.9508
[2026-05-05 08:57:19,478] INFO - Epoch [72/80] train_loss=0.1150 val_loss=0.1208 val_iou=0.9092 val_dice=0.9524 val_precision=0.9551 val_recall=0.9497
[2026-05-05 08:58:39,401] INFO - Epoch [73/80] train_loss=0.1149 val_loss=0.1227 val_iou=0.9092 val_dice=0.9524 val_precision=0.9563 val_recall=0.9486
[2026-05-05 08:59:59,221] INFO - Epoch [74/80] train_loss=0.1153 val_loss=0.1211 val_iou=0.9098 val_dice=0.9527 val_precision=0.9566 val_recall=0.9490
[2026-05-05 09:00:00,954] INFO - Saved new best checkpoint at epoch 74 with IoU=0.9098
[2026-05-05 09:01:19,850] INFO - Epoch [75/80] train_loss=0.1146 val_loss=0.1234 val_iou=0.9099 val_dice=0.9528 val_precision=0.9559 val_recall=0.9498
[2026-05-05 09:01:21,599] INFO - Saved new best checkpoint at epoch 75 with IoU=0.9099
[2026-05-05 09:02:40,860] INFO - Epoch [76/80] train_loss=0.1148 val_loss=0.1216 val_iou=0.9093 val_dice=0.9525 val_precision=0.9568 val_recall=0.9482
[2026-05-05 09:03:59,823] INFO - Epoch [77/80] train_loss=0.1151 val_loss=0.1228 val_iou=0.9090 val_dice=0.9524 val_precision=0.9567 val_recall=0.9480
[2026-05-05 09:05:19,403] INFO - Epoch [78/80] train_loss=0.1145 val_loss=0.1241 val_iou=0.9094 val_dice=0.9526 val_precision=0.9556 val_recall=0.9495
[2026-05-05 09:06:38,983] INFO - Epoch [79/80] train_loss=0.1144 val_loss=0.1219 val_iou=0.9093 val_dice=0.9525 val_precision=0.9546 val_recall=0.9503
[2026-05-05 09:07:58,832] INFO - Epoch [80/80] train_loss=0.1144 val_loss=0.1220 val_iou=0.9093 val_dice=0.9525 val_precision=0.9557 val_recall=0.9494
[2026-05-05 09:08:22,387] INFO - Finished whu_deeplabv3_resnet50_seed42. WHU test IoU=0.8810 Dice=0.9368 boundary-IoU=0.5344
Finished whu_deeplabv3_resnet50_seed42: report at /root/autodl-tmp/project-building/outputs/whu_deeplabv3_resnet50_seed42/report.md
