[2026-04-17 16:23:45,666] INFO - Starting whu_cfull_seed123 on device=cuda
[2026-04-17 16:23:45,667] INFO - Train=4736 Val=1036 Test=2416 Params=17831777
[2026-04-17 16:25:04,011] INFO - Epoch [1/80] train_loss=0.5313 val_loss=0.5319 val_iou=0.7816 val_dice=0.8774 val_precision=0.8867 val_recall=0.8684
[2026-04-17 16:25:04,650] INFO - Saved new best checkpoint at epoch 1 with IoU=0.7816
[2026-04-17 16:26:22,108] INFO - Epoch [2/80] train_loss=0.3714 val_loss=0.3565 val_iou=0.7684 val_dice=0.8691 val_precision=0.8173 val_recall=0.9279
[2026-04-17 16:27:39,935] INFO - Epoch [3/80] train_loss=0.3014 val_loss=0.3062 val_iou=0.8070 val_dice=0.8932 val_precision=0.9104 val_recall=0.8766
[2026-04-17 16:27:40,703] INFO - Saved new best checkpoint at epoch 3 with IoU=0.8070
[2026-04-17 16:28:58,082] INFO - Epoch [4/80] train_loss=0.2721 val_loss=0.3544 val_iou=0.7267 val_dice=0.8417 val_precision=0.7659 val_recall=0.9342
[2026-04-17 16:30:16,067] INFO - Epoch [5/80] train_loss=0.2541 val_loss=0.2415 val_iou=0.8423 val_dice=0.9144 val_precision=0.8916 val_recall=0.9385
[2026-04-17 16:30:16,835] INFO - Saved new best checkpoint at epoch 5 with IoU=0.8423
[2026-04-17 16:31:34,241] INFO - Epoch [6/80] train_loss=0.2364 val_loss=0.2374 val_iou=0.8340 val_dice=0.9095 val_precision=0.8860 val_recall=0.9343
[2026-04-17 16:32:51,711] INFO - Epoch [7/80] train_loss=0.2318 val_loss=0.3171 val_iou=0.7819 val_dice=0.8776 val_precision=0.8267 val_recall=0.9352
[2026-04-17 16:34:09,608] INFO - Epoch [8/80] train_loss=0.2185 val_loss=0.2890 val_iou=0.8038 val_dice=0.8912 val_precision=0.8438 val_recall=0.9443
[2026-04-17 16:35:27,292] INFO - Epoch [9/80] train_loss=0.2076 val_loss=0.2274 val_iou=0.8388 val_dice=0.9123 val_precision=0.8924 val_recall=0.9331
[2026-04-17 16:36:44,986] INFO - Epoch [10/80] train_loss=0.2059 val_loss=0.2187 val_iou=0.8577 val_dice=0.9234 val_precision=0.9330 val_recall=0.9140
[2026-04-17 16:36:45,785] INFO - Saved new best checkpoint at epoch 10 with IoU=0.8577
[2026-04-17 16:38:03,067] INFO - Epoch [11/80] train_loss=0.1975 val_loss=0.2548 val_iou=0.8552 val_dice=0.9219 val_precision=0.9138 val_recall=0.9303
[2026-04-17 16:39:20,816] INFO - Epoch [12/80] train_loss=0.1914 val_loss=0.1960 val_iou=0.8693 val_dice=0.9301 val_precision=0.9320 val_recall=0.9281
[2026-04-17 16:39:21,631] INFO - Saved new best checkpoint at epoch 12 with IoU=0.8693
[2026-04-17 16:40:38,955] INFO - Epoch [13/80] train_loss=0.1949 val_loss=0.1730 val_iou=0.8872 val_dice=0.9402 val_precision=0.9441 val_recall=0.9364
[2026-04-17 16:40:39,833] INFO - Saved new best checkpoint at epoch 13 with IoU=0.8872
[2026-04-17 16:41:57,441] INFO - Epoch [14/80] train_loss=0.1871 val_loss=0.1924 val_iou=0.8793 val_dice=0.9358 val_precision=0.9366 val_recall=0.9350
[2026-04-17 16:43:15,226] INFO - Epoch [15/80] train_loss=0.1811 val_loss=0.2203 val_iou=0.8621 val_dice=0.9260 val_precision=0.9208 val_recall=0.9312
[2026-04-17 16:44:32,718] INFO - Epoch [16/80] train_loss=0.1778 val_loss=0.2091 val_iou=0.8653 val_dice=0.9278 val_precision=0.9443 val_recall=0.9118
[2026-04-17 16:45:50,504] INFO - Epoch [17/80] train_loss=0.1759 val_loss=0.2089 val_iou=0.8522 val_dice=0.9202 val_precision=0.8994 val_recall=0.9421
[2026-04-17 16:47:08,199] INFO - Epoch [18/80] train_loss=0.1722 val_loss=0.1742 val_iou=0.8812 val_dice=0.9368 val_precision=0.9353 val_recall=0.9384
[2026-04-17 16:48:25,853] INFO - Epoch [19/80] train_loss=0.1686 val_loss=0.1716 val_iou=0.8835 val_dice=0.9382 val_precision=0.9293 val_recall=0.9472
[2026-04-17 16:49:43,590] INFO - Epoch [20/80] train_loss=0.1693 val_loss=0.2024 val_iou=0.8758 val_dice=0.9338 val_precision=0.9197 val_recall=0.9483
[2026-04-17 16:51:01,425] INFO - Epoch [21/80] train_loss=0.1644 val_loss=0.1628 val_iou=0.8915 val_dice=0.9427 val_precision=0.9341 val_recall=0.9514
[2026-04-17 16:51:02,122] INFO - Saved new best checkpoint at epoch 21 with IoU=0.8915
[2026-04-17 16:52:20,067] INFO - Epoch [22/80] train_loss=0.1627 val_loss=0.2047 val_iou=0.8628 val_dice=0.9264 val_precision=0.9173 val_recall=0.9356
[2026-04-17 16:53:37,476] INFO - Epoch [23/80] train_loss=0.1624 val_loss=0.1720 val_iou=0.8811 val_dice=0.9368 val_precision=0.9344 val_recall=0.9392
[2026-04-17 16:54:55,805] INFO - Epoch [24/80] train_loss=0.1583 val_loss=0.1691 val_iou=0.8897 val_dice=0.9416 val_precision=0.9438 val_recall=0.9395
[2026-04-17 16:56:13,968] INFO - Epoch [25/80] train_loss=0.1567 val_loss=0.1609 val_iou=0.8942 val_dice=0.9442 val_precision=0.9369 val_recall=0.9515
[2026-04-17 16:56:14,708] INFO - Saved new best checkpoint at epoch 25 with IoU=0.8942
[2026-04-17 16:57:32,085] INFO - Epoch [26/80] train_loss=0.1528 val_loss=0.1579 val_iou=0.8946 val_dice=0.9444 val_precision=0.9573 val_recall=0.9318
[2026-04-17 16:57:32,781] INFO - Saved new best checkpoint at epoch 26 with IoU=0.8946
[2026-04-17 16:58:50,410] INFO - Epoch [27/80] train_loss=0.1529 val_loss=0.1602 val_iou=0.8951 val_dice=0.9446 val_precision=0.9314 val_recall=0.9582
[2026-04-17 16:58:51,177] INFO - Saved new best checkpoint at epoch 27 with IoU=0.8951
[2026-04-17 17:00:08,386] INFO - Epoch [28/80] train_loss=0.1510 val_loss=0.1592 val_iou=0.8968 val_dice=0.9456 val_precision=0.9472 val_recall=0.9440
[2026-04-17 17:00:09,219] INFO - Saved new best checkpoint at epoch 28 with IoU=0.8968
[2026-04-17 17:01:26,582] INFO - Epoch [29/80] train_loss=0.1481 val_loss=0.1822 val_iou=0.8886 val_dice=0.9410 val_precision=0.9375 val_recall=0.9446
[2026-04-17 17:02:43,770] INFO - Epoch [30/80] train_loss=0.1481 val_loss=0.1721 val_iou=0.8909 val_dice=0.9423 val_precision=0.9406 val_recall=0.9440
[2026-04-17 17:04:01,640] INFO - Epoch [31/80] train_loss=0.1490 val_loss=0.1536 val_iou=0.8936 val_dice=0.9438 val_precision=0.9430 val_recall=0.9447
[2026-04-17 17:05:19,611] INFO - Epoch [32/80] train_loss=0.1476 val_loss=0.1539 val_iou=0.8923 val_dice=0.9431 val_precision=0.9289 val_recall=0.9577
[2026-04-17 17:06:37,596] INFO - Epoch [33/80] train_loss=0.1457 val_loss=0.1644 val_iou=0.8872 val_dice=0.9402 val_precision=0.9321 val_recall=0.9485
[2026-04-17 17:07:55,333] INFO - Epoch [34/80] train_loss=0.1434 val_loss=0.1665 val_iou=0.9005 val_dice=0.9476 val_precision=0.9519 val_recall=0.9434
[2026-04-17 17:07:56,098] INFO - Saved new best checkpoint at epoch 34 with IoU=0.9005
[2026-04-17 17:09:13,755] INFO - Epoch [35/80] train_loss=0.1430 val_loss=0.1431 val_iou=0.9018 val_dice=0.9484 val_precision=0.9470 val_recall=0.9497
[2026-04-17 17:09:14,527] INFO - Saved new best checkpoint at epoch 35 with IoU=0.9018
[2026-04-17 17:10:31,825] INFO - Epoch [36/80] train_loss=0.1389 val_loss=0.1595 val_iou=0.8979 val_dice=0.9462 val_precision=0.9488 val_recall=0.9437
[2026-04-17 17:11:49,847] INFO - Epoch [37/80] train_loss=0.1388 val_loss=0.1931 val_iou=0.8863 val_dice=0.9397 val_precision=0.9309 val_recall=0.9487
[2026-04-17 17:13:07,455] INFO - Epoch [38/80] train_loss=0.1369 val_loss=0.1625 val_iou=0.9041 val_dice=0.9496 val_precision=0.9479 val_recall=0.9514
[2026-04-17 17:13:08,227] INFO - Saved new best checkpoint at epoch 38 with IoU=0.9041
[2026-04-17 17:14:25,494] INFO - Epoch [39/80] train_loss=0.1376 val_loss=0.1454 val_iou=0.9041 val_dice=0.9496 val_precision=0.9530 val_recall=0.9463
[2026-04-17 17:15:43,106] INFO - Epoch [40/80] train_loss=0.1340 val_loss=0.1768 val_iou=0.8994 val_dice=0.9470 val_precision=0.9431 val_recall=0.9510
[2026-04-17 17:17:00,891] INFO - Epoch [41/80] train_loss=0.1360 val_loss=0.1920 val_iou=0.8746 val_dice=0.9331 val_precision=0.9167 val_recall=0.9500
[2026-04-17 17:18:19,115] INFO - Epoch [42/80] train_loss=0.1337 val_loss=0.1630 val_iou=0.9008 val_dice=0.9478 val_precision=0.9435 val_recall=0.9522
[2026-04-17 17:19:36,822] INFO - Epoch [43/80] train_loss=0.1300 val_loss=0.2083 val_iou=0.8661 val_dice=0.9282 val_precision=0.9060 val_recall=0.9516
[2026-04-17 17:20:54,530] INFO - Epoch [44/80] train_loss=0.1306 val_loss=0.1609 val_iou=0.9019 val_dice=0.9484 val_precision=0.9529 val_recall=0.9440
[2026-04-17 17:22:11,941] INFO - Epoch [45/80] train_loss=0.1299 val_loss=0.1330 val_iou=0.9065 val_dice=0.9509 val_precision=0.9533 val_recall=0.9486
[2026-04-17 17:22:12,728] INFO - Saved new best checkpoint at epoch 45 with IoU=0.9065
[2026-04-17 17:23:29,708] INFO - Epoch [46/80] train_loss=0.1288 val_loss=0.1540 val_iou=0.9029 val_dice=0.9490 val_precision=0.9444 val_recall=0.9536
[2026-04-17 17:24:47,242] INFO - Epoch [47/80] train_loss=0.1288 val_loss=0.1476 val_iou=0.9059 val_dice=0.9506 val_precision=0.9444 val_recall=0.9569
[2026-04-17 17:26:04,971] INFO - Epoch [48/80] train_loss=0.1282 val_loss=0.1440 val_iou=0.9073 val_dice=0.9514 val_precision=0.9511 val_recall=0.9517
[2026-04-17 17:26:06,009] INFO - Saved new best checkpoint at epoch 48 with IoU=0.9073
[2026-04-17 17:27:23,324] INFO - Epoch [49/80] train_loss=0.1269 val_loss=0.1458 val_iou=0.9038 val_dice=0.9495 val_precision=0.9487 val_recall=0.9503
[2026-04-17 17:28:41,135] INFO - Epoch [50/80] train_loss=0.1248 val_loss=0.1633 val_iou=0.8910 val_dice=0.9423 val_precision=0.9406 val_recall=0.9441
[2026-04-17 17:29:58,846] INFO - Epoch [51/80] train_loss=0.1252 val_loss=0.1599 val_iou=0.8995 val_dice=0.9471 val_precision=0.9449 val_recall=0.9492
[2026-04-17 17:31:16,556] INFO - Epoch [52/80] train_loss=0.1242 val_loss=0.1490 val_iou=0.9055 val_dice=0.9504 val_precision=0.9508 val_recall=0.9500
[2026-04-17 17:32:34,237] INFO - Epoch [53/80] train_loss=0.1226 val_loss=0.1413 val_iou=0.9080 val_dice=0.9518 val_precision=0.9513 val_recall=0.9523
[2026-04-17 17:32:35,054] INFO - Saved new best checkpoint at epoch 53 with IoU=0.9080
[2026-04-17 17:33:52,201] INFO - Epoch [54/80] train_loss=0.1228 val_loss=0.1358 val_iou=0.9067 val_dice=0.9511 val_precision=0.9515 val_recall=0.9506
[2026-04-17 17:35:09,760] INFO - Epoch [55/80] train_loss=0.1220 val_loss=0.1614 val_iou=0.9021 val_dice=0.9486 val_precision=0.9465 val_recall=0.9506
[2026-04-17 17:36:27,577] INFO - Epoch [56/80] train_loss=0.1198 val_loss=0.1428 val_iou=0.9088 val_dice=0.9522 val_precision=0.9582 val_recall=0.9463
[2026-04-17 17:36:28,418] INFO - Saved new best checkpoint at epoch 56 with IoU=0.9088
[2026-04-17 17:37:46,103] INFO - Epoch [57/80] train_loss=0.1191 val_loss=0.1400 val_iou=0.9078 val_dice=0.9517 val_precision=0.9570 val_recall=0.9463
[2026-04-17 17:39:03,786] INFO - Epoch [58/80] train_loss=0.1194 val_loss=0.1351 val_iou=0.9086 val_dice=0.9521 val_precision=0.9574 val_recall=0.9468
[2026-04-17 17:40:21,866] INFO - Epoch [59/80] train_loss=0.1189 val_loss=0.1521 val_iou=0.9025 val_dice=0.9487 val_precision=0.9485 val_recall=0.9490
[2026-04-17 17:41:40,020] INFO - Epoch [60/80] train_loss=0.1179 val_loss=0.1527 val_iou=0.9000 val_dice=0.9474 val_precision=0.9434 val_recall=0.9513
[2026-04-17 17:42:58,006] INFO - Epoch [61/80] train_loss=0.1181 val_loss=0.1447 val_iou=0.9058 val_dice=0.9506 val_precision=0.9502 val_recall=0.9509
[2026-04-17 17:44:15,735] INFO - Epoch [62/80] train_loss=0.1179 val_loss=0.1516 val_iou=0.9010 val_dice=0.9479 val_precision=0.9471 val_recall=0.9487
[2026-04-17 17:45:33,593] INFO - Epoch [63/80] train_loss=0.1170 val_loss=0.1408 val_iou=0.9096 val_dice=0.9527 val_precision=0.9552 val_recall=0.9501
[2026-04-17 17:45:34,455] INFO - Saved new best checkpoint at epoch 63 with IoU=0.9096
[2026-04-17 17:46:51,953] INFO - Epoch [64/80] train_loss=0.1172 val_loss=0.1494 val_iou=0.9060 val_dice=0.9507 val_precision=0.9509 val_recall=0.9505
[2026-04-17 17:48:10,134] INFO - Epoch [65/80] train_loss=0.1155 val_loss=0.1493 val_iou=0.9021 val_dice=0.9485 val_precision=0.9496 val_recall=0.9475
[2026-04-17 17:49:27,992] INFO - Epoch [66/80] train_loss=0.1152 val_loss=0.1430 val_iou=0.9096 val_dice=0.9526 val_precision=0.9552 val_recall=0.9501
[2026-04-17 17:50:46,177] INFO - Epoch [67/80] train_loss=0.1153 val_loss=0.1508 val_iou=0.9051 val_dice=0.9502 val_precision=0.9478 val_recall=0.9525
[2026-04-17 17:52:04,541] INFO - Epoch [68/80] train_loss=0.1150 val_loss=0.1492 val_iou=0.9055 val_dice=0.9504 val_precision=0.9499 val_recall=0.9510
[2026-04-17 17:53:22,425] INFO - Epoch [69/80] train_loss=0.1149 val_loss=0.1494 val_iou=0.9064 val_dice=0.9509 val_precision=0.9522 val_recall=0.9496
[2026-04-17 17:54:40,454] INFO - Epoch [70/80] train_loss=0.1152 val_loss=0.1497 val_iou=0.9065 val_dice=0.9510 val_precision=0.9519 val_recall=0.9500
[2026-04-17 17:55:58,320] INFO - Epoch [71/80] train_loss=0.1150 val_loss=0.1587 val_iou=0.9037 val_dice=0.9494 val_precision=0.9497 val_recall=0.9491
[2026-04-17 17:57:16,167] INFO - Epoch [72/80] train_loss=0.1143 val_loss=0.1529 val_iou=0.9052 val_dice=0.9502 val_precision=0.9500 val_recall=0.9504
[2026-04-17 17:58:34,263] INFO - Epoch [73/80] train_loss=0.1135 val_loss=0.1504 val_iou=0.9063 val_dice=0.9509 val_precision=0.9522 val_recall=0.9496
[2026-04-17 17:59:51,690] INFO - Epoch [74/80] train_loss=0.1142 val_loss=0.1489 val_iou=0.9071 val_dice=0.9513 val_precision=0.9513 val_recall=0.9513
[2026-04-17 18:01:09,130] INFO - Epoch [75/80] train_loss=0.1140 val_loss=0.1440 val_iou=0.9093 val_dice=0.9525 val_precision=0.9550 val_recall=0.9500
[2026-04-17 18:02:27,108] INFO - Epoch [76/80] train_loss=0.1136 val_loss=0.1561 val_iou=0.9042 val_dice=0.9497 val_precision=0.9493 val_recall=0.9501
[2026-04-17 18:03:44,796] INFO - Epoch [77/80] train_loss=0.1132 val_loss=0.1487 val_iou=0.9060 val_dice=0.9507 val_precision=0.9502 val_recall=0.9512
[2026-04-17 18:05:02,558] INFO - Epoch [78/80] train_loss=0.1140 val_loss=0.1491 val_iou=0.9057 val_dice=0.9505 val_precision=0.9499 val_recall=0.9511
[2026-04-17 18:06:20,293] INFO - Epoch [79/80] train_loss=0.1136 val_loss=0.1479 val_iou=0.9060 val_dice=0.9507 val_precision=0.9498 val_recall=0.9516
[2026-04-17 18:07:38,169] INFO - Epoch [80/80] train_loss=0.1138 val_loss=0.1451 val_iou=0.9090 val_dice=0.9523 val_precision=0.9536 val_recall=0.9510
[2026-04-17 18:07:52,437] INFO - Finished whu_cfull_seed123. test IoU=0.8906 Dice=0.9421
