[2026-04-17 20:05:56,518] INFO - Starting whu_unet_seed3407 on device=cuda
[2026-04-17 20:05:56,518] INFO - Train=4736 Val=1036 Test=2416 Params=7763041
[2026-04-17 20:06:42,099] INFO - Epoch [1/80] train_loss=0.5952 val_loss=0.6129 val_iou=0.6775 val_dice=0.8077 val_precision=0.7370 val_recall=0.8934
[2026-04-17 20:06:42,337] INFO - Saved new best checkpoint at epoch 1 with IoU=0.6775
[2026-04-17 20:07:26,377] INFO - Epoch [2/80] train_loss=0.4417 val_loss=0.5765 val_iou=0.7031 val_dice=0.8257 val_precision=0.8697 val_recall=0.7859
[2026-04-17 20:07:26,646] INFO - Saved new best checkpoint at epoch 2 with IoU=0.7031
[2026-04-17 20:08:11,154] INFO - Epoch [3/80] train_loss=0.3937 val_loss=0.4303 val_iou=0.7330 val_dice=0.8459 val_precision=0.8369 val_recall=0.8551
[2026-04-17 20:08:11,424] INFO - Saved new best checkpoint at epoch 3 with IoU=0.7330
[2026-04-17 20:08:55,799] INFO - Epoch [4/80] train_loss=0.3624 val_loss=0.3127 val_iou=0.7871 val_dice=0.8809 val_precision=0.8526 val_recall=0.9111
[2026-04-17 20:08:56,273] INFO - Saved new best checkpoint at epoch 4 with IoU=0.7871
[2026-04-17 20:09:40,707] INFO - Epoch [5/80] train_loss=0.3083 val_loss=0.3230 val_iou=0.7708 val_dice=0.8706 val_precision=0.9277 val_recall=0.8201
[2026-04-17 20:10:24,845] INFO - Epoch [6/80] train_loss=0.3240 val_loss=0.3115 val_iou=0.7906 val_dice=0.8831 val_precision=0.8486 val_recall=0.9205
[2026-04-17 20:10:25,119] INFO - Saved new best checkpoint at epoch 6 with IoU=0.7906
[2026-04-17 20:11:09,107] INFO - Epoch [7/80] train_loss=0.3112 val_loss=0.3055 val_iou=0.8038 val_dice=0.8913 val_precision=0.8872 val_recall=0.8953
[2026-04-17 20:11:09,379] INFO - Saved new best checkpoint at epoch 7 with IoU=0.8038
[2026-04-17 20:11:53,336] INFO - Epoch [8/80] train_loss=0.2829 val_loss=0.2856 val_iou=0.8175 val_dice=0.8996 val_precision=0.8683 val_recall=0.9331
[2026-04-17 20:11:53,601] INFO - Saved new best checkpoint at epoch 8 with IoU=0.8175
[2026-04-17 20:12:37,551] INFO - Epoch [9/80] train_loss=0.2765 val_loss=0.2669 val_iou=0.8026 val_dice=0.8905 val_precision=0.8979 val_recall=0.8833
[2026-04-17 20:13:21,646] INFO - Epoch [10/80] train_loss=0.2674 val_loss=0.2667 val_iou=0.8317 val_dice=0.9081 val_precision=0.9142 val_recall=0.9021
[2026-04-17 20:13:21,917] INFO - Saved new best checkpoint at epoch 10 with IoU=0.8317
[2026-04-17 20:14:05,582] INFO - Epoch [11/80] train_loss=0.2783 val_loss=0.2734 val_iou=0.8101 val_dice=0.8951 val_precision=0.8786 val_recall=0.9121
[2026-04-17 20:14:50,064] INFO - Epoch [12/80] train_loss=0.2713 val_loss=0.2407 val_iou=0.8443 val_dice=0.9156 val_precision=0.9180 val_recall=0.9132
[2026-04-17 20:14:50,348] INFO - Saved new best checkpoint at epoch 12 with IoU=0.8443
[2026-04-17 20:15:34,298] INFO - Epoch [13/80] train_loss=0.2610 val_loss=0.2616 val_iou=0.8450 val_dice=0.9160 val_precision=0.9098 val_recall=0.9223
[2026-04-17 20:15:34,576] INFO - Saved new best checkpoint at epoch 13 with IoU=0.8450
[2026-04-17 20:16:18,660] INFO - Epoch [14/80] train_loss=0.2711 val_loss=0.2616 val_iou=0.8277 val_dice=0.9057 val_precision=0.9194 val_recall=0.8924
[2026-04-17 20:17:02,922] INFO - Epoch [15/80] train_loss=0.2679 val_loss=0.2608 val_iou=0.8339 val_dice=0.9094 val_precision=0.9165 val_recall=0.9025
[2026-04-17 20:17:47,398] INFO - Epoch [16/80] train_loss=0.2483 val_loss=0.2990 val_iou=0.8100 val_dice=0.8950 val_precision=0.9354 val_recall=0.8580
[2026-04-17 20:18:31,690] INFO - Epoch [17/80] train_loss=0.2282 val_loss=0.2657 val_iou=0.8461 val_dice=0.9166 val_precision=0.9249 val_recall=0.9085
[2026-04-17 20:18:31,971] INFO - Saved new best checkpoint at epoch 17 with IoU=0.8461
[2026-04-17 20:19:15,566] INFO - Epoch [18/80] train_loss=0.2300 val_loss=0.2849 val_iou=0.8243 val_dice=0.9037 val_precision=0.8700 val_recall=0.9400
[2026-04-17 20:19:59,648] INFO - Epoch [19/80] train_loss=0.2266 val_loss=0.3304 val_iou=0.7708 val_dice=0.8706 val_precision=0.8058 val_recall=0.9466
[2026-04-17 20:20:44,502] INFO - Epoch [20/80] train_loss=0.2594 val_loss=0.2695 val_iou=0.8172 val_dice=0.8994 val_precision=0.8988 val_recall=0.9000
[2026-04-17 20:21:29,065] INFO - Epoch [21/80] train_loss=0.2551 val_loss=0.2565 val_iou=0.8450 val_dice=0.9160 val_precision=0.8901 val_recall=0.9434
[2026-04-17 20:22:13,479] INFO - Epoch [22/80] train_loss=0.2400 val_loss=0.2350 val_iou=0.8547 val_dice=0.9217 val_precision=0.9389 val_recall=0.9051
[2026-04-17 20:22:13,743] INFO - Saved new best checkpoint at epoch 22 with IoU=0.8547
[2026-04-17 20:22:57,937] INFO - Epoch [23/80] train_loss=0.2140 val_loss=0.2282 val_iou=0.8603 val_dice=0.9249 val_precision=0.9174 val_recall=0.9325
[2026-04-17 20:22:58,211] INFO - Saved new best checkpoint at epoch 23 with IoU=0.8603
[2026-04-17 20:23:42,133] INFO - Epoch [24/80] train_loss=0.2107 val_loss=0.2176 val_iou=0.8597 val_dice=0.9245 val_precision=0.9235 val_recall=0.9255
[2026-04-17 20:24:25,991] INFO - Epoch [25/80] train_loss=0.2273 val_loss=0.3156 val_iou=0.8298 val_dice=0.9070 val_precision=0.8924 val_recall=0.9220
[2026-04-17 20:25:10,700] INFO - Epoch [26/80] train_loss=0.2117 val_loss=0.2469 val_iou=0.8305 val_dice=0.9074 val_precision=0.8871 val_recall=0.9286
[2026-04-17 20:25:54,931] INFO - Epoch [27/80] train_loss=0.2057 val_loss=0.2248 val_iou=0.8638 val_dice=0.9269 val_precision=0.9256 val_recall=0.9283
[2026-04-17 20:25:55,203] INFO - Saved new best checkpoint at epoch 27 with IoU=0.8638
[2026-04-17 20:26:39,818] INFO - Epoch [28/80] train_loss=0.2108 val_loss=0.2199 val_iou=0.8678 val_dice=0.9292 val_precision=0.9203 val_recall=0.9383
[2026-04-17 20:26:40,108] INFO - Saved new best checkpoint at epoch 28 with IoU=0.8678
[2026-04-17 20:27:24,155] INFO - Epoch [29/80] train_loss=0.2479 val_loss=0.2498 val_iou=0.8510 val_dice=0.9195 val_precision=0.9142 val_recall=0.9248
[2026-04-17 20:28:08,361] INFO - Epoch [30/80] train_loss=0.2112 val_loss=0.2425 val_iou=0.8502 val_dice=0.9190 val_precision=0.9253 val_recall=0.9128
[2026-04-17 20:28:52,976] INFO - Epoch [31/80] train_loss=0.2073 val_loss=0.2637 val_iou=0.8205 val_dice=0.9014 val_precision=0.8801 val_recall=0.9237
[2026-04-17 20:29:37,956] INFO - Epoch [32/80] train_loss=0.1985 val_loss=0.2523 val_iou=0.8311 val_dice=0.9078 val_precision=0.8829 val_recall=0.9341
[2026-04-17 20:30:22,944] INFO - Epoch [33/80] train_loss=0.2034 val_loss=0.2526 val_iou=0.8474 val_dice=0.9174 val_precision=0.9142 val_recall=0.9207
[2026-04-17 20:31:07,448] INFO - Epoch [34/80] train_loss=0.1978 val_loss=0.2407 val_iou=0.8455 val_dice=0.9163 val_precision=0.8921 val_recall=0.9418
[2026-04-17 20:31:52,041] INFO - Epoch [35/80] train_loss=0.1926 val_loss=0.2287 val_iou=0.8494 val_dice=0.9186 val_precision=0.8980 val_recall=0.9401
[2026-04-17 20:32:36,760] INFO - Epoch [36/80] train_loss=0.1893 val_loss=0.2119 val_iou=0.8546 val_dice=0.9216 val_precision=0.9105 val_recall=0.9331
[2026-04-17 20:33:21,543] INFO - Epoch [37/80] train_loss=0.1891 val_loss=0.2062 val_iou=0.8675 val_dice=0.9291 val_precision=0.9267 val_recall=0.9314
[2026-04-17 20:34:06,260] INFO - Epoch [38/80] train_loss=0.1939 val_loss=0.2394 val_iou=0.8660 val_dice=0.9282 val_precision=0.9448 val_recall=0.9122
[2026-04-17 20:34:51,183] INFO - Epoch [39/80] train_loss=0.2029 val_loss=0.2070 val_iou=0.8814 val_dice=0.9370 val_precision=0.9363 val_recall=0.9377
[2026-04-17 20:34:51,453] INFO - Saved new best checkpoint at epoch 39 with IoU=0.8814
[2026-04-17 20:35:36,422] INFO - Epoch [40/80] train_loss=0.1879 val_loss=0.2049 val_iou=0.8686 val_dice=0.9297 val_precision=0.9386 val_recall=0.9209
[2026-04-17 20:36:21,170] INFO - Epoch [41/80] train_loss=0.1837 val_loss=0.2008 val_iou=0.8782 val_dice=0.9351 val_precision=0.9306 val_recall=0.9397
[2026-04-17 20:37:05,864] INFO - Epoch [42/80] train_loss=0.1849 val_loss=0.2101 val_iou=0.8659 val_dice=0.9281 val_precision=0.9255 val_recall=0.9307
[2026-04-17 20:37:50,501] INFO - Epoch [43/80] train_loss=0.1842 val_loss=0.2160 val_iou=0.8730 val_dice=0.9322 val_precision=0.9219 val_recall=0.9428
[2026-04-17 20:38:35,436] INFO - Epoch [44/80] train_loss=0.1817 val_loss=0.2023 val_iou=0.8813 val_dice=0.9369 val_precision=0.9394 val_recall=0.9344
[2026-04-17 20:39:20,053] INFO - Epoch [45/80] train_loss=0.1812 val_loss=0.2015 val_iou=0.8756 val_dice=0.9337 val_precision=0.9277 val_recall=0.9398
[2026-04-17 20:40:04,603] INFO - Epoch [46/80] train_loss=0.1784 val_loss=0.2149 val_iou=0.8668 val_dice=0.9286 val_precision=0.9322 val_recall=0.9251
[2026-04-17 20:40:49,159] INFO - Epoch [47/80] train_loss=0.1732 val_loss=0.1938 val_iou=0.8864 val_dice=0.9398 val_precision=0.9449 val_recall=0.9347
[2026-04-17 20:40:49,425] INFO - Saved new best checkpoint at epoch 47 with IoU=0.8864
[2026-04-17 20:41:34,139] INFO - Epoch [48/80] train_loss=0.1689 val_loss=0.1982 val_iou=0.8916 val_dice=0.9427 val_precision=0.9427 val_recall=0.9426
[2026-04-17 20:41:34,397] INFO - Saved new best checkpoint at epoch 48 with IoU=0.8916
[2026-04-17 20:42:19,245] INFO - Epoch [49/80] train_loss=0.1747 val_loss=0.1926 val_iou=0.8779 val_dice=0.9350 val_precision=0.9344 val_recall=0.9356
[2026-04-17 20:43:04,201] INFO - Epoch [50/80] train_loss=0.1759 val_loss=0.1930 val_iou=0.8807 val_dice=0.9366 val_precision=0.9366 val_recall=0.9365
[2026-04-17 20:43:49,046] INFO - Epoch [51/80] train_loss=0.1673 val_loss=0.1830 val_iou=0.8892 val_dice=0.9414 val_precision=0.9459 val_recall=0.9368
[2026-04-17 20:44:33,801] INFO - Epoch [52/80] train_loss=0.1692 val_loss=0.1961 val_iou=0.8916 val_dice=0.9427 val_precision=0.9482 val_recall=0.9372
[2026-04-17 20:45:18,525] INFO - Epoch [53/80] train_loss=0.1669 val_loss=0.2072 val_iou=0.8824 val_dice=0.9375 val_precision=0.9392 val_recall=0.9359
[2026-04-17 20:46:03,347] INFO - Epoch [54/80] train_loss=0.1635 val_loss=0.1916 val_iou=0.8920 val_dice=0.9429 val_precision=0.9465 val_recall=0.9393
[2026-04-17 20:46:03,610] INFO - Saved new best checkpoint at epoch 54 with IoU=0.8920
[2026-04-17 20:46:48,344] INFO - Epoch [55/80] train_loss=0.1614 val_loss=0.1948 val_iou=0.8805 val_dice=0.9365 val_precision=0.9284 val_recall=0.9446
[2026-04-17 20:47:33,093] INFO - Epoch [56/80] train_loss=0.1611 val_loss=0.1961 val_iou=0.8855 val_dice=0.9393 val_precision=0.9364 val_recall=0.9421
[2026-04-17 20:48:17,540] INFO - Epoch [57/80] train_loss=0.1660 val_loss=0.1933 val_iou=0.8908 val_dice=0.9423 val_precision=0.9409 val_recall=0.9436
[2026-04-17 20:49:02,098] INFO - Epoch [58/80] train_loss=0.1621 val_loss=0.1930 val_iou=0.8887 val_dice=0.9411 val_precision=0.9379 val_recall=0.9442
[2026-04-17 20:49:46,770] INFO - Epoch [59/80] train_loss=0.1594 val_loss=0.1909 val_iou=0.8928 val_dice=0.9434 val_precision=0.9430 val_recall=0.9437
[2026-04-17 20:49:47,028] INFO - Saved new best checkpoint at epoch 59 with IoU=0.8928
[2026-04-17 20:50:31,944] INFO - Epoch [60/80] train_loss=0.1577 val_loss=0.1925 val_iou=0.8917 val_dice=0.9428 val_precision=0.9424 val_recall=0.9431
[2026-04-17 20:51:16,889] INFO - Epoch [61/80] train_loss=0.1589 val_loss=0.1887 val_iou=0.8866 val_dice=0.9399 val_precision=0.9368 val_recall=0.9430
[2026-04-17 20:52:01,784] INFO - Epoch [62/80] train_loss=0.1580 val_loss=0.1790 val_iou=0.8889 val_dice=0.9412 val_precision=0.9410 val_recall=0.9414
[2026-04-17 20:52:46,465] INFO - Epoch [63/80] train_loss=0.1570 val_loss=0.1816 val_iou=0.8909 val_dice=0.9423 val_precision=0.9409 val_recall=0.9437
[2026-04-17 20:53:31,181] INFO - Epoch [64/80] train_loss=0.1563 val_loss=0.1875 val_iou=0.8853 val_dice=0.9391 val_precision=0.9343 val_recall=0.9441
[2026-04-17 20:54:16,103] INFO - Epoch [65/80] train_loss=0.1569 val_loss=0.1889 val_iou=0.8879 val_dice=0.9406 val_precision=0.9367 val_recall=0.9447
[2026-04-17 20:55:00,263] INFO - Epoch [66/80] train_loss=0.1558 val_loss=0.1816 val_iou=0.8934 val_dice=0.9437 val_precision=0.9479 val_recall=0.9395
[2026-04-17 20:55:00,516] INFO - Saved new best checkpoint at epoch 66 with IoU=0.8934
[2026-04-17 20:55:45,239] INFO - Epoch [67/80] train_loss=0.1565 val_loss=0.1845 val_iou=0.8902 val_dice=0.9419 val_precision=0.9425 val_recall=0.9413
[2026-04-17 20:56:29,993] INFO - Epoch [68/80] train_loss=0.1548 val_loss=0.1867 val_iou=0.8889 val_dice=0.9412 val_precision=0.9432 val_recall=0.9392
[2026-04-17 20:57:14,501] INFO - Epoch [69/80] train_loss=0.1541 val_loss=0.1882 val_iou=0.8930 val_dice=0.9435 val_precision=0.9488 val_recall=0.9383
[2026-04-17 20:57:59,002] INFO - Epoch [70/80] train_loss=0.1535 val_loss=0.1860 val_iou=0.8931 val_dice=0.9435 val_precision=0.9430 val_recall=0.9440
[2026-04-17 20:58:43,411] INFO - Epoch [71/80] train_loss=0.1532 val_loss=0.1812 val_iou=0.8930 val_dice=0.9435 val_precision=0.9459 val_recall=0.9411
[2026-04-17 20:59:28,251] INFO - Epoch [72/80] train_loss=0.1539 val_loss=0.1880 val_iou=0.8944 val_dice=0.9443 val_precision=0.9456 val_recall=0.9430
[2026-04-17 20:59:28,518] INFO - Saved new best checkpoint at epoch 72 with IoU=0.8944
[2026-04-17 21:00:12,960] INFO - Epoch [73/80] train_loss=0.1524 val_loss=0.1798 val_iou=0.8953 val_dice=0.9448 val_precision=0.9489 val_recall=0.9407
[2026-04-17 21:00:13,222] INFO - Saved new best checkpoint at epoch 73 with IoU=0.8953
[2026-04-17 21:00:57,764] INFO - Epoch [74/80] train_loss=0.1517 val_loss=0.1821 val_iou=0.8934 val_dice=0.9437 val_precision=0.9456 val_recall=0.9419
[2026-04-17 21:01:42,642] INFO - Epoch [75/80] train_loss=0.1523 val_loss=0.1815 val_iou=0.8929 val_dice=0.9434 val_precision=0.9447 val_recall=0.9422
[2026-04-17 21:02:27,256] INFO - Epoch [76/80] train_loss=0.1518 val_loss=0.1801 val_iou=0.8947 val_dice=0.9444 val_precision=0.9468 val_recall=0.9421
[2026-04-17 21:03:12,029] INFO - Epoch [77/80] train_loss=0.1513 val_loss=0.1815 val_iou=0.8936 val_dice=0.9438 val_precision=0.9433 val_recall=0.9443
[2026-04-17 21:03:56,874] INFO - Epoch [78/80] train_loss=0.1515 val_loss=0.1798 val_iou=0.8947 val_dice=0.9444 val_precision=0.9464 val_recall=0.9424
[2026-04-17 21:04:41,824] INFO - Epoch [79/80] train_loss=0.1520 val_loss=0.1812 val_iou=0.8941 val_dice=0.9441 val_precision=0.9465 val_recall=0.9417
[2026-04-17 21:05:26,499] INFO - Epoch [80/80] train_loss=0.1514 val_loss=0.1858 val_iou=0.8919 val_dice=0.9428 val_precision=0.9425 val_recall=0.9432
[2026-04-17 21:05:38,139] INFO - Finished whu_unet_seed3407. test IoU=0.8723 Dice=0.9318
