[2026-04-17 21:05:51,250] INFO - Starting whu_cfull_seed3407 on device=cuda
[2026-04-17 21:05:51,250] INFO - Train=4736 Val=1036 Test=2416 Params=17831777
[2026-04-17 21:07:09,354] INFO - Epoch [1/80] train_loss=0.5320 val_loss=0.5446 val_iou=0.7600 val_dice=0.8637 val_precision=0.8317 val_recall=0.8981
[2026-04-17 21:07:09,992] INFO - Saved new best checkpoint at epoch 1 with IoU=0.7600
[2026-04-17 21:08:27,441] INFO - Epoch [2/80] train_loss=0.3707 val_loss=0.3294 val_iou=0.7926 val_dice=0.8843 val_precision=0.8805 val_recall=0.8882
[2026-04-17 21:08:28,222] INFO - Saved new best checkpoint at epoch 2 with IoU=0.7926
[2026-04-17 21:09:45,436] INFO - Epoch [3/80] train_loss=0.2988 val_loss=0.3023 val_iou=0.8192 val_dice=0.9006 val_precision=0.8759 val_recall=0.9268
[2026-04-17 21:09:46,223] INFO - Saved new best checkpoint at epoch 3 with IoU=0.8192
[2026-04-17 21:11:03,600] INFO - Epoch [4/80] train_loss=0.2686 val_loss=0.3014 val_iou=0.7940 val_dice=0.8852 val_precision=0.8396 val_recall=0.9360
[2026-04-17 21:12:21,147] INFO - Epoch [5/80] train_loss=0.2469 val_loss=0.2754 val_iou=0.8246 val_dice=0.9038 val_precision=0.8789 val_recall=0.9302
[2026-04-17 21:12:21,919] INFO - Saved new best checkpoint at epoch 5 with IoU=0.8246
[2026-04-17 21:13:39,286] INFO - Epoch [6/80] train_loss=0.2366 val_loss=0.2366 val_iou=0.8494 val_dice=0.9186 val_precision=0.9089 val_recall=0.9284
[2026-04-17 21:13:40,057] INFO - Saved new best checkpoint at epoch 6 with IoU=0.8494
[2026-04-17 21:14:57,698] INFO - Epoch [7/80] train_loss=0.2258 val_loss=0.2231 val_iou=0.8651 val_dice=0.9277 val_precision=0.9357 val_recall=0.9198
[2026-04-17 21:14:58,473] INFO - Saved new best checkpoint at epoch 7 with IoU=0.8651
[2026-04-17 21:16:15,870] INFO - Epoch [8/80] train_loss=0.2134 val_loss=0.2170 val_iou=0.8620 val_dice=0.9259 val_precision=0.9264 val_recall=0.9253
[2026-04-17 21:17:33,389] INFO - Epoch [9/80] train_loss=0.2082 val_loss=0.2015 val_iou=0.8700 val_dice=0.9305 val_precision=0.9381 val_recall=0.9230
[2026-04-17 21:17:34,160] INFO - Saved new best checkpoint at epoch 9 with IoU=0.8700
[2026-04-17 21:18:51,157] INFO - Epoch [10/80] train_loss=0.2009 val_loss=0.2191 val_iou=0.8551 val_dice=0.9219 val_precision=0.9245 val_recall=0.9192
[2026-04-17 21:20:09,291] INFO - Epoch [11/80] train_loss=0.1942 val_loss=0.2029 val_iou=0.8641 val_dice=0.9271 val_precision=0.9051 val_recall=0.9501
[2026-04-17 21:21:26,939] INFO - Epoch [12/80] train_loss=0.1919 val_loss=0.2410 val_iou=0.8638 val_dice=0.9269 val_precision=0.9016 val_recall=0.9537
[2026-04-17 21:22:44,513] INFO - Epoch [13/80] train_loss=0.1876 val_loss=0.2443 val_iou=0.8432 val_dice=0.9149 val_precision=0.8767 val_recall=0.9567
[2026-04-17 21:24:01,861] INFO - Epoch [14/80] train_loss=0.1817 val_loss=0.1913 val_iou=0.8706 val_dice=0.9308 val_precision=0.9297 val_recall=0.9319
[2026-04-17 21:24:02,632] INFO - Saved new best checkpoint at epoch 14 with IoU=0.8706
[2026-04-17 21:25:19,978] INFO - Epoch [15/80] train_loss=0.1780 val_loss=0.2449 val_iou=0.8316 val_dice=0.9081 val_precision=0.8736 val_recall=0.9453
[2026-04-17 21:26:37,248] INFO - Epoch [16/80] train_loss=0.1736 val_loss=0.2252 val_iou=0.8550 val_dice=0.9218 val_precision=0.9046 val_recall=0.9398
[2026-04-17 21:27:54,596] INFO - Epoch [17/80] train_loss=0.1803 val_loss=0.1919 val_iou=0.8824 val_dice=0.9375 val_precision=0.9282 val_recall=0.9470
[2026-04-17 21:27:55,373] INFO - Saved new best checkpoint at epoch 17 with IoU=0.8824
[2026-04-17 21:29:12,327] INFO - Epoch [18/80] train_loss=0.1697 val_loss=0.1737 val_iou=0.8856 val_dice=0.9393 val_precision=0.9410 val_recall=0.9377
[2026-04-17 21:29:13,066] INFO - Saved new best checkpoint at epoch 18 with IoU=0.8856
[2026-04-17 21:30:30,068] INFO - Epoch [19/80] train_loss=0.1693 val_loss=0.2000 val_iou=0.8657 val_dice=0.9280 val_precision=0.9258 val_recall=0.9303
[2026-04-17 21:31:47,617] INFO - Epoch [20/80] train_loss=0.1675 val_loss=0.1808 val_iou=0.8856 val_dice=0.9393 val_precision=0.9379 val_recall=0.9408
[2026-04-17 21:33:05,169] INFO - Epoch [21/80] train_loss=0.1621 val_loss=0.1754 val_iou=0.8957 val_dice=0.9450 val_precision=0.9455 val_recall=0.9445
[2026-04-17 21:33:05,900] INFO - Saved new best checkpoint at epoch 21 with IoU=0.8957
[2026-04-17 21:34:23,209] INFO - Epoch [22/80] train_loss=0.1632 val_loss=0.1808 val_iou=0.8886 val_dice=0.9410 val_precision=0.9369 val_recall=0.9451
[2026-04-17 21:35:40,360] INFO - Epoch [23/80] train_loss=0.1593 val_loss=0.1596 val_iou=0.8980 val_dice=0.9463 val_precision=0.9455 val_recall=0.9471
[2026-04-17 21:35:41,107] INFO - Saved new best checkpoint at epoch 23 with IoU=0.8980
[2026-04-17 21:36:58,361] INFO - Epoch [24/80] train_loss=0.1554 val_loss=0.1853 val_iou=0.8899 val_dice=0.9417 val_precision=0.9486 val_recall=0.9350
[2026-04-17 21:38:15,622] INFO - Epoch [25/80] train_loss=0.1542 val_loss=0.1763 val_iou=0.8786 val_dice=0.9354 val_precision=0.9262 val_recall=0.9448
[2026-04-17 21:39:32,815] INFO - Epoch [26/80] train_loss=0.1520 val_loss=0.1662 val_iou=0.8951 val_dice=0.9447 val_precision=0.9505 val_recall=0.9389
[2026-04-17 21:40:50,304] INFO - Epoch [27/80] train_loss=0.1553 val_loss=0.1774 val_iou=0.8931 val_dice=0.9435 val_precision=0.9348 val_recall=0.9524
[2026-04-17 21:42:07,896] INFO - Epoch [28/80] train_loss=0.1471 val_loss=0.1766 val_iou=0.8875 val_dice=0.9404 val_precision=0.9342 val_recall=0.9467
[2026-04-17 21:43:25,684] INFO - Epoch [29/80] train_loss=0.1498 val_loss=0.1620 val_iou=0.8937 val_dice=0.9439 val_precision=0.9430 val_recall=0.9448
[2026-04-17 21:44:43,088] INFO - Epoch [30/80] train_loss=0.1434 val_loss=0.1657 val_iou=0.8964 val_dice=0.9454 val_precision=0.9366 val_recall=0.9543
[2026-04-17 21:46:00,811] INFO - Epoch [31/80] train_loss=0.1453 val_loss=0.1697 val_iou=0.8991 val_dice=0.9468 val_precision=0.9483 val_recall=0.9454
[2026-04-17 21:46:01,502] INFO - Saved new best checkpoint at epoch 31 with IoU=0.8991
[2026-04-17 21:47:18,464] INFO - Epoch [32/80] train_loss=0.1438 val_loss=0.1775 val_iou=0.8879 val_dice=0.9406 val_precision=0.9285 val_recall=0.9530
[2026-04-17 21:48:35,863] INFO - Epoch [33/80] train_loss=0.1406 val_loss=0.1613 val_iou=0.8961 val_dice=0.9452 val_precision=0.9425 val_recall=0.9479
[2026-04-17 21:49:53,058] INFO - Epoch [34/80] train_loss=0.1390 val_loss=0.1577 val_iou=0.8996 val_dice=0.9472 val_precision=0.9519 val_recall=0.9425
[2026-04-17 21:49:53,818] INFO - Saved new best checkpoint at epoch 34 with IoU=0.8996
[2026-04-17 21:51:11,181] INFO - Epoch [35/80] train_loss=0.1418 val_loss=0.1783 val_iou=0.8817 val_dice=0.9371 val_precision=0.9208 val_recall=0.9540
[2026-04-17 21:52:28,931] INFO - Epoch [36/80] train_loss=0.1386 val_loss=0.1743 val_iou=0.8983 val_dice=0.9464 val_precision=0.9453 val_recall=0.9475
[2026-04-17 21:53:46,663] INFO - Epoch [37/80] train_loss=0.1407 val_loss=0.1535 val_iou=0.9030 val_dice=0.9490 val_precision=0.9468 val_recall=0.9513
[2026-04-17 21:53:47,375] INFO - Saved new best checkpoint at epoch 37 with IoU=0.9030
[2026-04-17 21:55:04,360] INFO - Epoch [38/80] train_loss=0.1358 val_loss=0.1438 val_iou=0.9039 val_dice=0.9495 val_precision=0.9502 val_recall=0.9489
[2026-04-17 21:55:05,072] INFO - Saved new best checkpoint at epoch 38 with IoU=0.9039
[2026-04-17 21:56:22,119] INFO - Epoch [39/80] train_loss=0.1360 val_loss=0.1385 val_iou=0.9034 val_dice=0.9493 val_precision=0.9538 val_recall=0.9447
[2026-04-17 21:57:39,720] INFO - Epoch [40/80] train_loss=0.1332 val_loss=0.1937 val_iou=0.8967 val_dice=0.9455 val_precision=0.9417 val_recall=0.9493
[2026-04-17 21:58:57,604] INFO - Epoch [41/80] train_loss=0.1322 val_loss=0.1541 val_iou=0.9053 val_dice=0.9503 val_precision=0.9477 val_recall=0.9530
[2026-04-17 21:58:58,267] INFO - Saved new best checkpoint at epoch 41 with IoU=0.9053
[2026-04-17 22:00:15,455] INFO - Epoch [42/80] train_loss=0.1306 val_loss=0.1620 val_iou=0.8943 val_dice=0.9442 val_precision=0.9379 val_recall=0.9506
[2026-04-17 22:01:33,227] INFO - Epoch [43/80] train_loss=0.1311 val_loss=0.1454 val_iou=0.9074 val_dice=0.9514 val_precision=0.9531 val_recall=0.9498
[2026-04-17 22:01:34,125] INFO - Saved new best checkpoint at epoch 43 with IoU=0.9074
[2026-04-17 22:02:51,214] INFO - Epoch [44/80] train_loss=0.1294 val_loss=0.1481 val_iou=0.9094 val_dice=0.9525 val_precision=0.9547 val_recall=0.9504
[2026-04-17 22:02:51,958] INFO - Saved new best checkpoint at epoch 44 with IoU=0.9094
[2026-04-17 22:04:09,152] INFO - Epoch [45/80] train_loss=0.1279 val_loss=0.1492 val_iou=0.9055 val_dice=0.9504 val_precision=0.9479 val_recall=0.9529
[2026-04-17 22:05:26,562] INFO - Epoch [46/80] train_loss=0.1285 val_loss=0.1544 val_iou=0.9029 val_dice=0.9489 val_precision=0.9550 val_recall=0.9430
[2026-04-17 22:06:43,979] INFO - Epoch [47/80] train_loss=0.1266 val_loss=0.1464 val_iou=0.9070 val_dice=0.9513 val_precision=0.9534 val_recall=0.9491
[2026-04-17 22:08:01,409] INFO - Epoch [48/80] train_loss=0.1282 val_loss=0.1424 val_iou=0.9069 val_dice=0.9512 val_precision=0.9540 val_recall=0.9484
[2026-04-17 22:09:18,859] INFO - Epoch [49/80] train_loss=0.1256 val_loss=0.1355 val_iou=0.9104 val_dice=0.9531 val_precision=0.9566 val_recall=0.9497
[2026-04-17 22:09:19,598] INFO - Saved new best checkpoint at epoch 49 with IoU=0.9104
[2026-04-17 22:10:36,944] INFO - Epoch [50/80] train_loss=0.1236 val_loss=0.1381 val_iou=0.9080 val_dice=0.9518 val_precision=0.9521 val_recall=0.9515
[2026-04-17 22:11:54,506] INFO - Epoch [51/80] train_loss=0.1229 val_loss=0.1403 val_iou=0.9109 val_dice=0.9534 val_precision=0.9531 val_recall=0.9536
[2026-04-17 22:11:55,250] INFO - Saved new best checkpoint at epoch 51 with IoU=0.9109
[2026-04-17 22:13:12,498] INFO - Epoch [52/80] train_loss=0.1226 val_loss=0.1363 val_iou=0.9104 val_dice=0.9531 val_precision=0.9558 val_recall=0.9505
[2026-04-17 22:14:30,254] INFO - Epoch [53/80] train_loss=0.1204 val_loss=0.1381 val_iou=0.9092 val_dice=0.9524 val_precision=0.9497 val_recall=0.9552
[2026-04-17 22:15:47,875] INFO - Epoch [54/80] train_loss=0.1214 val_loss=0.1328 val_iou=0.9101 val_dice=0.9529 val_precision=0.9536 val_recall=0.9523
[2026-04-17 22:17:05,364] INFO - Epoch [55/80] train_loss=0.1194 val_loss=0.1425 val_iou=0.9065 val_dice=0.9510 val_precision=0.9518 val_recall=0.9501
[2026-04-17 22:18:23,036] INFO - Epoch [56/80] train_loss=0.1187 val_loss=0.1439 val_iou=0.9054 val_dice=0.9504 val_precision=0.9550 val_recall=0.9457
[2026-04-17 22:19:40,352] INFO - Epoch [57/80] train_loss=0.1193 val_loss=0.1449 val_iou=0.9041 val_dice=0.9496 val_precision=0.9552 val_recall=0.9441
[2026-04-17 22:20:57,920] INFO - Epoch [58/80] train_loss=0.1175 val_loss=0.1395 val_iou=0.9079 val_dice=0.9517 val_precision=0.9537 val_recall=0.9498
[2026-04-17 22:22:15,730] INFO - Epoch [59/80] train_loss=0.1181 val_loss=0.1396 val_iou=0.9088 val_dice=0.9522 val_precision=0.9503 val_recall=0.9542
[2026-04-17 22:23:33,488] INFO - Epoch [60/80] train_loss=0.1168 val_loss=0.1422 val_iou=0.9064 val_dice=0.9509 val_precision=0.9535 val_recall=0.9483
[2026-04-17 22:24:50,934] INFO - Epoch [61/80] train_loss=0.1171 val_loss=0.1435 val_iou=0.9064 val_dice=0.9509 val_precision=0.9485 val_recall=0.9533
[2026-04-17 22:26:08,626] INFO - Epoch [62/80] train_loss=0.1166 val_loss=0.1347 val_iou=0.9107 val_dice=0.9533 val_precision=0.9561 val_recall=0.9504
[2026-04-17 22:27:26,008] INFO - Epoch [63/80] train_loss=0.1160 val_loss=0.1382 val_iou=0.9076 val_dice=0.9515 val_precision=0.9506 val_recall=0.9525
[2026-04-17 22:28:43,841] INFO - Epoch [64/80] train_loss=0.1156 val_loss=0.1324 val_iou=0.9103 val_dice=0.9531 val_precision=0.9555 val_recall=0.9506
[2026-04-17 22:30:01,207] INFO - Epoch [65/80] train_loss=0.1159 val_loss=0.1374 val_iou=0.9085 val_dice=0.9520 val_precision=0.9489 val_recall=0.9552
[2026-04-17 22:31:18,945] INFO - Epoch [66/80] train_loss=0.1143 val_loss=0.1399 val_iou=0.9075 val_dice=0.9515 val_precision=0.9512 val_recall=0.9517
[2026-04-17 22:32:36,216] INFO - Epoch [67/80] train_loss=0.1146 val_loss=0.1400 val_iou=0.9075 val_dice=0.9515 val_precision=0.9526 val_recall=0.9505
[2026-04-17 22:33:53,825] INFO - Epoch [68/80] train_loss=0.1135 val_loss=0.1416 val_iou=0.9073 val_dice=0.9514 val_precision=0.9511 val_recall=0.9517
[2026-04-17 22:35:11,339] INFO - Epoch [69/80] train_loss=0.1141 val_loss=0.1377 val_iou=0.9074 val_dice=0.9514 val_precision=0.9518 val_recall=0.9511
[2026-04-17 22:36:28,769] INFO - Epoch [70/80] train_loss=0.1137 val_loss=0.1467 val_iou=0.9046 val_dice=0.9499 val_precision=0.9475 val_recall=0.9523
[2026-04-17 22:37:46,336] INFO - Epoch [71/80] train_loss=0.1130 val_loss=0.1425 val_iou=0.9071 val_dice=0.9513 val_precision=0.9504 val_recall=0.9521
[2026-04-17 22:39:03,770] INFO - Epoch [72/80] train_loss=0.1129 val_loss=0.1435 val_iou=0.9074 val_dice=0.9515 val_precision=0.9498 val_recall=0.9532
[2026-04-17 22:40:21,461] INFO - Epoch [73/80] train_loss=0.1129 val_loss=0.1402 val_iou=0.9096 val_dice=0.9526 val_precision=0.9545 val_recall=0.9508
[2026-04-17 22:41:39,240] INFO - Epoch [74/80] train_loss=0.1126 val_loss=0.1386 val_iou=0.9094 val_dice=0.9526 val_precision=0.9532 val_recall=0.9520
[2026-04-17 22:42:56,478] INFO - Epoch [75/80] train_loss=0.1129 val_loss=0.1395 val_iou=0.9090 val_dice=0.9523 val_precision=0.9534 val_recall=0.9513
[2026-04-17 22:44:14,107] INFO - Epoch [76/80] train_loss=0.1126 val_loss=0.1419 val_iou=0.9084 val_dice=0.9520 val_precision=0.9520 val_recall=0.9521
[2026-04-17 22:45:31,531] INFO - Epoch [77/80] train_loss=0.1124 val_loss=0.1412 val_iou=0.9091 val_dice=0.9524 val_precision=0.9531 val_recall=0.9517
[2026-04-17 22:46:49,315] INFO - Epoch [78/80] train_loss=0.1122 val_loss=0.1418 val_iou=0.9082 val_dice=0.9519 val_precision=0.9519 val_recall=0.9519
[2026-04-17 22:48:06,849] INFO - Epoch [79/80] train_loss=0.1125 val_loss=0.1404 val_iou=0.9083 val_dice=0.9519 val_precision=0.9526 val_recall=0.9512
[2026-04-17 22:49:24,142] INFO - Epoch [80/80] train_loss=0.1126 val_loss=0.1440 val_iou=0.9073 val_dice=0.9514 val_precision=0.9500 val_recall=0.9528
[2026-04-17 22:49:38,507] INFO - Finished whu_cfull_seed3407. test IoU=0.8924 Dice=0.9431
