[2026-05-01 00:20:02,586] INFO - Starting whu_repro_true_vmamba_boundary_seed123 on device=cuda
[2026-05-01 00:20:02,586] INFO - Train=4736 Val=1036 Test=2416 Params=17926338 boundary_weight=0.50 kernel=3
[2026-05-01 00:21:53,435] INFO - Epoch [1/80] train_loss=0.9178 (seg=0.5202 bnd=0.7953) val_loss=0.8691 (seg=0.5285 bnd=0.6811) val_iou=0.7681 val_dice=0.8688 val_precision=0.8134 val_recall=0.9324
[2026-05-01 00:21:54,012] INFO - Saved new best checkpoint at epoch 1 with IoU=0.7681
[2026-05-01 00:23:43,670] INFO - Epoch [2/80] train_loss=0.6463 (seg=0.3458 bnd=0.6010) val_loss=0.5368 (seg=0.3092 bnd=0.4552) val_iou=0.8071 val_dice=0.8933 val_precision=0.8560 val_recall=0.9339
[2026-05-01 00:23:44,415] INFO - Saved new best checkpoint at epoch 2 with IoU=0.8071
[2026-05-01 00:25:34,133] INFO - Epoch [3/80] train_loss=0.5560 (seg=0.2764 bnd=0.5592) val_loss=0.5205 (seg=0.2973 bnd=0.4463) val_iou=0.8112 val_dice=0.8958 val_precision=0.8592 val_recall=0.9356
[2026-05-01 00:25:34,834] INFO - Saved new best checkpoint at epoch 3 with IoU=0.8112
[2026-05-01 00:27:24,605] INFO - Epoch [4/80] train_loss=0.5120 (seg=0.2451 bnd=0.5339) val_loss=0.4250 (seg=0.2301 bnd=0.3899) val_iou=0.8336 val_dice=0.9092 val_precision=0.8790 val_recall=0.9416
[2026-05-01 00:27:25,350] INFO - Saved new best checkpoint at epoch 4 with IoU=0.8336
[2026-05-01 00:29:15,002] INFO - Epoch [5/80] train_loss=0.4904 (seg=0.2300 bnd=0.5207) val_loss=0.4343 (seg=0.2313 bnd=0.4061) val_iou=0.8587 val_dice=0.9240 val_precision=0.9168 val_recall=0.9312
[2026-05-01 00:29:15,707] INFO - Saved new best checkpoint at epoch 5 with IoU=0.8587
[2026-05-01 00:31:05,385] INFO - Epoch [6/80] train_loss=0.4665 (seg=0.2127 bnd=0.5075) val_loss=0.3951 (seg=0.2029 bnd=0.3845) val_iou=0.8706 val_dice=0.9308 val_precision=0.9191 val_recall=0.9429
[2026-05-01 00:31:06,029] INFO - Saved new best checkpoint at epoch 6 with IoU=0.8706
[2026-05-01 00:32:55,761] INFO - Epoch [7/80] train_loss=0.4504 (seg=0.2012 bnd=0.4984) val_loss=0.3583 (seg=0.1844 bnd=0.3478) val_iou=0.8585 val_dice=0.9238 val_precision=0.9354 val_recall=0.9126
[2026-05-01 00:34:45,760] INFO - Epoch [8/80] train_loss=0.4357 (seg=0.1915 bnd=0.4886) val_loss=0.3703 (seg=0.1895 bnd=0.3615) val_iou=0.8821 val_dice=0.9374 val_precision=0.9395 val_recall=0.9352
[2026-05-01 00:34:46,528] INFO - Saved new best checkpoint at epoch 8 with IoU=0.8821
[2026-05-01 00:36:36,160] INFO - Epoch [9/80] train_loss=0.4310 (seg=0.1885 bnd=0.4850) val_loss=0.3527 (seg=0.1771 bnd=0.3512) val_iou=0.8848 val_dice=0.9389 val_precision=0.9312 val_recall=0.9466
[2026-05-01 00:36:36,920] INFO - Saved new best checkpoint at epoch 9 with IoU=0.8848
[2026-05-01 00:38:26,695] INFO - Epoch [10/80] train_loss=0.4192 (seg=0.1805 bnd=0.4775) val_loss=0.3560 (seg=0.1803 bnd=0.3514) val_iou=0.8803 val_dice=0.9363 val_precision=0.9437 val_recall=0.9290
[2026-05-01 00:40:16,781] INFO - Epoch [11/80] train_loss=0.4132 (seg=0.1763 bnd=0.4737) val_loss=0.3825 (seg=0.1985 bnd=0.3680) val_iou=0.8654 val_dice=0.9278 val_precision=0.9077 val_recall=0.9489
[2026-05-01 00:42:06,826] INFO - Epoch [12/80] train_loss=0.4102 (seg=0.1748 bnd=0.4708) val_loss=0.3630 (seg=0.1847 bnd=0.3568) val_iou=0.8868 val_dice=0.9400 val_precision=0.9355 val_recall=0.9446
[2026-05-01 00:42:07,532] INFO - Saved new best checkpoint at epoch 12 with IoU=0.8868
[2026-05-01 00:43:57,279] INFO - Epoch [13/80] train_loss=0.4042 (seg=0.1700 bnd=0.4684) val_loss=0.3434 (seg=0.1692 bnd=0.3485) val_iou=0.8873 val_dice=0.9403 val_precision=0.9486 val_recall=0.9321
[2026-05-01 00:43:58,059] INFO - Saved new best checkpoint at epoch 13 with IoU=0.8873
[2026-05-01 00:45:47,697] INFO - Epoch [14/80] train_loss=0.4007 (seg=0.1683 bnd=0.4649) val_loss=0.3186 (seg=0.1539 bnd=0.3294) val_iou=0.8931 val_dice=0.9435 val_precision=0.9505 val_recall=0.9366
[2026-05-01 00:45:48,426] INFO - Saved new best checkpoint at epoch 14 with IoU=0.8931
[2026-05-01 00:47:37,995] INFO - Epoch [15/80] train_loss=0.3927 (seg=0.1626 bnd=0.4601) val_loss=0.3608 (seg=0.1836 bnd=0.3543) val_iou=0.8827 val_dice=0.9377 val_precision=0.9257 val_recall=0.9500
[2026-05-01 00:49:28,051] INFO - Epoch [16/80] train_loss=0.3914 (seg=0.1620 bnd=0.4587) val_loss=0.3022 (seg=0.1433 bnd=0.3176) val_iou=0.8958 val_dice=0.9450 val_precision=0.9468 val_recall=0.9433
[2026-05-01 00:49:28,818] INFO - Saved new best checkpoint at epoch 16 with IoU=0.8958
[2026-05-01 00:51:18,395] INFO - Epoch [17/80] train_loss=0.3815 (seg=0.1551 bnd=0.4528) val_loss=0.3148 (seg=0.1495 bnd=0.3306) val_iou=0.8928 val_dice=0.9434 val_precision=0.9362 val_recall=0.9507
[2026-05-01 00:53:08,412] INFO - Epoch [18/80] train_loss=0.3771 (seg=0.1527 bnd=0.4488) val_loss=0.3535 (seg=0.1782 bnd=0.3506) val_iou=0.8869 val_dice=0.9401 val_precision=0.9319 val_recall=0.9484
[2026-05-01 00:54:58,439] INFO - Epoch [19/80] train_loss=0.3753 (seg=0.1513 bnd=0.4479) val_loss=0.3330 (seg=0.1664 bnd=0.3331) val_iou=0.8882 val_dice=0.9408 val_precision=0.9247 val_recall=0.9575
[2026-05-01 00:56:48,558] INFO - Epoch [20/80] train_loss=0.3724 (seg=0.1501 bnd=0.4447) val_loss=0.3220 (seg=0.1564 bnd=0.3311) val_iou=0.8864 val_dice=0.9398 val_precision=0.9526 val_recall=0.9273
[2026-05-01 00:58:38,602] INFO - Epoch [21/80] train_loss=0.3733 (seg=0.1511 bnd=0.4445) val_loss=0.3959 (seg=0.2138 bnd=0.3642) val_iou=0.8579 val_dice=0.9235 val_precision=0.8917 val_recall=0.9576
[2026-05-01 01:00:28,697] INFO - Epoch [22/80] train_loss=0.3675 (seg=0.1476 bnd=0.4398) val_loss=0.2933 (seg=0.1382 bnd=0.3103) val_iou=0.9056 val_dice=0.9505 val_precision=0.9596 val_recall=0.9416
[2026-05-01 01:00:29,453] INFO - Saved new best checkpoint at epoch 22 with IoU=0.9056
[2026-05-01 01:02:19,084] INFO - Epoch [23/80] train_loss=0.3618 (seg=0.1438 bnd=0.4361) val_loss=0.3065 (seg=0.1455 bnd=0.3219) val_iou=0.8990 val_dice=0.9468 val_precision=0.9504 val_recall=0.9432
[2026-05-01 01:04:09,135] INFO - Epoch [24/80] train_loss=0.3584 (seg=0.1420 bnd=0.4328) val_loss=0.3053 (seg=0.1455 bnd=0.3195) val_iou=0.9035 val_dice=0.9493 val_precision=0.9544 val_recall=0.9442
[2026-05-01 01:05:59,148] INFO - Epoch [25/80] train_loss=0.3552 (seg=0.1401 bnd=0.4301) val_loss=0.2893 (seg=0.1359 bnd=0.3067) val_iou=0.9065 val_dice=0.9510 val_precision=0.9570 val_recall=0.9450
[2026-05-01 01:05:59,907] INFO - Saved new best checkpoint at epoch 25 with IoU=0.9065
[2026-05-01 01:07:49,549] INFO - Epoch [26/80] train_loss=0.3508 (seg=0.1383 bnd=0.4251) val_loss=0.3209 (seg=0.1573 bnd=0.3272) val_iou=0.8866 val_dice=0.9399 val_precision=0.9222 val_recall=0.9583
[2026-05-01 01:09:39,516] INFO - Epoch [27/80] train_loss=0.3475 (seg=0.1366 bnd=0.4220) val_loss=0.3095 (seg=0.1483 bnd=0.3223) val_iou=0.9025 val_dice=0.9488 val_precision=0.9512 val_recall=0.9463
[2026-05-01 01:11:29,488] INFO - Epoch [28/80] train_loss=0.3438 (seg=0.1347 bnd=0.4181) val_loss=0.2893 (seg=0.1348 bnd=0.3090) val_iou=0.9034 val_dice=0.9492 val_precision=0.9508 val_recall=0.9477
[2026-05-01 01:13:19,493] INFO - Epoch [29/80] train_loss=0.3371 (seg=0.1311 bnd=0.4121) val_loss=0.2919 (seg=0.1356 bnd=0.3126) val_iou=0.9043 val_dice=0.9497 val_precision=0.9572 val_recall=0.9424
[2026-05-01 01:15:09,555] INFO - Epoch [30/80] train_loss=0.3349 (seg=0.1300 bnd=0.4097) val_loss=0.2829 (seg=0.1286 bnd=0.3086) val_iou=0.9090 val_dice=0.9523 val_precision=0.9546 val_recall=0.9500
[2026-05-01 01:15:10,343] INFO - Saved new best checkpoint at epoch 30 with IoU=0.9090
[2026-05-01 01:16:59,953] INFO - Epoch [31/80] train_loss=0.3306 (seg=0.1283 bnd=0.4046) val_loss=0.2880 (seg=0.1314 bnd=0.3132) val_iou=0.9085 val_dice=0.9520 val_precision=0.9524 val_recall=0.9517
[2026-05-01 01:18:50,058] INFO - Epoch [32/80] train_loss=0.3247 (seg=0.1250 bnd=0.3995) val_loss=0.3076 (seg=0.1471 bnd=0.3209) val_iou=0.9048 val_dice=0.9500 val_precision=0.9551 val_recall=0.9450
[2026-05-01 01:20:40,097] INFO - Epoch [33/80] train_loss=0.3240 (seg=0.1249 bnd=0.3980) val_loss=0.2903 (seg=0.1344 bnd=0.3119) val_iou=0.9010 val_dice=0.9479 val_precision=0.9453 val_recall=0.9506
[2026-05-01 01:22:30,178] INFO - Epoch [34/80] train_loss=0.3246 (seg=0.1253 bnd=0.3986) val_loss=0.2846 (seg=0.1300 bnd=0.3091) val_iou=0.9064 val_dice=0.9509 val_precision=0.9557 val_recall=0.9461
[2026-05-01 01:24:20,304] INFO - Epoch [35/80] train_loss=0.3159 (seg=0.1205 bnd=0.3910) val_loss=0.3003 (seg=0.1417 bnd=0.3172) val_iou=0.9034 val_dice=0.9492 val_precision=0.9471 val_recall=0.9514
[2026-05-01 01:26:10,405] INFO - Epoch [36/80] train_loss=0.3165 (seg=0.1205 bnd=0.3921) val_loss=0.2934 (seg=0.1344 bnd=0.3179) val_iou=0.9065 val_dice=0.9510 val_precision=0.9540 val_recall=0.9480
[2026-05-01 01:28:00,419] INFO - Epoch [37/80] train_loss=0.3154 (seg=0.1208 bnd=0.3892) val_loss=0.2951 (seg=0.1370 bnd=0.3162) val_iou=0.9077 val_dice=0.9516 val_precision=0.9553 val_recall=0.9480
[2026-05-01 01:29:50,571] INFO - Epoch [38/80] train_loss=0.3120 (seg=0.1187 bnd=0.3866) val_loss=0.2844 (seg=0.1300 bnd=0.3088) val_iou=0.9095 val_dice=0.9526 val_precision=0.9503 val_recall=0.9549
[2026-05-01 01:29:51,369] INFO - Saved new best checkpoint at epoch 38 with IoU=0.9095
[2026-05-01 01:31:41,000] INFO - Epoch [39/80] train_loss=0.3074 (seg=0.1162 bnd=0.3824) val_loss=0.2887 (seg=0.1349 bnd=0.3076) val_iou=0.9104 val_dice=0.9531 val_precision=0.9622 val_recall=0.9441
[2026-05-01 01:31:41,747] INFO - Saved new best checkpoint at epoch 39 with IoU=0.9104
[2026-05-01 01:33:31,411] INFO - Epoch [40/80] train_loss=0.3072 (seg=0.1157 bnd=0.3829) val_loss=0.2891 (seg=0.1316 bnd=0.3149) val_iou=0.9075 val_dice=0.9515 val_precision=0.9541 val_recall=0.9489
[2026-05-01 01:35:21,527] INFO - Epoch [41/80] train_loss=0.3032 (seg=0.1140 bnd=0.3785) val_loss=0.2735 (seg=0.1218 bnd=0.3034) val_iou=0.9106 val_dice=0.9532 val_precision=0.9555 val_recall=0.9509
[2026-05-01 01:35:22,307] INFO - Saved new best checkpoint at epoch 41 with IoU=0.9106
[2026-05-01 01:37:12,013] INFO - Epoch [42/80] train_loss=0.3019 (seg=0.1136 bnd=0.3766) val_loss=0.3055 (seg=0.1427 bnd=0.3257) val_iou=0.9086 val_dice=0.9521 val_precision=0.9533 val_recall=0.9510
[2026-05-01 01:39:02,196] INFO - Epoch [43/80] train_loss=0.3007 (seg=0.1124 bnd=0.3767) val_loss=0.3034 (seg=0.1429 bnd=0.3211) val_iou=0.9108 val_dice=0.9533 val_precision=0.9568 val_recall=0.9499
[2026-05-01 01:39:02,907] INFO - Saved new best checkpoint at epoch 43 with IoU=0.9108
[2026-05-01 01:40:52,710] INFO - Epoch [44/80] train_loss=0.2997 (seg=0.1125 bnd=0.3744) val_loss=0.3098 (seg=0.1429 bnd=0.3337) val_iou=0.9082 val_dice=0.9519 val_precision=0.9575 val_recall=0.9464
[2026-05-01 01:42:42,666] INFO - Epoch [45/80] train_loss=0.2958 (seg=0.1100 bnd=0.3716) val_loss=0.2860 (seg=0.1314 bnd=0.3092) val_iou=0.9118 val_dice=0.9539 val_precision=0.9566 val_recall=0.9512
[2026-05-01 01:42:43,479] INFO - Saved new best checkpoint at epoch 45 with IoU=0.9118
[2026-05-01 01:44:33,223] INFO - Epoch [46/80] train_loss=0.2946 (seg=0.1096 bnd=0.3700) val_loss=0.2764 (seg=0.1247 bnd=0.3033) val_iou=0.9121 val_dice=0.9540 val_precision=0.9598 val_recall=0.9483
[2026-05-01 01:44:34,013] INFO - Saved new best checkpoint at epoch 46 with IoU=0.9121
[2026-05-01 01:46:23,677] INFO - Epoch [47/80] train_loss=0.2947 (seg=0.1099 bnd=0.3696) val_loss=0.2897 (seg=0.1322 bnd=0.3149) val_iou=0.9080 val_dice=0.9518 val_precision=0.9492 val_recall=0.9543
[2026-05-01 01:48:13,802] INFO - Epoch [48/80] train_loss=0.2919 (seg=0.1085 bnd=0.3667) val_loss=0.2847 (seg=0.1296 bnd=0.3101) val_iou=0.9080 val_dice=0.9518 val_precision=0.9575 val_recall=0.9461
[2026-05-01 01:50:03,870] INFO - Epoch [49/80] train_loss=0.2885 (seg=0.1067 bnd=0.3634) val_loss=0.2804 (seg=0.1254 bnd=0.3100) val_iou=0.9094 val_dice=0.9526 val_precision=0.9563 val_recall=0.9489
[2026-05-01 01:51:54,030] INFO - Epoch [50/80] train_loss=0.2867 (seg=0.1054 bnd=0.3625) val_loss=0.2948 (seg=0.1349 bnd=0.3198) val_iou=0.9104 val_dice=0.9531 val_precision=0.9602 val_recall=0.9460
[2026-05-01 01:53:44,130] INFO - Epoch [51/80] train_loss=0.2853 (seg=0.1053 bnd=0.3599) val_loss=0.2907 (seg=0.1343 bnd=0.3128) val_iou=0.9106 val_dice=0.9532 val_precision=0.9544 val_recall=0.9521
[2026-05-01 01:55:34,185] INFO - Epoch [52/80] train_loss=0.2834 (seg=0.1043 bnd=0.3581) val_loss=0.2821 (seg=0.1267 bnd=0.3108) val_iou=0.9109 val_dice=0.9534 val_precision=0.9570 val_recall=0.9498
[2026-05-01 01:57:24,273] INFO - Epoch [53/80] train_loss=0.2813 (seg=0.1030 bnd=0.3567) val_loss=0.2767 (seg=0.1230 bnd=0.3076) val_iou=0.9130 val_dice=0.9545 val_precision=0.9607 val_recall=0.9485
[2026-05-01 01:57:25,068] INFO - Saved new best checkpoint at epoch 53 with IoU=0.9130
[2026-05-01 01:59:14,746] INFO - Epoch [54/80] train_loss=0.2823 (seg=0.1039 bnd=0.3568) val_loss=0.2791 (seg=0.1240 bnd=0.3102) val_iou=0.9106 val_dice=0.9532 val_precision=0.9560 val_recall=0.9504
[2026-05-01 02:01:04,829] INFO - Epoch [55/80] train_loss=0.2766 (seg=0.1005 bnd=0.3522) val_loss=0.2768 (seg=0.1223 bnd=0.3091) val_iou=0.9119 val_dice=0.9539 val_precision=0.9556 val_recall=0.9522
[2026-05-01 02:02:54,954] INFO - Epoch [56/80] train_loss=0.2774 (seg=0.1010 bnd=0.3529) val_loss=0.2784 (seg=0.1239 bnd=0.3091) val_iou=0.9120 val_dice=0.9540 val_precision=0.9573 val_recall=0.9506
[2026-05-01 02:04:44,921] INFO - Epoch [57/80] train_loss=0.2755 (seg=0.1005 bnd=0.3501) val_loss=0.2953 (seg=0.1363 bnd=0.3180) val_iou=0.9122 val_dice=0.9541 val_precision=0.9574 val_recall=0.9507
[2026-05-01 02:06:34,926] INFO - Epoch [58/80] train_loss=0.2748 (seg=0.1002 bnd=0.3492) val_loss=0.3104 (seg=0.1449 bnd=0.3309) val_iou=0.9066 val_dice=0.9510 val_precision=0.9498 val_recall=0.9522
[2026-05-01 02:08:24,933] INFO - Epoch [59/80] train_loss=0.2740 (seg=0.0997 bnd=0.3486) val_loss=0.2856 (seg=0.1288 bnd=0.3136) val_iou=0.9126 val_dice=0.9543 val_precision=0.9545 val_recall=0.9541
[2026-05-01 02:10:15,069] INFO - Epoch [60/80] train_loss=0.2727 (seg=0.0989 bnd=0.3476) val_loss=0.2974 (seg=0.1380 bnd=0.3188) val_iou=0.9132 val_dice=0.9546 val_precision=0.9544 val_recall=0.9548
[2026-05-01 02:10:15,889] INFO - Saved new best checkpoint at epoch 60 with IoU=0.9132
[2026-05-01 02:12:05,471] INFO - Epoch [61/80] train_loss=0.2710 (seg=0.0977 bnd=0.3466) val_loss=0.2809 (seg=0.1256 bnd=0.3107) val_iou=0.9133 val_dice=0.9547 val_precision=0.9563 val_recall=0.9531
[2026-05-01 02:12:06,271] INFO - Saved new best checkpoint at epoch 61 with IoU=0.9133
[2026-05-01 02:13:55,936] INFO - Epoch [62/80] train_loss=0.2693 (seg=0.0978 bnd=0.3431) val_loss=0.2989 (seg=0.1391 bnd=0.3197) val_iou=0.9126 val_dice=0.9543 val_precision=0.9557 val_recall=0.9529
[2026-05-01 02:15:46,149] INFO - Epoch [63/80] train_loss=0.2695 (seg=0.0975 bnd=0.3441) val_loss=0.2825 (seg=0.1265 bnd=0.3121) val_iou=0.9126 val_dice=0.9543 val_precision=0.9565 val_recall=0.9521
[2026-05-01 02:17:36,188] INFO - Epoch [64/80] train_loss=0.2675 (seg=0.0966 bnd=0.3417) val_loss=0.2878 (seg=0.1296 bnd=0.3164) val_iou=0.9131 val_dice=0.9546 val_precision=0.9556 val_recall=0.9535
[2026-05-01 02:19:26,188] INFO - Epoch [65/80] train_loss=0.2676 (seg=0.0964 bnd=0.3424) val_loss=0.2784 (seg=0.1239 bnd=0.3090) val_iou=0.9132 val_dice=0.9546 val_precision=0.9582 val_recall=0.9511
[2026-05-01 02:21:16,231] INFO - Epoch [66/80] train_loss=0.2668 (seg=0.0962 bnd=0.3412) val_loss=0.2757 (seg=0.1223 bnd=0.3068) val_iou=0.9126 val_dice=0.9543 val_precision=0.9578 val_recall=0.9509
[2026-05-01 02:23:06,419] INFO - Epoch [67/80] train_loss=0.2655 (seg=0.0954 bnd=0.3401) val_loss=0.2929 (seg=0.1341 bnd=0.3176) val_iou=0.9124 val_dice=0.9542 val_precision=0.9586 val_recall=0.9499
[2026-05-01 02:24:56,496] INFO - Epoch [68/80] train_loss=0.2667 (seg=0.0963 bnd=0.3407) val_loss=0.2835 (seg=0.1282 bnd=0.3105) val_iou=0.9130 val_dice=0.9545 val_precision=0.9582 val_recall=0.9509
[2026-05-01 02:26:46,617] INFO - Epoch [69/80] train_loss=0.2641 (seg=0.0948 bnd=0.3387) val_loss=0.2790 (seg=0.1245 bnd=0.3090) val_iou=0.9122 val_dice=0.9541 val_precision=0.9573 val_recall=0.9509
[2026-05-01 02:28:36,880] INFO - Epoch [70/80] train_loss=0.2652 (seg=0.0955 bnd=0.3394) val_loss=0.2753 (seg=0.1218 bnd=0.3070) val_iou=0.9124 val_dice=0.9542 val_precision=0.9556 val_recall=0.9528
[2026-05-01 02:30:26,852] INFO - Epoch [71/80] train_loss=0.2637 (seg=0.0947 bnd=0.3379) val_loss=0.2747 (seg=0.1218 bnd=0.3058) val_iou=0.9131 val_dice=0.9546 val_precision=0.9587 val_recall=0.9505
[2026-05-01 02:32:17,121] INFO - Epoch [72/80] train_loss=0.2644 (seg=0.0951 bnd=0.3387) val_loss=0.2759 (seg=0.1223 bnd=0.3071) val_iou=0.9129 val_dice=0.9545 val_precision=0.9574 val_recall=0.9516
[2026-05-01 02:34:07,176] INFO - Epoch [73/80] train_loss=0.2632 (seg=0.0945 bnd=0.3374) val_loss=0.2828 (seg=0.1268 bnd=0.3121) val_iou=0.9129 val_dice=0.9545 val_precision=0.9574 val_recall=0.9515
[2026-05-01 02:35:57,386] INFO - Epoch [74/80] train_loss=0.2639 (seg=0.0948 bnd=0.3383) val_loss=0.2773 (seg=0.1238 bnd=0.3071) val_iou=0.9131 val_dice=0.9546 val_precision=0.9568 val_recall=0.9523
[2026-05-01 02:37:47,484] INFO - Epoch [75/80] train_loss=0.2626 (seg=0.0941 bnd=0.3370) val_loss=0.2761 (seg=0.1226 bnd=0.3071) val_iou=0.9132 val_dice=0.9546 val_precision=0.9578 val_recall=0.9514
[2026-05-01 02:39:37,528] INFO - Epoch [76/80] train_loss=0.2619 (seg=0.0937 bnd=0.3365) val_loss=0.2751 (seg=0.1217 bnd=0.3068) val_iou=0.9133 val_dice=0.9547 val_precision=0.9577 val_recall=0.9517
[2026-05-01 02:41:27,527] INFO - Epoch [77/80] train_loss=0.2615 (seg=0.0934 bnd=0.3362) val_loss=0.2771 (seg=0.1238 bnd=0.3066) val_iou=0.9131 val_dice=0.9545 val_precision=0.9578 val_recall=0.9514
[2026-05-01 02:43:17,658] INFO - Epoch [78/80] train_loss=0.2628 (seg=0.0941 bnd=0.3372) val_loss=0.2789 (seg=0.1244 bnd=0.3089) val_iou=0.9130 val_dice=0.9545 val_precision=0.9583 val_recall=0.9508
[2026-05-01 02:45:07,613] INFO - Epoch [79/80] train_loss=0.2615 (seg=0.0937 bnd=0.3357) val_loss=0.2751 (seg=0.1221 bnd=0.3058) val_iou=0.9130 val_dice=0.9545 val_precision=0.9598 val_recall=0.9493
[2026-05-01 02:46:57,694] INFO - Epoch [80/80] train_loss=0.2624 (seg=0.0940 bnd=0.3368) val_loss=0.2773 (seg=0.1240 bnd=0.3067) val_iou=0.9129 val_dice=0.9544 val_precision=0.9576 val_recall=0.9513
[2026-05-01 02:47:12,729] INFO - Finished whu_repro_true_vmamba_boundary_seed123. test IoU=0.9013 Dice=0.9481
