[2026-05-01 03:36:02,023] INFO - Starting whu_deterministic_simplified_boundary_seed42 on device=cuda
[2026-05-01 03:36:02,023] INFO - Deterministic setup: seed=42 cudnn.deterministic=True cudnn.benchmark=False deterministic_algorithms=True train_loader_generator_seed=42 worker_init_fn=enabled
[2026-05-01 03:36:02,024] INFO - Train=4736 Val=1036 Test=2416 Params=17915010 boundary_weight=0.50 kernel=3
[2026-05-01 03:38:23,645] INFO - Epoch [1/80] train_loss=0.9023 (seg=0.5071 bnd=0.7903) val_loss=0.6298 (seg=0.3708 bnd=0.5181) val_iou=0.7757 val_dice=0.8737 val_precision=0.8566 val_recall=0.8914
[2026-05-01 03:38:24,274] INFO - Saved new best checkpoint at epoch 1 with IoU=0.7757
[2026-05-01 03:40:45,482] INFO - Epoch [2/80] train_loss=0.6315 (seg=0.3329 bnd=0.5972) val_loss=0.5449 (seg=0.3203 bnd=0.4492) val_iou=0.7718 val_dice=0.8712 val_precision=0.8155 val_recall=0.9351
[2026-05-01 03:43:06,366] INFO - Epoch [3/80] train_loss=0.5582 (seg=0.2803 bnd=0.5559) val_loss=0.5342 (seg=0.3140 bnd=0.4404) val_iou=0.7697 val_dice=0.8698 val_precision=0.8126 val_recall=0.9358
[2026-05-01 03:45:27,188] INFO - Epoch [4/80] train_loss=0.5165 (seg=0.2489 bnd=0.5353) val_loss=0.5096 (seg=0.2851 bnd=0.4491) val_iou=0.8324 val_dice=0.9085 val_precision=0.8775 val_recall=0.9419
[2026-05-01 03:45:27,970] INFO - Saved new best checkpoint at epoch 4 with IoU=0.8324
[2026-05-01 03:47:48,532] INFO - Epoch [5/80] train_loss=0.4942 (seg=0.2329 bnd=0.5226) val_loss=0.5204 (seg=0.2981 bnd=0.4446) val_iou=0.8287 val_dice=0.9063 val_precision=0.9140 val_recall=0.8989
[2026-05-01 03:50:09,527] INFO - Epoch [6/80] train_loss=0.4815 (seg=0.2251 bnd=0.5128) val_loss=0.4674 (seg=0.2644 bnd=0.4061) val_iou=0.8184 val_dice=0.9001 val_precision=0.8750 val_recall=0.9267
[2026-05-01 03:52:30,370] INFO - Epoch [7/80] train_loss=0.4649 (seg=0.2127 bnd=0.5042) val_loss=0.4357 (seg=0.2391 bnd=0.3931) val_iou=0.8390 val_dice=0.9124 val_precision=0.8949 val_recall=0.9306
[2026-05-01 03:52:31,016] INFO - Saved new best checkpoint at epoch 7 with IoU=0.8390
[2026-05-01 03:54:51,459] INFO - Epoch [8/80] train_loss=0.4470 (seg=0.2001 bnd=0.4939) val_loss=0.4131 (seg=0.2175 bnd=0.3911) val_iou=0.8646 val_dice=0.9274 val_precision=0.9054 val_recall=0.9505
[2026-05-01 03:54:52,240] INFO - Saved new best checkpoint at epoch 8 with IoU=0.8646
[2026-05-01 03:57:12,697] INFO - Epoch [9/80] train_loss=0.4362 (seg=0.1928 bnd=0.4868) val_loss=0.4013 (seg=0.2095 bnd=0.3837) val_iou=0.8689 val_dice=0.9299 val_precision=0.9130 val_recall=0.9474
[2026-05-01 03:57:13,340] INFO - Saved new best checkpoint at epoch 9 with IoU=0.8689
[2026-05-01 03:59:33,877] INFO - Epoch [10/80] train_loss=0.4308 (seg=0.1889 bnd=0.4838) val_loss=0.3692 (seg=0.1910 bnd=0.3564) val_iou=0.8698 val_dice=0.9304 val_precision=0.9390 val_recall=0.9218
[2026-05-01 03:59:34,645] INFO - Saved new best checkpoint at epoch 10 with IoU=0.8698
[2026-05-01 04:01:55,119] INFO - Epoch [11/80] train_loss=0.4275 (seg=0.1874 bnd=0.4802) val_loss=0.3594 (seg=0.1851 bnd=0.3487) val_iou=0.8813 val_dice=0.9369 val_precision=0.9473 val_recall=0.9267
[2026-05-01 04:01:55,767] INFO - Saved new best checkpoint at epoch 11 with IoU=0.8813
[2026-05-01 04:04:16,340] INFO - Epoch [12/80] train_loss=0.4130 (seg=0.1768 bnd=0.4725) val_loss=0.3363 (seg=0.1659 bnd=0.3407) val_iou=0.8793 val_dice=0.9358 val_precision=0.9362 val_recall=0.9354
[2026-05-01 04:06:37,218] INFO - Epoch [13/80] train_loss=0.4141 (seg=0.1776 bnd=0.4730) val_loss=0.4073 (seg=0.2257 bnd=0.3631) val_iou=0.8437 val_dice=0.9152 val_precision=0.8936 val_recall=0.9380
[2026-05-01 04:08:58,189] INFO - Epoch [14/80] train_loss=0.4063 (seg=0.1727 bnd=0.4671) val_loss=0.3915 (seg=0.2061 bnd=0.3707) val_iou=0.8642 val_dice=0.9271 val_precision=0.9162 val_recall=0.9383
[2026-05-01 04:11:19,160] INFO - Epoch [15/80] train_loss=0.3967 (seg=0.1658 bnd=0.4617) val_loss=0.3665 (seg=0.1854 bnd=0.3622) val_iou=0.8808 val_dice=0.9366 val_precision=0.9409 val_recall=0.9324
[2026-05-01 04:13:39,963] INFO - Epoch [16/80] train_loss=0.3961 (seg=0.1661 bnd=0.4601) val_loss=0.3672 (seg=0.1922 bnd=0.3501) val_iou=0.8804 val_dice=0.9364 val_precision=0.9373 val_recall=0.9355
[2026-05-01 04:16:00,806] INFO - Epoch [17/80] train_loss=0.3916 (seg=0.1626 bnd=0.4581) val_loss=0.3234 (seg=0.1572 bnd=0.3324) val_iou=0.8956 val_dice=0.9449 val_precision=0.9493 val_recall=0.9406
[2026-05-01 04:16:01,463] INFO - Saved new best checkpoint at epoch 17 with IoU=0.8956
[2026-05-01 04:18:21,999] INFO - Epoch [18/80] train_loss=0.3873 (seg=0.1599 bnd=0.4549) val_loss=0.3159 (seg=0.1530 bnd=0.3258) val_iou=0.8872 val_dice=0.9402 val_precision=0.9513 val_recall=0.9294
[2026-05-01 04:20:42,916] INFO - Epoch [19/80] train_loss=0.3855 (seg=0.1592 bnd=0.4526) val_loss=0.3669 (seg=0.1919 bnd=0.3500) val_iou=0.8725 val_dice=0.9319 val_precision=0.9202 val_recall=0.9440
[2026-05-01 04:23:03,834] INFO - Epoch [20/80] train_loss=0.3798 (seg=0.1551 bnd=0.4493) val_loss=0.3269 (seg=0.1627 bnd=0.3284) val_iou=0.8866 val_dice=0.9399 val_precision=0.9432 val_recall=0.9366
[2026-05-01 04:25:24,778] INFO - Epoch [21/80] train_loss=0.3761 (seg=0.1531 bnd=0.4462) val_loss=0.3215 (seg=0.1566 bnd=0.3297) val_iou=0.8953 val_dice=0.9448 val_precision=0.9432 val_recall=0.9464
[2026-05-01 04:27:45,667] INFO - Epoch [22/80] train_loss=0.3733 (seg=0.1514 bnd=0.4438) val_loss=0.3088 (seg=0.1457 bnd=0.3263) val_iou=0.8989 val_dice=0.9467 val_precision=0.9429 val_recall=0.9506
[2026-05-01 04:27:46,425] INFO - Saved new best checkpoint at epoch 22 with IoU=0.8989
[2026-05-01 04:30:06,914] INFO - Epoch [23/80] train_loss=0.3703 (seg=0.1495 bnd=0.4416) val_loss=0.3072 (seg=0.1457 bnd=0.3231) val_iou=0.8998 val_dice=0.9473 val_precision=0.9468 val_recall=0.9478
[2026-05-01 04:30:07,682] INFO - Saved new best checkpoint at epoch 23 with IoU=0.8998
[2026-05-01 04:32:28,143] INFO - Epoch [24/80] train_loss=0.3680 (seg=0.1483 bnd=0.4393) val_loss=0.3125 (seg=0.1480 bnd=0.3289) val_iou=0.8968 val_dice=0.9456 val_precision=0.9408 val_recall=0.9504
[2026-05-01 04:34:48,975] INFO - Epoch [25/80] train_loss=0.3652 (seg=0.1464 bnd=0.4376) val_loss=0.3159 (seg=0.1551 bnd=0.3216) val_iou=0.8916 val_dice=0.9427 val_precision=0.9376 val_recall=0.9478
[2026-05-01 04:37:09,860] INFO - Epoch [26/80] train_loss=0.3580 (seg=0.1419 bnd=0.4323) val_loss=0.3277 (seg=0.1626 bnd=0.3303) val_iou=0.8834 val_dice=0.9381 val_precision=0.9308 val_recall=0.9454
[2026-05-01 04:39:30,796] INFO - Epoch [27/80] train_loss=0.3580 (seg=0.1423 bnd=0.4312) val_loss=0.3048 (seg=0.1434 bnd=0.3228) val_iou=0.9059 val_dice=0.9506 val_precision=0.9503 val_recall=0.9509
[2026-05-01 04:39:31,496] INFO - Saved new best checkpoint at epoch 27 with IoU=0.9059
[2026-05-01 04:41:52,178] INFO - Epoch [28/80] train_loss=0.3558 (seg=0.1408 bnd=0.4299) val_loss=0.3369 (seg=0.1689 bnd=0.3359) val_iou=0.8923 val_dice=0.9431 val_precision=0.9408 val_recall=0.9453
[2026-05-01 04:44:12,941] INFO - Epoch [29/80] train_loss=0.3517 (seg=0.1383 bnd=0.4268) val_loss=0.2953 (seg=0.1362 bnd=0.3183) val_iou=0.9049 val_dice=0.9501 val_precision=0.9529 val_recall=0.9473
[2026-05-01 04:46:33,966] INFO - Epoch [30/80] train_loss=0.3493 (seg=0.1366 bnd=0.4253) val_loss=0.3544 (seg=0.1841 bnd=0.3406) val_iou=0.8799 val_dice=0.9361 val_precision=0.9200 val_recall=0.9528
[2026-05-01 04:48:54,781] INFO - Epoch [31/80] train_loss=0.3460 (seg=0.1346 bnd=0.4229) val_loss=0.3351 (seg=0.1642 bnd=0.3418) val_iou=0.9008 val_dice=0.9478 val_precision=0.9421 val_recall=0.9535
[2026-05-01 04:51:15,607] INFO - Epoch [32/80] train_loss=0.3455 (seg=0.1349 bnd=0.4212) val_loss=0.2956 (seg=0.1404 bnd=0.3105) val_iou=0.9079 val_dice=0.9517 val_precision=0.9528 val_recall=0.9506
[2026-05-01 04:51:16,243] INFO - Saved new best checkpoint at epoch 32 with IoU=0.9079
[2026-05-01 04:53:36,803] INFO - Epoch [33/80] train_loss=0.3421 (seg=0.1330 bnd=0.4183) val_loss=0.2894 (seg=0.1350 bnd=0.3088) val_iou=0.9056 val_dice=0.9505 val_precision=0.9600 val_recall=0.9412
[2026-05-01 04:55:57,991] INFO - Epoch [34/80] train_loss=0.3385 (seg=0.1304 bnd=0.4162) val_loss=0.2875 (seg=0.1324 bnd=0.3101) val_iou=0.9044 val_dice=0.9498 val_precision=0.9531 val_recall=0.9466
[2026-05-01 04:58:18,847] INFO - Epoch [35/80] train_loss=0.3408 (seg=0.1322 bnd=0.4172) val_loss=0.2892 (seg=0.1346 bnd=0.3091) val_iou=0.9077 val_dice=0.9516 val_precision=0.9571 val_recall=0.9461
[2026-05-01 05:00:39,807] INFO - Epoch [36/80] train_loss=0.3327 (seg=0.1267 bnd=0.4119) val_loss=0.3104 (seg=0.1515 bnd=0.3176) val_iou=0.8968 val_dice=0.9456 val_precision=0.9428 val_recall=0.9484
[2026-05-01 05:03:00,569] INFO - Epoch [37/80] train_loss=0.3317 (seg=0.1266 bnd=0.4101) val_loss=0.3112 (seg=0.1491 bnd=0.3242) val_iou=0.9053 val_dice=0.9503 val_precision=0.9444 val_recall=0.9563
[2026-05-01 05:05:21,348] INFO - Epoch [38/80] train_loss=0.3291 (seg=0.1246 bnd=0.4090) val_loss=0.3273 (seg=0.1627 bnd=0.3292) val_iou=0.8987 val_dice=0.9467 val_precision=0.9481 val_recall=0.9452
[2026-05-01 05:07:42,365] INFO - Epoch [39/80] train_loss=0.3262 (seg=0.1237 bnd=0.4050) val_loss=0.3107 (seg=0.1473 bnd=0.3269) val_iou=0.9080 val_dice=0.9518 val_precision=0.9514 val_recall=0.9521
[2026-05-01 05:07:43,124] INFO - Saved new best checkpoint at epoch 39 with IoU=0.9080
[2026-05-01 05:10:03,623] INFO - Epoch [40/80] train_loss=0.3270 (seg=0.1240 bnd=0.4060) val_loss=0.3182 (seg=0.1597 bnd=0.3170) val_iou=0.8883 val_dice=0.9409 val_precision=0.9272 val_recall=0.9549
[2026-05-01 05:12:24,478] INFO - Epoch [41/80] train_loss=0.3264 (seg=0.1240 bnd=0.4050) val_loss=0.2954 (seg=0.1404 bnd=0.3100) val_iou=0.9016 val_dice=0.9482 val_precision=0.9495 val_recall=0.9470
[2026-05-01 05:14:45,455] INFO - Epoch [42/80] train_loss=0.3204 (seg=0.1200 bnd=0.4009) val_loss=0.3152 (seg=0.1573 bnd=0.3158) val_iou=0.8883 val_dice=0.9409 val_precision=0.9371 val_recall=0.9447
[2026-05-01 05:17:06,352] INFO - Epoch [43/80] train_loss=0.3221 (seg=0.1207 bnd=0.4027) val_loss=0.3070 (seg=0.1492 bnd=0.3157) val_iou=0.9056 val_dice=0.9504 val_precision=0.9493 val_recall=0.9516
[2026-05-01 05:19:27,179] INFO - Epoch [44/80] train_loss=0.3169 (seg=0.1180 bnd=0.3978) val_loss=0.2961 (seg=0.1403 bnd=0.3116) val_iou=0.9069 val_dice=0.9512 val_precision=0.9583 val_recall=0.9442
[2026-05-01 05:21:48,155] INFO - Epoch [45/80] train_loss=0.3193 (seg=0.1198 bnd=0.3990) val_loss=0.3103 (seg=0.1496 bnd=0.3213) val_iou=0.9016 val_dice=0.9483 val_precision=0.9470 val_recall=0.9496
[2026-05-01 05:24:09,047] INFO - Epoch [46/80] train_loss=0.3160 (seg=0.1174 bnd=0.3971) val_loss=0.2970 (seg=0.1392 bnd=0.3157) val_iou=0.9065 val_dice=0.9509 val_precision=0.9542 val_recall=0.9477
[2026-05-01 05:26:30,054] INFO - Epoch [47/80] train_loss=0.3121 (seg=0.1156 bnd=0.3930) val_loss=0.2965 (seg=0.1389 bnd=0.3151) val_iou=0.9086 val_dice=0.9521 val_precision=0.9521 val_recall=0.9521
[2026-05-01 05:26:30,833] INFO - Saved new best checkpoint at epoch 47 with IoU=0.9086
[2026-05-01 05:28:51,311] INFO - Epoch [48/80] train_loss=0.3133 (seg=0.1162 bnd=0.3942) val_loss=0.2919 (seg=0.1366 bnd=0.3107) val_iou=0.9053 val_dice=0.9503 val_precision=0.9532 val_recall=0.9474
[2026-05-01 05:31:12,265] INFO - Epoch [49/80] train_loss=0.3098 (seg=0.1143 bnd=0.3911) val_loss=0.2903 (seg=0.1341 bnd=0.3125) val_iou=0.9113 val_dice=0.9536 val_precision=0.9555 val_recall=0.9517
[2026-05-01 05:31:13,043] INFO - Saved new best checkpoint at epoch 49 with IoU=0.9113
[2026-05-01 05:33:33,776] INFO - Epoch [50/80] train_loss=0.3085 (seg=0.1140 bnd=0.3891) val_loss=0.2876 (seg=0.1349 bnd=0.3055) val_iou=0.9090 val_dice=0.9523 val_precision=0.9538 val_recall=0.9508
[2026-05-01 05:35:54,899] INFO - Epoch [51/80] train_loss=0.3076 (seg=0.1130 bnd=0.3892) val_loss=0.2786 (seg=0.1273 bnd=0.3027) val_iou=0.9110 val_dice=0.9534 val_precision=0.9600 val_recall=0.9470
[2026-05-01 05:38:15,813] INFO - Epoch [52/80] train_loss=0.3063 (seg=0.1124 bnd=0.3877) val_loss=0.2897 (seg=0.1349 bnd=0.3096) val_iou=0.9083 val_dice=0.9519 val_precision=0.9554 val_recall=0.9485
[2026-05-01 05:40:36,660] INFO - Epoch [53/80] train_loss=0.3035 (seg=0.1108 bnd=0.3854) val_loss=0.2955 (seg=0.1388 bnd=0.3133) val_iou=0.9085 val_dice=0.9521 val_precision=0.9496 val_recall=0.9546
[2026-05-01 05:42:57,855] INFO - Epoch [54/80] train_loss=0.3039 (seg=0.1114 bnd=0.3849) val_loss=0.2821 (seg=0.1305 bnd=0.3032) val_iou=0.9119 val_dice=0.9539 val_precision=0.9590 val_recall=0.9489
[2026-05-01 05:42:58,664] INFO - Saved new best checkpoint at epoch 54 with IoU=0.9119
[2026-05-01 05:45:19,277] INFO - Epoch [55/80] train_loss=0.3019 (seg=0.1100 bnd=0.3839) val_loss=0.2983 (seg=0.1425 bnd=0.3115) val_iou=0.9062 val_dice=0.9508 val_precision=0.9488 val_recall=0.9528
[2026-05-01 05:47:40,154] INFO - Epoch [56/80] train_loss=0.3025 (seg=0.1107 bnd=0.3836) val_loss=0.2908 (seg=0.1364 bnd=0.3089) val_iou=0.9082 val_dice=0.9519 val_precision=0.9573 val_recall=0.9465
[2026-05-01 05:50:01,217] INFO - Epoch [57/80] train_loss=0.2989 (seg=0.1085 bnd=0.3808) val_loss=0.2872 (seg=0.1334 bnd=0.3076) val_iou=0.9089 val_dice=0.9523 val_precision=0.9532 val_recall=0.9514
[2026-05-01 05:52:22,028] INFO - Epoch [58/80] train_loss=0.2973 (seg=0.1081 bnd=0.3784) val_loss=0.2825 (seg=0.1311 bnd=0.3028) val_iou=0.9107 val_dice=0.9532 val_precision=0.9539 val_recall=0.9526
[2026-05-01 05:54:42,906] INFO - Epoch [59/80] train_loss=0.2959 (seg=0.1067 bnd=0.3784) val_loss=0.2810 (seg=0.1293 bnd=0.3033) val_iou=0.9121 val_dice=0.9540 val_precision=0.9575 val_recall=0.9506
[2026-05-01 05:54:43,562] INFO - Saved new best checkpoint at epoch 59 with IoU=0.9121
[2026-05-01 05:57:03,980] INFO - Epoch [60/80] train_loss=0.2967 (seg=0.1073 bnd=0.3788) val_loss=0.2731 (seg=0.1248 bnd=0.2966) val_iou=0.9101 val_dice=0.9529 val_precision=0.9597 val_recall=0.9463
[2026-05-01 05:59:24,707] INFO - Epoch [61/80] train_loss=0.2939 (seg=0.1060 bnd=0.3757) val_loss=0.2873 (seg=0.1333 bnd=0.3080) val_iou=0.9118 val_dice=0.9539 val_precision=0.9532 val_recall=0.9546
[2026-05-01 06:01:45,424] INFO - Epoch [62/80] train_loss=0.2950 (seg=0.1066 bnd=0.3768) val_loss=0.2853 (seg=0.1318 bnd=0.3070) val_iou=0.9110 val_dice=0.9534 val_precision=0.9548 val_recall=0.9520
[2026-05-01 06:04:06,254] INFO - Epoch [63/80] train_loss=0.2939 (seg=0.1060 bnd=0.3758) val_loss=0.2801 (seg=0.1289 bnd=0.3026) val_iou=0.9121 val_dice=0.9540 val_precision=0.9566 val_recall=0.9515
[2026-05-01 06:06:27,177] INFO - Epoch [64/80] train_loss=0.2913 (seg=0.1046 bnd=0.3733) val_loss=0.2813 (seg=0.1294 bnd=0.3037) val_iou=0.9118 val_dice=0.9538 val_precision=0.9560 val_recall=0.9517
[2026-05-01 06:08:48,079] INFO - Epoch [65/80] train_loss=0.2920 (seg=0.1050 bnd=0.3740) val_loss=0.2845 (seg=0.1305 bnd=0.3080) val_iou=0.9112 val_dice=0.9535 val_precision=0.9532 val_recall=0.9538
[2026-05-01 06:11:09,020] INFO - Epoch [66/80] train_loss=0.2894 (seg=0.1040 bnd=0.3709) val_loss=0.2818 (seg=0.1294 bnd=0.3048) val_iou=0.9101 val_dice=0.9530 val_precision=0.9546 val_recall=0.9513
[2026-05-01 06:13:29,844] INFO - Epoch [67/80] train_loss=0.2889 (seg=0.1036 bnd=0.3707) val_loss=0.2777 (seg=0.1262 bnd=0.3029) val_iou=0.9106 val_dice=0.9532 val_precision=0.9550 val_recall=0.9514
[2026-05-01 06:15:50,582] INFO - Epoch [68/80] train_loss=0.2871 (seg=0.1028 bnd=0.3687) val_loss=0.2886 (seg=0.1353 bnd=0.3067) val_iou=0.9056 val_dice=0.9505 val_precision=0.9478 val_recall=0.9532
[2026-05-01 06:18:11,435] INFO - Epoch [69/80] train_loss=0.2896 (seg=0.1037 bnd=0.3716) val_loss=0.2753 (seg=0.1249 bnd=0.3008) val_iou=0.9100 val_dice=0.9529 val_precision=0.9550 val_recall=0.9508
[2026-05-01 06:20:32,217] INFO - Epoch [70/80] train_loss=0.2875 (seg=0.1029 bnd=0.3693) val_loss=0.2773 (seg=0.1264 bnd=0.3018) val_iou=0.9117 val_dice=0.9538 val_precision=0.9564 val_recall=0.9513
[2026-05-01 06:22:53,218] INFO - Epoch [71/80] train_loss=0.2894 (seg=0.1036 bnd=0.3718) val_loss=0.2844 (seg=0.1311 bnd=0.3067) val_iou=0.9109 val_dice=0.9534 val_precision=0.9553 val_recall=0.9515
[2026-05-01 06:25:14,086] INFO - Epoch [72/80] train_loss=0.2879 (seg=0.1027 bnd=0.3704) val_loss=0.2844 (seg=0.1311 bnd=0.3066) val_iou=0.9107 val_dice=0.9533 val_precision=0.9537 val_recall=0.9528
[2026-05-01 06:27:35,090] INFO - Epoch [73/80] train_loss=0.2868 (seg=0.1023 bnd=0.3690) val_loss=0.2842 (seg=0.1310 bnd=0.3064) val_iou=0.9107 val_dice=0.9533 val_precision=0.9538 val_recall=0.9527
[2026-05-01 06:29:55,903] INFO - Epoch [74/80] train_loss=0.2875 (seg=0.1027 bnd=0.3697) val_loss=0.2785 (seg=0.1273 bnd=0.3024) val_iou=0.9108 val_dice=0.9533 val_precision=0.9545 val_recall=0.9521
[2026-05-01 06:32:16,680] INFO - Epoch [75/80] train_loss=0.2876 (seg=0.1031 bnd=0.3690) val_loss=0.2774 (seg=0.1267 bnd=0.3014) val_iou=0.9114 val_dice=0.9537 val_precision=0.9548 val_recall=0.9525
[2026-05-01 06:34:37,430] INFO - Epoch [76/80] train_loss=0.2873 (seg=0.1025 bnd=0.3696) val_loss=0.2828 (seg=0.1298 bnd=0.3060) val_iou=0.9114 val_dice=0.9536 val_precision=0.9540 val_recall=0.9533
[2026-05-01 06:36:58,174] INFO - Epoch [77/80] train_loss=0.2862 (seg=0.1024 bnd=0.3675) val_loss=0.2836 (seg=0.1314 bnd=0.3045) val_iou=0.9095 val_dice=0.9526 val_precision=0.9523 val_recall=0.9529
[2026-05-01 06:39:18,925] INFO - Epoch [78/80] train_loss=0.2869 (seg=0.1025 bnd=0.3688) val_loss=0.2798 (seg=0.1279 bnd=0.3036) val_iou=0.9113 val_dice=0.9536 val_precision=0.9538 val_recall=0.9534
[2026-05-01 06:41:39,927] INFO - Epoch [79/80] train_loss=0.2843 (seg=0.1012 bnd=0.3661) val_loss=0.2791 (seg=0.1273 bnd=0.3035) val_iou=0.9115 val_dice=0.9537 val_precision=0.9545 val_recall=0.9529
[2026-05-01 06:44:01,311] INFO - Epoch [80/80] train_loss=0.2855 (seg=0.1020 bnd=0.3669) val_loss=0.2807 (seg=0.1286 bnd=0.3042) val_iou=0.9111 val_dice=0.9535 val_precision=0.9542 val_recall=0.9528
[2026-05-01 06:44:21,031] INFO - Finished whu_deterministic_simplified_boundary_seed42. test IoU=0.8968 Dice=0.9456
