[2026-04-28 04:38:44,268] INFO - Starting whu_true_vmamba_boundary on device=cuda
[2026-04-28 04:38:44,268] INFO - Train=4736 Val=1036 Test=2416 Params=17926338 boundary_weight=0.50 kernel=3
[2026-04-28 04:40:35,759] INFO - Epoch [1/80] train_loss=0.9106 (seg=0.5102 bnd=0.8008) val_loss=0.8646 (seg=0.5277 bnd=0.6737) val_iou=0.7776 val_dice=0.8749 val_precision=0.8407 val_recall=0.9119
[2026-04-28 04:40:36,444] INFO - Saved new best checkpoint at epoch 1 with IoU=0.7776
[2026-04-28 04:42:26,776] INFO - Epoch [2/80] train_loss=0.6708 (seg=0.3622 bnd=0.6171) val_loss=0.5049 (seg=0.2848 bnd=0.4403) val_iou=0.8297 val_dice=0.9069 val_precision=0.9128 val_recall=0.9012
[2026-04-28 04:42:27,636] INFO - Saved new best checkpoint at epoch 2 with IoU=0.8297
[2026-04-28 04:44:18,042] INFO - Epoch [3/80] train_loss=0.5582 (seg=0.2781 bnd=0.5601) val_loss=0.4957 (seg=0.2799 bnd=0.4316) val_iou=0.8124 val_dice=0.8965 val_precision=0.8669 val_recall=0.9281
[2026-04-28 04:46:08,914] INFO - Epoch [4/80] train_loss=0.5136 (seg=0.2465 bnd=0.5342) val_loss=0.4872 (seg=0.2680 bnd=0.4384) val_iou=0.8398 val_dice=0.9129 val_precision=0.8912 val_recall=0.9358
[2026-04-28 04:46:09,880] INFO - Saved new best checkpoint at epoch 4 with IoU=0.8398
[2026-04-28 04:48:00,132] INFO - Epoch [5/80] train_loss=0.4812 (seg=0.2233 bnd=0.5158) val_loss=0.3932 (seg=0.2089 bnd=0.3687) val_iou=0.8516 val_dice=0.9199 val_precision=0.9380 val_recall=0.9024
[2026-04-28 04:48:00,940] INFO - Saved new best checkpoint at epoch 5 with IoU=0.8516
[2026-04-28 04:49:51,477] INFO - Epoch [6/80] train_loss=0.4586 (seg=0.2069 bnd=0.5032) val_loss=0.4270 (seg=0.2267 bnd=0.4006) val_iou=0.8796 val_dice=0.9360 val_precision=0.9361 val_recall=0.9358
[2026-04-28 04:49:52,369] INFO - Saved new best checkpoint at epoch 6 with IoU=0.8796
[2026-04-28 04:51:42,786] INFO - Epoch [7/80] train_loss=0.4432 (seg=0.1965 bnd=0.4934) val_loss=0.4397 (seg=0.2367 bnd=0.4060) val_iou=0.8465 val_dice=0.9169 val_precision=0.8771 val_recall=0.9604
[2026-04-28 04:53:33,634] INFO - Epoch [8/80] train_loss=0.4374 (seg=0.1925 bnd=0.4898) val_loss=0.3809 (seg=0.1980 bnd=0.3659) val_iou=0.8804 val_dice=0.9364 val_precision=0.9408 val_recall=0.9321
[2026-04-28 04:53:34,589] INFO - Saved new best checkpoint at epoch 8 with IoU=0.8804
[2026-04-28 04:55:24,990] INFO - Epoch [9/80] train_loss=0.4239 (seg=0.1831 bnd=0.4816) val_loss=0.3384 (seg=0.1671 bnd=0.3427) val_iou=0.8837 val_dice=0.9382 val_precision=0.9439 val_recall=0.9326
[2026-04-28 04:55:25,901] INFO - Saved new best checkpoint at epoch 9 with IoU=0.8837
[2026-04-28 04:57:16,464] INFO - Epoch [10/80] train_loss=0.4081 (seg=0.1722 bnd=0.4718) val_loss=0.3731 (seg=0.1914 bnd=0.3635) val_iou=0.8846 val_dice=0.9388 val_precision=0.9403 val_recall=0.9372
[2026-04-28 04:57:17,373] INFO - Saved new best checkpoint at epoch 10 with IoU=0.8846
[2026-04-28 04:59:07,685] INFO - Epoch [11/80] train_loss=0.4043 (seg=0.1703 bnd=0.4680) val_loss=0.3735 (seg=0.1868 bnd=0.3735) val_iou=0.8816 val_dice=0.9371 val_precision=0.9259 val_recall=0.9485
[2026-04-28 05:00:58,537] INFO - Epoch [12/80] train_loss=0.3979 (seg=0.1658 bnd=0.4644) val_loss=0.3812 (seg=0.1972 bnd=0.3679) val_iou=0.8851 val_dice=0.9391 val_precision=0.9348 val_recall=0.9433
[2026-04-28 05:00:59,272] INFO - Saved new best checkpoint at epoch 12 with IoU=0.8851
[2026-04-28 05:02:49,731] INFO - Epoch [13/80] train_loss=0.3977 (seg=0.1664 bnd=0.4627) val_loss=0.3009 (seg=0.1421 bnd=0.3175) val_iou=0.8996 val_dice=0.9472 val_precision=0.9524 val_recall=0.9420
[2026-04-28 05:02:50,676] INFO - Saved new best checkpoint at epoch 13 with IoU=0.8996
[2026-04-28 05:04:41,238] INFO - Epoch [14/80] train_loss=0.3887 (seg=0.1609 bnd=0.4557) val_loss=0.3568 (seg=0.1815 bnd=0.3506) val_iou=0.8824 val_dice=0.9375 val_precision=0.9213 val_recall=0.9543
[2026-04-28 05:06:31,903] INFO - Epoch [15/80] train_loss=0.3847 (seg=0.1580 bnd=0.4533) val_loss=0.3145 (seg=0.1544 bnd=0.3203) val_iou=0.8894 val_dice=0.9415 val_precision=0.9528 val_recall=0.9304
[2026-04-28 05:08:22,773] INFO - Epoch [16/80] train_loss=0.3797 (seg=0.1560 bnd=0.4474) val_loss=0.3378 (seg=0.1667 bnd=0.3422) val_iou=0.8952 val_dice=0.9447 val_precision=0.9429 val_recall=0.9464
[2026-04-28 05:10:13,591] INFO - Epoch [17/80] train_loss=0.3755 (seg=0.1537 bnd=0.4435) val_loss=0.2965 (seg=0.1374 bnd=0.3181) val_iou=0.9021 val_dice=0.9485 val_precision=0.9564 val_recall=0.9408
[2026-04-28 05:10:14,443] INFO - Saved new best checkpoint at epoch 17 with IoU=0.9021
[2026-04-28 05:12:04,718] INFO - Epoch [18/80] train_loss=0.3666 (seg=0.1479 bnd=0.4375) val_loss=0.3658 (seg=0.1866 bnd=0.3583) val_iou=0.8946 val_dice=0.9444 val_precision=0.9392 val_recall=0.9496
[2026-04-28 05:13:55,723] INFO - Epoch [19/80] train_loss=0.3649 (seg=0.1478 bnd=0.4340) val_loss=0.3441 (seg=0.1704 bnd=0.3474) val_iou=0.8955 val_dice=0.9449 val_precision=0.9505 val_recall=0.9393
[2026-04-28 05:15:46,601] INFO - Epoch [20/80] train_loss=0.3556 (seg=0.1417 bnd=0.4278) val_loss=0.2945 (seg=0.1370 bnd=0.3151) val_iou=0.9024 val_dice=0.9487 val_precision=0.9497 val_recall=0.9476
[2026-04-28 05:15:47,471] INFO - Saved new best checkpoint at epoch 20 with IoU=0.9024
[2026-04-28 05:17:37,902] INFO - Epoch [21/80] train_loss=0.3511 (seg=0.1410 bnd=0.4202) val_loss=0.2971 (seg=0.1406 bnd=0.3131) val_iou=0.8987 val_dice=0.9467 val_precision=0.9451 val_recall=0.9483
[2026-04-28 05:19:28,825] INFO - Epoch [22/80] train_loss=0.3485 (seg=0.1395 bnd=0.4178) val_loss=0.3057 (seg=0.1452 bnd=0.3209) val_iou=0.9010 val_dice=0.9479 val_precision=0.9507 val_recall=0.9452
[2026-04-28 05:21:19,794] INFO - Epoch [23/80] train_loss=0.3440 (seg=0.1370 bnd=0.4139) val_loss=0.3264 (seg=0.1637 bnd=0.3254) val_iou=0.8906 val_dice=0.9421 val_precision=0.9488 val_recall=0.9355
[2026-04-28 05:23:10,900] INFO - Epoch [24/80] train_loss=0.3412 (seg=0.1354 bnd=0.4117) val_loss=0.3718 (seg=0.1918 bnd=0.3600) val_iou=0.8838 val_dice=0.9383 val_precision=0.9299 val_recall=0.9470
[2026-04-28 05:25:01,850] INFO - Epoch [25/80] train_loss=0.3419 (seg=0.1367 bnd=0.4105) val_loss=0.3352 (seg=0.1607 bnd=0.3489) val_iou=0.8984 val_dice=0.9465 val_precision=0.9472 val_recall=0.9458
[2026-04-28 05:26:52,454] INFO - Epoch [26/80] train_loss=0.3365 (seg=0.1333 bnd=0.4064) val_loss=0.2921 (seg=0.1358 bnd=0.3126) val_iou=0.9021 val_dice=0.9485 val_precision=0.9568 val_recall=0.9404
[2026-04-28 05:28:43,207] INFO - Epoch [27/80] train_loss=0.3311 (seg=0.1301 bnd=0.4020) val_loss=0.3194 (seg=0.1526 bnd=0.3335) val_iou=0.8984 val_dice=0.9465 val_precision=0.9449 val_recall=0.9481
[2026-04-28 05:30:33,965] INFO - Epoch [28/80] train_loss=0.3317 (seg=0.1303 bnd=0.4028) val_loss=0.3197 (seg=0.1553 bnd=0.3288) val_iou=0.9008 val_dice=0.9478 val_precision=0.9492 val_recall=0.9465
[2026-04-28 05:32:24,686] INFO - Epoch [29/80] train_loss=0.3250 (seg=0.1266 bnd=0.3969) val_loss=0.3520 (seg=0.1758 bnd=0.3523) val_iou=0.8880 val_dice=0.9407 val_precision=0.9338 val_recall=0.9477
[2026-04-28 05:34:15,529] INFO - Epoch [30/80] train_loss=0.3221 (seg=0.1248 bnd=0.3947) val_loss=0.3013 (seg=0.1431 bnd=0.3164) val_iou=0.8963 val_dice=0.9453 val_precision=0.9579 val_recall=0.9330
[2026-04-28 05:36:06,387] INFO - Epoch [31/80] train_loss=0.3182 (seg=0.1231 bnd=0.3903) val_loss=0.2803 (seg=0.1263 bnd=0.3080) val_iou=0.9062 val_dice=0.9508 val_precision=0.9558 val_recall=0.9458
[2026-04-28 05:36:07,347] INFO - Saved new best checkpoint at epoch 31 with IoU=0.9062
[2026-04-28 05:37:57,728] INFO - Epoch [32/80] train_loss=0.3128 (seg=0.1198 bnd=0.3859) val_loss=0.2990 (seg=0.1398 bnd=0.3185) val_iou=0.9033 val_dice=0.9492 val_precision=0.9623 val_recall=0.9365
[2026-04-28 05:39:48,576] INFO - Epoch [33/80] train_loss=0.3141 (seg=0.1212 bnd=0.3859) val_loss=0.3072 (seg=0.1439 bnd=0.3265) val_iou=0.9072 val_dice=0.9513 val_precision=0.9490 val_recall=0.9536
[2026-04-28 05:39:49,480] INFO - Saved new best checkpoint at epoch 33 with IoU=0.9072
[2026-04-28 05:41:39,949] INFO - Epoch [34/80] train_loss=0.3131 (seg=0.1210 bnd=0.3844) val_loss=0.2976 (seg=0.1362 bnd=0.3227) val_iou=0.9053 val_dice=0.9503 val_precision=0.9501 val_recall=0.9505
[2026-04-28 05:43:30,829] INFO - Epoch [35/80] train_loss=0.3078 (seg=0.1180 bnd=0.3797) val_loss=0.2799 (seg=0.1251 bnd=0.3095) val_iou=0.9081 val_dice=0.9518 val_precision=0.9576 val_recall=0.9461
[2026-04-28 05:43:31,739] INFO - Saved new best checkpoint at epoch 35 with IoU=0.9081
[2026-04-28 05:45:22,266] INFO - Epoch [36/80] train_loss=0.3049 (seg=0.1155 bnd=0.3787) val_loss=0.2980 (seg=0.1355 bnd=0.3251) val_iou=0.9056 val_dice=0.9505 val_precision=0.9531 val_recall=0.9478
[2026-04-28 05:47:13,091] INFO - Epoch [37/80] train_loss=0.3036 (seg=0.1152 bnd=0.3770) val_loss=0.3054 (seg=0.1418 bnd=0.3273) val_iou=0.9058 val_dice=0.9506 val_precision=0.9518 val_recall=0.9493
[2026-04-28 05:49:03,967] INFO - Epoch [38/80] train_loss=0.3012 (seg=0.1145 bnd=0.3734) val_loss=0.2876 (seg=0.1303 bnd=0.3146) val_iou=0.9089 val_dice=0.9522 val_precision=0.9534 val_recall=0.9511
[2026-04-28 05:49:04,894] INFO - Saved new best checkpoint at epoch 38 with IoU=0.9089
[2026-04-28 05:50:55,461] INFO - Epoch [39/80] train_loss=0.2978 (seg=0.1124 bnd=0.3708) val_loss=0.3022 (seg=0.1388 bnd=0.3268) val_iou=0.9053 val_dice=0.9503 val_precision=0.9493 val_recall=0.9512
[2026-04-28 05:52:46,417] INFO - Epoch [40/80] train_loss=0.2990 (seg=0.1134 bnd=0.3711) val_loss=0.2826 (seg=0.1298 bnd=0.3056) val_iou=0.9037 val_dice=0.9494 val_precision=0.9611 val_recall=0.9380
[2026-04-28 05:54:37,141] INFO - Epoch [41/80] train_loss=0.2944 (seg=0.1112 bnd=0.3664) val_loss=0.3393 (seg=0.1671 bnd=0.3443) val_iou=0.8947 val_dice=0.9444 val_precision=0.9359 val_recall=0.9531
[2026-04-28 05:56:28,079] INFO - Epoch [42/80] train_loss=0.2933 (seg=0.1104 bnd=0.3657) val_loss=0.2871 (seg=0.1290 bnd=0.3163) val_iou=0.9071 val_dice=0.9513 val_precision=0.9535 val_recall=0.9491
[2026-04-28 05:58:18,816] INFO - Epoch [43/80] train_loss=0.2909 (seg=0.1094 bnd=0.3630) val_loss=0.2986 (seg=0.1402 bnd=0.3168) val_iou=0.9015 val_dice=0.9482 val_precision=0.9484 val_recall=0.9480
[2026-04-28 06:00:09,805] INFO - Epoch [44/80] train_loss=0.2894 (seg=0.1086 bnd=0.3618) val_loss=0.2889 (seg=0.1296 bnd=0.3186) val_iou=0.9098 val_dice=0.9528 val_precision=0.9512 val_recall=0.9544
[2026-04-28 06:00:10,761] INFO - Saved new best checkpoint at epoch 44 with IoU=0.9098
[2026-04-28 06:02:01,193] INFO - Epoch [45/80] train_loss=0.2867 (seg=0.1072 bnd=0.3591) val_loss=0.3142 (seg=0.1477 bnd=0.3329) val_iou=0.9051 val_dice=0.9502 val_precision=0.9515 val_recall=0.9488
[2026-04-28 06:03:52,164] INFO - Epoch [46/80] train_loss=0.2844 (seg=0.1051 bnd=0.3586) val_loss=0.2819 (seg=0.1272 bnd=0.3096) val_iou=0.9111 val_dice=0.9535 val_precision=0.9573 val_recall=0.9497
[2026-04-28 06:03:53,169] INFO - Saved new best checkpoint at epoch 46 with IoU=0.9111
[2026-04-28 06:05:43,634] INFO - Epoch [47/80] train_loss=0.2861 (seg=0.1069 bnd=0.3584) val_loss=0.2711 (seg=0.1175 bnd=0.3072) val_iou=0.9119 val_dice=0.9539 val_precision=0.9545 val_recall=0.9533
[2026-04-28 06:05:44,465] INFO - Saved new best checkpoint at epoch 47 with IoU=0.9119
[2026-04-28 06:07:34,887] INFO - Epoch [48/80] train_loss=0.2829 (seg=0.1054 bnd=0.3550) val_loss=0.2770 (seg=0.1229 bnd=0.3082) val_iou=0.9129 val_dice=0.9545 val_precision=0.9596 val_recall=0.9494
[2026-04-28 06:07:35,819] INFO - Saved new best checkpoint at epoch 48 with IoU=0.9129
[2026-04-28 06:09:26,160] INFO - Epoch [49/80] train_loss=0.2788 (seg=0.1033 bnd=0.3510) val_loss=0.2865 (seg=0.1264 bnd=0.3203) val_iou=0.9092 val_dice=0.9524 val_precision=0.9534 val_recall=0.9514
[2026-04-28 06:11:17,041] INFO - Epoch [50/80] train_loss=0.2775 (seg=0.1021 bnd=0.3507) val_loss=0.2770 (seg=0.1217 bnd=0.3107) val_iou=0.9121 val_dice=0.9540 val_precision=0.9562 val_recall=0.9519
[2026-04-28 06:13:07,823] INFO - Epoch [51/80] train_loss=0.2781 (seg=0.1028 bnd=0.3507) val_loss=0.2855 (seg=0.1278 bnd=0.3155) val_iou=0.9126 val_dice=0.9543 val_precision=0.9557 val_recall=0.9529
[2026-04-28 06:14:58,949] INFO - Epoch [52/80] train_loss=0.2764 (seg=0.1021 bnd=0.3488) val_loss=0.2885 (seg=0.1296 bnd=0.3179) val_iou=0.9115 val_dice=0.9537 val_precision=0.9574 val_recall=0.9500
[2026-04-28 06:16:50,379] INFO - Epoch [53/80] train_loss=0.2747 (seg=0.1010 bnd=0.3474) val_loss=0.2835 (seg=0.1262 bnd=0.3146) val_iou=0.9132 val_dice=0.9546 val_precision=0.9559 val_recall=0.9534
[2026-04-28 06:16:51,293] INFO - Saved new best checkpoint at epoch 53 with IoU=0.9132
[2026-04-28 06:18:42,055] INFO - Epoch [54/80] train_loss=0.2709 (seg=0.0990 bnd=0.3437) val_loss=0.2861 (seg=0.1273 bnd=0.3176) val_iou=0.9118 val_dice=0.9538 val_precision=0.9572 val_recall=0.9505
[2026-04-28 06:20:33,261] INFO - Epoch [55/80] train_loss=0.2725 (seg=0.0999 bnd=0.3451) val_loss=0.2743 (seg=0.1210 bnd=0.3066) val_iou=0.9124 val_dice=0.9542 val_precision=0.9575 val_recall=0.9509
[2026-04-28 06:22:24,793] INFO - Epoch [56/80] train_loss=0.2697 (seg=0.0986 bnd=0.3422) val_loss=0.2880 (seg=0.1284 bnd=0.3192) val_iou=0.9112 val_dice=0.9535 val_precision=0.9547 val_recall=0.9524
[2026-04-28 06:24:15,949] INFO - Epoch [57/80] train_loss=0.2692 (seg=0.0983 bnd=0.3418) val_loss=0.2607 (seg=0.1116 bnd=0.2982) val_iou=0.9133 val_dice=0.9547 val_precision=0.9597 val_recall=0.9497
[2026-04-28 06:24:16,811] INFO - Saved new best checkpoint at epoch 57 with IoU=0.9133
[2026-04-28 06:26:07,248] INFO - Epoch [58/80] train_loss=0.2684 (seg=0.0981 bnd=0.3407) val_loss=0.2803 (seg=0.1245 bnd=0.3116) val_iou=0.9127 val_dice=0.9543 val_precision=0.9581 val_recall=0.9506
[2026-04-28 06:27:58,108] INFO - Epoch [59/80] train_loss=0.2665 (seg=0.0968 bnd=0.3394) val_loss=0.2755 (seg=0.1202 bnd=0.3105) val_iou=0.9128 val_dice=0.9544 val_precision=0.9582 val_recall=0.9507
[2026-04-28 06:29:49,319] INFO - Epoch [60/80] train_loss=0.2647 (seg=0.0959 bnd=0.3375) val_loss=0.2723 (seg=0.1192 bnd=0.3061) val_iou=0.9116 val_dice=0.9537 val_precision=0.9591 val_recall=0.9484
[2026-04-28 06:31:40,113] INFO - Epoch [61/80] train_loss=0.2641 (seg=0.0957 bnd=0.3368) val_loss=0.2780 (seg=0.1218 bnd=0.3122) val_iou=0.9125 val_dice=0.9542 val_precision=0.9553 val_recall=0.9532
[2026-04-28 06:33:30,942] INFO - Epoch [62/80] train_loss=0.2640 (seg=0.0958 bnd=0.3365) val_loss=0.2677 (seg=0.1158 bnd=0.3037) val_iou=0.9126 val_dice=0.9543 val_precision=0.9624 val_recall=0.9463
[2026-04-28 06:35:21,917] INFO - Epoch [63/80] train_loss=0.2626 (seg=0.0953 bnd=0.3348) val_loss=0.2758 (seg=0.1198 bnd=0.3120) val_iou=0.9123 val_dice=0.9541 val_precision=0.9597 val_recall=0.9486
[2026-04-28 06:37:13,363] INFO - Epoch [64/80] train_loss=0.2625 (seg=0.0952 bnd=0.3346) val_loss=0.2683 (seg=0.1166 bnd=0.3033) val_iou=0.9123 val_dice=0.9542 val_precision=0.9617 val_recall=0.9467
[2026-04-28 06:39:04,639] INFO - Epoch [65/80] train_loss=0.2613 (seg=0.0945 bnd=0.3335) val_loss=0.2726 (seg=0.1184 bnd=0.3085) val_iou=0.9125 val_dice=0.9542 val_precision=0.9601 val_recall=0.9484
[2026-04-28 06:40:55,829] INFO - Epoch [66/80] train_loss=0.2607 (seg=0.0943 bnd=0.3328) val_loss=0.2781 (seg=0.1222 bnd=0.3118) val_iou=0.9119 val_dice=0.9539 val_precision=0.9596 val_recall=0.9483
[2026-04-28 06:42:47,093] INFO - Epoch [67/80] train_loss=0.2591 (seg=0.0932 bnd=0.3319) val_loss=0.2750 (seg=0.1194 bnd=0.3111) val_iou=0.9140 val_dice=0.9551 val_precision=0.9584 val_recall=0.9518
[2026-04-28 06:42:48,208] INFO - Saved new best checkpoint at epoch 67 with IoU=0.9140
[2026-04-28 06:44:39,064] INFO - Epoch [68/80] train_loss=0.2585 (seg=0.0933 bnd=0.3303) val_loss=0.2775 (seg=0.1210 bnd=0.3130) val_iou=0.9140 val_dice=0.9551 val_precision=0.9599 val_recall=0.9504
[2026-04-28 06:44:39,926] INFO - Saved new best checkpoint at epoch 68 with IoU=0.9140
[2026-04-28 06:46:30,821] INFO - Epoch [69/80] train_loss=0.2589 (seg=0.0933 bnd=0.3312) val_loss=0.2795 (seg=0.1229 bnd=0.3131) val_iou=0.9137 val_dice=0.9549 val_precision=0.9599 val_recall=0.9499
[2026-04-28 06:48:22,208] INFO - Epoch [70/80] train_loss=0.2578 (seg=0.0926 bnd=0.3305) val_loss=0.2787 (seg=0.1228 bnd=0.3118) val_iou=0.9144 val_dice=0.9553 val_precision=0.9595 val_recall=0.9511
[2026-04-28 06:48:23,078] INFO - Saved new best checkpoint at epoch 70 with IoU=0.9144
[2026-04-28 06:50:13,990] INFO - Epoch [71/80] train_loss=0.2584 (seg=0.0932 bnd=0.3305) val_loss=0.2796 (seg=0.1228 bnd=0.3136) val_iou=0.9142 val_dice=0.9552 val_precision=0.9597 val_recall=0.9508
[2026-04-28 06:52:05,632] INFO - Epoch [72/80] train_loss=0.2575 (seg=0.0927 bnd=0.3296) val_loss=0.2777 (seg=0.1217 bnd=0.3120) val_iou=0.9141 val_dice=0.9551 val_precision=0.9582 val_recall=0.9521
[2026-04-28 06:53:57,247] INFO - Epoch [73/80] train_loss=0.2568 (seg=0.0922 bnd=0.3292) val_loss=0.2828 (seg=0.1255 bnd=0.3145) val_iou=0.9134 val_dice=0.9548 val_precision=0.9570 val_recall=0.9525
[2026-04-28 07:24:16,857] INFO - Resumed whu_true_vmamba_boundary from outputs/true_vmamba_boundary_screening/whu_true_vmamba_boundary/checkpoints/last.pth at epoch 74 with best_score=0.9144
[2026-04-28 07:24:16,858] INFO - Starting whu_true_vmamba_boundary on device=cuda
[2026-04-28 07:24:16,858] INFO - Train=4736 Val=1036 Test=2416 Params=17926338 boundary_weight=0.50 kernel=3
[2026-04-28 07:26:11,896] INFO - Epoch [74/80] train_loss=0.2565 (seg=0.0921 bnd=0.3289) val_loss=0.2792 (seg=0.1225 bnd=0.3134) val_iou=0.9127 val_dice=0.9544 val_precision=0.9587 val_recall=0.9501
[2026-04-28 07:28:06,199] INFO - Epoch [75/80] train_loss=0.2574 (seg=0.0928 bnd=0.3293) val_loss=0.2811 (seg=0.1239 bnd=0.3145) val_iou=0.9139 val_dice=0.9550 val_precision=0.9586 val_recall=0.9514
[2026-04-28 07:30:00,452] INFO - Epoch [76/80] train_loss=0.2563 (seg=0.0922 bnd=0.3282) val_loss=0.2809 (seg=0.1237 bnd=0.3144) val_iou=0.9143 val_dice=0.9552 val_precision=0.9596 val_recall=0.9509
[2026-04-28 07:31:54,928] INFO - Epoch [77/80] train_loss=0.2562 (seg=0.0921 bnd=0.3282) val_loss=0.2776 (seg=0.1216 bnd=0.3121) val_iou=0.9140 val_dice=0.9550 val_precision=0.9599 val_recall=0.9503
[2026-04-28 07:33:49,283] INFO - Epoch [78/80] train_loss=0.2566 (seg=0.0921 bnd=0.3289) val_loss=0.2756 (seg=0.1202 bnd=0.3107) val_iou=0.9137 val_dice=0.9549 val_precision=0.9605 val_recall=0.9494
[2026-04-28 07:35:43,797] INFO - Epoch [79/80] train_loss=0.2563 (seg=0.0921 bnd=0.3284) val_loss=0.2791 (seg=0.1222 bnd=0.3138) val_iou=0.9139 val_dice=0.9550 val_precision=0.9596 val_recall=0.9505
[2026-04-28 07:37:38,128] INFO - Epoch [80/80] train_loss=0.2562 (seg=0.0920 bnd=0.3284) val_loss=0.2779 (seg=0.1214 bnd=0.3130) val_iou=0.9136 val_dice=0.9549 val_precision=0.9594 val_recall=0.9504
[2026-04-28 07:37:53,388] INFO - Finished whu_true_vmamba_boundary. test IoU=0.9069 Dice=0.9512
