[2026-05-01 20:34:35,270] INFO - Starting whu_deterministic_true_vmamba_boundary_seed3407 on device=cuda
[2026-05-01 20:34:35,270] INFO - Deterministic setup: seed=3407 cudnn.deterministic=True cudnn.benchmark=False deterministic_algorithms=True train_loader_generator_seed=3407 worker_init_fn=enabled
[2026-05-01 20:34:35,270] INFO - Train=4736 Val=1036 Test=2416 Params=17926338 boundary_weight=0.50 kernel=3
[2026-05-01 20:37:25,633] INFO - Epoch [1/80] train_loss=0.9388 (seg=0.5314 bnd=0.8148) val_loss=0.8681 (seg=0.5260 bnd=0.6842) val_iou=0.7799 val_dice=0.8763 val_precision=0.8578 val_recall=0.8958
[2026-05-01 20:37:26,284] INFO - Saved new best checkpoint at epoch 1 with IoU=0.7799
[2026-05-01 20:40:15,291] INFO - Epoch [2/80] train_loss=0.6396 (seg=0.3396 bnd=0.6000) val_loss=0.4903 (seg=0.2744 bnd=0.4317) val_iou=0.8098 val_dice=0.8949 val_precision=0.8905 val_recall=0.8994
[2026-05-01 20:40:16,039] INFO - Saved new best checkpoint at epoch 2 with IoU=0.8098
[2026-05-01 20:43:05,070] INFO - Epoch [3/80] train_loss=0.5537 (seg=0.2762 bnd=0.5551) val_loss=0.4943 (seg=0.2755 bnd=0.4376) val_iou=0.8196 val_dice=0.9009 val_precision=0.8962 val_recall=0.9056
[2026-05-01 20:43:05,852] INFO - Saved new best checkpoint at epoch 3 with IoU=0.8196
[2026-05-01 20:45:55,236] INFO - Epoch [4/80] train_loss=0.5043 (seg=0.2395 bnd=0.5296) val_loss=0.4233 (seg=0.2212 bnd=0.4043) val_iou=0.8566 val_dice=0.9228 val_precision=0.9323 val_recall=0.9134
[2026-05-01 20:45:55,962] INFO - Saved new best checkpoint at epoch 4 with IoU=0.8566
[2026-05-01 20:48:45,360] INFO - Epoch [5/80] train_loss=0.4809 (seg=0.2233 bnd=0.5150) val_loss=0.3966 (seg=0.2078 bnd=0.3776) val_iou=0.8543 val_dice=0.9215 val_precision=0.9174 val_recall=0.9255
[2026-05-01 20:51:35,082] INFO - Epoch [6/80] train_loss=0.4677 (seg=0.2147 bnd=0.5059) val_loss=0.3898 (seg=0.2044 bnd=0.3708) val_iou=0.8532 val_dice=0.9208 val_precision=0.9146 val_recall=0.9271
[2026-05-01 20:54:24,722] INFO - Epoch [7/80] train_loss=0.4498 (seg=0.2011 bnd=0.4973) val_loss=0.3770 (seg=0.1941 bnd=0.3657) val_iou=0.8578 val_dice=0.9235 val_precision=0.8994 val_recall=0.9489
[2026-05-01 20:54:25,398] INFO - Saved new best checkpoint at epoch 7 with IoU=0.8578
[2026-05-01 20:57:14,701] INFO - Epoch [8/80] train_loss=0.4353 (seg=0.1915 bnd=0.4876) val_loss=0.3740 (seg=0.1920 bnd=0.3640) val_iou=0.8677 val_dice=0.9291 val_precision=0.9190 val_recall=0.9395
[2026-05-01 20:57:15,440] INFO - Saved new best checkpoint at epoch 8 with IoU=0.8677
[2026-05-01 21:00:04,611] INFO - Epoch [9/80] train_loss=0.4279 (seg=0.1868 bnd=0.4822) val_loss=0.3272 (seg=0.1586 bnd=0.3371) val_iou=0.8805 val_dice=0.9364 val_precision=0.9499 val_recall=0.9234
[2026-05-01 21:00:05,420] INFO - Saved new best checkpoint at epoch 9 with IoU=0.8805
[2026-05-01 21:02:54,593] INFO - Epoch [10/80] train_loss=0.4213 (seg=0.1821 bnd=0.4783) val_loss=0.3444 (seg=0.1715 bnd=0.3458) val_iou=0.8841 val_dice=0.9385 val_precision=0.9281 val_recall=0.9491
[2026-05-01 21:02:55,301] INFO - Saved new best checkpoint at epoch 10 with IoU=0.8841
[2026-05-01 21:05:44,415] INFO - Epoch [11/80] train_loss=0.4157 (seg=0.1786 bnd=0.4741) val_loss=0.3888 (seg=0.2015 bnd=0.3746) val_iou=0.8690 val_dice=0.9299 val_precision=0.9234 val_recall=0.9364
[2026-05-01 21:08:34,020] INFO - Epoch [12/80] train_loss=0.4083 (seg=0.1728 bnd=0.4709) val_loss=0.3640 (seg=0.1857 bnd=0.3567) val_iou=0.8610 val_dice=0.9253 val_precision=0.9132 val_recall=0.9378
[2026-05-01 21:11:23,530] INFO - Epoch [13/80] train_loss=0.3992 (seg=0.1674 bnd=0.4636) val_loss=0.3084 (seg=0.1471 bnd=0.3227) val_iou=0.8906 val_dice=0.9421 val_precision=0.9358 val_recall=0.9486
[2026-05-01 21:11:24,316] INFO - Saved new best checkpoint at epoch 13 with IoU=0.8906
[2026-05-01 21:14:13,268] INFO - Epoch [14/80] train_loss=0.4000 (seg=0.1681 bnd=0.4637) val_loss=0.3026 (seg=0.1409 bnd=0.3234) val_iou=0.8973 val_dice=0.9459 val_precision=0.9437 val_recall=0.9481
[2026-05-01 21:14:13,930] INFO - Saved new best checkpoint at epoch 14 with IoU=0.8973
[2026-05-01 21:17:02,995] INFO - Epoch [15/80] train_loss=0.3925 (seg=0.1630 bnd=0.4590) val_loss=0.3196 (seg=0.1530 bnd=0.3332) val_iou=0.8956 val_dice=0.9449 val_precision=0.9424 val_recall=0.9474
[2026-05-01 21:19:52,490] INFO - Epoch [16/80] train_loss=0.3912 (seg=0.1622 bnd=0.4579) val_loss=0.3597 (seg=0.1803 bnd=0.3588) val_iou=0.8852 val_dice=0.9391 val_precision=0.9366 val_recall=0.9416
[2026-05-01 21:22:41,962] INFO - Epoch [17/80] train_loss=0.3864 (seg=0.1594 bnd=0.4541) val_loss=0.3078 (seg=0.1447 bnd=0.3261) val_iou=0.8949 val_dice=0.9446 val_precision=0.9474 val_recall=0.9417
[2026-05-01 21:25:31,492] INFO - Epoch [18/80] train_loss=0.3804 (seg=0.1555 bnd=0.4497) val_loss=0.3101 (seg=0.1484 bnd=0.3234) val_iou=0.8984 val_dice=0.9465 val_precision=0.9491 val_recall=0.9439
[2026-05-01 21:25:32,319] INFO - Saved new best checkpoint at epoch 18 with IoU=0.8984
[2026-05-01 21:28:21,421] INFO - Epoch [19/80] train_loss=0.3756 (seg=0.1519 bnd=0.4473) val_loss=0.2897 (seg=0.1356 bnd=0.3084) val_iou=0.9014 val_dice=0.9481 val_precision=0.9533 val_recall=0.9430
[2026-05-01 21:28:22,245] INFO - Saved new best checkpoint at epoch 19 with IoU=0.9014
[2026-05-01 21:31:11,362] INFO - Epoch [20/80] train_loss=0.3720 (seg=0.1501 bnd=0.4438) val_loss=0.3012 (seg=0.1417 bnd=0.3191) val_iou=0.8958 val_dice=0.9450 val_precision=0.9461 val_recall=0.9440
[2026-05-01 21:34:00,896] INFO - Epoch [21/80] train_loss=0.3713 (seg=0.1503 bnd=0.4421) val_loss=0.2945 (seg=0.1378 bnd=0.3134) val_iou=0.8993 val_dice=0.9470 val_precision=0.9538 val_recall=0.9402
[2026-05-01 21:36:50,535] INFO - Epoch [22/80] train_loss=0.3626 (seg=0.1443 bnd=0.4365) val_loss=0.2958 (seg=0.1385 bnd=0.3146) val_iou=0.9023 val_dice=0.9486 val_precision=0.9491 val_recall=0.9481
[2026-05-01 21:36:51,292] INFO - Saved new best checkpoint at epoch 22 with IoU=0.9023
[2026-05-01 21:39:40,413] INFO - Epoch [23/80] train_loss=0.3586 (seg=0.1419 bnd=0.4335) val_loss=0.2991 (seg=0.1408 bnd=0.3165) val_iou=0.9019 val_dice=0.9484 val_precision=0.9556 val_recall=0.9413
[2026-05-01 21:42:30,085] INFO - Epoch [24/80] train_loss=0.3551 (seg=0.1402 bnd=0.4298) val_loss=0.3182 (seg=0.1536 bnd=0.3292) val_iou=0.8970 val_dice=0.9457 val_precision=0.9518 val_recall=0.9397
[2026-05-01 21:45:19,567] INFO - Epoch [25/80] train_loss=0.3572 (seg=0.1419 bnd=0.4307) val_loss=0.2780 (seg=0.1257 bnd=0.3047) val_iou=0.9046 val_dice=0.9499 val_precision=0.9503 val_recall=0.9494
[2026-05-01 21:45:20,270] INFO - Saved new best checkpoint at epoch 25 with IoU=0.9046
[2026-05-01 21:48:09,390] INFO - Epoch [26/80] train_loss=0.3490 (seg=0.1368 bnd=0.4243) val_loss=0.2994 (seg=0.1402 bnd=0.3183) val_iou=0.9041 val_dice=0.9496 val_precision=0.9507 val_recall=0.9485
[2026-05-01 21:50:58,841] INFO - Epoch [27/80] train_loss=0.3447 (seg=0.1344 bnd=0.4206) val_loss=0.2828 (seg=0.1293 bnd=0.3070) val_iou=0.9058 val_dice=0.9506 val_precision=0.9516 val_recall=0.9496
[2026-05-01 21:50:59,565] INFO - Saved new best checkpoint at epoch 27 with IoU=0.9058
[2026-05-01 21:53:48,489] INFO - Epoch [28/80] train_loss=0.3428 (seg=0.1337 bnd=0.4184) val_loss=0.2870 (seg=0.1318 bnd=0.3103) val_iou=0.9019 val_dice=0.9484 val_precision=0.9567 val_recall=0.9404
[2026-05-01 21:56:37,786] INFO - Epoch [29/80] train_loss=0.3428 (seg=0.1347 bnd=0.4161) val_loss=0.3018 (seg=0.1411 bnd=0.3213) val_iou=0.9027 val_dice=0.9488 val_precision=0.9431 val_recall=0.9547
[2026-05-01 21:59:27,163] INFO - Epoch [30/80] train_loss=0.3392 (seg=0.1333 bnd=0.4118) val_loss=0.2855 (seg=0.1316 bnd=0.3077) val_iou=0.9064 val_dice=0.9509 val_precision=0.9559 val_recall=0.9459
[2026-05-01 21:59:27,885] INFO - Saved new best checkpoint at epoch 30 with IoU=0.9064
[2026-05-01 22:02:17,633] INFO - Epoch [31/80] train_loss=0.3304 (seg=0.1281 bnd=0.4046) val_loss=0.2876 (seg=0.1321 bnd=0.3109) val_iou=0.8978 val_dice=0.9462 val_precision=0.9502 val_recall=0.9421
[2026-05-01 22:05:09,214] INFO - Epoch [32/80] train_loss=0.3290 (seg=0.1274 bnd=0.4033) val_loss=0.2919 (seg=0.1348 bnd=0.3142) val_iou=0.8995 val_dice=0.9471 val_precision=0.9587 val_recall=0.9358
[2026-05-01 22:08:00,881] INFO - Epoch [33/80] train_loss=0.3212 (seg=0.1234 bnd=0.3957) val_loss=0.2951 (seg=0.1358 bnd=0.3185) val_iou=0.9013 val_dice=0.9481 val_precision=0.9467 val_recall=0.9495
[2026-05-01 22:10:51,922] INFO - Epoch [34/80] train_loss=0.3212 (seg=0.1234 bnd=0.3955) val_loss=0.2914 (seg=0.1335 bnd=0.3157) val_iou=0.9074 val_dice=0.9515 val_precision=0.9551 val_recall=0.9479
[2026-05-01 22:10:53,675] INFO - Saved new best checkpoint at epoch 34 with IoU=0.9074
[2026-05-01 22:13:43,692] INFO - Epoch [35/80] train_loss=0.3172 (seg=0.1210 bnd=0.3924) val_loss=0.3178 (seg=0.1526 bnd=0.3306) val_iou=0.9058 val_dice=0.9506 val_precision=0.9585 val_recall=0.9427
[2026-05-01 22:16:33,532] INFO - Epoch [36/80] train_loss=0.3152 (seg=0.1199 bnd=0.3905) val_loss=0.2886 (seg=0.1320 bnd=0.3133) val_iou=0.9060 val_dice=0.9507 val_precision=0.9500 val_recall=0.9514
[2026-05-01 22:19:23,170] INFO - Epoch [37/80] train_loss=0.3162 (seg=0.1208 bnd=0.3908) val_loss=0.2840 (seg=0.1269 bnd=0.3142) val_iou=0.9053 val_dice=0.9503 val_precision=0.9506 val_recall=0.9500
[2026-05-01 22:22:13,140] INFO - Epoch [38/80] train_loss=0.3166 (seg=0.1214 bnd=0.3903) val_loss=0.2820 (seg=0.1265 bnd=0.3111) val_iou=0.9073 val_dice=0.9514 val_precision=0.9526 val_recall=0.9502
[2026-05-01 22:25:02,832] INFO - Epoch [39/80] train_loss=0.3095 (seg=0.1176 bnd=0.3838) val_loss=0.2817 (seg=0.1296 bnd=0.3042) val_iou=0.9040 val_dice=0.9496 val_precision=0.9458 val_recall=0.9534
[2026-05-01 22:27:52,490] INFO - Epoch [40/80] train_loss=0.3050 (seg=0.1143 bnd=0.3815) val_loss=0.2824 (seg=0.1276 bnd=0.3096) val_iou=0.9102 val_dice=0.9530 val_precision=0.9525 val_recall=0.9534
[2026-05-01 22:27:53,737] INFO - Saved new best checkpoint at epoch 40 with IoU=0.9102
[2026-05-01 22:30:42,940] INFO - Epoch [41/80] train_loss=0.3054 (seg=0.1149 bnd=0.3811) val_loss=0.2705 (seg=0.1170 bnd=0.3069) val_iou=0.9080 val_dice=0.9518 val_precision=0.9508 val_recall=0.9528
[2026-05-01 22:33:32,510] INFO - Epoch [42/80] train_loss=0.3016 (seg=0.1127 bnd=0.3779) val_loss=0.2735 (seg=0.1216 bnd=0.3038) val_iou=0.9105 val_dice=0.9532 val_precision=0.9591 val_recall=0.9473
[2026-05-01 22:33:33,502] INFO - Saved new best checkpoint at epoch 42 with IoU=0.9105
[2026-05-01 22:36:22,866] INFO - Epoch [43/80] train_loss=0.3011 (seg=0.1127 bnd=0.3766) val_loss=0.2798 (seg=0.1284 bnd=0.3027) val_iou=0.9072 val_dice=0.9514 val_precision=0.9580 val_recall=0.9448
[2026-05-01 22:39:12,572] INFO - Epoch [44/80] train_loss=0.3006 (seg=0.1126 bnd=0.3760) val_loss=0.2774 (seg=0.1241 bnd=0.3067) val_iou=0.9076 val_dice=0.9516 val_precision=0.9463 val_recall=0.9570
[2026-05-01 22:42:02,410] INFO - Epoch [45/80] train_loss=0.2973 (seg=0.1111 bnd=0.3724) val_loss=0.2669 (seg=0.1167 bnd=0.3004) val_iou=0.9091 val_dice=0.9524 val_precision=0.9538 val_recall=0.9510
[2026-05-01 22:44:51,943] INFO - Epoch [46/80] train_loss=0.2963 (seg=0.1104 bnd=0.3718) val_loss=0.2659 (seg=0.1159 bnd=0.2999) val_iou=0.9098 val_dice=0.9528 val_precision=0.9573 val_recall=0.9483
[2026-05-01 22:47:41,598] INFO - Epoch [47/80] train_loss=0.2938 (seg=0.1088 bnd=0.3701) val_loss=0.2692 (seg=0.1188 bnd=0.3008) val_iou=0.9112 val_dice=0.9535 val_precision=0.9575 val_recall=0.9496
[2026-05-01 22:47:42,551] INFO - Saved new best checkpoint at epoch 47 with IoU=0.9112
[2026-05-01 22:50:31,765] INFO - Epoch [48/80] train_loss=0.2932 (seg=0.1087 bnd=0.3691) val_loss=0.2717 (seg=0.1206 bnd=0.3022) val_iou=0.9145 val_dice=0.9553 val_precision=0.9571 val_recall=0.9536
[2026-05-01 22:50:32,624] INFO - Saved new best checkpoint at epoch 48 with IoU=0.9145
[2026-05-01 22:53:21,899] INFO - Epoch [49/80] train_loss=0.2879 (seg=0.1059 bnd=0.3639) val_loss=0.2681 (seg=0.1178 bnd=0.3007) val_iou=0.9123 val_dice=0.9542 val_precision=0.9579 val_recall=0.9504
[2026-05-01 22:56:11,560] INFO - Epoch [50/80] train_loss=0.2876 (seg=0.1061 bnd=0.3630) val_loss=0.2838 (seg=0.1275 bnd=0.3128) val_iou=0.9100 val_dice=0.9529 val_precision=0.9557 val_recall=0.9501
[2026-05-01 22:59:01,507] INFO - Epoch [51/80] train_loss=0.2870 (seg=0.1053 bnd=0.3634) val_loss=0.2727 (seg=0.1207 bnd=0.3041) val_iou=0.9104 val_dice=0.9531 val_precision=0.9598 val_recall=0.9465
[2026-05-01 23:01:51,186] INFO - Epoch [52/80] train_loss=0.2855 (seg=0.1048 bnd=0.3614) val_loss=0.2664 (seg=0.1167 bnd=0.2996) val_iou=0.9123 val_dice=0.9541 val_precision=0.9567 val_recall=0.9515
[2026-05-01 23:04:40,924] INFO - Epoch [53/80] train_loss=0.2827 (seg=0.1030 bnd=0.3594) val_loss=0.2672 (seg=0.1174 bnd=0.2995) val_iou=0.9118 val_dice=0.9539 val_precision=0.9546 val_recall=0.9532
[2026-05-01 23:07:30,649] INFO - Epoch [54/80] train_loss=0.2834 (seg=0.1039 bnd=0.3591) val_loss=0.2679 (seg=0.1180 bnd=0.2998) val_iou=0.9116 val_dice=0.9537 val_precision=0.9554 val_recall=0.9521
[2026-05-01 23:10:20,333] INFO - Epoch [55/80] train_loss=0.2813 (seg=0.1029 bnd=0.3568) val_loss=0.2646 (seg=0.1159 bnd=0.2974) val_iou=0.9090 val_dice=0.9524 val_precision=0.9511 val_recall=0.9536
[2026-05-01 23:13:10,232] INFO - Epoch [56/80] train_loss=0.2794 (seg=0.1015 bnd=0.3557) val_loss=0.2767 (seg=0.1230 bnd=0.3072) val_iou=0.9137 val_dice=0.9549 val_precision=0.9587 val_recall=0.9512
[2026-05-01 23:16:00,022] INFO - Epoch [57/80] train_loss=0.2795 (seg=0.1018 bnd=0.3554) val_loss=0.2638 (seg=0.1136 bnd=0.3003) val_iou=0.9124 val_dice=0.9542 val_precision=0.9559 val_recall=0.9524
[2026-05-01 23:18:49,720] INFO - Epoch [58/80] train_loss=0.2769 (seg=0.1006 bnd=0.3526) val_loss=0.2647 (seg=0.1152 bnd=0.2992) val_iou=0.9117 val_dice=0.9538 val_precision=0.9549 val_recall=0.9527
[2026-05-01 23:21:39,796] INFO - Epoch [59/80] train_loss=0.2750 (seg=0.0995 bnd=0.3510) val_loss=0.2665 (seg=0.1164 bnd=0.3002) val_iou=0.9133 val_dice=0.9547 val_precision=0.9564 val_recall=0.9530
[2026-05-01 23:24:29,601] INFO - Epoch [60/80] train_loss=0.2753 (seg=0.0999 bnd=0.3508) val_loss=0.2654 (seg=0.1149 bnd=0.3009) val_iou=0.9109 val_dice=0.9534 val_precision=0.9536 val_recall=0.9532
[2026-05-01 23:27:19,236] INFO - Epoch [61/80] train_loss=0.2735 (seg=0.0990 bnd=0.3492) val_loss=0.2631 (seg=0.1141 bnd=0.2980) val_iou=0.9126 val_dice=0.9543 val_precision=0.9562 val_recall=0.9525
[2026-05-01 23:30:08,924] INFO - Epoch [62/80] train_loss=0.2733 (seg=0.0984 bnd=0.3497) val_loss=0.2675 (seg=0.1175 bnd=0.2999) val_iou=0.9120 val_dice=0.9540 val_precision=0.9561 val_recall=0.9519
[2026-05-01 23:32:58,454] INFO - Epoch [63/80] train_loss=0.2706 (seg=0.0972 bnd=0.3467) val_loss=0.2638 (seg=0.1150 bnd=0.2975) val_iou=0.9112 val_dice=0.9536 val_precision=0.9558 val_recall=0.9513
[2026-05-01 23:35:48,337] INFO - Epoch [64/80] train_loss=0.2718 (seg=0.0980 bnd=0.3475) val_loss=0.2663 (seg=0.1162 bnd=0.3004) val_iou=0.9129 val_dice=0.9545 val_precision=0.9557 val_recall=0.9532
[2026-05-01 23:38:37,937] INFO - Epoch [65/80] train_loss=0.2700 (seg=0.0970 bnd=0.3460) val_loss=0.2694 (seg=0.1172 bnd=0.3045) val_iou=0.9114 val_dice=0.9537 val_precision=0.9561 val_recall=0.9513
[2026-05-01 23:41:27,568] INFO - Epoch [66/80] train_loss=0.2706 (seg=0.0973 bnd=0.3466) val_loss=0.2662 (seg=0.1161 bnd=0.3001) val_iou=0.9121 val_dice=0.9540 val_precision=0.9574 val_recall=0.9507
[2026-05-01 23:44:17,121] INFO - Epoch [67/80] train_loss=0.2680 (seg=0.0962 bnd=0.3435) val_loss=0.2629 (seg=0.1142 bnd=0.2974) val_iou=0.9121 val_dice=0.9540 val_precision=0.9572 val_recall=0.9509
[2026-05-01 23:47:06,655] INFO - Epoch [68/80] train_loss=0.2690 (seg=0.0965 bnd=0.3450) val_loss=0.2692 (seg=0.1178 bnd=0.3028) val_iou=0.9120 val_dice=0.9540 val_precision=0.9558 val_recall=0.9522
[2026-05-01 23:49:56,259] INFO - Epoch [69/80] train_loss=0.2678 (seg=0.0957 bnd=0.3442) val_loss=0.2659 (seg=0.1153 bnd=0.3013) val_iou=0.9131 val_dice=0.9546 val_precision=0.9553 val_recall=0.9539
[2026-05-01 23:52:46,044] INFO - Epoch [70/80] train_loss=0.2672 (seg=0.0956 bnd=0.3433) val_loss=0.2674 (seg=0.1171 bnd=0.3006) val_iou=0.9115 val_dice=0.9537 val_precision=0.9560 val_recall=0.9513
[2026-05-01 23:55:35,586] INFO - Epoch [71/80] train_loss=0.2665 (seg=0.0952 bnd=0.3425) val_loss=0.2665 (seg=0.1161 bnd=0.3007) val_iou=0.9125 val_dice=0.9543 val_precision=0.9564 val_recall=0.9521
[2026-05-01 23:58:25,244] INFO - Epoch [72/80] train_loss=0.2671 (seg=0.0958 bnd=0.3425) val_loss=0.2652 (seg=0.1155 bnd=0.2994) val_iou=0.9118 val_dice=0.9539 val_precision=0.9573 val_recall=0.9505
[2026-05-02 00:01:14,924] INFO - Epoch [73/80] train_loss=0.2663 (seg=0.0954 bnd=0.3418) val_loss=0.2644 (seg=0.1145 bnd=0.2998) val_iou=0.9118 val_dice=0.9538 val_precision=0.9559 val_recall=0.9518
[2026-05-02 00:04:04,498] INFO - Epoch [74/80] train_loss=0.2659 (seg=0.0950 bnd=0.3419) val_loss=0.2669 (seg=0.1165 bnd=0.3007) val_iou=0.9124 val_dice=0.9542 val_precision=0.9562 val_recall=0.9522
[2026-05-02 00:06:54,174] INFO - Epoch [75/80] train_loss=0.2671 (seg=0.0958 bnd=0.3427) val_loss=0.2650 (seg=0.1146 bnd=0.3008) val_iou=0.9127 val_dice=0.9544 val_precision=0.9558 val_recall=0.9530
[2026-05-02 00:09:43,789] INFO - Epoch [76/80] train_loss=0.2659 (seg=0.0951 bnd=0.3416) val_loss=0.2636 (seg=0.1142 bnd=0.2988) val_iou=0.9133 val_dice=0.9547 val_precision=0.9561 val_recall=0.9533
[2026-05-02 00:12:33,345] INFO - Epoch [77/80] train_loss=0.2656 (seg=0.0947 bnd=0.3418) val_loss=0.2643 (seg=0.1147 bnd=0.2992) val_iou=0.9130 val_dice=0.9545 val_precision=0.9570 val_recall=0.9521
[2026-05-02 00:15:22,801] INFO - Epoch [78/80] train_loss=0.2653 (seg=0.0948 bnd=0.3409) val_loss=0.2642 (seg=0.1142 bnd=0.3000) val_iou=0.9127 val_dice=0.9544 val_precision=0.9555 val_recall=0.9533
[2026-05-02 00:18:12,433] INFO - Epoch [79/80] train_loss=0.2639 (seg=0.0936 bnd=0.3406) val_loss=0.2641 (seg=0.1145 bnd=0.2992) val_iou=0.9129 val_dice=0.9545 val_precision=0.9556 val_recall=0.9533
[2026-05-02 00:21:02,047] INFO - Epoch [80/80] train_loss=0.2661 (seg=0.0950 bnd=0.3421) val_loss=0.2648 (seg=0.1145 bnd=0.3005) val_iou=0.9129 val_dice=0.9545 val_precision=0.9555 val_recall=0.9535
[2026-05-02 00:21:22,721] INFO - Finished whu_deterministic_true_vmamba_boundary_seed3407. test IoU=0.8964 Dice=0.9454
