[2026-04-17 18:08:14,818] INFO - Starting whu_cbnd_seed123 on device=cuda
[2026-04-17 18:08:14,818] INFO - Train=4736 Val=1036 Test=2416 Params=17915010 boundary_weight=0.50 kernel=3
[2026-04-17 18:09:43,645] INFO - Epoch [1/80] train_loss=0.9100 (seg=0.5120 bnd=0.7960) val_loss=0.8931 (seg=0.5531 bnd=0.6801) val_iou=0.7374 val_dice=0.8489 val_precision=0.7928 val_recall=0.9134
[2026-04-17 18:09:44,274] INFO - Saved new best checkpoint at epoch 1 with IoU=0.7374
[2026-04-17 18:11:11,873] INFO - Epoch [2/80] train_loss=0.6506 (seg=0.3466 bnd=0.6081) val_loss=0.5184 (seg=0.2971 bnd=0.4426) val_iou=0.7795 val_dice=0.8761 val_precision=0.8256 val_recall=0.9332
[2026-04-17 18:11:12,439] INFO - Saved new best checkpoint at epoch 2 with IoU=0.7795
[2026-04-17 18:12:39,914] INFO - Epoch [3/80] train_loss=0.5644 (seg=0.2848 bnd=0.5593) val_loss=0.4714 (seg=0.2676 bnd=0.4075) val_iou=0.8204 val_dice=0.9013 val_precision=0.8815 val_recall=0.9221
[2026-04-17 18:12:40,643] INFO - Saved new best checkpoint at epoch 3 with IoU=0.8204
[2026-04-17 18:14:08,275] INFO - Epoch [4/80] train_loss=0.5225 (seg=0.2525 bnd=0.5400) val_loss=0.5411 (seg=0.3098 bnd=0.4626) val_iou=0.7977 val_dice=0.8874 val_precision=0.8381 val_recall=0.9429
[2026-04-17 18:15:36,156] INFO - Epoch [5/80] train_loss=0.5016 (seg=0.2384 bnd=0.5264) val_loss=0.4212 (seg=0.2220 bnd=0.3984) val_iou=0.8555 val_dice=0.9221 val_precision=0.9147 val_recall=0.9296
[2026-04-17 18:15:37,001] INFO - Saved new best checkpoint at epoch 5 with IoU=0.8555
[2026-04-17 18:17:04,219] INFO - Epoch [6/80] train_loss=0.4765 (seg=0.2204 bnd=0.5121) val_loss=0.3999 (seg=0.2099 bnd=0.3801) val_iou=0.8534 val_dice=0.9209 val_precision=0.9034 val_recall=0.9391
[2026-04-17 18:18:32,346] INFO - Epoch [7/80] train_loss=0.4650 (seg=0.2126 bnd=0.5049) val_loss=0.4174 (seg=0.2218 bnd=0.3912) val_iou=0.8382 val_dice=0.9120 val_precision=0.8749 val_recall=0.9523
[2026-04-17 18:20:00,454] INFO - Epoch [8/80] train_loss=0.4520 (seg=0.2027 bnd=0.4985) val_loss=0.3693 (seg=0.1882 bnd=0.3620) val_iou=0.8760 val_dice=0.9339 val_precision=0.9341 val_recall=0.9336
[2026-04-17 18:20:01,285] INFO - Saved new best checkpoint at epoch 8 with IoU=0.8760
[2026-04-17 18:21:28,681] INFO - Epoch [9/80] train_loss=0.4479 (seg=0.2008 bnd=0.4941) val_loss=0.3744 (seg=0.1933 bnd=0.3622) val_iou=0.8599 val_dice=0.9247 val_precision=0.8978 val_recall=0.9533
[2026-04-17 18:22:56,824] INFO - Epoch [10/80] train_loss=0.4320 (seg=0.1895 bnd=0.4849) val_loss=0.3998 (seg=0.2093 bnd=0.3810) val_iou=0.8705 val_dice=0.9308 val_precision=0.9233 val_recall=0.9384
[2026-04-17 18:24:24,631] INFO - Epoch [11/80] train_loss=0.4211 (seg=0.1820 bnd=0.4780) val_loss=0.3878 (seg=0.2048 bnd=0.3660) val_iou=0.8675 val_dice=0.9290 val_precision=0.9378 val_recall=0.9204
[2026-04-17 18:25:52,682] INFO - Epoch [12/80] train_loss=0.4182 (seg=0.1802 bnd=0.4760) val_loss=0.3759 (seg=0.1953 bnd=0.3612) val_iou=0.8808 val_dice=0.9366 val_precision=0.9394 val_recall=0.9338
[2026-04-17 18:25:53,578] INFO - Saved new best checkpoint at epoch 12 with IoU=0.8808
[2026-04-17 18:27:21,031] INFO - Epoch [13/80] train_loss=0.4142 (seg=0.1778 bnd=0.4728) val_loss=0.3267 (seg=0.1589 bnd=0.3356) val_iou=0.8858 val_dice=0.9394 val_precision=0.9328 val_recall=0.9462
[2026-04-17 18:27:21,938] INFO - Saved new best checkpoint at epoch 13 with IoU=0.8858
[2026-04-17 18:28:49,266] INFO - Epoch [14/80] train_loss=0.4087 (seg=0.1738 bnd=0.4698) val_loss=0.3658 (seg=0.1898 bnd=0.3519) val_iou=0.8754 val_dice=0.9335 val_precision=0.9219 val_recall=0.9455
[2026-04-17 18:30:16,713] INFO - Epoch [15/80] train_loss=0.4045 (seg=0.1718 bnd=0.4654) val_loss=0.4108 (seg=0.2210 bnd=0.3796) val_iou=0.8655 val_dice=0.9279 val_precision=0.9044 val_recall=0.9527
[2026-04-17 18:31:44,458] INFO - Epoch [16/80] train_loss=0.3962 (seg=0.1656 bnd=0.4613) val_loss=0.3285 (seg=0.1616 bnd=0.3338) val_iou=0.8827 val_dice=0.9377 val_precision=0.9469 val_recall=0.9287
[2026-04-17 18:33:12,411] INFO - Epoch [17/80] train_loss=0.3905 (seg=0.1623 bnd=0.4564) val_loss=0.3437 (seg=0.1698 bnd=0.3478) val_iou=0.8930 val_dice=0.9435 val_precision=0.9378 val_recall=0.9492
[2026-04-17 18:33:13,310] INFO - Saved new best checkpoint at epoch 17 with IoU=0.8930
[2026-04-17 18:34:40,767] INFO - Epoch [18/80] train_loss=0.3883 (seg=0.1607 bnd=0.4553) val_loss=0.3492 (seg=0.1762 bnd=0.3460) val_iou=0.8926 val_dice=0.9432 val_precision=0.9421 val_recall=0.9444
[2026-04-17 18:36:08,614] INFO - Epoch [19/80] train_loss=0.3877 (seg=0.1605 bnd=0.4545) val_loss=0.3664 (seg=0.1908 bnd=0.3511) val_iou=0.8707 val_dice=0.9309 val_precision=0.9124 val_recall=0.9502
[2026-04-17 18:37:36,600] INFO - Epoch [20/80] train_loss=0.3810 (seg=0.1565 bnd=0.4491) val_loss=0.3298 (seg=0.1607 bnd=0.3381) val_iou=0.8944 val_dice=0.9443 val_precision=0.9393 val_recall=0.9493
[2026-04-17 18:37:37,413] INFO - Saved new best checkpoint at epoch 20 with IoU=0.8944
[2026-04-17 18:39:05,342] INFO - Epoch [21/80] train_loss=0.3832 (seg=0.1582 bnd=0.4499) val_loss=0.3660 (seg=0.1854 bnd=0.3611) val_iou=0.8896 val_dice=0.9416 val_precision=0.9374 val_recall=0.9457
[2026-04-17 18:40:33,536] INFO - Epoch [22/80] train_loss=0.3758 (seg=0.1532 bnd=0.4453) val_loss=0.3206 (seg=0.1551 bnd=0.3310) val_iou=0.8944 val_dice=0.9443 val_precision=0.9460 val_recall=0.9426
[2026-04-17 18:42:01,757] INFO - Epoch [23/80] train_loss=0.3700 (seg=0.1494 bnd=0.4411) val_loss=0.3469 (seg=0.1736 bnd=0.3466) val_iou=0.8892 val_dice=0.9413 val_precision=0.9318 val_recall=0.9511
[2026-04-17 18:43:29,412] INFO - Epoch [24/80] train_loss=0.3690 (seg=0.1493 bnd=0.4394) val_loss=0.3283 (seg=0.1615 bnd=0.3337) val_iou=0.8888 val_dice=0.9411 val_precision=0.9471 val_recall=0.9352
[2026-04-17 18:44:57,407] INFO - Epoch [25/80] train_loss=0.3665 (seg=0.1471 bnd=0.4388) val_loss=0.3330 (seg=0.1635 bnd=0.3390) val_iou=0.8887 val_dice=0.9411 val_precision=0.9307 val_recall=0.9517
[2026-04-17 18:46:25,156] INFO - Epoch [26/80] train_loss=0.3616 (seg=0.1439 bnd=0.4353) val_loss=0.3157 (seg=0.1513 bnd=0.3288) val_iou=0.8958 val_dice=0.9450 val_precision=0.9450 val_recall=0.9450
[2026-04-17 18:46:26,014] INFO - Saved new best checkpoint at epoch 26 with IoU=0.8958
[2026-04-17 18:47:53,149] INFO - Epoch [27/80] train_loss=0.3636 (seg=0.1458 bnd=0.4357) val_loss=0.4105 (seg=0.2246 bnd=0.3718) val_iou=0.8634 val_dice=0.9267 val_precision=0.9103 val_recall=0.9437
[2026-04-17 18:49:21,045] INFO - Epoch [28/80] train_loss=0.3569 (seg=0.1415 bnd=0.4309) val_loss=0.3342 (seg=0.1652 bnd=0.3379) val_iou=0.8970 val_dice=0.9457 val_precision=0.9448 val_recall=0.9466
[2026-04-17 18:49:21,745] INFO - Saved new best checkpoint at epoch 28 with IoU=0.8970
[2026-04-17 18:50:49,202] INFO - Epoch [29/80] train_loss=0.3547 (seg=0.1401 bnd=0.4292) val_loss=0.3612 (seg=0.1868 bnd=0.3487) val_iou=0.8735 val_dice=0.9325 val_precision=0.9149 val_recall=0.9507
[2026-04-17 18:52:17,130] INFO - Epoch [30/80] train_loss=0.3516 (seg=0.1384 bnd=0.4263) val_loss=0.3497 (seg=0.1752 bnd=0.3490) val_iou=0.8961 val_dice=0.9452 val_precision=0.9396 val_recall=0.9508
[2026-04-17 18:53:45,090] INFO - Epoch [31/80] train_loss=0.3598 (seg=0.1444 bnd=0.4307) val_loss=0.3192 (seg=0.1559 bnd=0.3266) val_iou=0.8941 val_dice=0.9441 val_precision=0.9387 val_recall=0.9496
[2026-04-17 18:55:12,937] INFO - Epoch [32/80] train_loss=0.3479 (seg=0.1361 bnd=0.4235) val_loss=0.3039 (seg=0.1441 bnd=0.3196) val_iou=0.9037 val_dice=0.9494 val_precision=0.9493 val_recall=0.9495
[2026-04-17 18:55:13,739] INFO - Saved new best checkpoint at epoch 32 with IoU=0.9037
[2026-04-17 18:56:41,071] INFO - Epoch [33/80] train_loss=0.3451 (seg=0.1341 bnd=0.4221) val_loss=0.3422 (seg=0.1730 bnd=0.3384) val_iou=0.8876 val_dice=0.9405 val_precision=0.9323 val_recall=0.9488
[2026-04-17 18:58:08,890] INFO - Epoch [34/80] train_loss=0.3433 (seg=0.1333 bnd=0.4201) val_loss=0.3160 (seg=0.1538 bnd=0.3242) val_iou=0.8965 val_dice=0.9454 val_precision=0.9409 val_recall=0.9500
[2026-04-17 18:59:36,979] INFO - Epoch [35/80] train_loss=0.3395 (seg=0.1310 bnd=0.4169) val_loss=0.3330 (seg=0.1626 bnd=0.3408) val_iou=0.9002 val_dice=0.9475 val_precision=0.9474 val_recall=0.9476
[2026-04-17 19:01:05,017] INFO - Epoch [36/80] train_loss=0.3375 (seg=0.1301 bnd=0.4149) val_loss=0.3202 (seg=0.1557 bnd=0.3289) val_iou=0.9017 val_dice=0.9483 val_precision=0.9485 val_recall=0.9482
[2026-04-17 19:02:33,479] INFO - Epoch [37/80] train_loss=0.3383 (seg=0.1312 bnd=0.4142) val_loss=0.3445 (seg=0.1744 bnd=0.3403) val_iou=0.8984 val_dice=0.9465 val_precision=0.9472 val_recall=0.9458
[2026-04-17 19:04:01,217] INFO - Epoch [38/80] train_loss=0.3386 (seg=0.1312 bnd=0.4148) val_loss=0.2920 (seg=0.1363 bnd=0.3114) val_iou=0.9065 val_dice=0.9509 val_precision=0.9517 val_recall=0.9502
[2026-04-17 19:04:02,029] INFO - Saved new best checkpoint at epoch 38 with IoU=0.9065
[2026-04-17 19:05:29,539] INFO - Epoch [39/80] train_loss=0.3338 (seg=0.1285 bnd=0.4106) val_loss=0.3126 (seg=0.1501 bnd=0.3250) val_iou=0.9015 val_dice=0.9482 val_precision=0.9451 val_recall=0.9513
[2026-04-17 19:06:57,429] INFO - Epoch [40/80] train_loss=0.3288 (seg=0.1248 bnd=0.4080) val_loss=0.3234 (seg=0.1593 bnd=0.3281) val_iou=0.8982 val_dice=0.9464 val_precision=0.9447 val_recall=0.9481
[2026-04-17 19:08:25,473] INFO - Epoch [41/80] train_loss=0.3286 (seg=0.1255 bnd=0.4062) val_loss=0.2913 (seg=0.1355 bnd=0.3117) val_iou=0.9067 val_dice=0.9511 val_precision=0.9541 val_recall=0.9481
[2026-04-17 19:08:26,328] INFO - Saved new best checkpoint at epoch 41 with IoU=0.9067
[2026-04-17 19:09:53,654] INFO - Epoch [42/80] train_loss=0.3273 (seg=0.1243 bnd=0.4061) val_loss=0.2936 (seg=0.1385 bnd=0.3101) val_iou=0.9004 val_dice=0.9476 val_precision=0.9481 val_recall=0.9470
[2026-04-17 19:11:21,360] INFO - Epoch [43/80] train_loss=0.3279 (seg=0.1247 bnd=0.4065) val_loss=0.3420 (seg=0.1734 bnd=0.3372) val_iou=0.8956 val_dice=0.9449 val_precision=0.9410 val_recall=0.9490
[2026-04-17 19:12:49,205] INFO - Epoch [44/80] train_loss=0.3217 (seg=0.1214 bnd=0.4006) val_loss=0.2947 (seg=0.1393 bnd=0.3108) val_iou=0.9072 val_dice=0.9513 val_precision=0.9545 val_recall=0.9482
[2026-04-17 19:12:50,051] INFO - Saved new best checkpoint at epoch 44 with IoU=0.9072
[2026-04-17 19:14:17,268] INFO - Epoch [45/80] train_loss=0.3214 (seg=0.1214 bnd=0.4000) val_loss=0.3081 (seg=0.1484 bnd=0.3194) val_iou=0.9003 val_dice=0.9475 val_precision=0.9475 val_recall=0.9476
[2026-04-17 19:15:45,509] INFO - Epoch [46/80] train_loss=0.3158 (seg=0.1180 bnd=0.3956) val_loss=0.3381 (seg=0.1732 bnd=0.3297) val_iou=0.8827 val_dice=0.9377 val_precision=0.9252 val_recall=0.9505
[2026-04-17 19:17:13,429] INFO - Epoch [47/80] train_loss=0.3174 (seg=0.1188 bnd=0.3972) val_loss=0.2969 (seg=0.1420 bnd=0.3097) val_iou=0.9048 val_dice=0.9500 val_precision=0.9572 val_recall=0.9430
[2026-04-17 19:18:41,292] INFO - Epoch [48/80] train_loss=0.3179 (seg=0.1196 bnd=0.3965) val_loss=0.3039 (seg=0.1463 bnd=0.3152) val_iou=0.9018 val_dice=0.9484 val_precision=0.9556 val_recall=0.9412
[2026-04-17 19:20:09,125] INFO - Epoch [49/80] train_loss=0.3109 (seg=0.1149 bnd=0.3920) val_loss=0.3010 (seg=0.1438 bnd=0.3144) val_iou=0.9039 val_dice=0.9495 val_precision=0.9553 val_recall=0.9438
[2026-04-17 19:21:36,603] INFO - Epoch [50/80] train_loss=0.3147 (seg=0.1181 bnd=0.3931) val_loss=0.2992 (seg=0.1421 bnd=0.3142) val_iou=0.9049 val_dice=0.9500 val_precision=0.9546 val_recall=0.9455
[2026-04-17 19:23:04,481] INFO - Epoch [51/80] train_loss=0.3107 (seg=0.1158 bnd=0.3898) val_loss=0.3071 (seg=0.1478 bnd=0.3187) val_iou=0.9043 val_dice=0.9498 val_precision=0.9527 val_recall=0.9469
[2026-04-17 19:24:32,201] INFO - Epoch [52/80] train_loss=0.3088 (seg=0.1146 bnd=0.3885) val_loss=0.3148 (seg=0.1528 bnd=0.3242) val_iou=0.9029 val_dice=0.9490 val_precision=0.9510 val_recall=0.9469
[2026-04-17 19:25:59,900] INFO - Epoch [53/80] train_loss=0.3072 (seg=0.1137 bnd=0.3870) val_loss=0.2992 (seg=0.1419 bnd=0.3146) val_iou=0.9028 val_dice=0.9489 val_precision=0.9548 val_recall=0.9431
[2026-04-17 19:27:27,588] INFO - Epoch [54/80] train_loss=0.3063 (seg=0.1131 bnd=0.3863) val_loss=0.3168 (seg=0.1553 bnd=0.3231) val_iou=0.9009 val_dice=0.9479 val_precision=0.9450 val_recall=0.9508
[2026-04-17 19:28:55,306] INFO - Epoch [55/80] train_loss=0.3039 (seg=0.1118 bnd=0.3840) val_loss=0.3138 (seg=0.1508 bnd=0.3260) val_iou=0.9040 val_dice=0.9496 val_precision=0.9524 val_recall=0.9468
[2026-04-17 19:30:23,791] INFO - Epoch [56/80] train_loss=0.3033 (seg=0.1119 bnd=0.3830) val_loss=0.2925 (seg=0.1369 bnd=0.3111) val_iou=0.9088 val_dice=0.9522 val_precision=0.9549 val_recall=0.9496
[2026-04-17 19:30:24,652] INFO - Saved new best checkpoint at epoch 56 with IoU=0.9088
[2026-04-17 19:31:52,254] INFO - Epoch [57/80] train_loss=0.2991 (seg=0.1099 bnd=0.3783) val_loss=0.3141 (seg=0.1516 bnd=0.3249) val_iou=0.9046 val_dice=0.9499 val_precision=0.9478 val_recall=0.9520
[2026-04-17 19:33:20,432] INFO - Epoch [58/80] train_loss=0.3008 (seg=0.1104 bnd=0.3808) val_loss=0.3016 (seg=0.1433 bnd=0.3167) val_iou=0.9076 val_dice=0.9515 val_precision=0.9557 val_recall=0.9474
[2026-04-17 19:34:47,736] INFO - Epoch [59/80] train_loss=0.3008 (seg=0.1103 bnd=0.3811) val_loss=0.3123 (seg=0.1514 bnd=0.3218) val_iou=0.9044 val_dice=0.9498 val_precision=0.9503 val_recall=0.9493
[2026-04-17 19:36:15,761] INFO - Epoch [60/80] train_loss=0.2975 (seg=0.1087 bnd=0.3775) val_loss=0.3239 (seg=0.1594 bnd=0.3291) val_iou=0.8973 val_dice=0.9458 val_precision=0.9435 val_recall=0.9482
[2026-04-17 19:37:43,591] INFO - Epoch [61/80] train_loss=0.2974 (seg=0.1087 bnd=0.3774) val_loss=0.3002 (seg=0.1421 bnd=0.3160) val_iou=0.9060 val_dice=0.9507 val_precision=0.9581 val_recall=0.9434
[2026-04-17 19:39:11,524] INFO - Epoch [62/80] train_loss=0.2958 (seg=0.1078 bnd=0.3760) val_loss=0.3125 (seg=0.1492 bnd=0.3265) val_iou=0.9064 val_dice=0.9509 val_precision=0.9506 val_recall=0.9512
[2026-04-17 19:40:39,222] INFO - Epoch [63/80] train_loss=0.2963 (seg=0.1078 bnd=0.3771) val_loss=0.3008 (seg=0.1418 bnd=0.3180) val_iou=0.9088 val_dice=0.9522 val_precision=0.9508 val_recall=0.9537
[2026-04-17 19:40:40,081] INFO - Saved new best checkpoint at epoch 63 with IoU=0.9088
[2026-04-17 19:42:07,320] INFO - Epoch [64/80] train_loss=0.2945 (seg=0.1068 bnd=0.3754) val_loss=0.3065 (seg=0.1460 bnd=0.3209) val_iou=0.9056 val_dice=0.9504 val_precision=0.9494 val_recall=0.9515
[2026-04-17 19:43:35,196] INFO - Epoch [65/80] train_loss=0.2946 (seg=0.1068 bnd=0.3756) val_loss=0.3099 (seg=0.1490 bnd=0.3219) val_iou=0.9049 val_dice=0.9501 val_precision=0.9514 val_recall=0.9488
[2026-04-17 19:45:03,007] INFO - Epoch [66/80] train_loss=0.2926 (seg=0.1061 bnd=0.3731) val_loss=0.3159 (seg=0.1532 bnd=0.3254) val_iou=0.9024 val_dice=0.9487 val_precision=0.9483 val_recall=0.9492
[2026-04-17 19:46:30,632] INFO - Epoch [67/80] train_loss=0.2924 (seg=0.1062 bnd=0.3725) val_loss=0.3070 (seg=0.1466 bnd=0.3209) val_iou=0.9047 val_dice=0.9500 val_precision=0.9511 val_recall=0.9488
[2026-04-17 19:47:58,555] INFO - Epoch [68/80] train_loss=0.2910 (seg=0.1052 bnd=0.3715) val_loss=0.3063 (seg=0.1468 bnd=0.3189) val_iou=0.9042 val_dice=0.9497 val_precision=0.9499 val_recall=0.9495
[2026-04-17 19:49:26,627] INFO - Epoch [69/80] train_loss=0.2899 (seg=0.1050 bnd=0.3699) val_loss=0.3193 (seg=0.1556 bnd=0.3274) val_iou=0.8992 val_dice=0.9469 val_precision=0.9424 val_recall=0.9516
[2026-04-17 19:50:54,674] INFO - Epoch [70/80] train_loss=0.2898 (seg=0.1048 bnd=0.3700) val_loss=0.3096 (seg=0.1485 bnd=0.3222) val_iou=0.9051 val_dice=0.9502 val_precision=0.9515 val_recall=0.9489
[2026-04-17 19:52:22,447] INFO - Epoch [71/80] train_loss=0.2902 (seg=0.1047 bnd=0.3709) val_loss=0.3131 (seg=0.1513 bnd=0.3236) val_iou=0.9028 val_dice=0.9489 val_precision=0.9476 val_recall=0.9502
[2026-04-17 19:53:50,656] INFO - Epoch [72/80] train_loss=0.2895 (seg=0.1044 bnd=0.3703) val_loss=0.3097 (seg=0.1483 bnd=0.3227) val_iou=0.9047 val_dice=0.9500 val_precision=0.9498 val_recall=0.9502
[2026-04-17 19:55:18,673] INFO - Epoch [73/80] train_loss=0.2895 (seg=0.1047 bnd=0.3696) val_loss=0.3153 (seg=0.1523 bnd=0.3260) val_iou=0.9030 val_dice=0.9490 val_precision=0.9485 val_recall=0.9496
[2026-04-17 19:56:46,461] INFO - Epoch [74/80] train_loss=0.2882 (seg=0.1042 bnd=0.3680) val_loss=0.3110 (seg=0.1495 bnd=0.3230) val_iou=0.9049 val_dice=0.9501 val_precision=0.9499 val_recall=0.9503
[2026-04-17 19:58:14,071] INFO - Epoch [75/80] train_loss=0.2888 (seg=0.1039 bnd=0.3697) val_loss=0.3117 (seg=0.1504 bnd=0.3226) val_iou=0.9030 val_dice=0.9490 val_precision=0.9482 val_recall=0.9498
[2026-04-17 19:59:41,916] INFO - Epoch [76/80] train_loss=0.2875 (seg=0.1040 bnd=0.3671) val_loss=0.3121 (seg=0.1499 bnd=0.3244) val_iou=0.9040 val_dice=0.9496 val_precision=0.9497 val_recall=0.9495
[2026-04-17 20:01:09,703] INFO - Epoch [77/80] train_loss=0.2894 (seg=0.1044 bnd=0.3701) val_loss=0.3099 (seg=0.1483 bnd=0.3233) val_iou=0.9044 val_dice=0.9498 val_precision=0.9506 val_recall=0.9491
[2026-04-17 20:02:37,746] INFO - Epoch [78/80] train_loss=0.2875 (seg=0.1038 bnd=0.3675) val_loss=0.3118 (seg=0.1503 bnd=0.3228) val_iou=0.9032 val_dice=0.9492 val_precision=0.9486 val_recall=0.9497
[2026-04-17 20:04:05,696] INFO - Epoch [79/80] train_loss=0.2887 (seg=0.1041 bnd=0.3692) val_loss=0.3136 (seg=0.1514 bnd=0.3244) val_iou=0.9017 val_dice=0.9483 val_precision=0.9465 val_recall=0.9502
[2026-04-17 20:05:33,901] INFO - Epoch [80/80] train_loss=0.2871 (seg=0.1037 bnd=0.3668) val_loss=0.3109 (seg=0.1502 bnd=0.3215) val_iou=0.9045 val_dice=0.9499 val_precision=0.9497 val_recall=0.9500
[2026-04-17 20:05:48,227] INFO - Finished whu_cbnd_seed123. test IoU=0.8991 Dice=0.9469
