[2026-04-28 23:08:42,116] INFO - Starting whu_true_vmamba_no_boundary_seed123 on device=cuda
[2026-04-28 23:08:42,116] INFO - Train=4736 Val=1036 Test=2416 Params=17843105
[2026-04-28 23:10:26,407] INFO - Epoch [1/80] train_loss=0.5316 val_loss=0.6545 val_iou=0.6688 val_dice=0.8015 val_precision=0.7104 val_recall=0.9194
[2026-04-28 23:10:27,049] INFO - Saved new best checkpoint at epoch 1 with IoU=0.6688
[2026-04-28 23:12:09,750] INFO - Epoch [2/80] train_loss=0.3605 val_loss=0.3287 val_iou=0.7956 val_dice=0.8862 val_precision=0.8481 val_recall=0.9278
[2026-04-28 23:12:10,630] INFO - Saved new best checkpoint at epoch 2 with IoU=0.7956
[2026-04-28 23:13:53,311] INFO - Epoch [3/80] train_loss=0.2913 val_loss=0.2693 val_iou=0.8326 val_dice=0.9086 val_precision=0.9017 val_recall=0.9157
[2026-04-28 23:13:54,158] INFO - Saved new best checkpoint at epoch 3 with IoU=0.8326
[2026-04-28 23:15:36,686] INFO - Epoch [4/80] train_loss=0.2585 val_loss=0.2358 val_iou=0.8499 val_dice=0.9189 val_precision=0.9178 val_recall=0.9200
[2026-04-28 23:15:37,660] INFO - Saved new best checkpoint at epoch 4 with IoU=0.8499
[2026-04-28 23:17:20,534] INFO - Epoch [5/80] train_loss=0.2438 val_loss=0.2194 val_iou=0.8544 val_dice=0.9215 val_precision=0.9081 val_recall=0.9352
[2026-04-28 23:17:21,285] INFO - Saved new best checkpoint at epoch 5 with IoU=0.8544
[2026-04-28 23:19:03,953] INFO - Epoch [6/80] train_loss=0.2312 val_loss=0.2142 val_iou=0.8652 val_dice=0.9278 val_precision=0.9284 val_recall=0.9271
[2026-04-28 23:19:04,867] INFO - Saved new best checkpoint at epoch 6 with IoU=0.8652
[2026-04-28 23:20:47,709] INFO - Epoch [7/80] train_loss=0.2186 val_loss=0.2111 val_iou=0.8608 val_dice=0.9252 val_precision=0.9078 val_recall=0.9433
[2026-04-28 23:22:30,880] INFO - Epoch [8/80] train_loss=0.2158 val_loss=0.1819 val_iou=0.8762 val_dice=0.9340 val_precision=0.9385 val_recall=0.9296
[2026-04-28 23:22:32,111] INFO - Saved new best checkpoint at epoch 8 with IoU=0.8762
[2026-04-28 23:24:15,002] INFO - Epoch [9/80] train_loss=0.2057 val_loss=0.1831 val_iou=0.8758 val_dice=0.9338 val_precision=0.9449 val_recall=0.9230
[2026-04-28 23:25:58,272] INFO - Epoch [10/80] train_loss=0.1996 val_loss=0.1731 val_iou=0.8809 val_dice=0.9367 val_precision=0.9336 val_recall=0.9397
[2026-04-28 23:25:59,222] INFO - Saved new best checkpoint at epoch 10 with IoU=0.8809
[2026-04-28 23:27:42,155] INFO - Epoch [11/80] train_loss=0.1899 val_loss=0.1832 val_iou=0.8765 val_dice=0.9342 val_precision=0.9366 val_recall=0.9317
[2026-04-28 23:29:25,538] INFO - Epoch [12/80] train_loss=0.1866 val_loss=0.1875 val_iou=0.8736 val_dice=0.9325 val_precision=0.9290 val_recall=0.9361
[2026-04-28 23:31:08,997] INFO - Epoch [13/80] train_loss=0.1884 val_loss=0.1602 val_iou=0.8850 val_dice=0.9390 val_precision=0.9323 val_recall=0.9458
[2026-04-28 23:31:10,062] INFO - Saved new best checkpoint at epoch 13 with IoU=0.8850
[2026-04-28 23:32:53,288] INFO - Epoch [14/80] train_loss=0.1766 val_loss=0.1680 val_iou=0.8909 val_dice=0.9423 val_precision=0.9393 val_recall=0.9453
[2026-04-28 23:32:54,232] INFO - Saved new best checkpoint at epoch 14 with IoU=0.8909
[2026-04-28 23:34:37,178] INFO - Epoch [15/80] train_loss=0.1752 val_loss=0.1644 val_iou=0.8886 val_dice=0.9410 val_precision=0.9347 val_recall=0.9474
[2026-04-28 23:36:20,656] INFO - Epoch [16/80] train_loss=0.1690 val_loss=0.1829 val_iou=0.8897 val_dice=0.9416 val_precision=0.9288 val_recall=0.9548
[2026-04-28 23:38:04,079] INFO - Epoch [17/80] train_loss=0.1673 val_loss=0.1785 val_iou=0.8861 val_dice=0.9396 val_precision=0.9297 val_recall=0.9497
[2026-04-28 23:39:47,408] INFO - Epoch [18/80] train_loss=0.1639 val_loss=0.1829 val_iou=0.8829 val_dice=0.9378 val_precision=0.9489 val_recall=0.9270
[2026-04-28 23:41:30,597] INFO - Epoch [19/80] train_loss=0.1656 val_loss=0.1602 val_iou=0.8930 val_dice=0.9435 val_precision=0.9459 val_recall=0.9410
[2026-04-28 23:41:31,522] INFO - Saved new best checkpoint at epoch 19 with IoU=0.8930
[2026-04-28 23:43:14,268] INFO - Epoch [20/80] train_loss=0.1595 val_loss=0.2123 val_iou=0.8793 val_dice=0.9358 val_precision=0.9184 val_recall=0.9538
[2026-04-28 23:44:57,350] INFO - Epoch [21/80] train_loss=0.1555 val_loss=0.1613 val_iou=0.8848 val_dice=0.9389 val_precision=0.9317 val_recall=0.9462
[2026-04-28 23:46:40,565] INFO - Epoch [22/80] train_loss=0.1563 val_loss=0.1452 val_iou=0.8943 val_dice=0.9442 val_precision=0.9534 val_recall=0.9351
[2026-04-28 23:46:41,482] INFO - Saved new best checkpoint at epoch 22 with IoU=0.8943
[2026-04-28 23:48:24,796] INFO - Epoch [23/80] train_loss=0.1594 val_loss=0.1494 val_iou=0.8906 val_dice=0.9421 val_precision=0.9589 val_recall=0.9259
[2026-04-28 23:50:08,005] INFO - Epoch [24/80] train_loss=0.1509 val_loss=0.1380 val_iou=0.8967 val_dice=0.9455 val_precision=0.9424 val_recall=0.9487
[2026-04-28 23:50:08,876] INFO - Saved new best checkpoint at epoch 24 with IoU=0.8967
[2026-04-28 23:51:51,806] INFO - Epoch [25/80] train_loss=0.1530 val_loss=0.1525 val_iou=0.9004 val_dice=0.9476 val_precision=0.9432 val_recall=0.9520
[2026-04-28 23:51:52,707] INFO - Saved new best checkpoint at epoch 25 with IoU=0.9004
[2026-04-28 23:53:35,376] INFO - Epoch [26/80] train_loss=0.1483 val_loss=0.1268 val_iou=0.9044 val_dice=0.9498 val_precision=0.9504 val_recall=0.9492
[2026-04-28 23:53:36,347] INFO - Saved new best checkpoint at epoch 26 with IoU=0.9044
[2026-04-28 23:55:19,137] INFO - Epoch [27/80] train_loss=0.1449 val_loss=0.1440 val_iou=0.9011 val_dice=0.9480 val_precision=0.9470 val_recall=0.9489
[2026-04-28 23:57:02,322] INFO - Epoch [28/80] train_loss=0.1438 val_loss=0.1520 val_iou=0.8990 val_dice=0.9468 val_precision=0.9376 val_recall=0.9562
[2026-04-28 23:58:46,033] INFO - Epoch [29/80] train_loss=0.1434 val_loss=0.1415 val_iou=0.9006 val_dice=0.9477 val_precision=0.9553 val_recall=0.9402
[2026-04-29 00:00:29,464] INFO - Epoch [30/80] train_loss=0.1416 val_loss=0.1395 val_iou=0.9018 val_dice=0.9484 val_precision=0.9447 val_recall=0.9521
[2026-04-29 00:02:12,429] INFO - Epoch [31/80] train_loss=0.1432 val_loss=0.1802 val_iou=0.8885 val_dice=0.9410 val_precision=0.9326 val_recall=0.9495
[2026-04-29 00:03:55,588] INFO - Epoch [32/80] train_loss=0.1388 val_loss=0.1367 val_iou=0.9025 val_dice=0.9488 val_precision=0.9497 val_recall=0.9478
[2026-04-29 00:05:38,510] INFO - Epoch [33/80] train_loss=0.1399 val_loss=0.1500 val_iou=0.9017 val_dice=0.9483 val_precision=0.9465 val_recall=0.9501
[2026-04-29 00:07:21,508] INFO - Epoch [34/80] train_loss=0.1369 val_loss=0.1323 val_iou=0.9030 val_dice=0.9490 val_precision=0.9482 val_recall=0.9498
[2026-04-29 00:09:04,622] INFO - Epoch [35/80] train_loss=0.1403 val_loss=0.1342 val_iou=0.9049 val_dice=0.9501 val_precision=0.9565 val_recall=0.9438
[2026-04-29 00:09:05,469] INFO - Saved new best checkpoint at epoch 35 with IoU=0.9049
[2026-04-29 00:10:47,998] INFO - Epoch [36/80] train_loss=0.1342 val_loss=0.1336 val_iou=0.9063 val_dice=0.9509 val_precision=0.9508 val_recall=0.9509
[2026-04-29 00:10:48,807] INFO - Saved new best checkpoint at epoch 36 with IoU=0.9063
[2026-04-29 00:12:31,296] INFO - Epoch [37/80] train_loss=0.1304 val_loss=0.1381 val_iou=0.9036 val_dice=0.9494 val_precision=0.9543 val_recall=0.9445
[2026-04-29 00:14:14,139] INFO - Epoch [38/80] train_loss=0.1296 val_loss=0.1268 val_iou=0.9077 val_dice=0.9516 val_precision=0.9575 val_recall=0.9458
[2026-04-29 00:14:15,004] INFO - Saved new best checkpoint at epoch 38 with IoU=0.9077
[2026-04-29 00:15:57,568] INFO - Epoch [39/80] train_loss=0.1296 val_loss=0.1252 val_iou=0.9097 val_dice=0.9527 val_precision=0.9539 val_recall=0.9515
[2026-04-29 00:15:58,381] INFO - Saved new best checkpoint at epoch 39 with IoU=0.9097
[2026-04-29 00:17:40,809] INFO - Epoch [40/80] train_loss=0.1301 val_loss=0.1371 val_iou=0.9074 val_dice=0.9515 val_precision=0.9558 val_recall=0.9471
[2026-04-29 00:19:23,710] INFO - Epoch [41/80] train_loss=0.1273 val_loss=0.1383 val_iou=0.9030 val_dice=0.9490 val_precision=0.9472 val_recall=0.9509
[2026-04-29 00:21:06,638] INFO - Epoch [42/80] train_loss=0.1282 val_loss=0.1344 val_iou=0.9069 val_dice=0.9512 val_precision=0.9589 val_recall=0.9436
[2026-04-29 00:22:49,867] INFO - Epoch [43/80] train_loss=0.1261 val_loss=0.1352 val_iou=0.9099 val_dice=0.9528 val_precision=0.9576 val_recall=0.9481
[2026-04-29 00:22:50,717] INFO - Saved new best checkpoint at epoch 43 with IoU=0.9099
[2026-04-29 00:24:33,330] INFO - Epoch [44/80] train_loss=0.1256 val_loss=0.1318 val_iou=0.9096 val_dice=0.9527 val_precision=0.9562 val_recall=0.9492
[2026-04-29 00:26:16,661] INFO - Epoch [45/80] train_loss=0.1238 val_loss=0.1683 val_iou=0.8850 val_dice=0.9390 val_precision=0.9287 val_recall=0.9494
[2026-04-29 00:27:59,654] INFO - Epoch [46/80] train_loss=0.1237 val_loss=0.1371 val_iou=0.9059 val_dice=0.9506 val_precision=0.9550 val_recall=0.9463
[2026-04-29 00:29:42,642] INFO - Epoch [47/80] train_loss=0.1240 val_loss=0.1338 val_iou=0.9068 val_dice=0.9511 val_precision=0.9548 val_recall=0.9475
[2026-04-29 00:31:25,660] INFO - Epoch [48/80] train_loss=0.1216 val_loss=0.1454 val_iou=0.9071 val_dice=0.9513 val_precision=0.9519 val_recall=0.9507
[2026-04-29 00:33:08,663] INFO - Epoch [49/80] train_loss=0.1202 val_loss=0.1418 val_iou=0.9025 val_dice=0.9488 val_precision=0.9459 val_recall=0.9517
[2026-04-29 00:34:51,606] INFO - Epoch [50/80] train_loss=0.1182 val_loss=0.1274 val_iou=0.9110 val_dice=0.9535 val_precision=0.9567 val_recall=0.9502
[2026-04-29 00:34:52,370] INFO - Saved new best checkpoint at epoch 50 with IoU=0.9110
[2026-04-29 00:36:35,015] INFO - Epoch [51/80] train_loss=0.1176 val_loss=0.1289 val_iou=0.9081 val_dice=0.9518 val_precision=0.9562 val_recall=0.9475
[2026-04-29 00:38:17,842] INFO - Epoch [52/80] train_loss=0.1171 val_loss=0.1373 val_iou=0.9068 val_dice=0.9511 val_precision=0.9513 val_recall=0.9509
[2026-04-29 00:40:00,795] INFO - Epoch [53/80] train_loss=0.1167 val_loss=0.1522 val_iou=0.8930 val_dice=0.9435 val_precision=0.9329 val_recall=0.9543
[2026-04-29 00:41:43,816] INFO - Epoch [54/80] train_loss=0.1161 val_loss=0.1368 val_iou=0.9063 val_dice=0.9508 val_precision=0.9466 val_recall=0.9551
[2026-04-29 00:43:26,729] INFO - Epoch [55/80] train_loss=0.1153 val_loss=0.1357 val_iou=0.9097 val_dice=0.9527 val_precision=0.9543 val_recall=0.9511
[2026-04-29 00:45:09,800] INFO - Epoch [56/80] train_loss=0.1123 val_loss=0.1388 val_iou=0.9069 val_dice=0.9512 val_precision=0.9540 val_recall=0.9483
[2026-04-29 00:46:52,663] INFO - Epoch [57/80] train_loss=0.1117 val_loss=0.1370 val_iou=0.9063 val_dice=0.9508 val_precision=0.9505 val_recall=0.9511
[2026-04-29 00:48:35,641] INFO - Epoch [58/80] train_loss=0.1117 val_loss=0.1372 val_iou=0.9039 val_dice=0.9496 val_precision=0.9516 val_recall=0.9475
[2026-04-29 00:50:19,040] INFO - Epoch [59/80] train_loss=0.1115 val_loss=0.1293 val_iou=0.9111 val_dice=0.9535 val_precision=0.9572 val_recall=0.9498
[2026-04-29 00:50:19,762] INFO - Saved new best checkpoint at epoch 59 with IoU=0.9111
[2026-04-29 00:52:02,225] INFO - Epoch [60/80] train_loss=0.1097 val_loss=0.1332 val_iou=0.9091 val_dice=0.9524 val_precision=0.9544 val_recall=0.9504
[2026-04-29 00:53:44,926] INFO - Epoch [61/80] train_loss=0.1101 val_loss=0.1315 val_iou=0.9068 val_dice=0.9511 val_precision=0.9517 val_recall=0.9506
[2026-04-29 00:55:27,949] INFO - Epoch [62/80] train_loss=0.1098 val_loss=0.1296 val_iou=0.9095 val_dice=0.9526 val_precision=0.9525 val_recall=0.9527
[2026-04-29 00:57:10,531] INFO - Epoch [63/80] train_loss=0.1099 val_loss=0.1198 val_iou=0.9100 val_dice=0.9529 val_precision=0.9588 val_recall=0.9470
[2026-04-29 00:58:53,155] INFO - Epoch [64/80] train_loss=0.1085 val_loss=0.1186 val_iou=0.9122 val_dice=0.9541 val_precision=0.9562 val_recall=0.9520
[2026-04-29 00:58:53,960] INFO - Saved new best checkpoint at epoch 64 with IoU=0.9122
[2026-04-29 01:00:36,384] INFO - Epoch [65/80] train_loss=0.1087 val_loss=0.1323 val_iou=0.9081 val_dice=0.9518 val_precision=0.9520 val_recall=0.9516
[2026-04-29 01:02:19,203] INFO - Epoch [66/80] train_loss=0.1072 val_loss=0.1247 val_iou=0.9107 val_dice=0.9533 val_precision=0.9553 val_recall=0.9512
[2026-04-29 01:04:02,040] INFO - Epoch [67/80] train_loss=0.1087 val_loss=0.1258 val_iou=0.9115 val_dice=0.9537 val_precision=0.9575 val_recall=0.9500
[2026-04-29 01:05:45,045] INFO - Epoch [68/80] train_loss=0.1075 val_loss=0.1283 val_iou=0.9114 val_dice=0.9537 val_precision=0.9565 val_recall=0.9508
[2026-04-29 01:07:27,984] INFO - Epoch [69/80] train_loss=0.1071 val_loss=0.1282 val_iou=0.9115 val_dice=0.9537 val_precision=0.9555 val_recall=0.9518
[2026-04-29 01:09:11,098] INFO - Epoch [70/80] train_loss=0.1065 val_loss=0.1335 val_iou=0.9114 val_dice=0.9537 val_precision=0.9571 val_recall=0.9502
[2026-04-29 01:10:53,682] INFO - Epoch [71/80] train_loss=0.1064 val_loss=0.1329 val_iou=0.9106 val_dice=0.9532 val_precision=0.9567 val_recall=0.9497
[2026-04-29 01:12:36,799] INFO - Epoch [72/80] train_loss=0.1071 val_loss=0.1260 val_iou=0.9123 val_dice=0.9541 val_precision=0.9577 val_recall=0.9506
[2026-04-29 01:12:37,647] INFO - Saved new best checkpoint at epoch 72 with IoU=0.9123
[2026-04-29 01:14:20,279] INFO - Epoch [73/80] train_loss=0.1058 val_loss=0.1271 val_iou=0.9105 val_dice=0.9531 val_precision=0.9574 val_recall=0.9490
[2026-04-29 01:16:03,448] INFO - Epoch [74/80] train_loss=0.1063 val_loss=0.1341 val_iou=0.9103 val_dice=0.9531 val_precision=0.9553 val_recall=0.9508
[2026-04-29 01:17:46,641] INFO - Epoch [75/80] train_loss=0.1057 val_loss=0.1386 val_iou=0.9087 val_dice=0.9521 val_precision=0.9530 val_recall=0.9513
[2026-04-29 01:19:29,276] INFO - Epoch [76/80] train_loss=0.1068 val_loss=0.1363 val_iou=0.9087 val_dice=0.9522 val_precision=0.9538 val_recall=0.9505
[2026-04-29 01:21:11,800] INFO - Epoch [77/80] train_loss=0.1054 val_loss=0.1353 val_iou=0.9091 val_dice=0.9524 val_precision=0.9553 val_recall=0.9495
[2026-04-29 01:22:54,806] INFO - Epoch [78/80] train_loss=0.1059 val_loss=0.1369 val_iou=0.9095 val_dice=0.9526 val_precision=0.9528 val_recall=0.9524
[2026-04-29 01:24:37,911] INFO - Epoch [79/80] train_loss=0.1063 val_loss=0.1342 val_iou=0.9094 val_dice=0.9526 val_precision=0.9539 val_recall=0.9513
[2026-04-29 01:26:21,024] INFO - Epoch [80/80] train_loss=0.1050 val_loss=0.1367 val_iou=0.9088 val_dice=0.9522 val_precision=0.9544 val_recall=0.9500
[2026-04-29 01:26:36,012] INFO - Finished whu_true_vmamba_no_boundary_seed123. test IoU=0.9020 Dice=0.9485
