[2026-04-28 19:14:42,386] INFO - Starting whu_simplified_boundary_seed123 on device=cuda
[2026-04-28 19:14:42,386] INFO - Train=4736 Val=1036 Test=2416 Params=17915010 boundary_weight=0.50 kernel=3
[2026-04-28 19:16:09,974] INFO - Epoch [1/80] train_loss=0.9191 (seg=0.5209 bnd=0.7963) val_loss=0.8451 (seg=0.5268 bnd=0.6365) val_iou=0.7670 val_dice=0.8681 val_precision=0.8478 val_recall=0.8894
[2026-04-28 19:16:10,558] INFO - Saved new best checkpoint at epoch 1 with IoU=0.7670
[2026-04-28 19:17:37,029] INFO - Epoch [2/80] train_loss=0.6485 (seg=0.3455 bnd=0.6059) val_loss=0.5715 (seg=0.3377 bnd=0.4676) val_iou=0.7355 val_dice=0.8476 val_precision=0.7818 val_recall=0.9256
[2026-04-28 19:19:03,887] INFO - Epoch [3/80] train_loss=0.5687 (seg=0.2869 bnd=0.5637) val_loss=0.5288 (seg=0.2980 bnd=0.4617) val_iou=0.8044 val_dice=0.8916 val_precision=0.8641 val_recall=0.9209
[2026-04-28 19:19:05,033] INFO - Saved new best checkpoint at epoch 3 with IoU=0.8044
[2026-04-28 19:20:31,562] INFO - Epoch [4/80] train_loss=0.5241 (seg=0.2542 bnd=0.5399) val_loss=0.5007 (seg=0.2791 bnd=0.4432) val_iou=0.8140 val_dice=0.8975 val_precision=0.8664 val_recall=0.9309
[2026-04-28 19:20:32,701] INFO - Saved new best checkpoint at epoch 4 with IoU=0.8140
[2026-04-28 19:21:59,241] INFO - Epoch [5/80] train_loss=0.5059 (seg=0.2418 bnd=0.5282) val_loss=0.4141 (seg=0.2193 bnd=0.3896) val_iou=0.8500 val_dice=0.9189 val_precision=0.9172 val_recall=0.9206
[2026-04-28 19:22:00,159] INFO - Saved new best checkpoint at epoch 5 with IoU=0.8500
[2026-04-28 19:23:26,836] INFO - Epoch [6/80] train_loss=0.4779 (seg=0.2214 bnd=0.5129) val_loss=0.4344 (seg=0.2340 bnd=0.4008) val_iou=0.8486 val_dice=0.9181 val_precision=0.9044 val_recall=0.9322
[2026-04-28 19:24:54,350] INFO - Epoch [7/80] train_loss=0.4596 (seg=0.2084 bnd=0.5023) val_loss=0.4584 (seg=0.2497 bnd=0.4175) val_iou=0.8569 val_dice=0.9229 val_precision=0.8998 val_recall=0.9473
[2026-04-28 19:24:55,206] INFO - Saved new best checkpoint at epoch 7 with IoU=0.8569
[2026-04-28 19:26:22,222] INFO - Epoch [8/80] train_loss=0.4504 (seg=0.2021 bnd=0.4966) val_loss=0.4075 (seg=0.2204 bnd=0.3742) val_iou=0.8457 val_dice=0.9164 val_precision=0.8889 val_recall=0.9457
[2026-04-28 19:27:49,931] INFO - Epoch [9/80] train_loss=0.4452 (seg=0.1995 bnd=0.4913) val_loss=0.3884 (seg=0.1987 bnd=0.3793) val_iou=0.8612 val_dice=0.9254 val_precision=0.9134 val_recall=0.9378
[2026-04-28 19:27:50,655] INFO - Saved new best checkpoint at epoch 9 with IoU=0.8612
[2026-04-28 19:29:17,665] INFO - Epoch [10/80] train_loss=0.4300 (seg=0.1882 bnd=0.4835) val_loss=0.3754 (seg=0.1908 bnd=0.3690) val_iou=0.8761 val_dice=0.9339 val_precision=0.9227 val_recall=0.9454
[2026-04-28 19:29:18,490] INFO - Saved new best checkpoint at epoch 10 with IoU=0.8761
[2026-04-28 19:30:45,619] INFO - Epoch [11/80] train_loss=0.4242 (seg=0.1837 bnd=0.4808) val_loss=0.3309 (seg=0.1630 bnd=0.3357) val_iou=0.8835 val_dice=0.9382 val_precision=0.9348 val_recall=0.9415
[2026-04-28 19:30:46,394] INFO - Saved new best checkpoint at epoch 11 with IoU=0.8835
[2026-04-28 19:32:13,472] INFO - Epoch [12/80] train_loss=0.4186 (seg=0.1813 bnd=0.4747) val_loss=0.3319 (seg=0.1638 bnd=0.3364) val_iou=0.8853 val_dice=0.9391 val_precision=0.9383 val_recall=0.9400
[2026-04-28 19:32:14,376] INFO - Saved new best checkpoint at epoch 12 with IoU=0.8853
[2026-04-28 19:33:41,477] INFO - Epoch [13/80] train_loss=0.4120 (seg=0.1768 bnd=0.4703) val_loss=0.3223 (seg=0.1559 bnd=0.3328) val_iou=0.8854 val_dice=0.9392 val_precision=0.9411 val_recall=0.9373
[2026-04-28 19:33:42,505] INFO - Saved new best checkpoint at epoch 13 with IoU=0.8854
[2026-04-28 19:35:09,518] INFO - Epoch [14/80] train_loss=0.4085 (seg=0.1743 bnd=0.4684) val_loss=0.3236 (seg=0.1580 bnd=0.3313) val_iou=0.8867 val_dice=0.9399 val_precision=0.9380 val_recall=0.9419
[2026-04-28 19:35:10,429] INFO - Saved new best checkpoint at epoch 14 with IoU=0.8867
[2026-04-28 19:36:36,788] INFO - Epoch [15/80] train_loss=0.4008 (seg=0.1681 bnd=0.4654) val_loss=0.3262 (seg=0.1585 bnd=0.3354) val_iou=0.8901 val_dice=0.9419 val_precision=0.9355 val_recall=0.9483
[2026-04-28 19:36:37,593] INFO - Saved new best checkpoint at epoch 15 with IoU=0.8901
[2026-04-28 19:38:04,809] INFO - Epoch [16/80] train_loss=0.3968 (seg=0.1666 bnd=0.4604) val_loss=0.3255 (seg=0.1586 bnd=0.3338) val_iou=0.8940 val_dice=0.9440 val_precision=0.9508 val_recall=0.9374
[2026-04-28 19:38:05,735] INFO - Saved new best checkpoint at epoch 16 with IoU=0.8940
[2026-04-28 19:39:32,680] INFO - Epoch [17/80] train_loss=0.3930 (seg=0.1639 bnd=0.4582) val_loss=0.3365 (seg=0.1641 bnd=0.3448) val_iou=0.8851 val_dice=0.9391 val_precision=0.9355 val_recall=0.9427
[2026-04-28 19:40:59,815] INFO - Epoch [18/80] train_loss=0.3906 (seg=0.1627 bnd=0.4558) val_loss=0.3818 (seg=0.2002 bnd=0.3632) val_iou=0.8702 val_dice=0.9306 val_precision=0.9184 val_recall=0.9432
[2026-04-28 19:42:27,142] INFO - Epoch [19/80] train_loss=0.3843 (seg=0.1583 bnd=0.4520) val_loss=0.3096 (seg=0.1489 bnd=0.3213) val_iou=0.8942 val_dice=0.9441 val_precision=0.9361 val_recall=0.9523
[2026-04-28 19:42:27,960] INFO - Saved new best checkpoint at epoch 19 with IoU=0.8942
[2026-04-28 19:43:54,801] INFO - Epoch [20/80] train_loss=0.3803 (seg=0.1554 bnd=0.4497) val_loss=0.3088 (seg=0.1491 bnd=0.3193) val_iou=0.8953 val_dice=0.9447 val_precision=0.9406 val_recall=0.9489
[2026-04-28 19:43:55,713] INFO - Saved new best checkpoint at epoch 20 with IoU=0.8953
[2026-04-28 19:45:22,528] INFO - Epoch [21/80] train_loss=0.3804 (seg=0.1563 bnd=0.4483) val_loss=0.3007 (seg=0.1394 bnd=0.3226) val_iou=0.9042 val_dice=0.9497 val_precision=0.9462 val_recall=0.9532
[2026-04-28 19:45:23,384] INFO - Saved new best checkpoint at epoch 21 with IoU=0.9042
[2026-04-28 19:46:50,461] INFO - Epoch [22/80] train_loss=0.3709 (seg=0.1499 bnd=0.4420) val_loss=0.3209 (seg=0.1567 bnd=0.3282) val_iou=0.8942 val_dice=0.9442 val_precision=0.9527 val_recall=0.9358
[2026-04-28 19:48:18,246] INFO - Epoch [23/80] train_loss=0.3698 (seg=0.1496 bnd=0.4403) val_loss=0.3115 (seg=0.1484 bnd=0.3262) val_iou=0.9003 val_dice=0.9475 val_precision=0.9418 val_recall=0.9533
[2026-04-28 19:49:45,554] INFO - Epoch [24/80] train_loss=0.3685 (seg=0.1488 bnd=0.4393) val_loss=0.2980 (seg=0.1390 bnd=0.3181) val_iou=0.8978 val_dice=0.9462 val_precision=0.9421 val_recall=0.9503
[2026-04-28 19:51:13,123] INFO - Epoch [25/80] train_loss=0.3590 (seg=0.1421 bnd=0.4338) val_loss=0.2956 (seg=0.1375 bnd=0.3161) val_iou=0.9014 val_dice=0.9481 val_precision=0.9478 val_recall=0.9485
[2026-04-28 19:52:40,463] INFO - Epoch [26/80] train_loss=0.3606 (seg=0.1433 bnd=0.4347) val_loss=0.3131 (seg=0.1505 bnd=0.3253) val_iou=0.8982 val_dice=0.9464 val_precision=0.9495 val_recall=0.9433
[2026-04-28 19:54:07,545] INFO - Epoch [27/80] train_loss=0.3598 (seg=0.1434 bnd=0.4327) val_loss=0.3512 (seg=0.1806 bnd=0.3412) val_iou=0.8750 val_dice=0.9333 val_precision=0.9212 val_recall=0.9457
[2026-04-28 19:55:34,704] INFO - Epoch [28/80] train_loss=0.3543 (seg=0.1399 bnd=0.4288) val_loss=0.3423 (seg=0.1710 bnd=0.3426) val_iou=0.8953 val_dice=0.9448 val_precision=0.9490 val_recall=0.9406
[2026-04-28 19:57:02,221] INFO - Epoch [29/80] train_loss=0.3506 (seg=0.1374 bnd=0.4266) val_loss=0.3051 (seg=0.1433 bnd=0.3236) val_iou=0.8975 val_dice=0.9460 val_precision=0.9421 val_recall=0.9499
[2026-04-28 19:58:29,277] INFO - Epoch [30/80] train_loss=0.3492 (seg=0.1365 bnd=0.4253) val_loss=0.2917 (seg=0.1336 bnd=0.3162) val_iou=0.9030 val_dice=0.9490 val_precision=0.9465 val_recall=0.9516
[2026-04-28 19:59:56,713] INFO - Epoch [31/80] train_loss=0.3468 (seg=0.1354 bnd=0.4228) val_loss=0.3243 (seg=0.1584 bnd=0.3317) val_iou=0.8992 val_dice=0.9469 val_precision=0.9356 val_recall=0.9586
[2026-04-28 20:01:24,393] INFO - Epoch [32/80] train_loss=0.3468 (seg=0.1356 bnd=0.4223) val_loss=0.2943 (seg=0.1367 bnd=0.3151) val_iou=0.9049 val_dice=0.9501 val_precision=0.9537 val_recall=0.9465
[2026-04-28 20:01:25,188] INFO - Saved new best checkpoint at epoch 32 with IoU=0.9049
[2026-04-28 20:02:51,339] INFO - Epoch [33/80] train_loss=0.3429 (seg=0.1337 bnd=0.4185) val_loss=0.2871 (seg=0.1326 bnd=0.3091) val_iou=0.9023 val_dice=0.9486 val_precision=0.9476 val_recall=0.9497
[2026-04-28 20:04:18,783] INFO - Epoch [34/80] train_loss=0.3399 (seg=0.1313 bnd=0.4171) val_loss=0.2849 (seg=0.1310 bnd=0.3079) val_iou=0.9072 val_dice=0.9514 val_precision=0.9504 val_recall=0.9523
[2026-04-28 20:04:19,803] INFO - Saved new best checkpoint at epoch 34 with IoU=0.9072
[2026-04-28 20:05:46,753] INFO - Epoch [35/80] train_loss=0.3394 (seg=0.1313 bnd=0.4163) val_loss=0.2883 (seg=0.1332 bnd=0.3103) val_iou=0.9055 val_dice=0.9504 val_precision=0.9550 val_recall=0.9458
[2026-04-28 20:07:14,284] INFO - Epoch [36/80] train_loss=0.3359 (seg=0.1291 bnd=0.4136) val_loss=0.2843 (seg=0.1305 bnd=0.3075) val_iou=0.9056 val_dice=0.9505 val_precision=0.9580 val_recall=0.9430
[2026-04-28 20:08:41,496] INFO - Epoch [37/80] train_loss=0.3338 (seg=0.1279 bnd=0.4117) val_loss=0.3397 (seg=0.1720 bnd=0.3354) val_iou=0.8860 val_dice=0.9395 val_precision=0.9312 val_recall=0.9480
[2026-04-28 20:10:08,991] INFO - Epoch [38/80] train_loss=0.3314 (seg=0.1261 bnd=0.4107) val_loss=0.2748 (seg=0.1238 bnd=0.3020) val_iou=0.9087 val_dice=0.9522 val_precision=0.9489 val_recall=0.9555
[2026-04-28 20:10:09,931] INFO - Saved new best checkpoint at epoch 38 with IoU=0.9087
[2026-04-28 20:11:36,796] INFO - Epoch [39/80] train_loss=0.3277 (seg=0.1242 bnd=0.4070) val_loss=0.2692 (seg=0.1197 bnd=0.2991) val_iou=0.9087 val_dice=0.9522 val_precision=0.9567 val_recall=0.9477
[2026-04-28 20:13:04,378] INFO - Epoch [40/80] train_loss=0.3254 (seg=0.1232 bnd=0.4044) val_loss=0.2666 (seg=0.1177 bnd=0.2978) val_iou=0.9109 val_dice=0.9533 val_precision=0.9567 val_recall=0.9501
[2026-04-28 20:13:05,342] INFO - Saved new best checkpoint at epoch 40 with IoU=0.9109
[2026-04-28 20:14:32,118] INFO - Epoch [41/80] train_loss=0.3257 (seg=0.1236 bnd=0.4043) val_loss=0.3150 (seg=0.1506 bnd=0.3288) val_iou=0.9012 val_dice=0.9481 val_precision=0.9438 val_recall=0.9523
[2026-04-28 20:15:59,582] INFO - Epoch [42/80] train_loss=0.3260 (seg=0.1236 bnd=0.4048) val_loss=0.2741 (seg=0.1232 bnd=0.3017) val_iou=0.9096 val_dice=0.9527 val_precision=0.9528 val_recall=0.9526
[2026-04-28 20:17:26,635] INFO - Epoch [43/80] train_loss=0.3219 (seg=0.1213 bnd=0.4011) val_loss=0.2903 (seg=0.1359 bnd=0.3088) val_iou=0.9072 val_dice=0.9513 val_precision=0.9631 val_recall=0.9399
[2026-04-28 20:18:54,094] INFO - Epoch [44/80] train_loss=0.3219 (seg=0.1215 bnd=0.4008) val_loss=0.2863 (seg=0.1335 bnd=0.3056) val_iou=0.9069 val_dice=0.9512 val_precision=0.9591 val_recall=0.9434
[2026-04-28 20:20:21,438] INFO - Epoch [45/80] train_loss=0.3169 (seg=0.1187 bnd=0.3965) val_loss=0.2874 (seg=0.1324 bnd=0.3100) val_iou=0.9051 val_dice=0.9502 val_precision=0.9513 val_recall=0.9490
[2026-04-28 20:21:48,695] INFO - Epoch [46/80] train_loss=0.3186 (seg=0.1194 bnd=0.3984) val_loss=0.2922 (seg=0.1371 bnd=0.3102) val_iou=0.9038 val_dice=0.9495 val_precision=0.9460 val_recall=0.9530
[2026-04-28 20:23:15,920] INFO - Epoch [47/80] train_loss=0.3143 (seg=0.1171 bnd=0.3945) val_loss=0.3144 (seg=0.1500 bnd=0.3288) val_iou=0.9018 val_dice=0.9484 val_precision=0.9493 val_recall=0.9474
[2026-04-28 20:24:42,756] INFO - Epoch [48/80] train_loss=0.3138 (seg=0.1166 bnd=0.3943) val_loss=0.2874 (seg=0.1340 bnd=0.3069) val_iou=0.9038 val_dice=0.9495 val_precision=0.9519 val_recall=0.9471
[2026-04-28 20:26:10,250] INFO - Epoch [49/80] train_loss=0.3109 (seg=0.1149 bnd=0.3918) val_loss=0.2752 (seg=0.1254 bnd=0.2995) val_iou=0.9099 val_dice=0.9528 val_precision=0.9599 val_recall=0.9459
[2026-04-28 20:27:37,702] INFO - Epoch [50/80] train_loss=0.3094 (seg=0.1141 bnd=0.3906) val_loss=0.2769 (seg=0.1249 bnd=0.3041) val_iou=0.9086 val_dice=0.9521 val_precision=0.9582 val_recall=0.9461
[2026-04-28 20:29:04,896] INFO - Epoch [51/80] train_loss=0.3081 (seg=0.1134 bnd=0.3894) val_loss=0.3720 (seg=0.2031 bnd=0.3378) val_iou=0.8609 val_dice=0.9252 val_precision=0.9086 val_recall=0.9425
[2026-04-28 20:30:32,148] INFO - Epoch [52/80] train_loss=0.3084 (seg=0.1141 bnd=0.3886) val_loss=0.2866 (seg=0.1316 bnd=0.3099) val_iou=0.9033 val_dice=0.9492 val_precision=0.9563 val_recall=0.9422
[2026-04-28 20:31:59,448] INFO - Epoch [53/80] train_loss=0.3048 (seg=0.1116 bnd=0.3864) val_loss=0.2790 (seg=0.1254 bnd=0.3072) val_iou=0.9097 val_dice=0.9527 val_precision=0.9563 val_recall=0.9492
[2026-04-28 20:33:26,889] INFO - Epoch [54/80] train_loss=0.3049 (seg=0.1123 bnd=0.3853) val_loss=0.2934 (seg=0.1364 bnd=0.3139) val_iou=0.9094 val_dice=0.9526 val_precision=0.9573 val_recall=0.9479
[2026-04-28 20:34:54,111] INFO - Epoch [55/80] train_loss=0.3020 (seg=0.1102 bnd=0.3835) val_loss=0.2920 (seg=0.1350 bnd=0.3142) val_iou=0.9095 val_dice=0.9526 val_precision=0.9532 val_recall=0.9520
[2026-04-28 20:36:21,851] INFO - Epoch [56/80] train_loss=0.2997 (seg=0.1092 bnd=0.3809) val_loss=0.2910 (seg=0.1353 bnd=0.3114) val_iou=0.9097 val_dice=0.9527 val_precision=0.9550 val_recall=0.9504
[2026-04-28 20:37:49,043] INFO - Epoch [57/80] train_loss=0.2977 (seg=0.1082 bnd=0.3792) val_loss=0.2781 (seg=0.1265 bnd=0.3033) val_iou=0.9090 val_dice=0.9524 val_precision=0.9548 val_recall=0.9499
[2026-04-28 20:39:16,613] INFO - Epoch [58/80] train_loss=0.2982 (seg=0.1084 bnd=0.3795) val_loss=0.2896 (seg=0.1327 bnd=0.3138) val_iou=0.9079 val_dice=0.9517 val_precision=0.9559 val_recall=0.9477
[2026-04-28 20:40:43,665] INFO - Epoch [59/80] train_loss=0.2952 (seg=0.1070 bnd=0.3765) val_loss=0.2766 (seg=0.1256 bnd=0.3021) val_iou=0.9121 val_dice=0.9540 val_precision=0.9579 val_recall=0.9502
[2026-04-28 20:40:44,574] INFO - Saved new best checkpoint at epoch 59 with IoU=0.9121
[2026-04-28 20:42:11,416] INFO - Epoch [60/80] train_loss=0.2957 (seg=0.1072 bnd=0.3770) val_loss=0.2860 (seg=0.1302 bnd=0.3116) val_iou=0.9099 val_dice=0.9528 val_precision=0.9572 val_recall=0.9484
[2026-04-28 20:43:38,553] INFO - Epoch [61/80] train_loss=0.2958 (seg=0.1071 bnd=0.3774) val_loss=0.2868 (seg=0.1309 bnd=0.3118) val_iou=0.9099 val_dice=0.9528 val_precision=0.9579 val_recall=0.9478
[2026-04-28 20:45:06,059] INFO - Epoch [62/80] train_loss=0.2937 (seg=0.1066 bnd=0.3740) val_loss=0.2876 (seg=0.1309 bnd=0.3134) val_iou=0.9115 val_dice=0.9537 val_precision=0.9536 val_recall=0.9537
[2026-04-28 20:46:33,417] INFO - Epoch [63/80] train_loss=0.2913 (seg=0.1049 bnd=0.3728) val_loss=0.2815 (seg=0.1276 bnd=0.3078) val_iou=0.9125 val_dice=0.9542 val_precision=0.9553 val_recall=0.9532
[2026-04-28 20:46:34,327] INFO - Saved new best checkpoint at epoch 63 with IoU=0.9125
[2026-04-28 20:48:01,415] INFO - Epoch [64/80] train_loss=0.2931 (seg=0.1060 bnd=0.3742) val_loss=0.2830 (seg=0.1289 bnd=0.3080) val_iou=0.9115 val_dice=0.9537 val_precision=0.9544 val_recall=0.9530
[2026-04-28 20:49:28,427] INFO - Epoch [65/80] train_loss=0.2905 (seg=0.1044 bnd=0.3721) val_loss=0.2931 (seg=0.1358 bnd=0.3147) val_iou=0.9111 val_dice=0.9535 val_precision=0.9587 val_recall=0.9483
[2026-04-28 20:50:55,643] INFO - Epoch [66/80] train_loss=0.2898 (seg=0.1046 bnd=0.3705) val_loss=0.2859 (seg=0.1313 bnd=0.3092) val_iou=0.9079 val_dice=0.9517 val_precision=0.9547 val_recall=0.9487
[2026-04-28 20:52:22,439] INFO - Epoch [67/80] train_loss=0.2912 (seg=0.1052 bnd=0.3720) val_loss=0.2873 (seg=0.1310 bnd=0.3124) val_iou=0.9096 val_dice=0.9527 val_precision=0.9563 val_recall=0.9491
[2026-04-28 20:53:50,060] INFO - Epoch [68/80] train_loss=0.2874 (seg=0.1036 bnd=0.3676) val_loss=0.2971 (seg=0.1390 bnd=0.3162) val_iou=0.9093 val_dice=0.9525 val_precision=0.9535 val_recall=0.9515
[2026-04-28 20:55:17,029] INFO - Epoch [69/80] train_loss=0.2885 (seg=0.1037 bnd=0.3697) val_loss=0.2882 (seg=0.1324 bnd=0.3117) val_iou=0.9102 val_dice=0.9530 val_precision=0.9515 val_recall=0.9545
[2026-04-28 20:56:44,571] INFO - Epoch [70/80] train_loss=0.2868 (seg=0.1029 bnd=0.3679) val_loss=0.2898 (seg=0.1327 bnd=0.3142) val_iou=0.9096 val_dice=0.9526 val_precision=0.9558 val_recall=0.9495
[2026-04-28 20:58:11,759] INFO - Epoch [71/80] train_loss=0.2865 (seg=0.1029 bnd=0.3672) val_loss=0.2883 (seg=0.1318 bnd=0.3132) val_iou=0.9106 val_dice=0.9532 val_precision=0.9551 val_recall=0.9514
[2026-04-28 20:59:38,862] INFO - Epoch [72/80] train_loss=0.2865 (seg=0.1026 bnd=0.3678) val_loss=0.2883 (seg=0.1321 bnd=0.3123) val_iou=0.9112 val_dice=0.9535 val_precision=0.9543 val_recall=0.9528
[2026-04-28 21:01:06,197] INFO - Epoch [73/80] train_loss=0.2845 (seg=0.1017 bnd=0.3655) val_loss=0.2829 (seg=0.1284 bnd=0.3091) val_iou=0.9104 val_dice=0.9531 val_precision=0.9562 val_recall=0.9501
[2026-04-28 21:02:33,462] INFO - Epoch [74/80] train_loss=0.2851 (seg=0.1023 bnd=0.3657) val_loss=0.2886 (seg=0.1320 bnd=0.3133) val_iou=0.9098 val_dice=0.9528 val_precision=0.9542 val_recall=0.9513
[2026-04-28 21:04:00,701] INFO - Epoch [75/80] train_loss=0.2860 (seg=0.1025 bnd=0.3671) val_loss=0.2873 (seg=0.1315 bnd=0.3118) val_iou=0.9113 val_dice=0.9536 val_precision=0.9565 val_recall=0.9508
[2026-04-28 21:05:28,262] INFO - Epoch [76/80] train_loss=0.2850 (seg=0.1020 bnd=0.3660) val_loss=0.2892 (seg=0.1327 bnd=0.3131) val_iou=0.9106 val_dice=0.9532 val_precision=0.9567 val_recall=0.9498
[2026-04-28 21:06:55,705] INFO - Epoch [77/80] train_loss=0.2842 (seg=0.1013 bnd=0.3657) val_loss=0.2845 (seg=0.1295 bnd=0.3100) val_iou=0.9116 val_dice=0.9537 val_precision=0.9561 val_recall=0.9514
[2026-04-28 21:08:23,007] INFO - Epoch [78/80] train_loss=0.2856 (seg=0.1021 bnd=0.3669) val_loss=0.2866 (seg=0.1312 bnd=0.3108) val_iou=0.9111 val_dice=0.9535 val_precision=0.9569 val_recall=0.9502
[2026-04-28 21:09:50,270] INFO - Epoch [79/80] train_loss=0.2838 (seg=0.1016 bnd=0.3645) val_loss=0.2849 (seg=0.1297 bnd=0.3103) val_iou=0.9111 val_dice=0.9535 val_precision=0.9559 val_recall=0.9510
[2026-04-28 21:11:17,536] INFO - Epoch [80/80] train_loss=0.2854 (seg=0.1021 bnd=0.3667) val_loss=0.2845 (seg=0.1295 bnd=0.3099) val_iou=0.9119 val_dice=0.9539 val_precision=0.9564 val_recall=0.9514
[2026-04-28 21:11:32,296] INFO - Finished whu_simplified_boundary_seed123. test IoU=0.9005 Dice=0.9476
