[2026-05-01 16:47:49,029] INFO - Starting whu_deterministic_true_vmamba_boundary_seed123 on device=cuda
[2026-05-01 16:47:49,030] INFO - Deterministic setup: seed=123 cudnn.deterministic=True cudnn.benchmark=False deterministic_algorithms=True train_loader_generator_seed=123 worker_init_fn=enabled
[2026-05-01 16:47:49,030] INFO - Train=4736 Val=1036 Test=2416 Params=17926338 boundary_weight=0.50 kernel=3
[2026-05-01 16:50:39,442] INFO - Epoch [1/80] train_loss=0.8927 (seg=0.5030 bnd=0.7794) val_loss=0.7329 (seg=0.4579 bnd=0.5500) val_iou=0.7928 val_dice=0.8845 val_precision=0.8593 val_recall=0.9111
[2026-05-01 16:50:39,985] INFO - Saved new best checkpoint at epoch 1 with IoU=0.7928
[2026-05-01 16:53:29,226] INFO - Epoch [2/80] train_loss=0.6341 (seg=0.3350 bnd=0.5982) val_loss=0.5230 (seg=0.2952 bnd=0.4556) val_iou=0.8013 val_dice=0.8897 val_precision=0.8863 val_recall=0.8931
[2026-05-01 16:53:30,144] INFO - Saved new best checkpoint at epoch 2 with IoU=0.8013
[2026-05-01 16:56:19,266] INFO - Epoch [3/80] train_loss=0.5416 (seg=0.2663 bnd=0.5505) val_loss=0.4489 (seg=0.2418 bnd=0.4143) val_iou=0.8474 val_dice=0.9174 val_precision=0.9063 val_recall=0.9288
[2026-05-01 16:56:20,183] INFO - Saved new best checkpoint at epoch 3 with IoU=0.8474
[2026-05-01 16:59:09,289] INFO - Epoch [4/80] train_loss=0.5054 (seg=0.2398 bnd=0.5313) val_loss=0.4343 (seg=0.2364 bnd=0.3958) val_iou=0.8318 val_dice=0.9082 val_precision=0.8750 val_recall=0.9440
[2026-05-01 17:01:58,958] INFO - Epoch [5/80] train_loss=0.4831 (seg=0.2241 bnd=0.5179) val_loss=0.4172 (seg=0.2216 bnd=0.3912) val_iou=0.8494 val_dice=0.9186 val_precision=0.8912 val_recall=0.9477
[2026-05-01 17:01:59,855] INFO - Saved new best checkpoint at epoch 5 with IoU=0.8494
[2026-05-01 17:04:48,997] INFO - Epoch [6/80] train_loss=0.4686 (seg=0.2148 bnd=0.5077) val_loss=0.3995 (seg=0.2081 bnd=0.3827) val_iou=0.8627 val_dice=0.9263 val_precision=0.9188 val_recall=0.9339
[2026-05-01 17:04:49,869] INFO - Saved new best checkpoint at epoch 6 with IoU=0.8627
[2026-05-01 17:07:38,909] INFO - Epoch [7/80] train_loss=0.4509 (seg=0.2021 bnd=0.4976) val_loss=0.3630 (seg=0.1847 bnd=0.3567) val_iou=0.8781 val_dice=0.9351 val_precision=0.9439 val_recall=0.9265
[2026-05-01 17:07:39,782] INFO - Saved new best checkpoint at epoch 7 with IoU=0.8781
[2026-05-01 17:10:28,784] INFO - Epoch [8/80] train_loss=0.4318 (seg=0.1889 bnd=0.4858) val_loss=0.3777 (seg=0.1985 bnd=0.3585) val_iou=0.8647 val_dice=0.9274 val_precision=0.9048 val_recall=0.9513
[2026-05-01 17:13:18,417] INFO - Epoch [9/80] train_loss=0.4248 (seg=0.1841 bnd=0.4813) val_loss=0.3396 (seg=0.1695 bnd=0.3401) val_iou=0.8908 val_dice=0.9423 val_precision=0.9480 val_recall=0.9365
[2026-05-01 17:13:19,338] INFO - Saved new best checkpoint at epoch 9 with IoU=0.8908
[2026-05-01 17:16:08,462] INFO - Epoch [10/80] train_loss=0.4131 (seg=0.1758 bnd=0.4747) val_loss=0.3631 (seg=0.1831 bnd=0.3600) val_iou=0.8913 val_dice=0.9425 val_precision=0.9496 val_recall=0.9355
[2026-05-01 17:16:09,331] INFO - Saved new best checkpoint at epoch 10 with IoU=0.8913
[2026-05-01 17:18:58,513] INFO - Epoch [11/80] train_loss=0.4024 (seg=0.1680 bnd=0.4688) val_loss=0.3574 (seg=0.1819 bnd=0.3510) val_iou=0.8803 val_dice=0.9363 val_precision=0.9193 val_recall=0.9540
[2026-05-01 17:21:48,153] INFO - Epoch [12/80] train_loss=0.4024 (seg=0.1686 bnd=0.4677) val_loss=0.3150 (seg=0.1517 bnd=0.3267) val_iou=0.8835 val_dice=0.9382 val_precision=0.9274 val_recall=0.9491
[2026-05-01 17:24:37,622] INFO - Epoch [13/80] train_loss=0.3902 (seg=0.1606 bnd=0.4593) val_loss=0.3696 (seg=0.1965 bnd=0.3461) val_iou=0.8671 val_dice=0.9288 val_precision=0.9369 val_recall=0.9209
[2026-05-01 17:27:27,180] INFO - Epoch [14/80] train_loss=0.3884 (seg=0.1605 bnd=0.4558) val_loss=0.3459 (seg=0.1731 bnd=0.3457) val_iou=0.8952 val_dice=0.9447 val_precision=0.9379 val_recall=0.9516
[2026-05-01 17:27:27,950] INFO - Saved new best checkpoint at epoch 14 with IoU=0.8952
[2026-05-01 17:30:17,105] INFO - Epoch [15/80] train_loss=0.3797 (seg=0.1546 bnd=0.4502) val_loss=0.3403 (seg=0.1724 bnd=0.3358) val_iou=0.8972 val_dice=0.9458 val_precision=0.9405 val_recall=0.9512
[2026-05-01 17:30:17,893] INFO - Saved new best checkpoint at epoch 15 with IoU=0.8972
[2026-05-01 17:33:07,089] INFO - Epoch [16/80] train_loss=0.3795 (seg=0.1552 bnd=0.4485) val_loss=0.3107 (seg=0.1475 bnd=0.3263) val_iou=0.9025 val_dice=0.9487 val_precision=0.9523 val_recall=0.9451
[2026-05-01 17:33:07,876] INFO - Saved new best checkpoint at epoch 16 with IoU=0.9025
[2026-05-01 17:35:56,989] INFO - Epoch [17/80] train_loss=0.3697 (seg=0.1488 bnd=0.4419) val_loss=0.3169 (seg=0.1508 bnd=0.3323) val_iou=0.9012 val_dice=0.9480 val_precision=0.9497 val_recall=0.9464
[2026-05-01 17:38:46,490] INFO - Epoch [18/80] train_loss=0.3699 (seg=0.1501 bnd=0.4397) val_loss=0.3031 (seg=0.1450 bnd=0.3162) val_iou=0.8956 val_dice=0.9449 val_precision=0.9583 val_recall=0.9319
[2026-05-01 17:41:36,027] INFO - Epoch [19/80] train_loss=0.3654 (seg=0.1473 bnd=0.4361) val_loss=0.3245 (seg=0.1589 bnd=0.3311) val_iou=0.9041 val_dice=0.9496 val_precision=0.9467 val_recall=0.9526
[2026-05-01 17:41:36,717] INFO - Saved new best checkpoint at epoch 19 with IoU=0.9041
[2026-05-01 17:44:25,612] INFO - Epoch [20/80] train_loss=0.3598 (seg=0.1450 bnd=0.4296) val_loss=0.2940 (seg=0.1364 bnd=0.3151) val_iou=0.9017 val_dice=0.9483 val_precision=0.9447 val_recall=0.9519
[2026-05-01 17:47:15,166] INFO - Epoch [21/80] train_loss=0.3573 (seg=0.1439 bnd=0.4270) val_loss=0.3177 (seg=0.1537 bnd=0.3280) val_iou=0.8989 val_dice=0.9467 val_precision=0.9517 val_recall=0.9419
[2026-05-01 17:50:04,825] INFO - Epoch [22/80] train_loss=0.3471 (seg=0.1369 bnd=0.4203) val_loss=0.3074 (seg=0.1488 bnd=0.3171) val_iou=0.9022 val_dice=0.9486 val_precision=0.9542 val_recall=0.9430
[2026-05-01 17:52:54,475] INFO - Epoch [23/80] train_loss=0.3438 (seg=0.1361 bnd=0.4153) val_loss=0.3091 (seg=0.1481 bnd=0.3221) val_iou=0.9014 val_dice=0.9482 val_precision=0.9420 val_recall=0.9545
[2026-05-01 17:55:44,140] INFO - Epoch [24/80] train_loss=0.3438 (seg=0.1369 bnd=0.4138) val_loss=0.3067 (seg=0.1449 bnd=0.3235) val_iou=0.8971 val_dice=0.9458 val_precision=0.9409 val_recall=0.9507
[2026-05-01 17:58:33,702] INFO - Epoch [25/80] train_loss=0.3427 (seg=0.1369 bnd=0.4114) val_loss=0.3122 (seg=0.1519 bnd=0.3207) val_iou=0.9039 val_dice=0.9495 val_precision=0.9455 val_recall=0.9535
[2026-05-01 18:01:23,330] INFO - Epoch [26/80] train_loss=0.3283 (seg=0.1271 bnd=0.4025) val_loss=0.2898 (seg=0.1335 bnd=0.3126) val_iou=0.9002 val_dice=0.9475 val_precision=0.9518 val_recall=0.9432
[2026-05-01 18:04:13,030] INFO - Epoch [27/80] train_loss=0.3320 (seg=0.1306 bnd=0.4028) val_loss=0.2976 (seg=0.1370 bnd=0.3212) val_iou=0.9076 val_dice=0.9516 val_precision=0.9508 val_recall=0.9524
[2026-05-01 18:04:13,947] INFO - Saved new best checkpoint at epoch 27 with IoU=0.9076
[2026-05-01 18:07:03,135] INFO - Epoch [28/80] train_loss=0.3242 (seg=0.1257 bnd=0.3970) val_loss=0.3067 (seg=0.1457 bnd=0.3221) val_iou=0.9005 val_dice=0.9476 val_precision=0.9491 val_recall=0.9462
[2026-05-01 18:09:52,636] INFO - Epoch [29/80] train_loss=0.3259 (seg=0.1272 bnd=0.3974) val_loss=0.3065 (seg=0.1451 bnd=0.3227) val_iou=0.9055 val_dice=0.9504 val_precision=0.9470 val_recall=0.9539
[2026-05-01 18:12:42,121] INFO - Epoch [30/80] train_loss=0.3240 (seg=0.1266 bnd=0.3948) val_loss=0.2985 (seg=0.1379 bnd=0.3212) val_iou=0.9055 val_dice=0.9504 val_precision=0.9534 val_recall=0.9474
[2026-05-01 18:15:31,583] INFO - Epoch [31/80] train_loss=0.3255 (seg=0.1278 bnd=0.3952) val_loss=0.2923 (seg=0.1327 bnd=0.3192) val_iou=0.9036 val_dice=0.9494 val_precision=0.9476 val_recall=0.9512
[2026-05-01 18:18:21,202] INFO - Epoch [32/80] train_loss=0.3158 (seg=0.1220 bnd=0.3875) val_loss=0.3105 (seg=0.1465 bnd=0.3279) val_iou=0.9004 val_dice=0.9476 val_precision=0.9432 val_recall=0.9520
[2026-05-01 18:21:10,690] INFO - Epoch [33/80] train_loss=0.3120 (seg=0.1196 bnd=0.3847) val_loss=0.3279 (seg=0.1562 bnd=0.3433) val_iou=0.9015 val_dice=0.9482 val_precision=0.9547 val_recall=0.9417
[2026-05-01 18:24:00,198] INFO - Epoch [34/80] train_loss=0.3088 (seg=0.1184 bnd=0.3809) val_loss=0.3121 (seg=0.1464 bnd=0.3315) val_iou=0.9048 val_dice=0.9500 val_precision=0.9506 val_recall=0.9495
[2026-05-01 18:26:49,666] INFO - Epoch [35/80] train_loss=0.3087 (seg=0.1180 bnd=0.3814) val_loss=0.2856 (seg=0.1300 bnd=0.3112) val_iou=0.9085 val_dice=0.9521 val_precision=0.9529 val_recall=0.9512
[2026-05-01 18:26:50,426] INFO - Saved new best checkpoint at epoch 35 with IoU=0.9085
[2026-05-01 18:29:39,386] INFO - Epoch [36/80] train_loss=0.3032 (seg=0.1149 bnd=0.3767) val_loss=0.3057 (seg=0.1420 bnd=0.3274) val_iou=0.9105 val_dice=0.9532 val_precision=0.9558 val_recall=0.9505
[2026-05-01 18:29:40,137] INFO - Saved new best checkpoint at epoch 36 with IoU=0.9105
[2026-05-01 18:32:29,279] INFO - Epoch [37/80] train_loss=0.3050 (seg=0.1165 bnd=0.3770) val_loss=0.3076 (seg=0.1473 bnd=0.3206) val_iou=0.9038 val_dice=0.9495 val_precision=0.9611 val_recall=0.9381
[2026-05-01 18:35:18,668] INFO - Epoch [38/80] train_loss=0.3043 (seg=0.1160 bnd=0.3765) val_loss=0.2990 (seg=0.1381 bnd=0.3218) val_iou=0.9066 val_dice=0.9510 val_precision=0.9516 val_recall=0.9504
[2026-05-01 18:38:08,234] INFO - Epoch [39/80] train_loss=0.2992 (seg=0.1128 bnd=0.3726) val_loss=0.3060 (seg=0.1414 bnd=0.3291) val_iou=0.9082 val_dice=0.9519 val_precision=0.9559 val_recall=0.9478
[2026-05-01 18:40:57,810] INFO - Epoch [40/80] train_loss=0.2984 (seg=0.1128 bnd=0.3711) val_loss=0.2855 (seg=0.1306 bnd=0.3098) val_iou=0.9116 val_dice=0.9537 val_precision=0.9566 val_recall=0.9509
[2026-05-01 18:40:58,637] INFO - Saved new best checkpoint at epoch 40 with IoU=0.9116
[2026-05-01 18:43:47,788] INFO - Epoch [41/80] train_loss=0.2971 (seg=0.1121 bnd=0.3700) val_loss=0.2842 (seg=0.1302 bnd=0.3080) val_iou=0.9060 val_dice=0.9507 val_precision=0.9615 val_recall=0.9401
[2026-05-01 18:46:37,349] INFO - Epoch [42/80] train_loss=0.2919 (seg=0.1091 bnd=0.3654) val_loss=0.2895 (seg=0.1317 bnd=0.3156) val_iou=0.9125 val_dice=0.9543 val_precision=0.9570 val_recall=0.9515
[2026-05-01 18:46:38,098] INFO - Saved new best checkpoint at epoch 42 with IoU=0.9125
[2026-05-01 18:49:27,277] INFO - Epoch [43/80] train_loss=0.2901 (seg=0.1082 bnd=0.3638) val_loss=0.2967 (seg=0.1350 bnd=0.3233) val_iou=0.9090 val_dice=0.9523 val_precision=0.9532 val_recall=0.9515
[2026-05-01 18:52:16,683] INFO - Epoch [44/80] train_loss=0.2876 (seg=0.1070 bnd=0.3613) val_loss=0.2889 (seg=0.1316 bnd=0.3147) val_iou=0.9128 val_dice=0.9544 val_precision=0.9583 val_recall=0.9506
[2026-05-01 18:52:17,374] INFO - Saved new best checkpoint at epoch 44 with IoU=0.9128
[2026-05-01 18:55:06,518] INFO - Epoch [45/80] train_loss=0.2847 (seg=0.1052 bnd=0.3590) val_loss=0.2966 (seg=0.1350 bnd=0.3233) val_iou=0.9083 val_dice=0.9519 val_precision=0.9568 val_recall=0.9471
[2026-05-01 18:57:56,094] INFO - Epoch [46/80] train_loss=0.2839 (seg=0.1052 bnd=0.3574) val_loss=0.2924 (seg=0.1339 bnd=0.3170) val_iou=0.9130 val_dice=0.9545 val_precision=0.9552 val_recall=0.9539
[2026-05-01 18:57:56,812] INFO - Saved new best checkpoint at epoch 46 with IoU=0.9130
[2026-05-01 19:00:45,905] INFO - Epoch [47/80] train_loss=0.2831 (seg=0.1049 bnd=0.3564) val_loss=0.2812 (seg=0.1261 bnd=0.3102) val_iou=0.9130 val_dice=0.9545 val_precision=0.9592 val_recall=0.9498
[2026-05-01 19:03:35,306] INFO - Epoch [48/80] train_loss=0.2816 (seg=0.1042 bnd=0.3548) val_loss=0.2971 (seg=0.1356 bnd=0.3229) val_iou=0.9088 val_dice=0.9522 val_precision=0.9524 val_recall=0.9521
[2026-05-01 19:06:24,700] INFO - Epoch [49/80] train_loss=0.2811 (seg=0.1041 bnd=0.3541) val_loss=0.2984 (seg=0.1374 bnd=0.3221) val_iou=0.9115 val_dice=0.9537 val_precision=0.9604 val_recall=0.9471
[2026-05-01 19:09:14,178] INFO - Epoch [50/80] train_loss=0.2811 (seg=0.1040 bnd=0.3542) val_loss=0.2891 (seg=0.1316 bnd=0.3151) val_iou=0.9130 val_dice=0.9545 val_precision=0.9607 val_recall=0.9484
[2026-05-01 19:09:14,931] INFO - Saved new best checkpoint at epoch 50 with IoU=0.9130
[2026-05-01 19:12:04,190] INFO - Epoch [51/80] train_loss=0.2770 (seg=0.1018 bnd=0.3504) val_loss=0.2948 (seg=0.1361 bnd=0.3174) val_iou=0.9117 val_dice=0.9538 val_precision=0.9599 val_recall=0.9478
[2026-05-01 19:14:53,774] INFO - Epoch [52/80] train_loss=0.2770 (seg=0.1021 bnd=0.3498) val_loss=0.2981 (seg=0.1376 bnd=0.3210) val_iou=0.9113 val_dice=0.9536 val_precision=0.9612 val_recall=0.9461
[2026-05-01 19:17:43,204] INFO - Epoch [53/80] train_loss=0.2738 (seg=0.1001 bnd=0.3473) val_loss=0.2792 (seg=0.1238 bnd=0.3108) val_iou=0.9114 val_dice=0.9536 val_precision=0.9546 val_recall=0.9527
[2026-05-01 19:20:32,719] INFO - Epoch [54/80] train_loss=0.2729 (seg=0.0998 bnd=0.3461) val_loss=0.2737 (seg=0.1202 bnd=0.3070) val_iou=0.9130 val_dice=0.9545 val_precision=0.9598 val_recall=0.9493
[2026-05-01 19:23:22,273] INFO - Epoch [55/80] train_loss=0.2705 (seg=0.0984 bnd=0.3442) val_loss=0.2839 (seg=0.1274 bnd=0.3130) val_iou=0.9126 val_dice=0.9543 val_precision=0.9564 val_recall=0.9522
[2026-05-01 19:26:11,701] INFO - Epoch [56/80] train_loss=0.2693 (seg=0.0981 bnd=0.3424) val_loss=0.2993 (seg=0.1369 bnd=0.3248) val_iou=0.9138 val_dice=0.9549 val_precision=0.9553 val_recall=0.9546
[2026-05-01 19:26:12,396] INFO - Saved new best checkpoint at epoch 56 with IoU=0.9138
[2026-05-01 19:29:01,613] INFO - Epoch [57/80] train_loss=0.2683 (seg=0.0977 bnd=0.3412) val_loss=0.2979 (seg=0.1359 bnd=0.3239) val_iou=0.9130 val_dice=0.9545 val_precision=0.9537 val_recall=0.9553
[2026-05-01 19:31:51,226] INFO - Epoch [58/80] train_loss=0.2679 (seg=0.0970 bnd=0.3418) val_loss=0.2941 (seg=0.1340 bnd=0.3203) val_iou=0.9141 val_dice=0.9551 val_precision=0.9605 val_recall=0.9498
[2026-05-01 19:31:52,107] INFO - Saved new best checkpoint at epoch 58 with IoU=0.9141
[2026-05-01 19:34:41,210] INFO - Epoch [59/80] train_loss=0.2663 (seg=0.0966 bnd=0.3393) val_loss=0.2969 (seg=0.1357 bnd=0.3224) val_iou=0.9140 val_dice=0.9551 val_precision=0.9575 val_recall=0.9526
[2026-05-01 19:37:30,702] INFO - Epoch [60/80] train_loss=0.2648 (seg=0.0957 bnd=0.3381) val_loss=0.2918 (seg=0.1332 bnd=0.3172) val_iou=0.9150 val_dice=0.9556 val_precision=0.9564 val_recall=0.9548
[2026-05-01 19:37:31,569] INFO - Saved new best checkpoint at epoch 60 with IoU=0.9150
[2026-05-01 19:40:20,790] INFO - Epoch [61/80] train_loss=0.2641 (seg=0.0957 bnd=0.3368) val_loss=0.2891 (seg=0.1298 bnd=0.3187) val_iou=0.9135 val_dice=0.9548 val_precision=0.9602 val_recall=0.9495
[2026-05-01 19:43:10,378] INFO - Epoch [62/80] train_loss=0.2635 (seg=0.0951 bnd=0.3368) val_loss=0.2887 (seg=0.1303 bnd=0.3166) val_iou=0.9147 val_dice=0.9555 val_precision=0.9586 val_recall=0.9524
[2026-05-01 19:45:59,899] INFO - Epoch [63/80] train_loss=0.2626 (seg=0.0946 bnd=0.3361) val_loss=0.2810 (seg=0.1251 bnd=0.3116) val_iou=0.9135 val_dice=0.9548 val_precision=0.9566 val_recall=0.9530
[2026-05-01 19:48:49,459] INFO - Epoch [64/80] train_loss=0.2628 (seg=0.0947 bnd=0.3360) val_loss=0.2933 (seg=0.1340 bnd=0.3185) val_iou=0.9141 val_dice=0.9551 val_precision=0.9571 val_recall=0.9531
[2026-05-01 19:51:38,963] INFO - Epoch [65/80] train_loss=0.2613 (seg=0.0942 bnd=0.3341) val_loss=0.2953 (seg=0.1348 bnd=0.3209) val_iou=0.9136 val_dice=0.9548 val_precision=0.9583 val_recall=0.9514
[2026-05-01 19:54:28,522] INFO - Epoch [66/80] train_loss=0.2609 (seg=0.0940 bnd=0.3338) val_loss=0.2907 (seg=0.1320 bnd=0.3175) val_iou=0.9142 val_dice=0.9552 val_precision=0.9578 val_recall=0.9526
[2026-05-01 19:57:18,128] INFO - Epoch [67/80] train_loss=0.2602 (seg=0.0935 bnd=0.3334) val_loss=0.2912 (seg=0.1317 bnd=0.3190) val_iou=0.9144 val_dice=0.9553 val_precision=0.9582 val_recall=0.9524
[2026-05-01 20:00:07,606] INFO - Epoch [68/80] train_loss=0.2606 (seg=0.0938 bnd=0.3336) val_loss=0.2872 (seg=0.1291 bnd=0.3162) val_iou=0.9145 val_dice=0.9553 val_precision=0.9596 val_recall=0.9511
[2026-05-01 20:02:56,988] INFO - Epoch [69/80] train_loss=0.2594 (seg=0.0933 bnd=0.3324) val_loss=0.2872 (seg=0.1295 bnd=0.3153) val_iou=0.9141 val_dice=0.9551 val_precision=0.9576 val_recall=0.9527
[2026-05-01 20:05:46,581] INFO - Epoch [70/80] train_loss=0.2597 (seg=0.0934 bnd=0.3325) val_loss=0.2937 (seg=0.1338 bnd=0.3199) val_iou=0.9128 val_dice=0.9544 val_precision=0.9537 val_recall=0.9551
[2026-05-01 20:08:36,179] INFO - Epoch [71/80] train_loss=0.2575 (seg=0.0923 bnd=0.3305) val_loss=0.2848 (seg=0.1275 bnd=0.3147) val_iou=0.9141 val_dice=0.9551 val_precision=0.9578 val_recall=0.9525
[2026-05-01 20:11:25,679] INFO - Epoch [72/80] train_loss=0.2579 (seg=0.0925 bnd=0.3308) val_loss=0.2868 (seg=0.1294 bnd=0.3147) val_iou=0.9146 val_dice=0.9554 val_precision=0.9577 val_recall=0.9531
[2026-05-01 20:14:15,261] INFO - Epoch [73/80] train_loss=0.2584 (seg=0.0929 bnd=0.3310) val_loss=0.2897 (seg=0.1308 bnd=0.3178) val_iou=0.9137 val_dice=0.9549 val_precision=0.9569 val_recall=0.9529
[2026-05-01 20:17:04,945] INFO - Epoch [74/80] train_loss=0.2577 (seg=0.0922 bnd=0.3309) val_loss=0.2889 (seg=0.1303 bnd=0.3172) val_iou=0.9132 val_dice=0.9546 val_precision=0.9571 val_recall=0.9522
[2026-05-01 20:19:54,561] INFO - Epoch [75/80] train_loss=0.2580 (seg=0.0927 bnd=0.3306) val_loss=0.2877 (seg=0.1295 bnd=0.3164) val_iou=0.9138 val_dice=0.9550 val_precision=0.9572 val_recall=0.9527
[2026-05-01 20:22:44,195] INFO - Epoch [76/80] train_loss=0.2563 (seg=0.0916 bnd=0.3295) val_loss=0.2903 (seg=0.1313 bnd=0.3179) val_iou=0.9138 val_dice=0.9550 val_precision=0.9569 val_recall=0.9530
[2026-05-01 20:25:33,607] INFO - Epoch [77/80] train_loss=0.2584 (seg=0.0929 bnd=0.3310) val_loss=0.2888 (seg=0.1302 bnd=0.3173) val_iou=0.9139 val_dice=0.9550 val_precision=0.9566 val_recall=0.9535
[2026-05-01 20:28:23,054] INFO - Epoch [78/80] train_loss=0.2570 (seg=0.0919 bnd=0.3302) val_loss=0.2857 (seg=0.1280 bnd=0.3153) val_iou=0.9145 val_dice=0.9553 val_precision=0.9579 val_recall=0.9528
[2026-05-01 20:31:12,591] INFO - Epoch [79/80] train_loss=0.2573 (seg=0.0922 bnd=0.3302) val_loss=0.2855 (seg=0.1282 bnd=0.3146) val_iou=0.9149 val_dice=0.9556 val_precision=0.9591 val_recall=0.9520
[2026-05-01 20:34:02,011] INFO - Epoch [80/80] train_loss=0.2559 (seg=0.0914 bnd=0.3290) val_loss=0.2910 (seg=0.1315 bnd=0.3189) val_iou=0.9138 val_dice=0.9550 val_precision=0.9573 val_recall=0.9526
[2026-05-01 20:34:22,827] INFO - Finished whu_deterministic_true_vmamba_boundary_seed123. test IoU=0.9018 Dice=0.9483
