[2026-04-26 05:02:25,330] INFO - Starting whu_ss2d_C_full_simplified on device=cuda
[2026-04-26 05:02:25,330] INFO - Train=4736 Val=1036 Test=2416 Params=17831777
[2026-04-26 05:03:44,530] INFO - Epoch [1/80] train_loss=0.5350 val_loss=0.5878 val_iou=0.7189 val_dice=0.8364 val_precision=0.7683 val_recall=0.9178
[2026-04-26 05:03:45,163] INFO - Saved new best checkpoint at epoch 1 with IoU=0.7189
[2026-04-26 05:05:03,788] INFO - Epoch [2/80] train_loss=0.3622 val_loss=0.3263 val_iou=0.7853 val_dice=0.8797 val_precision=0.8401 val_recall=0.9233
[2026-04-26 05:05:04,522] INFO - Saved new best checkpoint at epoch 2 with IoU=0.7853
[2026-04-26 05:06:22,963] INFO - Epoch [3/80] train_loss=0.3038 val_loss=0.2665 val_iou=0.8219 val_dice=0.9022 val_precision=0.9241 val_recall=0.8814
[2026-04-26 05:06:23,681] INFO - Saved new best checkpoint at epoch 3 with IoU=0.8219
[2026-04-26 05:07:42,677] INFO - Epoch [4/80] train_loss=0.2720 val_loss=0.2550 val_iou=0.8437 val_dice=0.9152 val_precision=0.9057 val_recall=0.9250
[2026-04-26 05:07:43,550] INFO - Saved new best checkpoint at epoch 4 with IoU=0.8437
[2026-04-26 05:09:02,269] INFO - Epoch [5/80] train_loss=0.2399 val_loss=0.2636 val_iou=0.8140 val_dice=0.8974 val_precision=0.8622 val_recall=0.9357
[2026-04-26 05:10:21,349] INFO - Epoch [6/80] train_loss=0.2367 val_loss=0.2343 val_iou=0.8258 val_dice=0.9046 val_precision=0.8789 val_recall=0.9318
[2026-04-26 05:11:40,839] INFO - Epoch [7/80] train_loss=0.2260 val_loss=0.2228 val_iou=0.8527 val_dice=0.9205 val_precision=0.9085 val_recall=0.9329
[2026-04-26 05:11:41,536] INFO - Saved new best checkpoint at epoch 7 with IoU=0.8527
[2026-04-26 05:13:00,812] INFO - Epoch [8/80] train_loss=0.2157 val_loss=0.2506 val_iou=0.8342 val_dice=0.9096 val_precision=0.8768 val_recall=0.9449
[2026-04-26 05:14:19,882] INFO - Epoch [9/80] train_loss=0.2114 val_loss=0.2450 val_iou=0.8593 val_dice=0.9243 val_precision=0.9161 val_recall=0.9327
[2026-04-26 05:14:20,667] INFO - Saved new best checkpoint at epoch 9 with IoU=0.8593
[2026-04-26 05:15:39,539] INFO - Epoch [10/80] train_loss=0.2017 val_loss=0.2011 val_iou=0.8648 val_dice=0.9275 val_precision=0.9252 val_recall=0.9299
[2026-04-26 05:15:40,315] INFO - Saved new best checkpoint at epoch 10 with IoU=0.8648
[2026-04-26 05:16:59,560] INFO - Epoch [11/80] train_loss=0.1931 val_loss=0.1855 val_iou=0.8783 val_dice=0.9352 val_precision=0.9244 val_recall=0.9463
[2026-04-26 05:17:00,332] INFO - Saved new best checkpoint at epoch 11 with IoU=0.8783
[2026-04-26 05:18:19,401] INFO - Epoch [12/80] train_loss=0.1898 val_loss=0.2036 val_iou=0.8720 val_dice=0.9316 val_precision=0.9286 val_recall=0.9347
[2026-04-26 05:19:38,857] INFO - Epoch [13/80] train_loss=0.1942 val_loss=0.1877 val_iou=0.8701 val_dice=0.9306 val_precision=0.9135 val_recall=0.9482
[2026-04-26 05:20:58,047] INFO - Epoch [14/80] train_loss=0.1825 val_loss=0.1766 val_iou=0.8750 val_dice=0.9333 val_precision=0.9310 val_recall=0.9356
[2026-04-26 05:22:17,339] INFO - Epoch [15/80] train_loss=0.1777 val_loss=0.1647 val_iou=0.8786 val_dice=0.9354 val_precision=0.9220 val_recall=0.9491
[2026-04-26 05:22:18,049] INFO - Saved new best checkpoint at epoch 15 with IoU=0.8786
[2026-04-26 05:23:36,462] INFO - Epoch [16/80] train_loss=0.1744 val_loss=0.1741 val_iou=0.8876 val_dice=0.9404 val_precision=0.9463 val_recall=0.9346
[2026-04-26 05:23:37,291] INFO - Saved new best checkpoint at epoch 16 with IoU=0.8876
[2026-04-26 05:24:56,264] INFO - Epoch [17/80] train_loss=0.1769 val_loss=0.1908 val_iou=0.8764 val_dice=0.9341 val_precision=0.9347 val_recall=0.9336
[2026-04-26 05:26:15,557] INFO - Epoch [18/80] train_loss=0.1687 val_loss=0.1909 val_iou=0.8757 val_dice=0.9338 val_precision=0.9189 val_recall=0.9491
[2026-04-26 05:27:34,821] INFO - Epoch [19/80] train_loss=0.1692 val_loss=0.1668 val_iou=0.8864 val_dice=0.9398 val_precision=0.9389 val_recall=0.9407
[2026-04-26 05:28:53,520] INFO - Epoch [20/80] train_loss=0.1666 val_loss=0.1728 val_iou=0.8876 val_dice=0.9404 val_precision=0.9393 val_recall=0.9416
[2026-04-26 05:28:54,318] INFO - Saved new best checkpoint at epoch 20 with IoU=0.8876
[2026-04-26 05:30:13,434] INFO - Epoch [21/80] train_loss=0.1602 val_loss=0.1859 val_iou=0.8848 val_dice=0.9389 val_precision=0.9320 val_recall=0.9458
[2026-04-26 05:31:32,596] INFO - Epoch [22/80] train_loss=0.1630 val_loss=0.1505 val_iou=0.8950 val_dice=0.9446 val_precision=0.9572 val_recall=0.9323
[2026-04-26 05:31:33,323] INFO - Saved new best checkpoint at epoch 22 with IoU=0.8950
[2026-04-26 05:32:52,231] INFO - Epoch [23/80] train_loss=0.1592 val_loss=0.1594 val_iou=0.8786 val_dice=0.9354 val_precision=0.9323 val_recall=0.9385
[2026-04-26 05:34:11,669] INFO - Epoch [24/80] train_loss=0.1545 val_loss=0.1701 val_iou=0.8955 val_dice=0.9449 val_precision=0.9439 val_recall=0.9459
[2026-04-26 05:34:12,556] INFO - Saved new best checkpoint at epoch 24 with IoU=0.8955
[2026-04-26 05:35:31,533] INFO - Epoch [25/80] train_loss=0.1541 val_loss=0.1636 val_iou=0.8912 val_dice=0.9424 val_precision=0.9384 val_recall=0.9466
[2026-04-26 05:36:50,937] INFO - Epoch [26/80] train_loss=0.1521 val_loss=0.1564 val_iou=0.8924 val_dice=0.9432 val_precision=0.9430 val_recall=0.9433
[2026-04-26 05:38:10,061] INFO - Epoch [27/80] train_loss=0.1509 val_loss=0.1900 val_iou=0.8846 val_dice=0.9387 val_precision=0.9332 val_recall=0.9443
[2026-04-26 05:39:29,084] INFO - Epoch [28/80] train_loss=0.1500 val_loss=0.1575 val_iou=0.8983 val_dice=0.9464 val_precision=0.9450 val_recall=0.9479
[2026-04-26 05:39:29,742] INFO - Saved new best checkpoint at epoch 28 with IoU=0.8983
[2026-04-26 05:40:48,958] INFO - Epoch [29/80] train_loss=0.1475 val_loss=0.1484 val_iou=0.8982 val_dice=0.9464 val_precision=0.9521 val_recall=0.9407
[2026-04-26 05:42:08,087] INFO - Epoch [30/80] train_loss=0.1477 val_loss=0.1494 val_iou=0.9006 val_dice=0.9477 val_precision=0.9486 val_recall=0.9468
[2026-04-26 05:42:08,760] INFO - Saved new best checkpoint at epoch 30 with IoU=0.9006
[2026-04-26 05:43:27,458] INFO - Epoch [31/80] train_loss=0.1464 val_loss=0.1592 val_iou=0.8953 val_dice=0.9448 val_precision=0.9407 val_recall=0.9488
[2026-04-26 05:44:46,812] INFO - Epoch [32/80] train_loss=0.1442 val_loss=0.1543 val_iou=0.9029 val_dice=0.9490 val_precision=0.9478 val_recall=0.9502
[2026-04-26 05:44:47,608] INFO - Saved new best checkpoint at epoch 32 with IoU=0.9029
[2026-04-26 05:46:06,876] INFO - Epoch [33/80] train_loss=0.1430 val_loss=0.1618 val_iou=0.8870 val_dice=0.9401 val_precision=0.9388 val_recall=0.9414
[2026-04-26 05:47:25,948] INFO - Epoch [34/80] train_loss=0.1389 val_loss=0.1726 val_iou=0.8892 val_dice=0.9413 val_precision=0.9343 val_recall=0.9485
[2026-04-26 05:48:45,124] INFO - Epoch [35/80] train_loss=0.1396 val_loss=0.1384 val_iou=0.9061 val_dice=0.9507 val_precision=0.9546 val_recall=0.9468
[2026-04-26 05:48:45,994] INFO - Saved new best checkpoint at epoch 35 with IoU=0.9061
[2026-04-26 05:50:04,814] INFO - Epoch [36/80] train_loss=0.1367 val_loss=0.1533 val_iou=0.9048 val_dice=0.9500 val_precision=0.9489 val_recall=0.9512
[2026-04-26 05:51:24,081] INFO - Epoch [37/80] train_loss=0.1361 val_loss=0.1421 val_iou=0.9058 val_dice=0.9506 val_precision=0.9533 val_recall=0.9479
[2026-04-26 05:52:43,252] INFO - Epoch [38/80] train_loss=0.1355 val_loss=0.1317 val_iou=0.9082 val_dice=0.9519 val_precision=0.9560 val_recall=0.9478
[2026-04-26 05:52:43,983] INFO - Saved new best checkpoint at epoch 38 with IoU=0.9082
[2026-04-26 05:54:02,881] INFO - Epoch [39/80] train_loss=0.1344 val_loss=0.1590 val_iou=0.8951 val_dice=0.9446 val_precision=0.9341 val_recall=0.9554
[2026-04-26 05:55:22,009] INFO - Epoch [40/80] train_loss=0.1349 val_loss=0.1581 val_iou=0.9065 val_dice=0.9510 val_precision=0.9519 val_recall=0.9500
[2026-04-26 05:56:41,140] INFO - Epoch [41/80] train_loss=0.1316 val_loss=0.1482 val_iou=0.9042 val_dice=0.9497 val_precision=0.9495 val_recall=0.9498
[2026-04-26 05:58:00,256] INFO - Epoch [42/80] train_loss=0.1325 val_loss=0.1519 val_iou=0.9044 val_dice=0.9498 val_precision=0.9542 val_recall=0.9454
[2026-04-26 05:59:19,367] INFO - Epoch [43/80] train_loss=0.1299 val_loss=0.1427 val_iou=0.9060 val_dice=0.9507 val_precision=0.9533 val_recall=0.9481
[2026-04-26 06:00:38,174] INFO - Epoch [44/80] train_loss=0.1297 val_loss=0.1507 val_iou=0.8995 val_dice=0.9471 val_precision=0.9479 val_recall=0.9463
[2026-04-26 06:01:57,442] INFO - Epoch [45/80] train_loss=0.1290 val_loss=0.1399 val_iou=0.9081 val_dice=0.9518 val_precision=0.9579 val_recall=0.9458
[2026-04-26 06:03:16,757] INFO - Epoch [46/80] train_loss=0.1274 val_loss=0.1538 val_iou=0.9033 val_dice=0.9492 val_precision=0.9495 val_recall=0.9489
[2026-04-26 06:04:36,248] INFO - Epoch [47/80] train_loss=0.1250 val_loss=0.1407 val_iou=0.9069 val_dice=0.9512 val_precision=0.9597 val_recall=0.9429
[2026-04-26 06:05:55,468] INFO - Epoch [48/80] train_loss=0.1253 val_loss=0.1394 val_iou=0.9081 val_dice=0.9519 val_precision=0.9561 val_recall=0.9477
[2026-04-26 06:07:14,922] INFO - Epoch [49/80] train_loss=0.1239 val_loss=0.1395 val_iou=0.9039 val_dice=0.9495 val_precision=0.9452 val_recall=0.9538
[2026-04-26 06:08:34,693] INFO - Epoch [50/80] train_loss=0.1244 val_loss=0.1412 val_iou=0.9058 val_dice=0.9506 val_precision=0.9485 val_recall=0.9526
[2026-04-26 06:09:54,083] INFO - Epoch [51/80] train_loss=0.1225 val_loss=0.1298 val_iou=0.9137 val_dice=0.9549 val_precision=0.9545 val_recall=0.9553
[2026-04-26 06:09:54,742] INFO - Saved new best checkpoint at epoch 51 with IoU=0.9137
[2026-04-26 06:11:13,890] INFO - Epoch [52/80] train_loss=0.1219 val_loss=0.1335 val_iou=0.9116 val_dice=0.9538 val_precision=0.9603 val_recall=0.9473
[2026-04-26 06:12:33,218] INFO - Epoch [53/80] train_loss=0.1203 val_loss=0.1338 val_iou=0.9096 val_dice=0.9527 val_precision=0.9513 val_recall=0.9541
[2026-04-26 06:13:52,771] INFO - Epoch [54/80] train_loss=0.1205 val_loss=0.1306 val_iou=0.9100 val_dice=0.9529 val_precision=0.9539 val_recall=0.9518
[2026-04-26 06:15:12,336] INFO - Epoch [55/80] train_loss=0.1207 val_loss=0.1343 val_iou=0.9074 val_dice=0.9514 val_precision=0.9467 val_recall=0.9562
[2026-04-26 06:16:31,806] INFO - Epoch [56/80] train_loss=0.1184 val_loss=0.1361 val_iou=0.9070 val_dice=0.9512 val_precision=0.9533 val_recall=0.9491
[2026-04-26 06:17:51,028] INFO - Epoch [57/80] train_loss=0.1186 val_loss=0.1336 val_iou=0.9113 val_dice=0.9536 val_precision=0.9537 val_recall=0.9535
[2026-04-26 06:19:10,188] INFO - Epoch [58/80] train_loss=0.1176 val_loss=0.1427 val_iou=0.9097 val_dice=0.9527 val_precision=0.9495 val_recall=0.9560
[2026-04-26 06:20:29,386] INFO - Epoch [59/80] train_loss=0.1169 val_loss=0.1280 val_iou=0.9132 val_dice=0.9546 val_precision=0.9566 val_recall=0.9527
[2026-04-26 06:21:49,128] INFO - Epoch [60/80] train_loss=0.1168 val_loss=0.1320 val_iou=0.9121 val_dice=0.9540 val_precision=0.9557 val_recall=0.9524
[2026-04-26 06:23:08,420] INFO - Epoch [61/80] train_loss=0.1167 val_loss=0.1338 val_iou=0.9122 val_dice=0.9541 val_precision=0.9548 val_recall=0.9534
[2026-04-26 06:24:28,135] INFO - Epoch [62/80] train_loss=0.1158 val_loss=0.1333 val_iou=0.9110 val_dice=0.9534 val_precision=0.9527 val_recall=0.9542
[2026-04-26 06:25:47,419] INFO - Epoch [63/80] train_loss=0.1155 val_loss=0.1289 val_iou=0.9135 val_dice=0.9548 val_precision=0.9565 val_recall=0.9531
[2026-04-26 06:27:06,397] INFO - Epoch [64/80] train_loss=0.1150 val_loss=0.1390 val_iou=0.9085 val_dice=0.9521 val_precision=0.9505 val_recall=0.9536
[2026-04-26 06:28:25,487] INFO - Epoch [65/80] train_loss=0.1139 val_loss=0.1301 val_iou=0.9133 val_dice=0.9547 val_precision=0.9576 val_recall=0.9518
[2026-04-26 06:33:54,660] INFO - Resuming from /root/autodl-tmp/project-building/outputs/whu_ss2d_screening/C_full_simplified/checkpoints/last.pth at epoch 66 (best_score=0.9137)
[2026-04-26 06:33:54,661] INFO - Starting whu_ss2d_C_full_simplified on device=cuda
[2026-04-26 06:33:54,661] INFO - Train=4736 Val=1036 Test=2416 Params=17831777
[2026-04-26 06:35:14,298] INFO - Epoch [66/80] train_loss=0.1144 val_loss=0.1356 val_iou=0.9139 val_dice=0.9550 val_precision=0.9597 val_recall=0.9504
[2026-04-26 06:35:15,092] INFO - Saved new best checkpoint at epoch 66 with IoU=0.9139
[2026-04-26 06:36:34,021] INFO - Epoch [67/80] train_loss=0.1136 val_loss=0.1362 val_iou=0.9119 val_dice=0.9539 val_precision=0.9548 val_recall=0.9531
[2026-04-26 06:37:52,800] INFO - Epoch [68/80] train_loss=0.1134 val_loss=0.1319 val_iou=0.9120 val_dice=0.9540 val_precision=0.9568 val_recall=0.9512
[2026-04-26 06:39:11,879] INFO - Epoch [69/80] train_loss=0.1130 val_loss=0.1323 val_iou=0.9132 val_dice=0.9546 val_precision=0.9585 val_recall=0.9508
[2026-04-26 06:40:31,224] INFO - Epoch [70/80] train_loss=0.1130 val_loss=0.1355 val_iou=0.9113 val_dice=0.9536 val_precision=0.9540 val_recall=0.9531
[2026-04-26 06:41:50,244] INFO - Epoch [71/80] train_loss=0.1122 val_loss=0.1326 val_iou=0.9126 val_dice=0.9543 val_precision=0.9582 val_recall=0.9504
[2026-04-26 06:43:09,147] INFO - Epoch [72/80] train_loss=0.1128 val_loss=0.1348 val_iou=0.9114 val_dice=0.9536 val_precision=0.9549 val_recall=0.9524
[2026-04-26 06:44:28,356] INFO - Epoch [73/80] train_loss=0.1135 val_loss=0.1368 val_iou=0.9109 val_dice=0.9534 val_precision=0.9547 val_recall=0.9521
[2026-04-26 06:45:47,775] INFO - Epoch [74/80] train_loss=0.1124 val_loss=0.1330 val_iou=0.9120 val_dice=0.9540 val_precision=0.9571 val_recall=0.9509
[2026-04-26 06:47:07,037] INFO - Epoch [75/80] train_loss=0.1123 val_loss=0.1352 val_iou=0.9118 val_dice=0.9539 val_precision=0.9560 val_recall=0.9517
[2026-04-26 06:48:26,177] INFO - Epoch [76/80] train_loss=0.1124 val_loss=0.1339 val_iou=0.9124 val_dice=0.9542 val_precision=0.9560 val_recall=0.9524
[2026-04-26 06:49:45,201] INFO - Epoch [77/80] train_loss=0.1122 val_loss=0.1351 val_iou=0.9121 val_dice=0.9541 val_precision=0.9561 val_recall=0.9520
[2026-04-26 06:51:04,302] INFO - Epoch [78/80] train_loss=0.1121 val_loss=0.1323 val_iou=0.9126 val_dice=0.9543 val_precision=0.9569 val_recall=0.9517
[2026-04-26 06:52:23,368] INFO - Epoch [79/80] train_loss=0.1116 val_loss=0.1316 val_iou=0.9133 val_dice=0.9547 val_precision=0.9577 val_recall=0.9517
[2026-04-26 06:53:42,651] INFO - Epoch [80/80] train_loss=0.1120 val_loss=0.1315 val_iou=0.9136 val_dice=0.9548 val_precision=0.9582 val_recall=0.9515
[2026-04-26 06:53:56,942] INFO - Finished whu_ss2d_C_full_simplified. test IoU=0.8944 Dice=0.9443
