[2026-04-17 22:49:52,526] INFO - Starting whu_cbnd_seed3407 on device=cuda
[2026-04-17 22:49:52,526] INFO - Train=4736 Val=1036 Test=2416 Params=17915010 boundary_weight=0.50 kernel=3
[2026-04-17 22:51:21,145] INFO - Epoch [1/80] train_loss=0.9374 (seg=0.5377 bnd=0.7993) val_loss=1.0017 (seg=0.6960 bnd=0.6116) val_iou=0.6495 val_dice=0.7875 val_precision=0.7223 val_recall=0.8656
[2026-04-17 22:51:21,800] INFO - Saved new best checkpoint at epoch 1 with IoU=0.6495
[2026-04-17 22:52:48,775] INFO - Epoch [2/80] train_loss=0.6671 (seg=0.3602 bnd=0.6137) val_loss=0.6336 (seg=0.3802 bnd=0.5070) val_iou=0.7466 val_dice=0.8549 val_precision=0.8038 val_recall=0.9130
[2026-04-17 22:52:49,516] INFO - Saved new best checkpoint at epoch 2 with IoU=0.7466
[2026-04-17 22:54:17,080] INFO - Epoch [3/80] train_loss=0.5705 (seg=0.2882 bnd=0.5645) val_loss=0.6052 (seg=0.3556 bnd=0.4991) val_iou=0.7708 val_dice=0.8705 val_precision=0.8194 val_recall=0.9284
[2026-04-17 22:54:17,881] INFO - Saved new best checkpoint at epoch 3 with IoU=0.7708
[2026-04-17 22:55:44,962] INFO - Epoch [4/80] train_loss=0.5354 (seg=0.2628 bnd=0.5452) val_loss=0.5004 (seg=0.2868 bnd=0.4270) val_iou=0.7959 val_dice=0.8863 val_precision=0.8436 val_recall=0.9336
[2026-04-17 22:55:45,707] INFO - Saved new best checkpoint at epoch 4 with IoU=0.7959
[2026-04-17 22:57:13,364] INFO - Epoch [5/80] train_loss=0.5004 (seg=0.2376 bnd=0.5256) val_loss=0.4224 (seg=0.2250 bnd=0.3949) val_iou=0.8549 val_dice=0.9218 val_precision=0.9086 val_recall=0.9353
[2026-04-17 22:57:14,011] INFO - Saved new best checkpoint at epoch 5 with IoU=0.8549
[2026-04-17 22:58:41,708] INFO - Epoch [6/80] train_loss=0.4794 (seg=0.2232 bnd=0.5124) val_loss=0.4572 (seg=0.2495 bnd=0.4154) val_iou=0.8451 val_dice=0.9161 val_precision=0.9121 val_recall=0.9201
[2026-04-17 23:00:09,627] INFO - Epoch [7/80] train_loss=0.4705 (seg=0.2173 bnd=0.5064) val_loss=0.5025 (seg=0.2865 bnd=0.4319) val_iou=0.8149 val_dice=0.8980 val_precision=0.8567 val_recall=0.9435
[2026-04-17 23:01:37,680] INFO - Epoch [8/80] train_loss=0.4614 (seg=0.2104 bnd=0.5019) val_loss=0.4352 (seg=0.2379 bnd=0.3944) val_iou=0.8368 val_dice=0.9112 val_precision=0.8998 val_recall=0.9227
[2026-04-17 23:03:05,617] INFO - Epoch [9/80] train_loss=0.4483 (seg=0.2013 bnd=0.4940) val_loss=0.3684 (seg=0.1888 bnd=0.3591) val_iou=0.8801 val_dice=0.9363 val_precision=0.9369 val_recall=0.9356
[2026-04-17 23:03:06,333] INFO - Saved new best checkpoint at epoch 9 with IoU=0.8801
[2026-04-17 23:04:34,253] INFO - Epoch [10/80] train_loss=0.4339 (seg=0.1907 bnd=0.4864) val_loss=0.3497 (seg=0.1779 bnd=0.3437) val_iou=0.8762 val_dice=0.9340 val_precision=0.9282 val_recall=0.9399
[2026-04-17 23:06:02,007] INFO - Epoch [11/80] train_loss=0.4266 (seg=0.1862 bnd=0.4808) val_loss=0.3878 (seg=0.2053 bnd=0.3651) val_iou=0.8679 val_dice=0.9293 val_precision=0.9143 val_recall=0.9447
[2026-04-17 23:07:29,921] INFO - Epoch [12/80] train_loss=0.4151 (seg=0.1782 bnd=0.4738) val_loss=0.3852 (seg=0.1987 bnd=0.3729) val_iou=0.8777 val_dice=0.9348 val_precision=0.9245 val_recall=0.9454
[2026-04-17 23:08:57,896] INFO - Epoch [13/80] train_loss=0.4157 (seg=0.1789 bnd=0.4736) val_loss=0.3898 (seg=0.2070 bnd=0.3655) val_iou=0.8689 val_dice=0.9298 val_precision=0.9102 val_recall=0.9504
[2026-04-17 23:10:25,398] INFO - Epoch [14/80] train_loss=0.4072 (seg=0.1733 bnd=0.4678) val_loss=0.3881 (seg=0.2087 bnd=0.3590) val_iou=0.8585 val_dice=0.9238 val_precision=0.9065 val_recall=0.9419
[2026-04-17 23:11:53,164] INFO - Epoch [15/80] train_loss=0.4029 (seg=0.1703 bnd=0.4652) val_loss=0.3599 (seg=0.1826 bnd=0.3545) val_iou=0.8884 val_dice=0.9409 val_precision=0.9337 val_recall=0.9482
[2026-04-17 23:11:54,015] INFO - Saved new best checkpoint at epoch 15 with IoU=0.8884
[2026-04-17 23:13:21,758] INFO - Epoch [16/80] train_loss=0.4006 (seg=0.1697 bnd=0.4619) val_loss=0.3783 (seg=0.1995 bnd=0.3577) val_iou=0.8775 val_dice=0.9347 val_precision=0.9272 val_recall=0.9424
[2026-04-17 23:14:49,604] INFO - Epoch [17/80] train_loss=0.3967 (seg=0.1666 bnd=0.4602) val_loss=0.3791 (seg=0.1991 bnd=0.3600) val_iou=0.8705 val_dice=0.9308 val_precision=0.9188 val_recall=0.9431
[2026-04-17 23:16:18,002] INFO - Epoch [18/80] train_loss=0.3904 (seg=0.1623 bnd=0.4562) val_loss=0.3351 (seg=0.1663 bnd=0.3376) val_iou=0.8924 val_dice=0.9431 val_precision=0.9383 val_recall=0.9479
[2026-04-17 23:16:18,862] INFO - Saved new best checkpoint at epoch 18 with IoU=0.8924
[2026-04-17 23:17:45,923] INFO - Epoch [19/80] train_loss=0.3897 (seg=0.1624 bnd=0.4547) val_loss=0.3796 (seg=0.2026 bnd=0.3540) val_iou=0.8871 val_dice=0.9402 val_precision=0.9444 val_recall=0.9360
[2026-04-17 23:19:13,754] INFO - Epoch [20/80] train_loss=0.3813 (seg=0.1567 bnd=0.4494) val_loss=0.3281 (seg=0.1614 bnd=0.3336) val_iou=0.8954 val_dice=0.9448 val_precision=0.9478 val_recall=0.9419
[2026-04-17 23:19:14,569] INFO - Saved new best checkpoint at epoch 20 with IoU=0.8954
[2026-04-17 23:20:41,737] INFO - Epoch [21/80] train_loss=0.3765 (seg=0.1533 bnd=0.4465) val_loss=0.3346 (seg=0.1671 bnd=0.3348) val_iou=0.8935 val_dice=0.9437 val_precision=0.9460 val_recall=0.9415
[2026-04-17 23:22:09,455] INFO - Epoch [22/80] train_loss=0.3719 (seg=0.1500 bnd=0.4439) val_loss=0.3148 (seg=0.1527 bnd=0.3241) val_iou=0.8974 val_dice=0.9459 val_precision=0.9450 val_recall=0.9468
[2026-04-17 23:22:10,689] INFO - Saved new best checkpoint at epoch 22 with IoU=0.8974
[2026-04-17 23:23:38,247] INFO - Epoch [23/80] train_loss=0.3692 (seg=0.1483 bnd=0.4418) val_loss=0.3335 (seg=0.1650 bnd=0.3370) val_iou=0.8996 val_dice=0.9471 val_precision=0.9462 val_recall=0.9481
[2026-04-17 23:23:39,155] INFO - Saved new best checkpoint at epoch 23 with IoU=0.8996
[2026-04-17 23:25:06,581] INFO - Epoch [24/80] train_loss=0.3646 (seg=0.1459 bnd=0.4374) val_loss=0.3413 (seg=0.1678 bnd=0.3470) val_iou=0.8907 val_dice=0.9422 val_precision=0.9393 val_recall=0.9450
[2026-04-17 23:26:34,430] INFO - Epoch [25/80] train_loss=0.3659 (seg=0.1468 bnd=0.4381) val_loss=0.3433 (seg=0.1693 bnd=0.3479) val_iou=0.8993 val_dice=0.9470 val_precision=0.9451 val_recall=0.9488
[2026-04-17 23:28:02,019] INFO - Epoch [26/80] train_loss=0.3583 (seg=0.1419 bnd=0.4327) val_loss=0.3219 (seg=0.1544 bnd=0.3350) val_iou=0.8966 val_dice=0.9455 val_precision=0.9422 val_recall=0.9487
[2026-04-17 23:29:29,913] INFO - Epoch [27/80] train_loss=0.3571 (seg=0.1412 bnd=0.4318) val_loss=0.2992 (seg=0.1421 bnd=0.3143) val_iou=0.9010 val_dice=0.9479 val_precision=0.9559 val_recall=0.9401
[2026-04-17 23:29:30,768] INFO - Saved new best checkpoint at epoch 27 with IoU=0.9010
[2026-04-17 23:30:57,956] INFO - Epoch [28/80] train_loss=0.3550 (seg=0.1401 bnd=0.4299) val_loss=0.3099 (seg=0.1489 bnd=0.3221) val_iou=0.8952 val_dice=0.9447 val_precision=0.9489 val_recall=0.9406
[2026-04-17 23:32:25,875] INFO - Epoch [29/80] train_loss=0.3546 (seg=0.1397 bnd=0.4299) val_loss=0.3135 (seg=0.1515 bnd=0.3239) val_iou=0.8983 val_dice=0.9464 val_precision=0.9462 val_recall=0.9467
[2026-04-17 23:33:53,821] INFO - Epoch [30/80] train_loss=0.3493 (seg=0.1368 bnd=0.4249) val_loss=0.3249 (seg=0.1606 bnd=0.3285) val_iou=0.8913 val_dice=0.9425 val_precision=0.9354 val_recall=0.9497
[2026-04-17 23:35:21,882] INFO - Epoch [31/80] train_loss=0.3471 (seg=0.1354 bnd=0.4235) val_loss=0.3294 (seg=0.1645 bnd=0.3299) val_iou=0.8914 val_dice=0.9426 val_precision=0.9365 val_recall=0.9487
[2026-04-17 23:36:49,554] INFO - Epoch [32/80] train_loss=0.3477 (seg=0.1364 bnd=0.4226) val_loss=0.3337 (seg=0.1649 bnd=0.3376) val_iou=0.9000 val_dice=0.9473 val_precision=0.9508 val_recall=0.9440
[2026-04-17 23:38:17,314] INFO - Epoch [33/80] train_loss=0.3441 (seg=0.1334 bnd=0.4214) val_loss=0.3017 (seg=0.1435 bnd=0.3164) val_iou=0.9050 val_dice=0.9501 val_precision=0.9485 val_recall=0.9518
[2026-04-17 23:38:18,733] INFO - Saved new best checkpoint at epoch 33 with IoU=0.9050
[2026-04-17 23:39:46,197] INFO - Epoch [34/80] train_loss=0.3392 (seg=0.1306 bnd=0.4172) val_loss=0.3033 (seg=0.1461 bnd=0.3144) val_iou=0.8987 val_dice=0.9467 val_precision=0.9545 val_recall=0.9389
[2026-04-17 23:41:14,259] INFO - Epoch [35/80] train_loss=0.3387 (seg=0.1308 bnd=0.4159) val_loss=0.3502 (seg=0.1780 bnd=0.3445) val_iou=0.8936 val_dice=0.9438 val_precision=0.9410 val_recall=0.9467
[2026-04-17 23:42:41,884] INFO - Epoch [36/80] train_loss=0.3334 (seg=0.1276 bnd=0.4117) val_loss=0.2998 (seg=0.1417 bnd=0.3162) val_iou=0.9067 val_dice=0.9511 val_precision=0.9553 val_recall=0.9468
[2026-04-17 23:42:43,198] INFO - Saved new best checkpoint at epoch 36 with IoU=0.9067
[2026-04-17 23:44:10,527] INFO - Epoch [37/80] train_loss=0.3322 (seg=0.1266 bnd=0.4111) val_loss=0.3041 (seg=0.1446 bnd=0.3190) val_iou=0.9045 val_dice=0.9498 val_precision=0.9509 val_recall=0.9488
[2026-04-17 23:45:38,197] INFO - Epoch [38/80] train_loss=0.3285 (seg=0.1246 bnd=0.4079) val_loss=0.3268 (seg=0.1622 bnd=0.3292) val_iou=0.8924 val_dice=0.9432 val_precision=0.9342 val_recall=0.9523
[2026-04-17 23:47:06,112] INFO - Epoch [39/80] train_loss=0.3303 (seg=0.1255 bnd=0.4097) val_loss=0.3129 (seg=0.1501 bnd=0.3257) val_iou=0.9050 val_dice=0.9502 val_precision=0.9484 val_recall=0.9519
[2026-04-17 23:48:34,644] INFO - Epoch [40/80] train_loss=0.3288 (seg=0.1251 bnd=0.4074) val_loss=0.3055 (seg=0.1464 bnd=0.3183) val_iou=0.9032 val_dice=0.9492 val_precision=0.9481 val_recall=0.9503
[2026-04-17 23:50:02,997] INFO - Epoch [41/80] train_loss=0.3236 (seg=0.1221 bnd=0.4029) val_loss=0.3291 (seg=0.1628 bnd=0.3326) val_iou=0.8999 val_dice=0.9473 val_precision=0.9457 val_recall=0.9489
[2026-04-17 23:51:31,414] INFO - Epoch [42/80] train_loss=0.3232 (seg=0.1216 bnd=0.4032) val_loss=0.3315 (seg=0.1643 bnd=0.3345) val_iou=0.8993 val_dice=0.9470 val_precision=0.9541 val_recall=0.9400
[2026-04-17 23:52:59,879] INFO - Epoch [43/80] train_loss=0.3210 (seg=0.1205 bnd=0.4010) val_loss=0.3063 (seg=0.1450 bnd=0.3226) val_iou=0.9058 val_dice=0.9505 val_precision=0.9551 val_recall=0.9460
[2026-04-17 23:54:28,004] INFO - Epoch [44/80] train_loss=0.3192 (seg=0.1193 bnd=0.3998) val_loss=0.3058 (seg=0.1457 bnd=0.3202) val_iou=0.9075 val_dice=0.9515 val_precision=0.9578 val_recall=0.9453
[2026-04-17 23:54:29,839] INFO - Saved new best checkpoint at epoch 44 with IoU=0.9075
[2026-04-17 23:55:56,992] INFO - Epoch [45/80] train_loss=0.3150 (seg=0.1170 bnd=0.3961) val_loss=0.3207 (seg=0.1573 bnd=0.3269) val_iou=0.8993 val_dice=0.9470 val_precision=0.9421 val_recall=0.9519
[2026-04-17 23:57:25,164] INFO - Epoch [46/80] train_loss=0.3129 (seg=0.1158 bnd=0.3941) val_loss=0.3067 (seg=0.1452 bnd=0.3229) val_iou=0.9094 val_dice=0.9526 val_precision=0.9548 val_recall=0.9503
[2026-04-17 23:57:26,048] INFO - Saved new best checkpoint at epoch 46 with IoU=0.9094
[2026-04-17 23:58:53,219] INFO - Epoch [47/80] train_loss=0.3124 (seg=0.1155 bnd=0.3938) val_loss=0.3044 (seg=0.1467 bnd=0.3153) val_iou=0.9006 val_dice=0.9477 val_precision=0.9457 val_recall=0.9498
[2026-04-18 00:00:20,793] INFO - Epoch [48/80] train_loss=0.3101 (seg=0.1144 bnd=0.3915) val_loss=0.3022 (seg=0.1406 bnd=0.3230) val_iou=0.9028 val_dice=0.9489 val_precision=0.9466 val_recall=0.9512
[2026-04-18 00:01:48,701] INFO - Epoch [49/80] train_loss=0.3103 (seg=0.1148 bnd=0.3908) val_loss=0.2958 (seg=0.1385 bnd=0.3146) val_iou=0.9049 val_dice=0.9501 val_precision=0.9524 val_recall=0.9478
[2026-04-18 00:03:16,797] INFO - Epoch [50/80] train_loss=0.3090 (seg=0.1140 bnd=0.3899) val_loss=0.3067 (seg=0.1465 bnd=0.3203) val_iou=0.9069 val_dice=0.9512 val_precision=0.9522 val_recall=0.9501
[2026-04-18 00:04:44,661] INFO - Epoch [51/80] train_loss=0.3069 (seg=0.1128 bnd=0.3883) val_loss=0.3176 (seg=0.1540 bnd=0.3271) val_iou=0.9068 val_dice=0.9511 val_precision=0.9503 val_recall=0.9520
[2026-04-18 00:06:12,709] INFO - Epoch [52/80] train_loss=0.3041 (seg=0.1113 bnd=0.3855) val_loss=0.2939 (seg=0.1376 bnd=0.3126) val_iou=0.9074 val_dice=0.9515 val_precision=0.9609 val_recall=0.9422
[2026-04-18 00:07:41,290] INFO - Epoch [53/80] train_loss=0.3037 (seg=0.1112 bnd=0.3850) val_loss=0.3489 (seg=0.1782 bnd=0.3414) val_iou=0.8971 val_dice=0.9458 val_precision=0.9425 val_recall=0.9490
[2026-04-18 00:09:09,890] INFO - Epoch [54/80] train_loss=0.3017 (seg=0.1098 bnd=0.3837) val_loss=0.2967 (seg=0.1390 bnd=0.3154) val_iou=0.9108 val_dice=0.9533 val_precision=0.9608 val_recall=0.9459
[2026-04-18 00:09:11,267] INFO - Saved new best checkpoint at epoch 54 with IoU=0.9108
[2026-04-18 00:10:38,699] INFO - Epoch [55/80] train_loss=0.3012 (seg=0.1098 bnd=0.3828) val_loss=0.3166 (seg=0.1535 bnd=0.3263) val_iou=0.9042 val_dice=0.9497 val_precision=0.9510 val_recall=0.9483
[2026-04-18 00:12:06,227] INFO - Epoch [56/80] train_loss=0.3008 (seg=0.1095 bnd=0.3825) val_loss=0.3110 (seg=0.1488 bnd=0.3243) val_iou=0.9019 val_dice=0.9484 val_precision=0.9479 val_recall=0.9490
[2026-04-18 00:13:33,967] INFO - Epoch [57/80] train_loss=0.2977 (seg=0.1080 bnd=0.3794) val_loss=0.3026 (seg=0.1446 bnd=0.3161) val_iou=0.9046 val_dice=0.9499 val_precision=0.9491 val_recall=0.9507
[2026-04-18 00:15:01,818] INFO - Epoch [58/80] train_loss=0.2958 (seg=0.1074 bnd=0.3769) val_loss=0.2986 (seg=0.1402 bnd=0.3168) val_iou=0.9086 val_dice=0.9521 val_precision=0.9536 val_recall=0.9506
[2026-04-18 00:16:29,380] INFO - Epoch [59/80] train_loss=0.2944 (seg=0.1064 bnd=0.3761) val_loss=0.2950 (seg=0.1385 bnd=0.3131) val_iou=0.9086 val_dice=0.9521 val_precision=0.9565 val_recall=0.9478
[2026-04-18 00:17:57,124] INFO - Epoch [60/80] train_loss=0.2954 (seg=0.1069 bnd=0.3769) val_loss=0.3005 (seg=0.1430 bnd=0.3151) val_iou=0.9054 val_dice=0.9504 val_precision=0.9539 val_recall=0.9469
[2026-04-18 00:19:24,894] INFO - Epoch [61/80] train_loss=0.2935 (seg=0.1059 bnd=0.3751) val_loss=0.3026 (seg=0.1421 bnd=0.3210) val_iou=0.9099 val_dice=0.9528 val_precision=0.9571 val_recall=0.9486
[2026-04-18 00:20:52,645] INFO - Epoch [62/80] train_loss=0.2929 (seg=0.1057 bnd=0.3745) val_loss=0.2980 (seg=0.1394 bnd=0.3173) val_iou=0.9092 val_dice=0.9524 val_precision=0.9569 val_recall=0.9480
[2026-04-18 00:22:20,571] INFO - Epoch [63/80] train_loss=0.2917 (seg=0.1055 bnd=0.3723) val_loss=0.3015 (seg=0.1428 bnd=0.3173) val_iou=0.9076 val_dice=0.9516 val_precision=0.9561 val_recall=0.9470
[2026-04-18 00:23:48,542] INFO - Epoch [64/80] train_loss=0.2890 (seg=0.1037 bnd=0.3707) val_loss=0.3024 (seg=0.1438 bnd=0.3173) val_iou=0.9065 val_dice=0.9510 val_precision=0.9520 val_recall=0.9500
[2026-04-18 00:25:16,459] INFO - Epoch [65/80] train_loss=0.2885 (seg=0.1035 bnd=0.3700) val_loss=0.3074 (seg=0.1457 bnd=0.3234) val_iou=0.9054 val_dice=0.9504 val_precision=0.9524 val_recall=0.9483
[2026-04-18 00:26:44,160] INFO - Epoch [66/80] train_loss=0.2885 (seg=0.1036 bnd=0.3697) val_loss=0.3087 (seg=0.1469 bnd=0.3235) val_iou=0.9070 val_dice=0.9512 val_precision=0.9529 val_recall=0.9495
[2026-04-18 00:28:12,079] INFO - Epoch [67/80] train_loss=0.2890 (seg=0.1035 bnd=0.3709) val_loss=0.2998 (seg=0.1405 bnd=0.3188) val_iou=0.9090 val_dice=0.9523 val_precision=0.9554 val_recall=0.9493
[2026-04-18 00:29:39,557] INFO - Epoch [68/80] train_loss=0.2863 (seg=0.1026 bnd=0.3674) val_loss=0.2948 (seg=0.1373 bnd=0.3150) val_iou=0.9074 val_dice=0.9515 val_precision=0.9579 val_recall=0.9451
[2026-04-18 00:31:06,900] INFO - Epoch [69/80] train_loss=0.2870 (seg=0.1031 bnd=0.3678) val_loss=0.3054 (seg=0.1453 bnd=0.3203) val_iou=0.9083 val_dice=0.9520 val_precision=0.9542 val_recall=0.9498
[2026-04-18 00:32:34,349] INFO - Epoch [70/80] train_loss=0.2863 (seg=0.1023 bnd=0.3681) val_loss=0.3027 (seg=0.1423 bnd=0.3209) val_iou=0.9077 val_dice=0.9516 val_precision=0.9537 val_recall=0.9495
[2026-04-18 00:34:02,033] INFO - Epoch [71/80] train_loss=0.2841 (seg=0.1015 bnd=0.3651) val_loss=0.3055 (seg=0.1445 bnd=0.3221) val_iou=0.9069 val_dice=0.9512 val_precision=0.9527 val_recall=0.9496
[2026-04-18 00:35:29,345] INFO - Epoch [72/80] train_loss=0.2857 (seg=0.1020 bnd=0.3675) val_loss=0.3021 (seg=0.1420 bnd=0.3202) val_iou=0.9073 val_dice=0.9514 val_precision=0.9548 val_recall=0.9480
[2026-04-18 00:36:56,741] INFO - Epoch [73/80] train_loss=0.2860 (seg=0.1024 bnd=0.3671) val_loss=0.3054 (seg=0.1437 bnd=0.3233) val_iou=0.9063 val_dice=0.9508 val_precision=0.9532 val_recall=0.9485
[2026-04-18 00:38:24,371] INFO - Epoch [74/80] train_loss=0.2826 (seg=0.1009 bnd=0.3635) val_loss=0.3071 (seg=0.1455 bnd=0.3231) val_iou=0.9071 val_dice=0.9513 val_precision=0.9527 val_recall=0.9498
[2026-04-18 00:39:51,853] INFO - Epoch [75/80] train_loss=0.2838 (seg=0.1014 bnd=0.3649) val_loss=0.3069 (seg=0.1454 bnd=0.3230) val_iou=0.9068 val_dice=0.9511 val_precision=0.9526 val_recall=0.9497
[2026-04-18 00:41:19,325] INFO - Epoch [76/80] train_loss=0.2819 (seg=0.1002 bnd=0.3632) val_loss=0.3051 (seg=0.1440 bnd=0.3223) val_iou=0.9066 val_dice=0.9510 val_precision=0.9538 val_recall=0.9482
[2026-04-18 00:42:47,076] INFO - Epoch [77/80] train_loss=0.2844 (seg=0.1014 bnd=0.3659) val_loss=0.3034 (seg=0.1427 bnd=0.3213) val_iou=0.9071 val_dice=0.9513 val_precision=0.9537 val_recall=0.9489
[2026-04-18 00:44:14,561] INFO - Epoch [78/80] train_loss=0.2836 (seg=0.1011 bnd=0.3651) val_loss=0.3027 (seg=0.1420 bnd=0.3214) val_iou=0.9081 val_dice=0.9518 val_precision=0.9557 val_recall=0.9480
[2026-04-18 00:45:42,440] INFO - Epoch [79/80] train_loss=0.2813 (seg=0.1000 bnd=0.3627) val_loss=0.3061 (seg=0.1451 bnd=0.3221) val_iou=0.9070 val_dice=0.9512 val_precision=0.9540 val_recall=0.9484
[2026-04-18 00:47:09,932] INFO - Epoch [80/80] train_loss=0.2837 (seg=0.1012 bnd=0.3651) val_loss=0.3044 (seg=0.1437 bnd=0.3214) val_iou=0.9074 val_dice=0.9514 val_precision=0.9535 val_recall=0.9494
[2026-04-18 00:47:24,644] INFO - Finished whu_cbnd_seed3407. test IoU=0.8977 Dice=0.9461
