[2026-04-27 19:16:35,995] INFO - Starting whu_true_vmamba_C_full_true_vmamba_ss2d on device=cuda
[2026-04-27 19:16:35,995] INFO - Train=4736 Val=1036 Test=2416 Params=17843105
[2026-04-27 19:18:20,485] INFO - Epoch [1/80] train_loss=0.5282 val_loss=0.5500 val_iou=0.7490 val_dice=0.8565 val_precision=0.8128 val_recall=0.9051
[2026-04-27 19:18:21,139] INFO - Saved new best checkpoint at epoch 1 with IoU=0.7490
[2026-04-27 19:20:04,562] INFO - Epoch [2/80] train_loss=0.3597 val_loss=0.2993 val_iou=0.7950 val_dice=0.8858 val_precision=0.8527 val_recall=0.9216
[2026-04-27 19:20:05,482] INFO - Saved new best checkpoint at epoch 2 with IoU=0.7950
[2026-04-27 19:21:48,566] INFO - Epoch [3/80] train_loss=0.2902 val_loss=0.2944 val_iou=0.7950 val_dice=0.8858 val_precision=0.8502 val_recall=0.9244
[2026-04-27 19:23:32,311] INFO - Epoch [4/80] train_loss=0.2539 val_loss=0.2276 val_iou=0.8562 val_dice=0.9225 val_precision=0.9141 val_recall=0.9312
[2026-04-27 19:23:33,606] INFO - Saved new best checkpoint at epoch 4 with IoU=0.8562
[2026-04-27 19:25:16,692] INFO - Epoch [5/80] train_loss=0.2371 val_loss=0.2585 val_iou=0.8166 val_dice=0.8991 val_precision=0.8471 val_recall=0.9579
[2026-04-27 19:27:00,690] INFO - Epoch [6/80] train_loss=0.2242 val_loss=0.2692 val_iou=0.7988 val_dice=0.8881 val_precision=0.8605 val_recall=0.9176
[2026-04-27 19:28:44,759] INFO - Epoch [7/80] train_loss=0.2155 val_loss=0.2065 val_iou=0.8570 val_dice=0.9230 val_precision=0.9302 val_recall=0.9158
[2026-04-27 19:28:45,871] INFO - Saved new best checkpoint at epoch 7 with IoU=0.8570
[2026-04-27 19:30:28,842] INFO - Epoch [8/80] train_loss=0.2088 val_loss=0.1933 val_iou=0.8646 val_dice=0.9274 val_precision=0.9114 val_recall=0.9440
[2026-04-27 19:30:30,164] INFO - Saved new best checkpoint at epoch 8 with IoU=0.8646
[2026-04-27 19:32:13,371] INFO - Epoch [9/80] train_loss=0.1983 val_loss=0.2103 val_iou=0.8651 val_dice=0.9277 val_precision=0.9229 val_recall=0.9325
[2026-04-27 19:32:14,641] INFO - Saved new best checkpoint at epoch 9 with IoU=0.8651
[2026-04-27 19:33:57,933] INFO - Epoch [10/80] train_loss=0.1944 val_loss=0.2064 val_iou=0.8563 val_dice=0.9226 val_precision=0.8998 val_recall=0.9465
[2026-04-27 19:35:41,456] INFO - Epoch [11/80] train_loss=0.1892 val_loss=0.1869 val_iou=0.8730 val_dice=0.9322 val_precision=0.9123 val_recall=0.9530
[2026-04-27 19:35:42,732] INFO - Saved new best checkpoint at epoch 11 with IoU=0.8730
[2026-04-27 19:37:25,830] INFO - Epoch [12/80] train_loss=0.1829 val_loss=0.1956 val_iou=0.8764 val_dice=0.9341 val_precision=0.9216 val_recall=0.9470
[2026-04-27 19:37:26,926] INFO - Saved new best checkpoint at epoch 12 with IoU=0.8764
[2026-04-27 19:39:10,074] INFO - Epoch [13/80] train_loss=0.1866 val_loss=0.1804 val_iou=0.8816 val_dice=0.9371 val_precision=0.9392 val_recall=0.9350
[2026-04-27 19:39:11,045] INFO - Saved new best checkpoint at epoch 13 with IoU=0.8816
[2026-04-27 19:40:54,045] INFO - Epoch [14/80] train_loss=0.1760 val_loss=0.1764 val_iou=0.8797 val_dice=0.9360 val_precision=0.9360 val_recall=0.9360
[2026-04-27 19:42:37,310] INFO - Epoch [15/80] train_loss=0.1734 val_loss=0.2420 val_iou=0.8420 val_dice=0.9142 val_precision=0.8858 val_recall=0.9445
[2026-04-27 19:44:20,675] INFO - Epoch [16/80] train_loss=0.1703 val_loss=0.1571 val_iou=0.8848 val_dice=0.9389 val_precision=0.9545 val_recall=0.9238
[2026-04-27 19:44:21,544] INFO - Saved new best checkpoint at epoch 16 with IoU=0.8848
[2026-04-27 19:46:04,571] INFO - Epoch [17/80] train_loss=0.1677 val_loss=0.1563 val_iou=0.8881 val_dice=0.9407 val_precision=0.9500 val_recall=0.9317
[2026-04-27 19:46:05,547] INFO - Saved new best checkpoint at epoch 17 with IoU=0.8881
[2026-04-27 19:47:48,366] INFO - Epoch [18/80] train_loss=0.1684 val_loss=0.1430 val_iou=0.8930 val_dice=0.9435 val_precision=0.9431 val_recall=0.9438
[2026-04-27 19:47:49,686] INFO - Saved new best checkpoint at epoch 18 with IoU=0.8930
[2026-04-27 19:49:32,536] INFO - Epoch [19/80] train_loss=0.1630 val_loss=0.1560 val_iou=0.8952 val_dice=0.9447 val_precision=0.9518 val_recall=0.9377
[2026-04-27 19:49:33,436] INFO - Saved new best checkpoint at epoch 19 with IoU=0.8952
[2026-04-27 19:51:16,546] INFO - Epoch [20/80] train_loss=0.1614 val_loss=0.1544 val_iou=0.8824 val_dice=0.9376 val_precision=0.9499 val_recall=0.9255
[2026-04-27 19:52:59,934] INFO - Epoch [21/80] train_loss=0.1552 val_loss=0.1628 val_iou=0.8927 val_dice=0.9433 val_precision=0.9392 val_recall=0.9474
[2026-04-27 19:54:43,615] INFO - Epoch [22/80] train_loss=0.1557 val_loss=0.1434 val_iou=0.8963 val_dice=0.9453 val_precision=0.9498 val_recall=0.9409
[2026-04-27 19:54:44,569] INFO - Saved new best checkpoint at epoch 22 with IoU=0.8963
[2026-04-27 19:56:27,591] INFO - Epoch [23/80] train_loss=0.1522 val_loss=0.1649 val_iou=0.8970 val_dice=0.9457 val_precision=0.9406 val_recall=0.9509
[2026-04-27 19:56:28,401] INFO - Saved new best checkpoint at epoch 23 with IoU=0.8970
[2026-04-27 19:58:11,705] INFO - Epoch [24/80] train_loss=0.1542 val_loss=0.1573 val_iou=0.8972 val_dice=0.9458 val_precision=0.9493 val_recall=0.9423
[2026-04-27 19:58:13,525] INFO - Saved new best checkpoint at epoch 24 with IoU=0.8972
[2026-04-27 19:59:56,850] INFO - Epoch [25/80] train_loss=0.1498 val_loss=0.1818 val_iou=0.8844 val_dice=0.9386 val_precision=0.9455 val_recall=0.9319
[2026-04-27 20:01:40,082] INFO - Epoch [26/80] train_loss=0.1498 val_loss=0.1740 val_iou=0.8984 val_dice=0.9465 val_precision=0.9505 val_recall=0.9425
[2026-04-27 20:01:40,983] INFO - Saved new best checkpoint at epoch 26 with IoU=0.8984
[2026-04-27 20:03:24,034] INFO - Epoch [27/80] train_loss=0.1499 val_loss=0.1514 val_iou=0.9004 val_dice=0.9476 val_precision=0.9564 val_recall=0.9389
[2026-04-27 20:03:25,568] INFO - Saved new best checkpoint at epoch 27 with IoU=0.9004
[2026-04-27 20:05:08,733] INFO - Epoch [28/80] train_loss=0.1455 val_loss=0.1564 val_iou=0.9009 val_dice=0.9479 val_precision=0.9409 val_recall=0.9549
[2026-04-27 20:05:09,550] INFO - Saved new best checkpoint at epoch 28 with IoU=0.9009
[2026-04-27 20:06:52,366] INFO - Epoch [29/80] train_loss=0.1432 val_loss=0.1357 val_iou=0.9059 val_dice=0.9506 val_precision=0.9546 val_recall=0.9468
[2026-04-27 20:06:54,132] INFO - Saved new best checkpoint at epoch 29 with IoU=0.9059
[2026-04-27 20:08:36,876] INFO - Epoch [30/80] train_loss=0.1439 val_loss=0.1483 val_iou=0.9012 val_dice=0.9480 val_precision=0.9513 val_recall=0.9448
[2026-04-27 20:10:20,299] INFO - Epoch [31/80] train_loss=0.1441 val_loss=0.1421 val_iou=0.8996 val_dice=0.9471 val_precision=0.9478 val_recall=0.9464
[2026-04-27 20:12:03,818] INFO - Epoch [32/80] train_loss=0.1403 val_loss=0.1568 val_iou=0.8974 val_dice=0.9459 val_precision=0.9464 val_recall=0.9454
[2026-04-27 20:13:47,261] INFO - Epoch [33/80] train_loss=0.1393 val_loss=0.1514 val_iou=0.8958 val_dice=0.9450 val_precision=0.9359 val_recall=0.9544
[2026-04-27 20:15:31,053] INFO - Epoch [34/80] train_loss=0.1374 val_loss=0.1509 val_iou=0.8945 val_dice=0.9443 val_precision=0.9314 val_recall=0.9577
[2026-04-27 20:17:14,494] INFO - Epoch [35/80] train_loss=0.1371 val_loss=0.1410 val_iou=0.9035 val_dice=0.9493 val_precision=0.9517 val_recall=0.9470
[2026-04-27 20:18:57,855] INFO - Epoch [36/80] train_loss=0.1336 val_loss=0.1717 val_iou=0.8865 val_dice=0.9399 val_precision=0.9312 val_recall=0.9487
[2026-04-27 20:20:41,224] INFO - Epoch [37/80] train_loss=0.1345 val_loss=0.1360 val_iou=0.9027 val_dice=0.9489 val_precision=0.9471 val_recall=0.9507
[2026-04-27 20:22:24,442] INFO - Epoch [38/80] train_loss=0.1326 val_loss=0.1324 val_iou=0.9089 val_dice=0.9523 val_precision=0.9574 val_recall=0.9472
[2026-04-27 20:22:25,429] INFO - Saved new best checkpoint at epoch 38 with IoU=0.9089
[2026-04-27 20:24:08,463] INFO - Epoch [39/80] train_loss=0.1324 val_loss=0.1727 val_iou=0.8893 val_dice=0.9414 val_precision=0.9361 val_recall=0.9468
[2026-04-27 20:25:52,061] INFO - Epoch [40/80] train_loss=0.1280 val_loss=0.1343 val_iou=0.9090 val_dice=0.9523 val_precision=0.9535 val_recall=0.9512
[2026-04-27 20:25:53,800] INFO - Saved new best checkpoint at epoch 40 with IoU=0.9090
[2026-04-27 20:27:37,094] INFO - Epoch [41/80] train_loss=0.1296 val_loss=0.1388 val_iou=0.9103 val_dice=0.9531 val_precision=0.9595 val_recall=0.9467
[2026-04-27 20:27:38,170] INFO - Saved new best checkpoint at epoch 41 with IoU=0.9103
[2026-04-27 20:29:21,627] INFO - Epoch [42/80] train_loss=0.1269 val_loss=0.1308 val_iou=0.9100 val_dice=0.9529 val_precision=0.9562 val_recall=0.9496
[2026-04-27 20:31:05,246] INFO - Epoch [43/80] train_loss=0.1269 val_loss=0.1349 val_iou=0.9072 val_dice=0.9513 val_precision=0.9494 val_recall=0.9533
[2026-04-27 20:32:48,543] INFO - Epoch [44/80] train_loss=0.1239 val_loss=0.1257 val_iou=0.9116 val_dice=0.9537 val_precision=0.9579 val_recall=0.9496
[2026-04-27 20:32:50,073] INFO - Saved new best checkpoint at epoch 44 with IoU=0.9116
[2026-04-27 20:34:33,015] INFO - Epoch [45/80] train_loss=0.1241 val_loss=0.1292 val_iou=0.9053 val_dice=0.9503 val_precision=0.9537 val_recall=0.9470
[2026-04-27 20:36:16,196] INFO - Epoch [46/80] train_loss=0.1229 val_loss=0.1303 val_iou=0.9061 val_dice=0.9507 val_precision=0.9574 val_recall=0.9441
[2026-04-27 20:37:59,380] INFO - Epoch [47/80] train_loss=0.1208 val_loss=0.1264 val_iou=0.9107 val_dice=0.9533 val_precision=0.9593 val_recall=0.9473
[2026-04-27 20:39:42,649] INFO - Epoch [48/80] train_loss=0.1228 val_loss=0.1451 val_iou=0.9111 val_dice=0.9535 val_precision=0.9541 val_recall=0.9530
[2026-04-27 20:41:25,774] INFO - Epoch [49/80] train_loss=0.1201 val_loss=0.1264 val_iou=0.9122 val_dice=0.9541 val_precision=0.9588 val_recall=0.9495
[2026-04-27 20:41:26,662] INFO - Saved new best checkpoint at epoch 49 with IoU=0.9122
[2026-04-27 20:43:09,294] INFO - Epoch [50/80] train_loss=0.1179 val_loss=0.1300 val_iou=0.9106 val_dice=0.9532 val_precision=0.9559 val_recall=0.9505
[2026-04-27 20:44:52,205] INFO - Epoch [51/80] train_loss=0.1184 val_loss=0.1227 val_iou=0.9119 val_dice=0.9539 val_precision=0.9619 val_recall=0.9460
[2026-04-27 20:46:35,364] INFO - Epoch [52/80] train_loss=0.1166 val_loss=0.1339 val_iou=0.9119 val_dice=0.9539 val_precision=0.9559 val_recall=0.9519
[2026-04-27 20:48:18,275] INFO - Epoch [53/80] train_loss=0.1159 val_loss=0.1371 val_iou=0.9128 val_dice=0.9544 val_precision=0.9565 val_recall=0.9523
[2026-04-27 20:48:19,537] INFO - Saved new best checkpoint at epoch 53 with IoU=0.9128
[2026-04-27 20:50:02,656] INFO - Epoch [54/80] train_loss=0.1147 val_loss=0.1307 val_iou=0.9098 val_dice=0.9528 val_precision=0.9543 val_recall=0.9513
[2026-04-27 20:51:45,746] INFO - Epoch [55/80] train_loss=0.1148 val_loss=0.1268 val_iou=0.9138 val_dice=0.9550 val_precision=0.9578 val_recall=0.9522
[2026-04-27 20:51:46,578] INFO - Saved new best checkpoint at epoch 55 with IoU=0.9138
[2026-04-27 20:53:29,324] INFO - Epoch [56/80] train_loss=0.1137 val_loss=0.1336 val_iou=0.9089 val_dice=0.9523 val_precision=0.9597 val_recall=0.9450
[2026-04-27 20:55:12,741] INFO - Epoch [57/80] train_loss=0.1140 val_loss=0.1436 val_iou=0.9084 val_dice=0.9520 val_precision=0.9525 val_recall=0.9515
[2026-04-27 20:56:55,971] INFO - Epoch [58/80] train_loss=0.1119 val_loss=0.1421 val_iou=0.9105 val_dice=0.9531 val_precision=0.9551 val_recall=0.9512
[2026-04-27 20:58:39,497] INFO - Epoch [59/80] train_loss=0.1111 val_loss=0.1300 val_iou=0.9131 val_dice=0.9546 val_precision=0.9549 val_recall=0.9542
[2026-04-27 21:00:23,036] INFO - Epoch [60/80] train_loss=0.1108 val_loss=0.1270 val_iou=0.9112 val_dice=0.9535 val_precision=0.9617 val_recall=0.9455
[2026-04-27 21:02:06,319] INFO - Epoch [61/80] train_loss=0.1103 val_loss=0.1349 val_iou=0.9116 val_dice=0.9538 val_precision=0.9572 val_recall=0.9503
[2026-04-27 21:03:49,604] INFO - Epoch [62/80] train_loss=0.1091 val_loss=0.1318 val_iou=0.9112 val_dice=0.9535 val_precision=0.9590 val_recall=0.9481
[2026-04-27 21:05:33,214] INFO - Epoch [63/80] train_loss=0.1099 val_loss=0.1320 val_iou=0.9109 val_dice=0.9534 val_precision=0.9552 val_recall=0.9515
[2026-04-27 21:07:17,012] INFO - Epoch [64/80] train_loss=0.1093 val_loss=0.1298 val_iou=0.9115 val_dice=0.9537 val_precision=0.9582 val_recall=0.9492
[2026-04-27 21:09:00,656] INFO - Epoch [65/80] train_loss=0.1092 val_loss=0.1300 val_iou=0.9106 val_dice=0.9532 val_precision=0.9551 val_recall=0.9514
[2026-04-27 21:10:43,573] INFO - Epoch [66/80] train_loss=0.1076 val_loss=0.1295 val_iou=0.9117 val_dice=0.9538 val_precision=0.9567 val_recall=0.9510
[2026-04-27 21:12:26,398] INFO - Epoch [67/80] train_loss=0.1081 val_loss=0.1323 val_iou=0.9123 val_dice=0.9541 val_precision=0.9587 val_recall=0.9496
[2026-04-27 21:14:09,361] INFO - Epoch [68/80] train_loss=0.1069 val_loss=0.1264 val_iou=0.9135 val_dice=0.9548 val_precision=0.9577 val_recall=0.9518
[2026-04-27 21:15:52,227] INFO - Epoch [69/80] train_loss=0.1074 val_loss=0.1266 val_iou=0.9118 val_dice=0.9538 val_precision=0.9573 val_recall=0.9504
[2026-04-27 21:17:35,149] INFO - Epoch [70/80] train_loss=0.1069 val_loss=0.1253 val_iou=0.9125 val_dice=0.9543 val_precision=0.9574 val_recall=0.9512
[2026-04-27 21:19:18,163] INFO - Epoch [71/80] train_loss=0.1067 val_loss=0.1359 val_iou=0.9120 val_dice=0.9540 val_precision=0.9560 val_recall=0.9519
[2026-04-27 21:21:01,293] INFO - Epoch [72/80] train_loss=0.1059 val_loss=0.1284 val_iou=0.9124 val_dice=0.9542 val_precision=0.9568 val_recall=0.9516
[2026-04-27 21:22:44,358] INFO - Epoch [73/80] train_loss=0.1061 val_loss=0.1286 val_iou=0.9123 val_dice=0.9541 val_precision=0.9580 val_recall=0.9503
[2026-04-27 21:24:27,541] INFO - Epoch [74/80] train_loss=0.1055 val_loss=0.1242 val_iou=0.9120 val_dice=0.9540 val_precision=0.9576 val_recall=0.9504
[2026-04-27 21:26:10,712] INFO - Epoch [75/80] train_loss=0.1056 val_loss=0.1226 val_iou=0.9130 val_dice=0.9545 val_precision=0.9580 val_recall=0.9510
[2026-04-27 21:27:54,329] INFO - Epoch [76/80] train_loss=0.1059 val_loss=0.1266 val_iou=0.9130 val_dice=0.9545 val_precision=0.9591 val_recall=0.9500
[2026-04-27 21:29:37,431] INFO - Epoch [77/80] train_loss=0.1054 val_loss=0.1273 val_iou=0.9123 val_dice=0.9542 val_precision=0.9579 val_recall=0.9505
[2026-04-27 21:31:20,837] INFO - Epoch [78/80] train_loss=0.1062 val_loss=0.1245 val_iou=0.9125 val_dice=0.9543 val_precision=0.9581 val_recall=0.9505
[2026-04-27 21:33:03,854] INFO - Epoch [79/80] train_loss=0.1056 val_loss=0.1257 val_iou=0.9124 val_dice=0.9542 val_precision=0.9570 val_recall=0.9514
[2026-04-27 21:34:47,065] INFO - Epoch [80/80] train_loss=0.1060 val_loss=0.1276 val_iou=0.9120 val_dice=0.9540 val_precision=0.9579 val_recall=0.9501
[2026-04-27 21:35:02,685] INFO - Finished whu_true_vmamba_C_full_true_vmamba_ss2d. test IoU=0.9011 Dice=0.9480
