[2026-04-29 03:44:14,110] INFO - Starting whu_true_vmamba_boundary_seed123 on device=cuda
[2026-04-29 03:44:14,110] INFO - Train=4736 Val=1036 Test=2416 Params=17926338 boundary_weight=0.50 kernel=3
[2026-04-29 03:46:05,380] INFO - Epoch [1/80] train_loss=0.8927 (seg=0.5020 bnd=0.7814) val_loss=0.8671 (seg=0.5254 bnd=0.6833) val_iou=0.7725 val_dice=0.8716 val_precision=0.8491 val_recall=0.8954
[2026-04-29 03:46:05,924] INFO - Saved new best checkpoint at epoch 1 with IoU=0.7725
[2026-04-29 03:47:55,969] INFO - Epoch [2/80] train_loss=0.6269 (seg=0.3301 bnd=0.5935) val_loss=0.5271 (seg=0.3006 bnd=0.4531) val_iou=0.8160 val_dice=0.8987 val_precision=0.8660 val_recall=0.9339
[2026-04-29 03:47:56,813] INFO - Saved new best checkpoint at epoch 2 with IoU=0.8160
[2026-04-29 03:49:46,845] INFO - Epoch [3/80] train_loss=0.5459 (seg=0.2697 bnd=0.5524) val_loss=0.4965 (seg=0.2816 bnd=0.4298) val_iou=0.8164 val_dice=0.8989 val_precision=0.8574 val_recall=0.9447
[2026-04-29 03:49:47,647] INFO - Saved new best checkpoint at epoch 3 with IoU=0.8164
[2026-04-29 03:51:37,600] INFO - Epoch [4/80] train_loss=0.4926 (seg=0.2308 bnd=0.5235) val_loss=0.4104 (seg=0.2197 bnd=0.3815) val_iou=0.8326 val_dice=0.9086 val_precision=0.8741 val_recall=0.9460
[2026-04-29 03:51:38,430] INFO - Saved new best checkpoint at epoch 4 with IoU=0.8326
[2026-04-29 03:53:28,241] INFO - Epoch [5/80] train_loss=0.4785 (seg=0.2220 bnd=0.5129) val_loss=0.4007 (seg=0.2085 bnd=0.3844) val_iou=0.8592 val_dice=0.9242 val_precision=0.9145 val_recall=0.9342
[2026-04-29 03:53:29,118] INFO - Saved new best checkpoint at epoch 5 with IoU=0.8592
[2026-04-29 03:55:18,972] INFO - Epoch [6/80] train_loss=0.4613 (seg=0.2094 bnd=0.5038) val_loss=0.3857 (seg=0.2006 bnd=0.3701) val_iou=0.8693 val_dice=0.9301 val_precision=0.9272 val_recall=0.9330
[2026-04-29 03:55:19,779] INFO - Saved new best checkpoint at epoch 6 with IoU=0.8693
[2026-04-29 03:57:09,482] INFO - Epoch [7/80] train_loss=0.4408 (seg=0.1943 bnd=0.4929) val_loss=0.3300 (seg=0.1602 bnd=0.3397) val_iou=0.8874 val_dice=0.9403 val_precision=0.9418 val_recall=0.9389
[2026-04-29 03:57:10,563] INFO - Saved new best checkpoint at epoch 7 with IoU=0.8874
[2026-04-29 03:59:00,400] INFO - Epoch [8/80] train_loss=0.4283 (seg=0.1863 bnd=0.4839) val_loss=0.4019 (seg=0.2104 bnd=0.3829) val_iou=0.8813 val_dice=0.9369 val_precision=0.9284 val_recall=0.9456
[2026-04-29 04:00:50,666] INFO - Epoch [9/80] train_loss=0.4171 (seg=0.1784 bnd=0.4772) val_loss=0.3430 (seg=0.1705 bnd=0.3450) val_iou=0.8782 val_dice=0.9351 val_precision=0.9236 val_recall=0.9470
[2026-04-29 04:02:40,878] INFO - Epoch [10/80] train_loss=0.4107 (seg=0.1742 bnd=0.4729) val_loss=0.3605 (seg=0.1820 bnd=0.3571) val_iou=0.8861 val_dice=0.9396 val_precision=0.9345 val_recall=0.9448
[2026-04-29 04:04:31,030] INFO - Epoch [11/80] train_loss=0.4033 (seg=0.1694 bnd=0.4678) val_loss=0.3064 (seg=0.1430 bnd=0.3267) val_iou=0.8925 val_dice=0.9432 val_precision=0.9439 val_recall=0.9425
[2026-04-29 04:04:31,887] INFO - Saved new best checkpoint at epoch 11 with IoU=0.8925
[2026-04-29 04:06:21,639] INFO - Epoch [12/80] train_loss=0.3962 (seg=0.1646 bnd=0.4633) val_loss=0.3363 (seg=0.1650 bnd=0.3424) val_iou=0.8891 val_dice=0.9413 val_precision=0.9423 val_recall=0.9403
[2026-04-29 04:08:11,746] INFO - Epoch [13/80] train_loss=0.3916 (seg=0.1613 bnd=0.4605) val_loss=0.3681 (seg=0.1888 bnd=0.3587) val_iou=0.8778 val_dice=0.9349 val_precision=0.9243 val_recall=0.9458
[2026-04-29 04:10:02,031] INFO - Epoch [14/80] train_loss=0.3898 (seg=0.1614 bnd=0.4568) val_loss=0.3326 (seg=0.1685 bnd=0.3282) val_iou=0.8799 val_dice=0.9361 val_precision=0.9515 val_recall=0.9212
[2026-04-29 04:11:52,161] INFO - Epoch [15/80] train_loss=0.3835 (seg=0.1578 bnd=0.4514) val_loss=0.3351 (seg=0.1685 bnd=0.3332) val_iou=0.8868 val_dice=0.9400 val_precision=0.9238 val_recall=0.9568
[2026-04-29 04:13:42,533] INFO - Epoch [16/80] train_loss=0.3729 (seg=0.1504 bnd=0.4451) val_loss=0.3314 (seg=0.1642 bnd=0.3343) val_iou=0.8816 val_dice=0.9371 val_precision=0.9279 val_recall=0.9465
[2026-04-29 04:15:33,008] INFO - Epoch [17/80] train_loss=0.3814 (seg=0.1564 bnd=0.4499) val_loss=0.3163 (seg=0.1522 bnd=0.3282) val_iou=0.8982 val_dice=0.9464 val_precision=0.9518 val_recall=0.9410
[2026-04-29 04:15:33,694] INFO - Saved new best checkpoint at epoch 17 with IoU=0.8982
[2026-04-29 04:17:23,586] INFO - Epoch [18/80] train_loss=0.3701 (seg=0.1492 bnd=0.4418) val_loss=0.3086 (seg=0.1443 bnd=0.3284) val_iou=0.9026 val_dice=0.9488 val_precision=0.9419 val_recall=0.9558
[2026-04-29 04:17:24,362] INFO - Saved new best checkpoint at epoch 18 with IoU=0.9026
[2026-04-29 04:19:14,138] INFO - Epoch [19/80] train_loss=0.3608 (seg=0.1438 bnd=0.4341) val_loss=0.3221 (seg=0.1570 bnd=0.3301) val_iou=0.8923 val_dice=0.9431 val_precision=0.9422 val_recall=0.9440
[2026-04-29 04:21:04,193] INFO - Epoch [20/80] train_loss=0.3544 (seg=0.1409 bnd=0.4270) val_loss=0.3040 (seg=0.1442 bnd=0.3197) val_iou=0.8970 val_dice=0.9457 val_precision=0.9580 val_recall=0.9338
[2026-04-29 04:22:54,203] INFO - Epoch [21/80] train_loss=0.3529 (seg=0.1409 bnd=0.4241) val_loss=0.3378 (seg=0.1647 bnd=0.3462) val_iou=0.8955 val_dice=0.9449 val_precision=0.9339 val_recall=0.9561
[2026-04-29 04:24:44,393] INFO - Epoch [22/80] train_loss=0.3480 (seg=0.1381 bnd=0.4199) val_loss=0.2960 (seg=0.1380 bnd=0.3160) val_iou=0.9069 val_dice=0.9512 val_precision=0.9561 val_recall=0.9463
[2026-04-29 04:24:45,201] INFO - Saved new best checkpoint at epoch 22 with IoU=0.9069
[2026-04-29 04:26:34,878] INFO - Epoch [23/80] train_loss=0.3418 (seg=0.1351 bnd=0.4133) val_loss=0.3227 (seg=0.1527 bnd=0.3399) val_iou=0.9003 val_dice=0.9476 val_precision=0.9491 val_recall=0.9460
[2026-04-29 04:28:25,034] INFO - Epoch [24/80] train_loss=0.3415 (seg=0.1356 bnd=0.4119) val_loss=0.2953 (seg=0.1376 bnd=0.3153) val_iou=0.9050 val_dice=0.9501 val_precision=0.9491 val_recall=0.9511
[2026-04-29 04:30:15,096] INFO - Epoch [25/80] train_loss=0.3341 (seg=0.1308 bnd=0.4066) val_loss=0.2993 (seg=0.1388 bnd=0.3210) val_iou=0.9023 val_dice=0.9487 val_precision=0.9561 val_recall=0.9413
[2026-04-29 04:32:05,300] INFO - Epoch [26/80] train_loss=0.3261 (seg=0.1263 bnd=0.3997) val_loss=0.2959 (seg=0.1358 bnd=0.3204) val_iou=0.9043 val_dice=0.9497 val_precision=0.9435 val_recall=0.9560
[2026-04-29 04:33:55,508] INFO - Epoch [27/80] train_loss=0.3294 (seg=0.1291 bnd=0.4007) val_loss=0.2911 (seg=0.1318 bnd=0.3186) val_iou=0.9059 val_dice=0.9506 val_precision=0.9449 val_recall=0.9565
[2026-04-29 04:35:45,804] INFO - Epoch [28/80] train_loss=0.3263 (seg=0.1272 bnd=0.3982) val_loss=0.2878 (seg=0.1305 bnd=0.3146) val_iou=0.9020 val_dice=0.9485 val_precision=0.9426 val_recall=0.9544
[2026-04-29 04:37:35,878] INFO - Epoch [29/80] train_loss=0.3212 (seg=0.1244 bnd=0.3937) val_loss=0.3164 (seg=0.1528 bnd=0.3272) val_iou=0.8977 val_dice=0.9461 val_precision=0.9567 val_recall=0.9358
[2026-04-29 04:39:26,204] INFO - Epoch [30/80] train_loss=0.3215 (seg=0.1256 bnd=0.3919) val_loss=0.3083 (seg=0.1458 bnd=0.3251) val_iou=0.9049 val_dice=0.9501 val_precision=0.9495 val_recall=0.9506
[2026-04-29 04:41:16,563] INFO - Epoch [31/80] train_loss=0.3180 (seg=0.1227 bnd=0.3905) val_loss=0.2862 (seg=0.1310 bnd=0.3104) val_iou=0.9052 val_dice=0.9502 val_precision=0.9520 val_recall=0.9484
[2026-04-29 04:43:06,941] INFO - Epoch [32/80] train_loss=0.3127 (seg=0.1199 bnd=0.3856) val_loss=0.3161 (seg=0.1517 bnd=0.3286) val_iou=0.8960 val_dice=0.9451 val_precision=0.9547 val_recall=0.9358
[2026-04-29 04:44:57,158] INFO - Epoch [33/80] train_loss=0.3131 (seg=0.1211 bnd=0.3841) val_loss=0.3204 (seg=0.1585 bnd=0.3238) val_iou=0.9051 val_dice=0.9502 val_precision=0.9527 val_recall=0.9478
[2026-04-29 04:46:47,492] INFO - Epoch [34/80] train_loss=0.3101 (seg=0.1187 bnd=0.3828) val_loss=0.2886 (seg=0.1320 bnd=0.3131) val_iou=0.9061 val_dice=0.9507 val_precision=0.9553 val_recall=0.9462
[2026-04-29 04:48:37,808] INFO - Epoch [35/80] train_loss=0.3083 (seg=0.1180 bnd=0.3807) val_loss=0.2999 (seg=0.1378 bnd=0.3242) val_iou=0.9095 val_dice=0.9526 val_precision=0.9562 val_recall=0.9491
[2026-04-29 04:48:38,667] INFO - Saved new best checkpoint at epoch 35 with IoU=0.9095
[2026-04-29 04:50:28,517] INFO - Epoch [36/80] train_loss=0.3061 (seg=0.1171 bnd=0.3779) val_loss=0.3328 (seg=0.1625 bnd=0.3407) val_iou=0.8990 val_dice=0.9468 val_precision=0.9453 val_recall=0.9484
[2026-04-29 04:52:18,623] INFO - Epoch [37/80] train_loss=0.3063 (seg=0.1168 bnd=0.3791) val_loss=0.2951 (seg=0.1373 bnd=0.3156) val_iou=0.9050 val_dice=0.9501 val_precision=0.9500 val_recall=0.9503
[2026-04-29 04:54:08,755] INFO - Epoch [38/80] train_loss=0.3016 (seg=0.1143 bnd=0.3745) val_loss=0.2893 (seg=0.1325 bnd=0.3137) val_iou=0.9083 val_dice=0.9520 val_precision=0.9509 val_recall=0.9531
[2026-04-29 04:55:58,939] INFO - Epoch [39/80] train_loss=0.2962 (seg=0.1116 bnd=0.3694) val_loss=0.3183 (seg=0.1500 bnd=0.3366) val_iou=0.9056 val_dice=0.9505 val_precision=0.9503 val_recall=0.9507
[2026-04-29 04:57:49,147] INFO - Epoch [40/80] train_loss=0.2958 (seg=0.1113 bnd=0.3689) val_loss=0.2804 (seg=0.1249 bnd=0.3110) val_iou=0.9109 val_dice=0.9533 val_precision=0.9578 val_recall=0.9489
[2026-04-29 04:57:49,980] INFO - Saved new best checkpoint at epoch 40 with IoU=0.9109
[2026-04-29 04:59:39,935] INFO - Epoch [41/80] train_loss=0.2947 (seg=0.1107 bnd=0.3681) val_loss=0.2970 (seg=0.1352 bnd=0.3236) val_iou=0.9102 val_dice=0.9530 val_precision=0.9530 val_recall=0.9529
[2026-04-29 05:01:30,109] INFO - Epoch [42/80] train_loss=0.2920 (seg=0.1099 bnd=0.3641) val_loss=0.3108 (seg=0.1466 bnd=0.3284) val_iou=0.9066 val_dice=0.9510 val_precision=0.9565 val_recall=0.9456
[2026-04-29 05:03:20,278] INFO - Epoch [43/80] train_loss=0.2898 (seg=0.1083 bnd=0.3629) val_loss=0.2988 (seg=0.1363 bnd=0.3251) val_iou=0.9101 val_dice=0.9529 val_precision=0.9580 val_recall=0.9480
[2026-04-29 05:05:10,728] INFO - Epoch [44/80] train_loss=0.2896 (seg=0.1088 bnd=0.3616) val_loss=0.2979 (seg=0.1370 bnd=0.3219) val_iou=0.9031 val_dice=0.9491 val_precision=0.9481 val_recall=0.9501
[2026-04-29 05:07:00,999] INFO - Epoch [45/80] train_loss=0.2864 (seg=0.1061 bnd=0.3605) val_loss=0.3529 (seg=0.1811 bnd=0.3437) val_iou=0.8850 val_dice=0.9390 val_precision=0.9242 val_recall=0.9542
[2026-04-29 05:08:51,381] INFO - Epoch [46/80] train_loss=0.2815 (seg=0.1038 bnd=0.3553) val_loss=0.3295 (seg=0.1630 bnd=0.3331) val_iou=0.8911 val_dice=0.9424 val_precision=0.9300 val_recall=0.9552
[2026-04-29 05:10:41,709] INFO - Epoch [47/80] train_loss=0.2833 (seg=0.1048 bnd=0.3570) val_loss=0.3042 (seg=0.1419 bnd=0.3247) val_iou=0.9033 val_dice=0.9492 val_precision=0.9406 val_recall=0.9580
[2026-04-29 05:12:32,064] INFO - Epoch [48/80] train_loss=0.2809 (seg=0.1038 bnd=0.3541) val_loss=0.2861 (seg=0.1292 bnd=0.3137) val_iou=0.9090 val_dice=0.9523 val_precision=0.9607 val_recall=0.9442
[2026-04-29 05:14:22,245] INFO - Epoch [49/80] train_loss=0.2791 (seg=0.1030 bnd=0.3523) val_loss=0.2765 (seg=0.1223 bnd=0.3084) val_iou=0.9126 val_dice=0.9543 val_precision=0.9546 val_recall=0.9540
[2026-04-29 05:14:23,101] INFO - Saved new best checkpoint at epoch 49 with IoU=0.9126
[2026-04-29 05:16:12,855] INFO - Epoch [50/80] train_loss=0.2748 (seg=0.1003 bnd=0.3489) val_loss=0.2928 (seg=0.1340 bnd=0.3177) val_iou=0.9117 val_dice=0.9538 val_precision=0.9596 val_recall=0.9482
[2026-04-29 05:18:03,007] INFO - Epoch [51/80] train_loss=0.2745 (seg=0.1002 bnd=0.3485) val_loss=0.2961 (seg=0.1365 bnd=0.3193) val_iou=0.9106 val_dice=0.9532 val_precision=0.9523 val_recall=0.9540
[2026-04-29 05:19:53,271] INFO - Epoch [52/80] train_loss=0.2736 (seg=0.1004 bnd=0.3464) val_loss=0.3139 (seg=0.1477 bnd=0.3325) val_iou=0.9090 val_dice=0.9523 val_precision=0.9539 val_recall=0.9508
[2026-04-29 05:21:43,395] INFO - Epoch [53/80] train_loss=0.2732 (seg=0.1002 bnd=0.3459) val_loss=0.3194 (seg=0.1520 bnd=0.3347) val_iou=0.9053 val_dice=0.9503 val_precision=0.9491 val_recall=0.9515
[2026-04-29 05:23:33,679] INFO - Epoch [54/80] train_loss=0.2724 (seg=0.0996 bnd=0.3455) val_loss=0.3192 (seg=0.1523 bnd=0.3338) val_iou=0.9054 val_dice=0.9503 val_precision=0.9481 val_recall=0.9526
[2026-04-29 05:25:23,799] INFO - Epoch [55/80] train_loss=0.2689 (seg=0.0980 bnd=0.3418) val_loss=0.2837 (seg=0.1275 bnd=0.3123) val_iou=0.9120 val_dice=0.9539 val_precision=0.9531 val_recall=0.9548
[2026-04-29 05:27:14,116] INFO - Epoch [56/80] train_loss=0.2671 (seg=0.0970 bnd=0.3403) val_loss=0.2991 (seg=0.1376 bnd=0.3230) val_iou=0.9111 val_dice=0.9535 val_precision=0.9585 val_recall=0.9486
[2026-04-29 05:29:04,462] INFO - Epoch [57/80] train_loss=0.2671 (seg=0.0967 bnd=0.3407) val_loss=0.2983 (seg=0.1366 bnd=0.3233) val_iou=0.9111 val_dice=0.9535 val_precision=0.9536 val_recall=0.9534
[2026-04-29 05:30:55,063] INFO - Epoch [58/80] train_loss=0.2665 (seg=0.0968 bnd=0.3394) val_loss=0.2889 (seg=0.1309 bnd=0.3161) val_iou=0.9130 val_dice=0.9545 val_precision=0.9564 val_recall=0.9526
[2026-04-29 05:30:55,866] INFO - Saved new best checkpoint at epoch 58 with IoU=0.9130
[2026-04-29 05:32:45,800] INFO - Epoch [59/80] train_loss=0.2643 (seg=0.0959 bnd=0.3369) val_loss=0.3091 (seg=0.1454 bnd=0.3274) val_iou=0.9100 val_dice=0.9529 val_precision=0.9543 val_recall=0.9515
[2026-04-29 05:34:36,118] INFO - Epoch [60/80] train_loss=0.2640 (seg=0.0954 bnd=0.3372) val_loss=0.2996 (seg=0.1381 bnd=0.3230) val_iou=0.9109 val_dice=0.9534 val_precision=0.9523 val_recall=0.9544
[2026-04-29 05:36:26,153] INFO - Epoch [61/80] train_loss=0.2638 (seg=0.0956 bnd=0.3363) val_loss=0.2978 (seg=0.1364 bnd=0.3228) val_iou=0.9129 val_dice=0.9545 val_precision=0.9550 val_recall=0.9540
[2026-04-29 05:38:16,324] INFO - Epoch [62/80] train_loss=0.2635 (seg=0.0952 bnd=0.3367) val_loss=0.3138 (seg=0.1474 bnd=0.3328) val_iou=0.9098 val_dice=0.9528 val_precision=0.9513 val_recall=0.9543
[2026-04-29 05:40:06,441] INFO - Epoch [63/80] train_loss=0.2621 (seg=0.0946 bnd=0.3350) val_loss=0.2859 (seg=0.1288 bnd=0.3142) val_iou=0.9146 val_dice=0.9554 val_precision=0.9580 val_recall=0.9527
[2026-04-29 05:40:07,380] INFO - Saved new best checkpoint at epoch 63 with IoU=0.9146
[2026-04-29 05:41:57,103] INFO - Epoch [64/80] train_loss=0.2608 (seg=0.0939 bnd=0.3338) val_loss=0.2936 (seg=0.1345 bnd=0.3183) val_iou=0.9127 val_dice=0.9543 val_precision=0.9553 val_recall=0.9534
[2026-04-29 05:43:47,218] INFO - Epoch [65/80] train_loss=0.2589 (seg=0.0929 bnd=0.3319) val_loss=0.2929 (seg=0.1332 bnd=0.3195) val_iou=0.9134 val_dice=0.9547 val_precision=0.9564 val_recall=0.9531
[2026-04-29 05:45:37,411] INFO - Epoch [66/80] train_loss=0.2593 (seg=0.0933 bnd=0.3319) val_loss=0.3053 (seg=0.1428 bnd=0.3251) val_iou=0.9087 val_dice=0.9522 val_precision=0.9513 val_recall=0.9531
[2026-04-29 05:47:27,723] INFO - Epoch [67/80] train_loss=0.2577 (seg=0.0924 bnd=0.3306) val_loss=0.2982 (seg=0.1379 bnd=0.3206) val_iou=0.9126 val_dice=0.9543 val_precision=0.9553 val_recall=0.9534
[2026-04-29 05:49:18,234] INFO - Epoch [68/80] train_loss=0.2587 (seg=0.0930 bnd=0.3315) val_loss=0.3005 (seg=0.1394 bnd=0.3223) val_iou=0.9109 val_dice=0.9534 val_precision=0.9542 val_recall=0.9526
[2026-04-29 05:51:08,374] INFO - Epoch [69/80] train_loss=0.2565 (seg=0.0918 bnd=0.3294) val_loss=0.2994 (seg=0.1378 bnd=0.3231) val_iou=0.9121 val_dice=0.9540 val_precision=0.9575 val_recall=0.9506
[2026-04-29 05:52:58,677] INFO - Epoch [70/80] train_loss=0.2566 (seg=0.0920 bnd=0.3293) val_loss=0.2945 (seg=0.1355 bnd=0.3181) val_iou=0.9140 val_dice=0.9550 val_precision=0.9558 val_recall=0.9543
[2026-04-29 05:54:48,882] INFO - Epoch [71/80] train_loss=0.2568 (seg=0.0922 bnd=0.3293) val_loss=0.2936 (seg=0.1345 bnd=0.3182) val_iou=0.9140 val_dice=0.9551 val_precision=0.9558 val_recall=0.9543
[2026-04-29 05:56:39,309] INFO - Epoch [72/80] train_loss=0.2573 (seg=0.0926 bnd=0.3293) val_loss=0.2926 (seg=0.1336 bnd=0.3179) val_iou=0.9137 val_dice=0.9549 val_precision=0.9560 val_recall=0.9538
[2026-04-29 05:58:29,542] INFO - Epoch [73/80] train_loss=0.2550 (seg=0.0910 bnd=0.3280) val_loss=0.2946 (seg=0.1351 bnd=0.3189) val_iou=0.9119 val_dice=0.9539 val_precision=0.9544 val_recall=0.9535
[2026-04-29 06:00:19,814] INFO - Epoch [74/80] train_loss=0.2561 (seg=0.0918 bnd=0.3286) val_loss=0.2944 (seg=0.1348 bnd=0.3193) val_iou=0.9137 val_dice=0.9549 val_precision=0.9560 val_recall=0.9538
[2026-04-29 06:02:09,878] INFO - Epoch [75/80] train_loss=0.2566 (seg=0.0920 bnd=0.3291) val_loss=0.2968 (seg=0.1367 bnd=0.3201) val_iou=0.9117 val_dice=0.9538 val_precision=0.9536 val_recall=0.9540
[2026-04-29 06:04:00,094] INFO - Epoch [76/80] train_loss=0.2558 (seg=0.0915 bnd=0.3285) val_loss=0.2939 (seg=0.1341 bnd=0.3196) val_iou=0.9136 val_dice=0.9549 val_precision=0.9557 val_recall=0.9540
[2026-04-29 06:05:50,283] INFO - Epoch [77/80] train_loss=0.2562 (seg=0.0918 bnd=0.3288) val_loss=0.2928 (seg=0.1338 bnd=0.3181) val_iou=0.9138 val_dice=0.9550 val_precision=0.9559 val_recall=0.9540
[2026-04-29 06:07:40,459] INFO - Epoch [78/80] train_loss=0.2550 (seg=0.0912 bnd=0.3276) val_loss=0.2936 (seg=0.1344 bnd=0.3184) val_iou=0.9131 val_dice=0.9546 val_precision=0.9559 val_recall=0.9533
[2026-04-29 06:09:30,578] INFO - Epoch [79/80] train_loss=0.2550 (seg=0.0910 bnd=0.3280) val_loss=0.2946 (seg=0.1348 bnd=0.3196) val_iou=0.9134 val_dice=0.9547 val_precision=0.9564 val_recall=0.9531
[2026-04-29 06:11:20,848] INFO - Epoch [80/80] train_loss=0.2544 (seg=0.0907 bnd=0.3274) val_loss=0.2939 (seg=0.1345 bnd=0.3189) val_iou=0.9131 val_dice=0.9546 val_precision=0.9556 val_recall=0.9535
[2026-04-29 06:11:36,187] INFO - Finished whu_true_vmamba_boundary_seed123. test IoU=0.8895 Dice=0.9415
