[2026-04-17 07:05:49,349] INFO - Starting whu_v2lite_boundary on device=cuda
[2026-04-17 07:05:49,349] INFO - Train=4736 Val=1036 Test=2416 Params=17915010 boundary_weight=0.50 kernel=3
[2026-04-17 07:07:17,542] INFO - Epoch [1/80] train_loss=0.9002 (seg=0.5055 bnd=0.7894) val_loss=0.6095 (seg=0.3584 bnd=0.5021) val_iou=0.7665 val_dice=0.8678 val_precision=0.8477 val_recall=0.8889
[2026-04-17 07:07:18,160] INFO - Saved new best checkpoint at epoch 1 with IoU=0.7665
[2026-04-17 07:08:45,722] INFO - Epoch [2/80] train_loss=0.6301 (seg=0.3331 bnd=0.5941) val_loss=0.4754 (seg=0.2589 bnd=0.4329) val_iou=0.8276 val_dice=0.9057 val_precision=0.8985 val_recall=0.9130
[2026-04-17 07:08:46,589] INFO - Saved new best checkpoint at epoch 2 with IoU=0.8276
[2026-04-17 07:10:14,091] INFO - Epoch [3/80] train_loss=0.5512 (seg=0.2742 bnd=0.5541) val_loss=0.4827 (seg=0.2685 bnd=0.4284) val_iou=0.8344 val_dice=0.9097 val_precision=0.9184 val_recall=0.9012
[2026-04-17 07:10:15,000] INFO - Saved new best checkpoint at epoch 3 with IoU=0.8344
[2026-04-17 07:11:42,625] INFO - Epoch [4/80] train_loss=0.5135 (seg=0.2477 bnd=0.5316) val_loss=0.4292 (seg=0.2316 bnd=0.3952) val_iou=0.8555 val_dice=0.9222 val_precision=0.9295 val_recall=0.9149
[2026-04-17 07:11:43,534] INFO - Saved new best checkpoint at epoch 4 with IoU=0.8555
[2026-04-17 07:13:11,023] INFO - Epoch [5/80] train_loss=0.4877 (seg=0.2285 bnd=0.5184) val_loss=0.4751 (seg=0.2627 bnd=0.4247) val_iou=0.8500 val_dice=0.9189 val_precision=0.8905 val_recall=0.9492
[2026-04-17 07:14:39,269] INFO - Epoch [6/80] train_loss=0.4647 (seg=0.2119 bnd=0.5056) val_loss=0.3762 (seg=0.1912 bnd=0.3699) val_iou=0.8722 val_dice=0.9317 val_precision=0.9324 val_recall=0.9311
[2026-04-17 07:14:40,225] INFO - Saved new best checkpoint at epoch 6 with IoU=0.8722
[2026-04-17 07:16:07,539] INFO - Epoch [7/80] train_loss=0.4544 (seg=0.2051 bnd=0.4985) val_loss=0.3630 (seg=0.1847 bnd=0.3567) val_iou=0.8728 val_dice=0.9321 val_precision=0.9425 val_recall=0.9219
[2026-04-17 07:16:08,414] INFO - Saved new best checkpoint at epoch 7 with IoU=0.8728
[2026-04-17 07:17:36,361] INFO - Epoch [8/80] train_loss=0.4401 (seg=0.1949 bnd=0.4902) val_loss=0.3726 (seg=0.1884 bnd=0.3683) val_iou=0.8685 val_dice=0.9296 val_precision=0.9230 val_recall=0.9363
[2026-04-17 07:19:04,032] INFO - Epoch [9/80] train_loss=0.4274 (seg=0.1860 bnd=0.4827) val_loss=0.3236 (seg=0.1571 bnd=0.3331) val_iou=0.8880 val_dice=0.9407 val_precision=0.9483 val_recall=0.9332
[2026-04-17 07:19:04,793] INFO - Saved new best checkpoint at epoch 9 with IoU=0.8880
[2026-04-17 07:20:32,699] INFO - Epoch [10/80] train_loss=0.4226 (seg=0.1829 bnd=0.4794) val_loss=0.3638 (seg=0.1829 bnd=0.3619) val_iou=0.8781 val_dice=0.9351 val_precision=0.9267 val_recall=0.9436
[2026-04-17 07:22:00,757] INFO - Epoch [11/80] train_loss=0.4160 (seg=0.1785 bnd=0.4750) val_loss=0.3464 (seg=0.1762 bnd=0.3404) val_iou=0.8769 val_dice=0.9344 val_precision=0.9264 val_recall=0.9425
[2026-04-17 07:23:28,735] INFO - Epoch [12/80] train_loss=0.4100 (seg=0.1746 bnd=0.4708) val_loss=0.3607 (seg=0.1843 bnd=0.3529) val_iou=0.8800 val_dice=0.9362 val_precision=0.9345 val_recall=0.9379
[2026-04-17 07:24:56,455] INFO - Epoch [13/80] train_loss=0.4018 (seg=0.1690 bnd=0.4656) val_loss=0.3404 (seg=0.1687 bnd=0.3434) val_iou=0.8724 val_dice=0.9319 val_precision=0.9257 val_recall=0.9381
[2026-04-17 07:26:24,581] INFO - Epoch [14/80] train_loss=0.3990 (seg=0.1673 bnd=0.4632) val_loss=0.3475 (seg=0.1719 bnd=0.3512) val_iou=0.8843 val_dice=0.9386 val_precision=0.9268 val_recall=0.9507
[2026-04-17 07:27:52,482] INFO - Epoch [15/80] train_loss=0.3962 (seg=0.1656 bnd=0.4613) val_loss=0.3644 (seg=0.1848 bnd=0.3592) val_iou=0.8844 val_dice=0.9386 val_precision=0.9396 val_recall=0.9377
[2026-04-17 07:29:20,117] INFO - Epoch [16/80] train_loss=0.3963 (seg=0.1665 bnd=0.4597) val_loss=0.3168 (seg=0.1505 bnd=0.3325) val_iou=0.8933 val_dice=0.9436 val_precision=0.9403 val_recall=0.9470
[2026-04-17 07:29:20,771] INFO - Saved new best checkpoint at epoch 16 with IoU=0.8933
[2026-04-17 07:30:48,495] INFO - Epoch [17/80] train_loss=0.3851 (seg=0.1585 bnd=0.4531) val_loss=0.3456 (seg=0.1734 bnd=0.3445) val_iou=0.8835 val_dice=0.9382 val_precision=0.9316 val_recall=0.9448
[2026-04-17 07:32:16,423] INFO - Epoch [18/80] train_loss=0.3828 (seg=0.1573 bnd=0.4510) val_loss=0.3178 (seg=0.1522 bnd=0.3313) val_iou=0.8881 val_dice=0.9407 val_precision=0.9282 val_recall=0.9537
[2026-04-17 07:33:43,891] INFO - Epoch [19/80] train_loss=0.3762 (seg=0.1529 bnd=0.4466) val_loss=0.2910 (seg=0.1339 bnd=0.3141) val_iou=0.9032 val_dice=0.9492 val_precision=0.9495 val_recall=0.9489
[2026-04-17 07:33:44,732] INFO - Saved new best checkpoint at epoch 19 with IoU=0.9032
[2026-04-17 07:35:12,379] INFO - Epoch [20/80] train_loss=0.3749 (seg=0.1526 bnd=0.4446) val_loss=0.3367 (seg=0.1675 bnd=0.3382) val_iou=0.8862 val_dice=0.9397 val_precision=0.9556 val_recall=0.9243
[2026-04-17 07:36:40,293] INFO - Epoch [21/80] train_loss=0.3725 (seg=0.1514 bnd=0.4423) val_loss=0.3240 (seg=0.1575 bnd=0.3329) val_iou=0.8909 val_dice=0.9423 val_precision=0.9526 val_recall=0.9323
[2026-04-17 07:38:08,256] INFO - Epoch [22/80] train_loss=0.3680 (seg=0.1485 bnd=0.4389) val_loss=0.3276 (seg=0.1587 bnd=0.3379) val_iou=0.8968 val_dice=0.9456 val_precision=0.9390 val_recall=0.9523
[2026-04-17 07:39:36,863] INFO - Epoch [23/80] train_loss=0.3619 (seg=0.1447 bnd=0.4345) val_loss=0.3060 (seg=0.1424 bnd=0.3271) val_iou=0.8982 val_dice=0.9463 val_precision=0.9533 val_recall=0.9394
[2026-04-17 07:41:04,632] INFO - Epoch [24/80] train_loss=0.3597 (seg=0.1433 bnd=0.4328) val_loss=0.3002 (seg=0.1403 bnd=0.3198) val_iou=0.8992 val_dice=0.9469 val_precision=0.9535 val_recall=0.9405
[2026-04-17 07:42:32,257] INFO - Epoch [25/80] train_loss=0.3566 (seg=0.1411 bnd=0.4310) val_loss=0.3032 (seg=0.1421 bnd=0.3221) val_iou=0.9004 val_dice=0.9476 val_precision=0.9420 val_recall=0.9533
[2026-04-17 07:44:00,052] INFO - Epoch [26/80] train_loss=0.3579 (seg=0.1426 bnd=0.4306) val_loss=0.3194 (seg=0.1561 bnd=0.3265) val_iou=0.8946 val_dice=0.9444 val_precision=0.9431 val_recall=0.9457
[2026-04-17 07:45:28,351] INFO - Epoch [27/80] train_loss=0.3529 (seg=0.1393 bnd=0.4272) val_loss=0.2952 (seg=0.1382 bnd=0.3139) val_iou=0.8984 val_dice=0.9465 val_precision=0.9470 val_recall=0.9460
[2026-04-17 07:46:56,314] INFO - Epoch [28/80] train_loss=0.3513 (seg=0.1384 bnd=0.4258) val_loss=0.2889 (seg=0.1327 bnd=0.3125) val_iou=0.9034 val_dice=0.9493 val_precision=0.9578 val_recall=0.9409
[2026-04-17 07:46:57,102] INFO - Saved new best checkpoint at epoch 28 with IoU=0.9034
[2026-04-17 07:48:24,274] INFO - Epoch [29/80] train_loss=0.3490 (seg=0.1374 bnd=0.4232) val_loss=0.2907 (seg=0.1344 bnd=0.3126) val_iou=0.9035 val_dice=0.9493 val_precision=0.9597 val_recall=0.9392
[2026-04-17 07:48:25,078] INFO - Saved new best checkpoint at epoch 29 with IoU=0.9035
[2026-04-17 07:49:52,639] INFO - Epoch [30/80] train_loss=0.3486 (seg=0.1371 bnd=0.4228) val_loss=0.2829 (seg=0.1282 bnd=0.3094) val_iou=0.9084 val_dice=0.9520 val_precision=0.9541 val_recall=0.9500
[2026-04-17 07:49:53,433] INFO - Saved new best checkpoint at epoch 30 with IoU=0.9084
[2026-04-17 07:51:20,687] INFO - Epoch [31/80] train_loss=0.3424 (seg=0.1329 bnd=0.4188) val_loss=0.3096 (seg=0.1479 bnd=0.3233) val_iou=0.9048 val_dice=0.9500 val_precision=0.9568 val_recall=0.9433
[2026-04-17 07:52:48,780] INFO - Epoch [32/80] train_loss=0.3386 (seg=0.1308 bnd=0.4158) val_loss=0.3140 (seg=0.1494 bnd=0.3292) val_iou=0.9054 val_dice=0.9503 val_precision=0.9564 val_recall=0.9444
[2026-04-17 07:54:16,807] INFO - Epoch [33/80] train_loss=0.3371 (seg=0.1298 bnd=0.4145) val_loss=0.2915 (seg=0.1362 bnd=0.3106) val_iou=0.9072 val_dice=0.9513 val_precision=0.9580 val_recall=0.9448
[2026-04-17 07:55:44,643] INFO - Epoch [34/80] train_loss=0.3358 (seg=0.1291 bnd=0.4133) val_loss=0.2934 (seg=0.1375 bnd=0.3117) val_iou=0.9073 val_dice=0.9514 val_precision=0.9534 val_recall=0.9495
[2026-04-17 07:57:12,530] INFO - Epoch [35/80] train_loss=0.3361 (seg=0.1299 bnd=0.4125) val_loss=0.3115 (seg=0.1507 bnd=0.3217) val_iou=0.8970 val_dice=0.9457 val_precision=0.9514 val_recall=0.9401
[2026-04-17 07:58:40,758] INFO - Epoch [36/80] train_loss=0.3328 (seg=0.1279 bnd=0.4100) val_loss=0.2936 (seg=0.1364 bnd=0.3143) val_iou=0.9027 val_dice=0.9489 val_precision=0.9532 val_recall=0.9446
[2026-04-17 08:00:08,517] INFO - Epoch [37/80] train_loss=0.3300 (seg=0.1257 bnd=0.4085) val_loss=0.2860 (seg=0.1311 bnd=0.3098) val_iou=0.9101 val_dice=0.9529 val_precision=0.9566 val_recall=0.9493
[2026-04-17 08:00:09,185] INFO - Saved new best checkpoint at epoch 37 with IoU=0.9101
[2026-04-17 08:01:36,622] INFO - Epoch [38/80] train_loss=0.3263 (seg=0.1239 bnd=0.4047) val_loss=0.2753 (seg=0.1231 bnd=0.3043) val_iou=0.9109 val_dice=0.9534 val_precision=0.9585 val_recall=0.9482
[2026-04-17 08:01:37,538] INFO - Saved new best checkpoint at epoch 38 with IoU=0.9109
[2026-04-17 08:03:05,176] INFO - Epoch [39/80] train_loss=0.3255 (seg=0.1239 bnd=0.4032) val_loss=0.2832 (seg=0.1295 bnd=0.3074) val_iou=0.9086 val_dice=0.9521 val_precision=0.9545 val_recall=0.9498
[2026-04-17 08:04:33,288] INFO - Epoch [40/80] train_loss=0.3264 (seg=0.1244 bnd=0.4041) val_loss=0.2765 (seg=0.1244 bnd=0.3043) val_iou=0.9080 val_dice=0.9518 val_precision=0.9563 val_recall=0.9473
[2026-04-17 08:06:01,106] INFO - Epoch [41/80] train_loss=0.3199 (seg=0.1204 bnd=0.3990) val_loss=0.2863 (seg=0.1330 bnd=0.3065) val_iou=0.9040 val_dice=0.9496 val_precision=0.9489 val_recall=0.9503
[2026-04-17 08:07:29,254] INFO - Epoch [42/80] train_loss=0.3188 (seg=0.1198 bnd=0.3980) val_loss=0.2804 (seg=0.1289 bnd=0.3030) val_iou=0.9083 val_dice=0.9520 val_precision=0.9520 val_recall=0.9520
[2026-04-17 08:08:57,109] INFO - Epoch [43/80] train_loss=0.3153 (seg=0.1178 bnd=0.3951) val_loss=0.3051 (seg=0.1457 bnd=0.3187) val_iou=0.9015 val_dice=0.9482 val_precision=0.9441 val_recall=0.9524
[2026-04-17 08:10:25,075] INFO - Epoch [44/80] train_loss=0.3152 (seg=0.1176 bnd=0.3951) val_loss=0.2889 (seg=0.1339 bnd=0.3101) val_iou=0.9093 val_dice=0.9525 val_precision=0.9582 val_recall=0.9468
[2026-04-17 08:11:53,256] INFO - Epoch [45/80] train_loss=0.3136 (seg=0.1171 bnd=0.3929) val_loss=0.2918 (seg=0.1353 bnd=0.3130) val_iou=0.9057 val_dice=0.9505 val_precision=0.9531 val_recall=0.9480
[2026-04-17 08:13:21,107] INFO - Epoch [46/80] train_loss=0.3137 (seg=0.1176 bnd=0.3921) val_loss=0.2996 (seg=0.1400 bnd=0.3192) val_iou=0.9060 val_dice=0.9507 val_precision=0.9533 val_recall=0.9481
[2026-04-17 08:14:48,862] INFO - Epoch [47/80] train_loss=0.3108 (seg=0.1157 bnd=0.3901) val_loss=0.2803 (seg=0.1278 bnd=0.3052) val_iou=0.9102 val_dice=0.9530 val_precision=0.9598 val_recall=0.9463
[2026-04-17 08:16:16,829] INFO - Epoch [48/80] train_loss=0.3079 (seg=0.1144 bnd=0.3871) val_loss=0.2712 (seg=0.1204 bnd=0.3015) val_iou=0.9079 val_dice=0.9517 val_precision=0.9601 val_recall=0.9435
[2026-04-17 08:17:44,653] INFO - Epoch [49/80] train_loss=0.3065 (seg=0.1133 bnd=0.3865) val_loss=0.2839 (seg=0.1307 bnd=0.3065) val_iou=0.9090 val_dice=0.9523 val_precision=0.9527 val_recall=0.9519
[2026-04-17 08:19:12,569] INFO - Epoch [50/80] train_loss=0.3064 (seg=0.1133 bnd=0.3862) val_loss=0.2783 (seg=0.1266 bnd=0.3036) val_iou=0.9121 val_dice=0.9540 val_precision=0.9568 val_recall=0.9512
[2026-04-17 08:19:13,328] INFO - Saved new best checkpoint at epoch 50 with IoU=0.9121
[2026-04-17 08:20:41,209] INFO - Epoch [51/80] train_loss=0.3007 (seg=0.1106 bnd=0.3802) val_loss=0.2896 (seg=0.1347 bnd=0.3097) val_iou=0.9087 val_dice=0.9521 val_precision=0.9537 val_recall=0.9506
[2026-04-17 08:22:09,325] INFO - Epoch [52/80] train_loss=0.3002 (seg=0.1105 bnd=0.3794) val_loss=0.2697 (seg=0.1210 bnd=0.2974) val_iou=0.9109 val_dice=0.9534 val_precision=0.9578 val_recall=0.9489
[2026-04-17 08:23:37,320] INFO - Epoch [53/80] train_loss=0.3011 (seg=0.1109 bnd=0.3802) val_loss=0.2750 (seg=0.1236 bnd=0.3028) val_iou=0.9094 val_dice=0.9526 val_precision=0.9580 val_recall=0.9471
[2026-04-17 08:25:05,504] INFO - Epoch [54/80] train_loss=0.2985 (seg=0.1092 bnd=0.3785) val_loss=0.2715 (seg=0.1226 bnd=0.2978) val_iou=0.9116 val_dice=0.9537 val_precision=0.9593 val_recall=0.9482
[2026-04-17 08:26:33,463] INFO - Epoch [55/80] train_loss=0.2950 (seg=0.1075 bnd=0.3749) val_loss=0.2811 (seg=0.1289 bnd=0.3043) val_iou=0.9108 val_dice=0.9533 val_precision=0.9536 val_recall=0.9531
[2026-04-17 08:28:01,621] INFO - Epoch [56/80] train_loss=0.2958 (seg=0.1078 bnd=0.3759) val_loss=0.2814 (seg=0.1285 bnd=0.3058) val_iou=0.9113 val_dice=0.9536 val_precision=0.9575 val_recall=0.9497
[2026-04-17 08:29:29,506] INFO - Epoch [57/80] train_loss=0.2944 (seg=0.1071 bnd=0.3745) val_loss=0.2783 (seg=0.1259 bnd=0.3048) val_iou=0.9096 val_dice=0.9527 val_precision=0.9569 val_recall=0.9485
[2026-04-17 08:30:57,562] INFO - Epoch [58/80] train_loss=0.2925 (seg=0.1059 bnd=0.3731) val_loss=0.2765 (seg=0.1253 bnd=0.3024) val_iou=0.9110 val_dice=0.9534 val_precision=0.9589 val_recall=0.9480
[2026-04-17 08:32:25,764] INFO - Epoch [59/80] train_loss=0.2913 (seg=0.1061 bnd=0.3705) val_loss=0.2788 (seg=0.1265 bnd=0.3046) val_iou=0.9089 val_dice=0.9523 val_precision=0.9561 val_recall=0.9485
[2026-04-17 08:33:54,348] INFO - Epoch [60/80] train_loss=0.2884 (seg=0.1042 bnd=0.3684) val_loss=0.2783 (seg=0.1261 bnd=0.3043) val_iou=0.9116 val_dice=0.9537 val_precision=0.9571 val_recall=0.9504
[2026-04-17 08:35:22,460] INFO - Epoch [61/80] train_loss=0.2907 (seg=0.1054 bnd=0.3705) val_loss=0.2810 (seg=0.1280 bnd=0.3060) val_iou=0.9095 val_dice=0.9526 val_precision=0.9570 val_recall=0.9483
[2026-04-17 08:36:50,344] INFO - Epoch [62/80] train_loss=0.2896 (seg=0.1051 bnd=0.3689) val_loss=0.2767 (seg=0.1255 bnd=0.3024) val_iou=0.9110 val_dice=0.9534 val_precision=0.9585 val_recall=0.9484
[2026-04-17 08:38:18,690] INFO - Epoch [63/80] train_loss=0.2885 (seg=0.1043 bnd=0.3684) val_loss=0.2736 (seg=0.1240 bnd=0.2991) val_iou=0.9108 val_dice=0.9533 val_precision=0.9564 val_recall=0.9503
[2026-04-17 08:39:46,853] INFO - Epoch [64/80] train_loss=0.2869 (seg=0.1036 bnd=0.3665) val_loss=0.2765 (seg=0.1258 bnd=0.3013) val_iou=0.9105 val_dice=0.9531 val_precision=0.9565 val_recall=0.9498
[2026-04-17 08:41:15,132] INFO - Epoch [65/80] train_loss=0.2871 (seg=0.1036 bnd=0.3670) val_loss=0.2740 (seg=0.1238 bnd=0.3005) val_iou=0.9113 val_dice=0.9536 val_precision=0.9572 val_recall=0.9500
[2026-04-17 08:42:43,098] INFO - Epoch [66/80] train_loss=0.2866 (seg=0.1032 bnd=0.3668) val_loss=0.2715 (seg=0.1228 bnd=0.2975) val_iou=0.9119 val_dice=0.9539 val_precision=0.9556 val_recall=0.9522
[2026-04-17 08:44:11,197] INFO - Epoch [67/80] train_loss=0.2825 (seg=0.1013 bnd=0.3624) val_loss=0.2738 (seg=0.1233 bnd=0.3009) val_iou=0.9103 val_dice=0.9530 val_precision=0.9566 val_recall=0.9495
[2026-04-17 08:45:39,061] INFO - Epoch [68/80] train_loss=0.2851 (seg=0.1023 bnd=0.3655) val_loss=0.2681 (seg=0.1205 bnd=0.2951) val_iou=0.9117 val_dice=0.9538 val_precision=0.9559 val_recall=0.9518
[2026-04-17 08:47:06,917] INFO - Epoch [69/80] train_loss=0.2859 (seg=0.1042 bnd=0.3635) val_loss=0.2760 (seg=0.1248 bnd=0.3025) val_iou=0.9117 val_dice=0.9538 val_precision=0.9560 val_recall=0.9517
[2026-04-17 08:48:34,823] INFO - Epoch [70/80] train_loss=0.2844 (seg=0.1021 bnd=0.3645) val_loss=0.2745 (seg=0.1240 bnd=0.3011) val_iou=0.9120 val_dice=0.9540 val_precision=0.9560 val_recall=0.9519
[2026-04-17 08:50:03,141] INFO - Epoch [71/80] train_loss=0.2823 (seg=0.1012 bnd=0.3622) val_loss=0.2767 (seg=0.1262 bnd=0.3010) val_iou=0.9109 val_dice=0.9534 val_precision=0.9578 val_recall=0.9491
[2026-04-17 08:51:31,300] INFO - Epoch [72/80] train_loss=0.2809 (seg=0.1006 bnd=0.3606) val_loss=0.2775 (seg=0.1258 bnd=0.3034) val_iou=0.9103 val_dice=0.9530 val_precision=0.9559 val_recall=0.9502
[2026-04-17 08:52:59,328] INFO - Epoch [73/80] train_loss=0.2828 (seg=0.1014 bnd=0.3628) val_loss=0.2761 (seg=0.1253 bnd=0.3015) val_iou=0.9113 val_dice=0.9536 val_precision=0.9579 val_recall=0.9493
[2026-04-17 08:54:27,335] INFO - Epoch [74/80] train_loss=0.2805 (seg=0.1004 bnd=0.3601) val_loss=0.2752 (seg=0.1249 bnd=0.3006) val_iou=0.9112 val_dice=0.9536 val_precision=0.9557 val_recall=0.9514
[2026-04-17 08:55:55,553] INFO - Epoch [75/80] train_loss=0.2834 (seg=0.1017 bnd=0.3635) val_loss=0.2750 (seg=0.1252 bnd=0.2997) val_iou=0.9116 val_dice=0.9538 val_precision=0.9564 val_recall=0.9511
[2026-04-17 08:57:23,549] INFO - Epoch [76/80] train_loss=0.2818 (seg=0.1009 bnd=0.3620) val_loss=0.2758 (seg=0.1250 bnd=0.3016) val_iou=0.9106 val_dice=0.9532 val_precision=0.9568 val_recall=0.9497
[2026-04-17 08:58:51,426] INFO - Epoch [77/80] train_loss=0.2819 (seg=0.1011 bnd=0.3616) val_loss=0.2750 (seg=0.1250 bnd=0.3000) val_iou=0.9104 val_dice=0.9531 val_precision=0.9552 val_recall=0.9511
[2026-04-17 09:00:19,196] INFO - Epoch [78/80] train_loss=0.2842 (seg=0.1022 bnd=0.3639) val_loss=0.2762 (seg=0.1256 bnd=0.3013) val_iou=0.9107 val_dice=0.9533 val_precision=0.9566 val_recall=0.9499
[2026-04-17 09:01:47,134] INFO - Epoch [79/80] train_loss=0.2811 (seg=0.1003 bnd=0.3616) val_loss=0.2786 (seg=0.1269 bnd=0.3034) val_iou=0.9108 val_dice=0.9533 val_precision=0.9556 val_recall=0.9510
[2026-04-17 09:03:15,117] INFO - Epoch [80/80] train_loss=0.2815 (seg=0.1007 bnd=0.3615) val_loss=0.2797 (seg=0.1278 bnd=0.3038) val_iou=0.9114 val_dice=0.9536 val_precision=0.9572 val_recall=0.9501
[2026-04-17 09:03:29,339] INFO - Finished whu_v2lite_boundary. test IoU=0.8986 Dice=0.9466
