[2026-04-17 15:23:46,740] INFO - Starting whu_unet_seed123 on device=cuda
[2026-04-17 15:23:46,740] INFO - Train=4736 Val=1036 Test=2416 Params=7763041
[2026-04-17 15:24:32,136] INFO - Epoch [1/80] train_loss=0.5790 val_loss=0.5421 val_iou=0.7850 val_dice=0.8796 val_precision=0.8634 val_recall=0.8963
[2026-04-17 15:24:32,427] INFO - Saved new best checkpoint at epoch 1 with IoU=0.7850
[2026-04-17 15:25:16,877] INFO - Epoch [2/80] train_loss=0.3901 val_loss=0.4861 val_iou=0.8110 val_dice=0.8956 val_precision=0.8868 val_recall=0.9047
[2026-04-17 15:25:17,334] INFO - Saved new best checkpoint at epoch 2 with IoU=0.8110
[2026-04-17 15:26:02,061] INFO - Epoch [3/80] train_loss=0.3447 val_loss=0.3919 val_iou=0.7565 val_dice=0.8614 val_precision=0.7935 val_recall=0.9420
[2026-04-17 15:26:46,696] INFO - Epoch [4/80] train_loss=0.3654 val_loss=0.4226 val_iou=0.7490 val_dice=0.8565 val_precision=0.7949 val_recall=0.9284
[2026-04-17 15:27:31,742] INFO - Epoch [5/80] train_loss=0.3134 val_loss=0.3002 val_iou=0.8090 val_dice=0.8944 val_precision=0.8826 val_recall=0.9065
[2026-04-17 15:28:16,550] INFO - Epoch [6/80] train_loss=0.2724 val_loss=0.3357 val_iou=0.7620 val_dice=0.8649 val_precision=0.8389 val_recall=0.8926
[2026-04-17 15:29:01,342] INFO - Epoch [7/80] train_loss=0.2848 val_loss=0.2952 val_iou=0.8043 val_dice=0.8915 val_precision=0.8616 val_recall=0.9235
[2026-04-17 15:29:46,872] INFO - Epoch [8/80] train_loss=0.3054 val_loss=0.2717 val_iou=0.8295 val_dice=0.9068 val_precision=0.9015 val_recall=0.9121
[2026-04-17 15:29:48,128] INFO - Saved new best checkpoint at epoch 8 with IoU=0.8295
[2026-04-17 15:30:32,609] INFO - Epoch [9/80] train_loss=0.2512 val_loss=0.2738 val_iou=0.8102 val_dice=0.8952 val_precision=0.8692 val_recall=0.9227
[2026-04-17 15:31:17,526] INFO - Epoch [10/80] train_loss=0.2494 val_loss=0.2722 val_iou=0.8330 val_dice=0.9089 val_precision=0.9132 val_recall=0.9047
[2026-04-17 15:31:17,846] INFO - Saved new best checkpoint at epoch 10 with IoU=0.8330
[2026-04-17 15:32:01,972] INFO - Epoch [11/80] train_loss=0.2663 val_loss=0.2643 val_iou=0.8219 val_dice=0.9022 val_precision=0.8803 val_recall=0.9252
[2026-04-17 15:32:46,714] INFO - Epoch [12/80] train_loss=0.2445 val_loss=0.2962 val_iou=0.8378 val_dice=0.9117 val_precision=0.8894 val_recall=0.9352
[2026-04-17 15:32:47,092] INFO - Saved new best checkpoint at epoch 12 with IoU=0.8378
[2026-04-17 15:33:31,329] INFO - Epoch [13/80] train_loss=0.2457 val_loss=0.3196 val_iou=0.7928 val_dice=0.8844 val_precision=0.8514 val_recall=0.9202
[2026-04-17 15:34:16,636] INFO - Epoch [14/80] train_loss=0.2457 val_loss=0.2503 val_iou=0.8529 val_dice=0.9206 val_precision=0.9208 val_recall=0.9204
[2026-04-17 15:34:17,602] INFO - Saved new best checkpoint at epoch 14 with IoU=0.8529
[2026-04-17 15:35:02,152] INFO - Epoch [15/80] train_loss=0.2448 val_loss=0.2738 val_iou=0.8305 val_dice=0.9074 val_precision=0.9009 val_recall=0.9140
[2026-04-17 15:35:46,863] INFO - Epoch [16/80] train_loss=0.2453 val_loss=0.2573 val_iou=0.8395 val_dice=0.9128 val_precision=0.8952 val_recall=0.9311
[2026-04-17 15:36:31,422] INFO - Epoch [17/80] train_loss=0.2575 val_loss=0.2505 val_iou=0.8474 val_dice=0.9174 val_precision=0.8987 val_recall=0.9369
[2026-04-17 15:37:16,673] INFO - Epoch [18/80] train_loss=0.2165 val_loss=0.2584 val_iou=0.8165 val_dice=0.8990 val_precision=0.8718 val_recall=0.9279
[2026-04-17 15:38:01,450] INFO - Epoch [19/80] train_loss=0.2139 val_loss=0.2384 val_iou=0.8695 val_dice=0.9302 val_precision=0.9408 val_recall=0.9198
[2026-04-17 15:38:01,862] INFO - Saved new best checkpoint at epoch 19 with IoU=0.8695
[2026-04-17 15:38:46,324] INFO - Epoch [20/80] train_loss=0.2189 val_loss=0.3192 val_iou=0.7813 val_dice=0.8772 val_precision=0.8254 val_recall=0.9361
[2026-04-17 15:39:30,412] INFO - Epoch [21/80] train_loss=0.2296 val_loss=0.2359 val_iou=0.8404 val_dice=0.9133 val_precision=0.8927 val_recall=0.9348
[2026-04-17 15:40:14,640] INFO - Epoch [22/80] train_loss=0.2065 val_loss=0.2559 val_iou=0.8506 val_dice=0.9193 val_precision=0.9505 val_recall=0.8900
[2026-04-17 15:40:58,984] INFO - Epoch [23/80] train_loss=0.2293 val_loss=0.3541 val_iou=0.7932 val_dice=0.8847 val_precision=0.8397 val_recall=0.9348
[2026-04-17 15:41:43,367] INFO - Epoch [24/80] train_loss=0.2120 val_loss=0.2425 val_iou=0.8418 val_dice=0.9141 val_precision=0.8895 val_recall=0.9401
[2026-04-17 15:42:28,592] INFO - Epoch [25/80] train_loss=0.2063 val_loss=0.2440 val_iou=0.8483 val_dice=0.9179 val_precision=0.9135 val_recall=0.9224
[2026-04-17 15:43:13,318] INFO - Epoch [26/80] train_loss=0.2079 val_loss=0.2960 val_iou=0.7931 val_dice=0.8846 val_precision=0.8514 val_recall=0.9205
[2026-04-17 15:43:58,156] INFO - Epoch [27/80] train_loss=0.2022 val_loss=0.2468 val_iou=0.8449 val_dice=0.9159 val_precision=0.9372 val_recall=0.8956
[2026-04-17 15:44:42,804] INFO - Epoch [28/80] train_loss=0.2286 val_loss=0.2567 val_iou=0.8625 val_dice=0.9262 val_precision=0.9271 val_recall=0.9253
[2026-04-17 15:45:27,547] INFO - Epoch [29/80] train_loss=0.2085 val_loss=0.2632 val_iou=0.8381 val_dice=0.9119 val_precision=0.8919 val_recall=0.9329
[2026-04-17 15:46:13,011] INFO - Epoch [30/80] train_loss=0.1932 val_loss=0.2151 val_iou=0.8752 val_dice=0.9334 val_precision=0.9309 val_recall=0.9360
[2026-04-17 15:46:13,314] INFO - Saved new best checkpoint at epoch 30 with IoU=0.8752
[2026-04-17 15:46:58,058] INFO - Epoch [31/80] train_loss=0.1999 val_loss=0.2292 val_iou=0.8587 val_dice=0.9240 val_precision=0.9089 val_recall=0.9395
[2026-04-17 15:47:42,694] INFO - Epoch [32/80] train_loss=0.1889 val_loss=0.2230 val_iou=0.8501 val_dice=0.9190 val_precision=0.9101 val_recall=0.9281
[2026-04-17 15:48:27,850] INFO - Epoch [33/80] train_loss=0.1874 val_loss=0.2106 val_iou=0.8754 val_dice=0.9336 val_precision=0.9403 val_recall=0.9269
[2026-04-17 15:48:28,133] INFO - Saved new best checkpoint at epoch 33 with IoU=0.8754
[2026-04-17 15:49:12,714] INFO - Epoch [34/80] train_loss=0.1908 val_loss=0.2341 val_iou=0.8480 val_dice=0.9178 val_precision=0.8918 val_recall=0.9453
[2026-04-17 15:49:57,855] INFO - Epoch [35/80] train_loss=0.1836 val_loss=0.2465 val_iou=0.8372 val_dice=0.9114 val_precision=0.8881 val_recall=0.9359
[2026-04-17 15:50:42,773] INFO - Epoch [36/80] train_loss=0.1817 val_loss=0.2351 val_iou=0.8406 val_dice=0.9134 val_precision=0.8975 val_recall=0.9299
[2026-04-17 15:51:27,279] INFO - Epoch [37/80] train_loss=0.1768 val_loss=0.2754 val_iou=0.7929 val_dice=0.8845 val_precision=0.8358 val_recall=0.9393
[2026-04-17 15:52:12,260] INFO - Epoch [38/80] train_loss=0.1770 val_loss=0.2048 val_iou=0.8740 val_dice=0.9328 val_precision=0.9478 val_recall=0.9183
[2026-04-17 15:52:57,022] INFO - Epoch [39/80] train_loss=0.1760 val_loss=0.2162 val_iou=0.8597 val_dice=0.9246 val_precision=0.9202 val_recall=0.9290
[2026-04-17 15:53:41,596] INFO - Epoch [40/80] train_loss=0.1744 val_loss=0.1968 val_iou=0.8862 val_dice=0.9397 val_precision=0.9436 val_recall=0.9358
[2026-04-17 15:53:42,573] INFO - Saved new best checkpoint at epoch 40 with IoU=0.8862
[2026-04-17 15:54:26,578] INFO - Epoch [41/80] train_loss=0.1714 val_loss=0.2519 val_iou=0.8380 val_dice=0.9118 val_precision=0.8873 val_recall=0.9377
[2026-04-17 15:55:10,898] INFO - Epoch [42/80] train_loss=0.1840 val_loss=0.2358 val_iou=0.8601 val_dice=0.9248 val_precision=0.9077 val_recall=0.9425
[2026-04-17 15:55:55,082] INFO - Epoch [43/80] train_loss=0.1747 val_loss=0.2156 val_iou=0.8603 val_dice=0.9249 val_precision=0.9093 val_recall=0.9411
[2026-04-17 15:56:39,392] INFO - Epoch [44/80] train_loss=0.1687 val_loss=0.2116 val_iou=0.8728 val_dice=0.9321 val_precision=0.9209 val_recall=0.9435
[2026-04-17 15:57:24,152] INFO - Epoch [45/80] train_loss=0.1711 val_loss=0.2145 val_iou=0.8733 val_dice=0.9324 val_precision=0.9299 val_recall=0.9349
[2026-04-17 15:58:09,359] INFO - Epoch [46/80] train_loss=0.1652 val_loss=0.2307 val_iou=0.8468 val_dice=0.9170 val_precision=0.8918 val_recall=0.9437
[2026-04-17 15:58:53,642] INFO - Epoch [47/80] train_loss=0.1698 val_loss=0.2093 val_iou=0.8583 val_dice=0.9238 val_precision=0.9082 val_recall=0.9398
[2026-04-17 15:59:38,629] INFO - Epoch [48/80] train_loss=0.1625 val_loss=0.2282 val_iou=0.8437 val_dice=0.9152 val_precision=0.8936 val_recall=0.9379
[2026-04-17 16:00:23,671] INFO - Epoch [49/80] train_loss=0.1715 val_loss=0.2287 val_iou=0.8544 val_dice=0.9215 val_precision=0.9015 val_recall=0.9424
[2026-04-17 16:01:08,428] INFO - Epoch [50/80] train_loss=0.1672 val_loss=0.1985 val_iou=0.8869 val_dice=0.9400 val_precision=0.9349 val_recall=0.9453
[2026-04-17 16:01:08,718] INFO - Saved new best checkpoint at epoch 50 with IoU=0.8869
[2026-04-17 16:01:53,588] INFO - Epoch [51/80] train_loss=0.1639 val_loss=0.2014 val_iou=0.8724 val_dice=0.9318 val_precision=0.9285 val_recall=0.9353
[2026-04-17 16:02:38,601] INFO - Epoch [52/80] train_loss=0.1601 val_loss=0.1998 val_iou=0.8834 val_dice=0.9381 val_precision=0.9286 val_recall=0.9478
[2026-04-17 16:03:23,226] INFO - Epoch [53/80] train_loss=0.1592 val_loss=0.2059 val_iou=0.8689 val_dice=0.9299 val_precision=0.9135 val_recall=0.9468
[2026-04-17 16:04:07,674] INFO - Epoch [54/80] train_loss=0.1556 val_loss=0.1970 val_iou=0.8891 val_dice=0.9413 val_precision=0.9490 val_recall=0.9337
[2026-04-17 16:04:07,949] INFO - Saved new best checkpoint at epoch 54 with IoU=0.8891
[2026-04-17 16:04:52,400] INFO - Epoch [55/80] train_loss=0.1617 val_loss=0.2009 val_iou=0.8821 val_dice=0.9374 val_precision=0.9342 val_recall=0.9406
[2026-04-17 16:05:36,794] INFO - Epoch [56/80] train_loss=0.1582 val_loss=0.1911 val_iou=0.8825 val_dice=0.9376 val_precision=0.9361 val_recall=0.9391
[2026-04-17 16:06:21,232] INFO - Epoch [57/80] train_loss=0.1522 val_loss=0.2046 val_iou=0.8780 val_dice=0.9350 val_precision=0.9216 val_recall=0.9489
[2026-04-17 16:07:05,675] INFO - Epoch [58/80] train_loss=0.1533 val_loss=0.2039 val_iou=0.8789 val_dice=0.9355 val_precision=0.9220 val_recall=0.9495
[2026-04-17 16:07:50,720] INFO - Epoch [59/80] train_loss=0.1518 val_loss=0.1892 val_iou=0.8902 val_dice=0.9419 val_precision=0.9423 val_recall=0.9416
[2026-04-17 16:07:50,987] INFO - Saved new best checkpoint at epoch 59 with IoU=0.8902
[2026-04-17 16:08:35,739] INFO - Epoch [60/80] train_loss=0.1507 val_loss=0.1887 val_iou=0.8847 val_dice=0.9388 val_precision=0.9352 val_recall=0.9425
[2026-04-17 16:09:20,426] INFO - Epoch [61/80] train_loss=0.1510 val_loss=0.2065 val_iou=0.8687 val_dice=0.9297 val_precision=0.9159 val_recall=0.9440
[2026-04-17 16:10:05,353] INFO - Epoch [62/80] train_loss=0.1512 val_loss=0.1909 val_iou=0.8921 val_dice=0.9430 val_precision=0.9376 val_recall=0.9484
[2026-04-17 16:10:05,629] INFO - Saved new best checkpoint at epoch 62 with IoU=0.8921
[2026-04-17 16:10:49,911] INFO - Epoch [63/80] train_loss=0.1492 val_loss=0.1898 val_iou=0.8864 val_dice=0.9398 val_precision=0.9314 val_recall=0.9483
[2026-04-17 16:11:34,348] INFO - Epoch [64/80] train_loss=0.1499 val_loss=0.1852 val_iou=0.8900 val_dice=0.9418 val_precision=0.9401 val_recall=0.9435
[2026-04-17 16:12:18,442] INFO - Epoch [65/80] train_loss=0.1485 val_loss=0.1962 val_iou=0.8840 val_dice=0.9384 val_precision=0.9321 val_recall=0.9449
[2026-04-17 16:13:03,219] INFO - Epoch [66/80] train_loss=0.1481 val_loss=0.1897 val_iou=0.8851 val_dice=0.9390 val_precision=0.9326 val_recall=0.9455
[2026-04-17 16:13:47,803] INFO - Epoch [67/80] train_loss=0.1476 val_loss=0.1899 val_iou=0.8872 val_dice=0.9402 val_precision=0.9338 val_recall=0.9467
[2026-04-17 16:14:32,325] INFO - Epoch [68/80] train_loss=0.1479 val_loss=0.1864 val_iou=0.8889 val_dice=0.9412 val_precision=0.9359 val_recall=0.9465
[2026-04-17 16:15:16,749] INFO - Epoch [69/80] train_loss=0.1473 val_loss=0.1827 val_iou=0.8910 val_dice=0.9423 val_precision=0.9386 val_recall=0.9461
[2026-04-17 16:16:01,583] INFO - Epoch [70/80] train_loss=0.1460 val_loss=0.1899 val_iou=0.8857 val_dice=0.9394 val_precision=0.9318 val_recall=0.9471
[2026-04-17 16:16:46,343] INFO - Epoch [71/80] train_loss=0.1463 val_loss=0.1751 val_iou=0.8940 val_dice=0.9440 val_precision=0.9421 val_recall=0.9460
[2026-04-17 16:16:46,609] INFO - Saved new best checkpoint at epoch 71 with IoU=0.8940
[2026-04-17 16:17:30,680] INFO - Epoch [72/80] train_loss=0.1459 val_loss=0.1868 val_iou=0.8898 val_dice=0.9417 val_precision=0.9389 val_recall=0.9445
[2026-04-17 16:18:15,218] INFO - Epoch [73/80] train_loss=0.1450 val_loss=0.1864 val_iou=0.8866 val_dice=0.9399 val_precision=0.9338 val_recall=0.9461
[2026-04-17 16:18:59,778] INFO - Epoch [74/80] train_loss=0.1454 val_loss=0.1905 val_iou=0.8855 val_dice=0.9393 val_precision=0.9315 val_recall=0.9472
[2026-04-17 16:19:44,275] INFO - Epoch [75/80] train_loss=0.1448 val_loss=0.1883 val_iou=0.8872 val_dice=0.9402 val_precision=0.9364 val_recall=0.9441
[2026-04-17 16:20:28,508] INFO - Epoch [76/80] train_loss=0.1450 val_loss=0.1852 val_iou=0.8901 val_dice=0.9418 val_precision=0.9411 val_recall=0.9426
[2026-04-17 16:21:12,955] INFO - Epoch [77/80] train_loss=0.1448 val_loss=0.1919 val_iou=0.8856 val_dice=0.9393 val_precision=0.9316 val_recall=0.9473
[2026-04-17 16:21:57,765] INFO - Epoch [78/80] train_loss=0.1448 val_loss=0.1908 val_iou=0.8890 val_dice=0.9412 val_precision=0.9386 val_recall=0.9439
[2026-04-17 16:22:42,069] INFO - Epoch [79/80] train_loss=0.1443 val_loss=0.1954 val_iou=0.8839 val_dice=0.9384 val_precision=0.9278 val_recall=0.9493
[2026-04-17 16:23:26,628] INFO - Epoch [80/80] train_loss=0.1443 val_loss=0.1883 val_iou=0.8873 val_dice=0.9403 val_precision=0.9354 val_recall=0.9452
[2026-04-17 16:23:37,943] INFO - Finished whu_unet_seed123. test IoU=0.8774 Dice=0.9347
