[2026-04-28 21:11:41,975] INFO - Starting whu_simplified_boundary_seed3407 on device=cuda
[2026-04-28 21:11:41,976] INFO - Train=4736 Val=1036 Test=2416 Params=17915010 boundary_weight=0.50 kernel=3
[2026-04-28 21:13:09,767] INFO - Epoch [1/80] train_loss=0.9302 (seg=0.5346 bnd=0.7913) val_loss=0.9375 (seg=0.6414 bnd=0.5922) val_iou=0.6534 val_dice=0.7904 val_precision=0.6818 val_recall=0.9401
[2026-04-28 21:13:10,443] INFO - Saved new best checkpoint at epoch 1 with IoU=0.6534
[2026-04-28 21:14:37,680] INFO - Epoch [2/80] train_loss=0.6503 (seg=0.3487 bnd=0.6030) val_loss=0.5501 (seg=0.3155 bnd=0.4692) val_iou=0.7856 val_dice=0.8800 val_precision=0.8353 val_recall=0.9297
[2026-04-28 21:14:38,519] INFO - Saved new best checkpoint at epoch 2 with IoU=0.7856
[2026-04-28 21:16:05,731] INFO - Epoch [3/80] train_loss=0.5669 (seg=0.2851 bnd=0.5636) val_loss=0.5602 (seg=0.3268 bnd=0.4668) val_iou=0.7533 val_dice=0.8593 val_precision=0.7890 val_recall=0.9433
[2026-04-28 21:17:33,314] INFO - Epoch [4/80] train_loss=0.5301 (seg=0.2585 bnd=0.5431) val_loss=0.5036 (seg=0.2799 bnd=0.4475) val_iou=0.8383 val_dice=0.9120 val_precision=0.8953 val_recall=0.9294
[2026-04-28 21:17:34,169] INFO - Saved new best checkpoint at epoch 4 with IoU=0.8383
[2026-04-28 21:19:01,367] INFO - Epoch [5/80] train_loss=0.5060 (seg=0.2415 bnd=0.5289) val_loss=0.4848 (seg=0.2736 bnd=0.4224) val_iou=0.8218 val_dice=0.9022 val_precision=0.8708 val_recall=0.9358
[2026-04-28 21:20:28,988] INFO - Epoch [6/80] train_loss=0.4851 (seg=0.2273 bnd=0.5156) val_loss=0.4263 (seg=0.2271 bnd=0.3984) val_iou=0.8484 val_dice=0.9180 val_precision=0.9256 val_recall=0.9104
[2026-04-28 21:20:29,805] INFO - Saved new best checkpoint at epoch 6 with IoU=0.8484
[2026-04-28 21:21:56,635] INFO - Epoch [7/80] train_loss=0.4696 (seg=0.2163 bnd=0.5066) val_loss=0.4525 (seg=0.2438 bnd=0.4175) val_iou=0.8492 val_dice=0.9185 val_precision=0.9087 val_recall=0.9284
[2026-04-28 21:21:57,501] INFO - Saved new best checkpoint at epoch 7 with IoU=0.8492
[2026-04-28 21:23:24,530] INFO - Epoch [8/80] train_loss=0.4550 (seg=0.2058 bnd=0.4984) val_loss=0.4110 (seg=0.2245 bnd=0.3731) val_iou=0.8467 val_dice=0.9170 val_precision=0.8885 val_recall=0.9474
[2026-04-28 21:24:52,143] INFO - Epoch [9/80] train_loss=0.4449 (seg=0.1988 bnd=0.4922) val_loss=0.4139 (seg=0.2203 bnd=0.3872) val_iou=0.8783 val_dice=0.9352 val_precision=0.9315 val_recall=0.9389
[2026-04-28 21:24:52,949] INFO - Saved new best checkpoint at epoch 9 with IoU=0.8783
[2026-04-28 21:26:19,671] INFO - Epoch [10/80] train_loss=0.4329 (seg=0.1902 bnd=0.4855) val_loss=0.3808 (seg=0.1979 bnd=0.3657) val_iou=0.8795 val_dice=0.9359 val_precision=0.9325 val_recall=0.9393
[2026-04-28 21:26:20,573] INFO - Saved new best checkpoint at epoch 10 with IoU=0.8795
[2026-04-28 21:27:47,309] INFO - Epoch [11/80] train_loss=0.4257 (seg=0.1857 bnd=0.4799) val_loss=0.4108 (seg=0.2159 bnd=0.3899) val_iou=0.8640 val_dice=0.9270 val_precision=0.9059 val_recall=0.9492
[2026-04-28 21:29:14,756] INFO - Epoch [12/80] train_loss=0.4166 (seg=0.1790 bnd=0.4752) val_loss=0.3575 (seg=0.1788 bnd=0.3574) val_iou=0.8813 val_dice=0.9369 val_precision=0.9396 val_recall=0.9343
[2026-04-28 21:29:15,618] INFO - Saved new best checkpoint at epoch 12 with IoU=0.8813
[2026-04-28 21:30:42,506] INFO - Epoch [13/80] train_loss=0.4145 (seg=0.1787 bnd=0.4716) val_loss=0.3487 (seg=0.1782 bnd=0.3408) val_iou=0.8779 val_dice=0.9350 val_precision=0.9209 val_recall=0.9496
[2026-04-28 21:32:09,592] INFO - Epoch [14/80] train_loss=0.4066 (seg=0.1728 bnd=0.4676) val_loss=0.3812 (seg=0.1998 bnd=0.3628) val_iou=0.8801 val_dice=0.9362 val_precision=0.9293 val_recall=0.9433
[2026-04-28 21:33:36,671] INFO - Epoch [15/80] train_loss=0.3992 (seg=0.1679 bnd=0.4626) val_loss=0.3040 (seg=0.1445 bnd=0.3191) val_iou=0.8943 val_dice=0.9442 val_precision=0.9519 val_recall=0.9366
[2026-04-28 21:33:37,520] INFO - Saved new best checkpoint at epoch 15 with IoU=0.8943
[2026-04-28 21:35:04,620] INFO - Epoch [16/80] train_loss=0.3969 (seg=0.1664 bnd=0.4610) val_loss=0.3692 (seg=0.1872 bnd=0.3640) val_iou=0.8945 val_dice=0.9443 val_precision=0.9414 val_recall=0.9473
[2026-04-28 21:35:05,548] INFO - Saved new best checkpoint at epoch 16 with IoU=0.8945
[2026-04-28 21:36:32,262] INFO - Epoch [17/80] train_loss=0.3958 (seg=0.1659 bnd=0.4598) val_loss=0.3484 (seg=0.1750 bnd=0.3467) val_iou=0.8871 val_dice=0.9402 val_precision=0.9367 val_recall=0.9437
[2026-04-28 21:37:59,087] INFO - Epoch [18/80] train_loss=0.3890 (seg=0.1616 bnd=0.4548) val_loss=0.3355 (seg=0.1641 bnd=0.3429) val_iou=0.8908 val_dice=0.9423 val_precision=0.9356 val_recall=0.9490
[2026-04-28 21:39:26,239] INFO - Epoch [19/80] train_loss=0.3806 (seg=0.1556 bnd=0.4499) val_loss=0.3977 (seg=0.2131 bnd=0.3692) val_iou=0.8682 val_dice=0.9295 val_precision=0.9202 val_recall=0.9389
[2026-04-28 21:40:53,782] INFO - Epoch [20/80] train_loss=0.3741 (seg=0.1515 bnd=0.4452) val_loss=0.3445 (seg=0.1705 bnd=0.3480) val_iou=0.8971 val_dice=0.9458 val_precision=0.9414 val_recall=0.9502
[2026-04-28 21:40:54,641] INFO - Saved new best checkpoint at epoch 20 with IoU=0.8971
[2026-04-28 21:42:21,890] INFO - Epoch [21/80] train_loss=0.3738 (seg=0.1517 bnd=0.4442) val_loss=0.3503 (seg=0.1762 bnd=0.3483) val_iou=0.8860 val_dice=0.9396 val_precision=0.9389 val_recall=0.9402
[2026-04-28 21:43:49,157] INFO - Epoch [22/80] train_loss=0.3688 (seg=0.1482 bnd=0.4412) val_loss=0.3166 (seg=0.1553 bnd=0.3226) val_iou=0.8924 val_dice=0.9432 val_precision=0.9452 val_recall=0.9411
[2026-04-28 21:45:16,878] INFO - Epoch [23/80] train_loss=0.3702 (seg=0.1499 bnd=0.4407) val_loss=0.3042 (seg=0.1460 bnd=0.3164) val_iou=0.9025 val_dice=0.9487 val_precision=0.9579 val_recall=0.9398
[2026-04-28 21:45:17,678] INFO - Saved new best checkpoint at epoch 23 with IoU=0.9025
[2026-04-28 21:46:45,224] INFO - Epoch [24/80] train_loss=0.3654 (seg=0.1466 bnd=0.4374) val_loss=0.3024 (seg=0.1433 bnd=0.3182) val_iou=0.9048 val_dice=0.9500 val_precision=0.9549 val_recall=0.9452
[2026-04-28 21:46:46,067] INFO - Saved new best checkpoint at epoch 24 with IoU=0.9048
[2026-04-28 21:48:13,045] INFO - Epoch [25/80] train_loss=0.3620 (seg=0.1450 bnd=0.4341) val_loss=0.3254 (seg=0.1624 bnd=0.3259) val_iou=0.8862 val_dice=0.9397 val_precision=0.9265 val_recall=0.9532
[2026-04-28 21:49:40,096] INFO - Epoch [26/80] train_loss=0.3577 (seg=0.1419 bnd=0.4317) val_loss=0.2895 (seg=0.1340 bnd=0.3111) val_iou=0.9017 val_dice=0.9483 val_precision=0.9448 val_recall=0.9518
[2026-04-28 21:51:07,683] INFO - Epoch [27/80] train_loss=0.3609 (seg=0.1440 bnd=0.4338) val_loss=0.3032 (seg=0.1461 bnd=0.3142) val_iou=0.8972 val_dice=0.9458 val_precision=0.9512 val_recall=0.9404
[2026-04-28 21:52:35,004] INFO - Epoch [28/80] train_loss=0.3557 (seg=0.1407 bnd=0.4301) val_loss=0.3101 (seg=0.1497 bnd=0.3208) val_iou=0.9011 val_dice=0.9480 val_precision=0.9470 val_recall=0.9489
[2026-04-28 21:54:02,229] INFO - Epoch [29/80] train_loss=0.3512 (seg=0.1380 bnd=0.4263) val_loss=0.3258 (seg=0.1647 bnd=0.3224) val_iou=0.8901 val_dice=0.9419 val_precision=0.9358 val_recall=0.9480
[2026-04-28 21:55:29,401] INFO - Epoch [30/80] train_loss=0.3501 (seg=0.1376 bnd=0.4251) val_loss=0.3270 (seg=0.1609 bnd=0.3322) val_iou=0.8887 val_dice=0.9411 val_precision=0.9348 val_recall=0.9475
[2026-04-28 21:56:57,394] INFO - Epoch [31/80] train_loss=0.3470 (seg=0.1359 bnd=0.4222) val_loss=0.3224 (seg=0.1578 bnd=0.3292) val_iou=0.8939 val_dice=0.9440 val_precision=0.9298 val_recall=0.9586
[2026-04-28 21:58:24,530] INFO - Epoch [32/80] train_loss=0.3460 (seg=0.1353 bnd=0.4214) val_loss=0.2862 (seg=0.1333 bnd=0.3058) val_iou=0.9079 val_dice=0.9517 val_precision=0.9597 val_recall=0.9439
[2026-04-28 21:58:25,300] INFO - Saved new best checkpoint at epoch 32 with IoU=0.9079
[2026-04-28 21:59:52,191] INFO - Epoch [33/80] train_loss=0.3454 (seg=0.1346 bnd=0.4216) val_loss=0.3117 (seg=0.1486 bnd=0.3262) val_iou=0.9084 val_dice=0.9520 val_precision=0.9531 val_recall=0.9509
[2026-04-28 21:59:53,353] INFO - Saved new best checkpoint at epoch 33 with IoU=0.9084
[2026-04-28 22:01:20,267] INFO - Epoch [34/80] train_loss=0.3399 (seg=0.1314 bnd=0.4169) val_loss=0.2874 (seg=0.1329 bnd=0.3090) val_iou=0.9069 val_dice=0.9512 val_precision=0.9568 val_recall=0.9456
[2026-04-28 22:02:47,818] INFO - Epoch [35/80] train_loss=0.3414 (seg=0.1329 bnd=0.4169) val_loss=0.2976 (seg=0.1382 bnd=0.3189) val_iou=0.9047 val_dice=0.9500 val_precision=0.9516 val_recall=0.9483
[2026-04-28 22:04:15,482] INFO - Epoch [36/80] train_loss=0.3344 (seg=0.1283 bnd=0.4122) val_loss=0.3071 (seg=0.1476 bnd=0.3191) val_iou=0.9031 val_dice=0.9491 val_precision=0.9478 val_recall=0.9503
[2026-04-28 22:05:42,980] INFO - Epoch [37/80] train_loss=0.3346 (seg=0.1286 bnd=0.4121) val_loss=0.3081 (seg=0.1473 bnd=0.3216) val_iou=0.9059 val_dice=0.9506 val_precision=0.9498 val_recall=0.9515
[2026-04-28 22:07:10,409] INFO - Epoch [38/80] train_loss=0.3333 (seg=0.1281 bnd=0.4105) val_loss=0.2880 (seg=0.1338 bnd=0.3085) val_iou=0.9051 val_dice=0.9502 val_precision=0.9503 val_recall=0.9500
[2026-04-28 22:08:37,779] INFO - Epoch [39/80] train_loss=0.3309 (seg=0.1263 bnd=0.4092) val_loss=0.2969 (seg=0.1406 bnd=0.3126) val_iou=0.9036 val_dice=0.9494 val_precision=0.9495 val_recall=0.9492
[2026-04-28 22:10:04,872] INFO - Epoch [40/80] train_loss=0.3298 (seg=0.1259 bnd=0.4079) val_loss=0.2993 (seg=0.1422 bnd=0.3142) val_iou=0.9054 val_dice=0.9503 val_precision=0.9538 val_recall=0.9469
[2026-04-28 22:11:32,056] INFO - Epoch [41/80] train_loss=0.3261 (seg=0.1238 bnd=0.4046) val_loss=0.3257 (seg=0.1595 bnd=0.3325) val_iou=0.9048 val_dice=0.9500 val_precision=0.9492 val_recall=0.9508
[2026-04-28 22:12:59,692] INFO - Epoch [42/80] train_loss=0.3242 (seg=0.1223 bnd=0.4038) val_loss=0.2981 (seg=0.1407 bnd=0.3148) val_iou=0.9057 val_dice=0.9505 val_precision=0.9598 val_recall=0.9414
[2026-04-28 22:14:26,719] INFO - Epoch [43/80] train_loss=0.3233 (seg=0.1217 bnd=0.4032) val_loss=0.2901 (seg=0.1351 bnd=0.3100) val_iou=0.9070 val_dice=0.9513 val_precision=0.9550 val_recall=0.9475
[2026-04-28 22:15:53,916] INFO - Epoch [44/80] train_loss=0.3203 (seg=0.1205 bnd=0.3996) val_loss=0.2920 (seg=0.1349 bnd=0.3141) val_iou=0.9090 val_dice=0.9523 val_precision=0.9580 val_recall=0.9467
[2026-04-28 22:15:54,977] INFO - Saved new best checkpoint at epoch 44 with IoU=0.9090
[2026-04-28 22:17:20,984] INFO - Epoch [45/80] train_loss=0.3174 (seg=0.1184 bnd=0.3979) val_loss=0.2801 (seg=0.1282 bnd=0.3039) val_iou=0.9059 val_dice=0.9506 val_precision=0.9456 val_recall=0.9557
[2026-04-28 22:18:47,816] INFO - Epoch [46/80] train_loss=0.3158 (seg=0.1176 bnd=0.3963) val_loss=0.2800 (seg=0.1282 bnd=0.3036) val_iou=0.9103 val_dice=0.9531 val_precision=0.9568 val_recall=0.9494
[2026-04-28 22:18:48,728] INFO - Saved new best checkpoint at epoch 46 with IoU=0.9103
[2026-04-28 22:20:14,772] INFO - Epoch [47/80] train_loss=0.3150 (seg=0.1171 bnd=0.3958) val_loss=0.2932 (seg=0.1378 bnd=0.3109) val_iou=0.9099 val_dice=0.9528 val_precision=0.9556 val_recall=0.9500
[2026-04-28 22:21:41,289] INFO - Epoch [48/80] train_loss=0.3126 (seg=0.1159 bnd=0.3933) val_loss=0.2922 (seg=0.1379 bnd=0.3085) val_iou=0.9058 val_dice=0.9506 val_precision=0.9524 val_recall=0.9488
[2026-04-28 22:23:08,102] INFO - Epoch [49/80] train_loss=0.3106 (seg=0.1149 bnd=0.3914) val_loss=0.2869 (seg=0.1333 bnd=0.3072) val_iou=0.9120 val_dice=0.9540 val_precision=0.9570 val_recall=0.9510
[2026-04-28 22:23:09,267] INFO - Saved new best checkpoint at epoch 49 with IoU=0.9120
[2026-04-28 22:24:35,427] INFO - Epoch [50/80] train_loss=0.3121 (seg=0.1153 bnd=0.3935) val_loss=0.2916 (seg=0.1364 bnd=0.3105) val_iou=0.9111 val_dice=0.9535 val_precision=0.9561 val_recall=0.9509
[2026-04-28 22:26:03,147] INFO - Epoch [51/80] train_loss=0.3056 (seg=0.1124 bnd=0.3865) val_loss=0.2910 (seg=0.1363 bnd=0.3094) val_iou=0.9111 val_dice=0.9535 val_precision=0.9554 val_recall=0.9516
[2026-04-28 22:27:30,571] INFO - Epoch [52/80] train_loss=0.3076 (seg=0.1134 bnd=0.3884) val_loss=0.2955 (seg=0.1400 bnd=0.3110) val_iou=0.9067 val_dice=0.9510 val_precision=0.9498 val_recall=0.9523
[2026-04-28 22:28:58,008] INFO - Epoch [53/80] train_loss=0.3055 (seg=0.1123 bnd=0.3864) val_loss=0.2930 (seg=0.1384 bnd=0.3091) val_iou=0.9085 val_dice=0.9520 val_precision=0.9533 val_recall=0.9508
[2026-04-28 22:30:25,302] INFO - Epoch [54/80] train_loss=0.3031 (seg=0.1110 bnd=0.3843) val_loss=0.2887 (seg=0.1342 bnd=0.3090) val_iou=0.9104 val_dice=0.9531 val_precision=0.9585 val_recall=0.9478
[2026-04-28 22:31:52,404] INFO - Epoch [55/80] train_loss=0.3029 (seg=0.1106 bnd=0.3846) val_loss=0.2851 (seg=0.1325 bnd=0.3053) val_iou=0.9080 val_dice=0.9518 val_precision=0.9517 val_recall=0.9519
[2026-04-28 22:33:19,891] INFO - Epoch [56/80] train_loss=0.3004 (seg=0.1098 bnd=0.3813) val_loss=0.2823 (seg=0.1304 bnd=0.3040) val_iou=0.9082 val_dice=0.9519 val_precision=0.9537 val_recall=0.9501
[2026-04-28 22:34:47,103] INFO - Epoch [57/80] train_loss=0.3000 (seg=0.1092 bnd=0.3816) val_loss=0.2883 (seg=0.1347 bnd=0.3071) val_iou=0.9084 val_dice=0.9520 val_precision=0.9531 val_recall=0.9509
[2026-04-28 22:36:14,300] INFO - Epoch [58/80] train_loss=0.2996 (seg=0.1093 bnd=0.3806) val_loss=0.2837 (seg=0.1310 bnd=0.3054) val_iou=0.9092 val_dice=0.9525 val_precision=0.9496 val_recall=0.9553
[2026-04-28 22:37:41,631] INFO - Epoch [59/80] train_loss=0.2966 (seg=0.1075 bnd=0.3781) val_loss=0.2816 (seg=0.1290 bnd=0.3052) val_iou=0.9100 val_dice=0.9529 val_precision=0.9555 val_recall=0.9503
[2026-04-28 22:39:08,822] INFO - Epoch [60/80] train_loss=0.2972 (seg=0.1081 bnd=0.3781) val_loss=0.2809 (seg=0.1293 bnd=0.3032) val_iou=0.9098 val_dice=0.9528 val_precision=0.9537 val_recall=0.9519
[2026-04-28 22:40:35,923] INFO - Epoch [61/80] train_loss=0.2944 (seg=0.1066 bnd=0.3756) val_loss=0.2772 (seg=0.1264 bnd=0.3017) val_iou=0.9097 val_dice=0.9527 val_precision=0.9559 val_recall=0.9495
[2026-04-28 22:42:03,294] INFO - Epoch [62/80] train_loss=0.2930 (seg=0.1058 bnd=0.3743) val_loss=0.2876 (seg=0.1348 bnd=0.3057) val_iou=0.9077 val_dice=0.9516 val_precision=0.9523 val_recall=0.9509
[2026-04-28 22:43:30,894] INFO - Epoch [63/80] train_loss=0.2933 (seg=0.1065 bnd=0.3736) val_loss=0.2806 (seg=0.1298 bnd=0.3016) val_iou=0.9112 val_dice=0.9535 val_precision=0.9573 val_recall=0.9498
[2026-04-28 22:44:58,280] INFO - Epoch [64/80] train_loss=0.2927 (seg=0.1059 bnd=0.3735) val_loss=0.2833 (seg=0.1318 bnd=0.3031) val_iou=0.9083 val_dice=0.9519 val_precision=0.9518 val_recall=0.9521
[2026-04-28 22:46:25,998] INFO - Epoch [65/80] train_loss=0.2894 (seg=0.1041 bnd=0.3706) val_loss=0.2889 (seg=0.1347 bnd=0.3084) val_iou=0.9098 val_dice=0.9528 val_precision=0.9551 val_recall=0.9505
[2026-04-28 22:47:53,172] INFO - Epoch [66/80] train_loss=0.2910 (seg=0.1049 bnd=0.3723) val_loss=0.2819 (seg=0.1296 bnd=0.3046) val_iou=0.9093 val_dice=0.9525 val_precision=0.9521 val_recall=0.9529
[2026-04-28 22:49:20,606] INFO - Epoch [67/80] train_loss=0.2911 (seg=0.1052 bnd=0.3718) val_loss=0.2749 (seg=0.1250 bnd=0.2997) val_iou=0.9112 val_dice=0.9535 val_precision=0.9546 val_recall=0.9524
[2026-04-28 22:50:48,406] INFO - Epoch [68/80] train_loss=0.2889 (seg=0.1040 bnd=0.3698) val_loss=0.2761 (seg=0.1258 bnd=0.3005) val_iou=0.9109 val_dice=0.9534 val_precision=0.9565 val_recall=0.9503
[2026-04-28 22:52:15,923] INFO - Epoch [69/80] train_loss=0.2902 (seg=0.1047 bnd=0.3711) val_loss=0.2836 (seg=0.1311 bnd=0.3050) val_iou=0.9097 val_dice=0.9527 val_precision=0.9548 val_recall=0.9506
[2026-04-28 22:53:43,115] INFO - Epoch [70/80] train_loss=0.2880 (seg=0.1034 bnd=0.3691) val_loss=0.2869 (seg=0.1337 bnd=0.3064) val_iou=0.9106 val_dice=0.9532 val_precision=0.9534 val_recall=0.9530
[2026-04-28 22:55:10,812] INFO - Epoch [71/80] train_loss=0.2871 (seg=0.1029 bnd=0.3684) val_loss=0.2913 (seg=0.1358 bnd=0.3110) val_iou=0.9088 val_dice=0.9522 val_precision=0.9523 val_recall=0.9521
[2026-04-28 22:56:37,958] INFO - Epoch [72/80] train_loss=0.2896 (seg=0.1043 bnd=0.3705) val_loss=0.2871 (seg=0.1337 bnd=0.3068) val_iou=0.9103 val_dice=0.9531 val_precision=0.9537 val_recall=0.9524
[2026-04-28 22:58:05,506] INFO - Epoch [73/80] train_loss=0.2868 (seg=0.1031 bnd=0.3674) val_loss=0.2891 (seg=0.1340 bnd=0.3103) val_iou=0.9098 val_dice=0.9528 val_precision=0.9552 val_recall=0.9504
[2026-04-28 22:59:33,234] INFO - Epoch [74/80] train_loss=0.2852 (seg=0.1024 bnd=0.3656) val_loss=0.2856 (seg=0.1314 bnd=0.3084) val_iou=0.9098 val_dice=0.9528 val_precision=0.9540 val_recall=0.9515
[2026-04-28 23:01:00,576] INFO - Epoch [75/80] train_loss=0.2862 (seg=0.1024 bnd=0.3676) val_loss=0.2845 (seg=0.1305 bnd=0.3081) val_iou=0.9109 val_dice=0.9534 val_precision=0.9557 val_recall=0.9511
[2026-04-28 23:02:27,903] INFO - Epoch [76/80] train_loss=0.2847 (seg=0.1016 bnd=0.3661) val_loss=0.2896 (seg=0.1347 bnd=0.3096) val_iou=0.9088 val_dice=0.9522 val_precision=0.9541 val_recall=0.9504
[2026-04-28 23:03:55,591] INFO - Epoch [77/80] train_loss=0.2845 (seg=0.1019 bnd=0.3651) val_loss=0.2926 (seg=0.1372 bnd=0.3108) val_iou=0.9084 val_dice=0.9520 val_precision=0.9526 val_recall=0.9514
[2026-04-28 23:05:23,167] INFO - Epoch [78/80] train_loss=0.2857 (seg=0.1026 bnd=0.3662) val_loss=0.2873 (seg=0.1337 bnd=0.3071) val_iou=0.9093 val_dice=0.9525 val_precision=0.9543 val_recall=0.9508
[2026-04-28 23:06:50,757] INFO - Epoch [79/80] train_loss=0.2842 (seg=0.1019 bnd=0.3646) val_loss=0.2897 (seg=0.1352 bnd=0.3091) val_iou=0.9089 val_dice=0.9523 val_precision=0.9532 val_recall=0.9514
[2026-04-28 23:08:18,088] INFO - Epoch [80/80] train_loss=0.2846 (seg=0.1017 bnd=0.3657) val_loss=0.2869 (seg=0.1332 bnd=0.3074) val_iou=0.9096 val_dice=0.9527 val_precision=0.9537 val_recall=0.9516
[2026-04-28 23:08:32,912] INFO - Finished whu_simplified_boundary_seed3407. test IoU=0.8896 Dice=0.9416
