[2026-04-15 06:35:29,038] INFO - Using device: cuda
[2026-04-15 06:35:30,569] INFO - Train samples: 4736
[2026-04-15 06:35:30,569] INFO - Val samples: 1036
[2026-04-15 06:35:30,569] INFO - Model: v2lite
[2026-04-15 06:35:30,569] INFO - Model params: total=15994849 trainable=15994849
[2026-04-15 06:35:30,569] INFO - Loss: bce_dice
[2026-04-15 06:35:30,569] INFO - Dry-run finished successfully.
[2026-04-15 06:35:52,869] INFO - Starting whu_ablation_A_local_only on device=cuda
[2026-04-15 06:35:52,870] INFO - Train=4736 Val=1036 Test=2416 Params=15994849
[2026-04-15 06:36:44,142] INFO - Epoch [1/80] train_loss=0.5212 val_loss=0.5523 val_iou=0.7339 val_dice=0.8465 val_precision=0.8413 val_recall=0.8518
[2026-04-15 06:36:44,513] INFO - Saved new best checkpoint at epoch 1 with IoU=0.7339
[2026-04-15 06:37:34,786] INFO - Epoch [2/80] train_loss=0.3746 val_loss=0.3864 val_iou=0.7596 val_dice=0.8634 val_precision=0.8190 val_recall=0.9129
[2026-04-15 06:37:35,197] INFO - Saved new best checkpoint at epoch 2 with IoU=0.7596
[2026-04-15 06:38:24,879] INFO - Epoch [3/80] train_loss=0.3085 val_loss=0.3344 val_iou=0.7973 val_dice=0.8872 val_precision=0.8406 val_recall=0.9393
[2026-04-15 06:38:25,309] INFO - Saved new best checkpoint at epoch 3 with IoU=0.7973
[2026-04-15 06:39:15,567] INFO - Epoch [4/80] train_loss=0.2736 val_loss=0.3257 val_iou=0.8028 val_dice=0.8906 val_precision=0.8498 val_recall=0.9356
[2026-04-15 06:39:15,965] INFO - Saved new best checkpoint at epoch 4 with IoU=0.8028
[2026-04-15 06:40:06,190] INFO - Epoch [5/80] train_loss=0.2566 val_loss=0.2674 val_iou=0.8360 val_dice=0.9107 val_precision=0.9196 val_recall=0.9019
[2026-04-15 06:40:06,610] INFO - Saved new best checkpoint at epoch 5 with IoU=0.8360
[2026-04-15 06:40:56,489] INFO - Epoch [6/80] train_loss=0.2385 val_loss=0.2364 val_iou=0.8611 val_dice=0.9253 val_precision=0.9232 val_recall=0.9275
[2026-04-15 06:40:56,925] INFO - Saved new best checkpoint at epoch 6 with IoU=0.8611
[2026-04-15 06:41:47,090] INFO - Epoch [7/80] train_loss=0.2334 val_loss=0.2639 val_iou=0.8311 val_dice=0.9078 val_precision=0.8819 val_recall=0.9353
[2026-04-15 06:42:37,284] INFO - Epoch [8/80] train_loss=0.2242 val_loss=0.2306 val_iou=0.8591 val_dice=0.9242 val_precision=0.9107 val_recall=0.9382
[2026-04-15 06:43:27,391] INFO - Epoch [9/80] train_loss=0.2130 val_loss=0.2399 val_iou=0.8303 val_dice=0.9073 val_precision=0.8738 val_recall=0.9434
[2026-04-15 06:44:17,715] INFO - Epoch [10/80] train_loss=0.2061 val_loss=0.2221 val_iou=0.8651 val_dice=0.9277 val_precision=0.9235 val_recall=0.9319
[2026-04-15 06:44:18,088] INFO - Saved new best checkpoint at epoch 10 with IoU=0.8651
[2026-04-15 06:45:08,084] INFO - Epoch [11/80] train_loss=0.2056 val_loss=0.2408 val_iou=0.8440 val_dice=0.9154 val_precision=0.8870 val_recall=0.9458
[2026-04-15 06:45:58,045] INFO - Epoch [12/80] train_loss=0.1985 val_loss=0.2399 val_iou=0.8325 val_dice=0.9086 val_precision=0.8716 val_recall=0.9489
[2026-04-15 06:46:48,204] INFO - Epoch [13/80] train_loss=0.1973 val_loss=0.2036 val_iou=0.8612 val_dice=0.9254 val_precision=0.9157 val_recall=0.9353
[2026-04-15 06:47:38,541] INFO - Epoch [14/80] train_loss=0.1906 val_loss=0.1919 val_iou=0.8751 val_dice=0.9334 val_precision=0.9309 val_recall=0.9359
[2026-04-15 06:47:38,919] INFO - Saved new best checkpoint at epoch 14 with IoU=0.8751
[2026-04-15 06:48:28,982] INFO - Epoch [15/80] train_loss=0.1850 val_loss=0.2181 val_iou=0.8579 val_dice=0.9235 val_precision=0.8959 val_recall=0.9529
[2026-04-15 06:49:19,347] INFO - Epoch [16/80] train_loss=0.1826 val_loss=0.2328 val_iou=0.8521 val_dice=0.9202 val_precision=0.9437 val_recall=0.8978
[2026-04-15 06:50:10,155] INFO - Epoch [17/80] train_loss=0.1789 val_loss=0.1878 val_iou=0.8824 val_dice=0.9375 val_precision=0.9358 val_recall=0.9393
[2026-04-15 06:50:10,569] INFO - Saved new best checkpoint at epoch 17 with IoU=0.8824
[2026-04-15 06:51:00,530] INFO - Epoch [18/80] train_loss=0.1761 val_loss=0.1928 val_iou=0.8696 val_dice=0.9303 val_precision=0.9444 val_recall=0.9166
[2026-04-15 06:51:50,543] INFO - Epoch [19/80] train_loss=0.1739 val_loss=0.2209 val_iou=0.8512 val_dice=0.9196 val_precision=0.8916 val_recall=0.9495
[2026-04-15 06:52:41,352] INFO - Epoch [20/80] train_loss=0.1715 val_loss=0.2222 val_iou=0.8530 val_dice=0.9207 val_precision=0.8954 val_recall=0.9474
[2026-04-15 06:53:31,595] INFO - Epoch [21/80] train_loss=0.1675 val_loss=0.1872 val_iou=0.8848 val_dice=0.9389 val_precision=0.9510 val_recall=0.9270
[2026-04-15 06:53:32,009] INFO - Saved new best checkpoint at epoch 21 with IoU=0.8848
[2026-04-15 06:54:22,035] INFO - Epoch [22/80] train_loss=0.1697 val_loss=0.2016 val_iou=0.8679 val_dice=0.9293 val_precision=0.9226 val_recall=0.9361
[2026-04-15 06:55:12,640] INFO - Epoch [23/80] train_loss=0.1633 val_loss=0.1640 val_iou=0.8926 val_dice=0.9432 val_precision=0.9520 val_recall=0.9346
[2026-04-15 06:55:13,002] INFO - Saved new best checkpoint at epoch 23 with IoU=0.8926
[2026-04-15 06:56:03,063] INFO - Epoch [24/80] train_loss=0.1621 val_loss=0.2078 val_iou=0.8795 val_dice=0.9359 val_precision=0.9249 val_recall=0.9472
[2026-04-15 06:56:53,046] INFO - Epoch [25/80] train_loss=0.1606 val_loss=0.1940 val_iou=0.8895 val_dice=0.9415 val_precision=0.9448 val_recall=0.9383
[2026-04-15 06:57:43,390] INFO - Epoch [26/80] train_loss=0.1572 val_loss=0.1635 val_iou=0.8969 val_dice=0.9457 val_precision=0.9487 val_recall=0.9427
[2026-04-15 06:57:43,775] INFO - Saved new best checkpoint at epoch 26 with IoU=0.8969
[2026-04-15 06:58:33,911] INFO - Epoch [27/80] train_loss=0.1564 val_loss=0.1847 val_iou=0.8854 val_dice=0.9392 val_precision=0.9234 val_recall=0.9556
[2026-04-15 06:59:23,824] INFO - Epoch [28/80] train_loss=0.1547 val_loss=0.1871 val_iou=0.8925 val_dice=0.9432 val_precision=0.9402 val_recall=0.9461
[2026-04-15 07:00:14,238] INFO - Epoch [29/80] train_loss=0.1528 val_loss=0.1527 val_iou=0.9021 val_dice=0.9485 val_precision=0.9464 val_recall=0.9506
[2026-04-15 07:00:14,654] INFO - Saved new best checkpoint at epoch 29 with IoU=0.9021
[2026-04-15 07:01:04,743] INFO - Epoch [30/80] train_loss=0.1512 val_loss=0.1805 val_iou=0.8958 val_dice=0.9450 val_precision=0.9511 val_recall=0.9391
[2026-04-15 07:01:54,589] INFO - Epoch [31/80] train_loss=0.1507 val_loss=0.1615 val_iou=0.9017 val_dice=0.9483 val_precision=0.9506 val_recall=0.9460
[2026-04-15 07:02:44,463] INFO - Epoch [32/80] train_loss=0.1481 val_loss=0.1715 val_iou=0.8988 val_dice=0.9467 val_precision=0.9454 val_recall=0.9480
[2026-04-15 07:03:35,022] INFO - Epoch [33/80] train_loss=0.1468 val_loss=0.1786 val_iou=0.8919 val_dice=0.9429 val_precision=0.9507 val_recall=0.9352
[2026-04-15 07:04:25,255] INFO - Epoch [34/80] train_loss=0.1449 val_loss=0.1780 val_iou=0.8936 val_dice=0.9438 val_precision=0.9406 val_recall=0.9470
[2026-04-15 07:05:15,275] INFO - Epoch [35/80] train_loss=0.1433 val_loss=0.1774 val_iou=0.9009 val_dice=0.9478 val_precision=0.9478 val_recall=0.9479
[2026-04-15 07:06:05,571] INFO - Epoch [36/80] train_loss=0.1406 val_loss=0.1907 val_iou=0.8884 val_dice=0.9409 val_precision=0.9330 val_recall=0.9489
[2026-04-15 07:06:55,480] INFO - Epoch [37/80] train_loss=0.1398 val_loss=0.1595 val_iou=0.8989 val_dice=0.9468 val_precision=0.9542 val_recall=0.9395
[2026-04-15 07:07:45,634] INFO - Epoch [38/80] train_loss=0.1402 val_loss=0.1638 val_iou=0.8988 val_dice=0.9467 val_precision=0.9428 val_recall=0.9507
[2026-04-15 07:08:35,972] INFO - Epoch [39/80] train_loss=0.1386 val_loss=0.1569 val_iou=0.9005 val_dice=0.9477 val_precision=0.9480 val_recall=0.9474
[2026-04-15 07:09:26,341] INFO - Epoch [40/80] train_loss=0.1354 val_loss=0.1600 val_iou=0.9074 val_dice=0.9514 val_precision=0.9518 val_recall=0.9511
[2026-04-15 07:09:26,710] INFO - Saved new best checkpoint at epoch 40 with IoU=0.9074
[2026-04-15 07:10:16,764] INFO - Epoch [41/80] train_loss=0.1355 val_loss=0.1890 val_iou=0.8948 val_dice=0.9445 val_precision=0.9364 val_recall=0.9527
[2026-04-15 07:11:06,981] INFO - Epoch [42/80] train_loss=0.1345 val_loss=0.1900 val_iou=0.8880 val_dice=0.9407 val_precision=0.9214 val_recall=0.9608
[2026-04-15 07:11:57,120] INFO - Epoch [43/80] train_loss=0.1331 val_loss=0.1605 val_iou=0.9020 val_dice=0.9485 val_precision=0.9468 val_recall=0.9501
[2026-04-15 07:12:47,276] INFO - Epoch [44/80] train_loss=0.1322 val_loss=0.1566 val_iou=0.9066 val_dice=0.9510 val_precision=0.9571 val_recall=0.9449
[2026-04-15 07:13:37,662] INFO - Epoch [45/80] train_loss=0.1304 val_loss=0.1581 val_iou=0.9076 val_dice=0.9516 val_precision=0.9534 val_recall=0.9497
[2026-04-15 07:13:38,047] INFO - Saved new best checkpoint at epoch 45 with IoU=0.9076
[2026-04-15 07:14:28,142] INFO - Epoch [46/80] train_loss=0.1295 val_loss=0.1761 val_iou=0.8965 val_dice=0.9454 val_precision=0.9421 val_recall=0.9488
[2026-04-15 07:15:18,297] INFO - Epoch [47/80] train_loss=0.1303 val_loss=0.1634 val_iou=0.9052 val_dice=0.9502 val_precision=0.9478 val_recall=0.9527
[2026-04-15 07:16:08,275] INFO - Epoch [48/80] train_loss=0.1282 val_loss=0.1491 val_iou=0.9072 val_dice=0.9514 val_precision=0.9525 val_recall=0.9502
[2026-04-15 07:16:58,497] INFO - Epoch [49/80] train_loss=0.1278 val_loss=0.1542 val_iou=0.9043 val_dice=0.9497 val_precision=0.9508 val_recall=0.9487
[2026-04-15 07:17:48,752] INFO - Epoch [50/80] train_loss=0.1258 val_loss=0.1480 val_iou=0.9075 val_dice=0.9515 val_precision=0.9529 val_recall=0.9501
[2026-04-15 07:18:39,176] INFO - Epoch [51/80] train_loss=0.1261 val_loss=0.1474 val_iou=0.9087 val_dice=0.9522 val_precision=0.9574 val_recall=0.9470
[2026-04-15 07:18:39,537] INFO - Saved new best checkpoint at epoch 51 with IoU=0.9087
[2026-04-15 07:19:29,951] INFO - Epoch [52/80] train_loss=0.1263 val_loss=0.1512 val_iou=0.9086 val_dice=0.9521 val_precision=0.9537 val_recall=0.9506
[2026-04-15 07:20:20,478] INFO - Epoch [53/80] train_loss=0.1252 val_loss=0.1573 val_iou=0.9103 val_dice=0.9530 val_precision=0.9529 val_recall=0.9532
[2026-04-15 07:20:20,857] INFO - Saved new best checkpoint at epoch 53 with IoU=0.9103
[2026-04-15 07:21:11,134] INFO - Epoch [54/80] train_loss=0.1239 val_loss=0.1519 val_iou=0.9091 val_dice=0.9524 val_precision=0.9532 val_recall=0.9515
[2026-04-15 07:22:01,727] INFO - Epoch [55/80] train_loss=0.1230 val_loss=0.1542 val_iou=0.9076 val_dice=0.9516 val_precision=0.9591 val_recall=0.9441
[2026-04-15 07:22:52,231] INFO - Epoch [56/80] train_loss=0.1237 val_loss=0.1539 val_iou=0.9066 val_dice=0.9510 val_precision=0.9523 val_recall=0.9498
[2026-04-15 07:23:42,479] INFO - Epoch [57/80] train_loss=0.1223 val_loss=0.1560 val_iou=0.9085 val_dice=0.9520 val_precision=0.9535 val_recall=0.9506
[2026-04-15 07:24:32,992] INFO - Epoch [58/80] train_loss=0.1213 val_loss=0.1588 val_iou=0.9084 val_dice=0.9520 val_precision=0.9494 val_recall=0.9547
[2026-04-15 07:25:23,464] INFO - Epoch [59/80] train_loss=0.1207 val_loss=0.1575 val_iou=0.9082 val_dice=0.9519 val_precision=0.9524 val_recall=0.9514
[2026-04-15 07:26:13,437] INFO - Epoch [60/80] train_loss=0.1201 val_loss=0.1621 val_iou=0.9094 val_dice=0.9525 val_precision=0.9544 val_recall=0.9507
[2026-04-15 07:27:03,564] INFO - Epoch [61/80] train_loss=0.1202 val_loss=0.1567 val_iou=0.9088 val_dice=0.9522 val_precision=0.9551 val_recall=0.9494
[2026-04-15 07:27:54,043] INFO - Epoch [62/80] train_loss=0.1202 val_loss=0.1542 val_iou=0.9114 val_dice=0.9536 val_precision=0.9541 val_recall=0.9532
[2026-04-15 07:27:54,409] INFO - Saved new best checkpoint at epoch 62 with IoU=0.9114
[2026-04-15 07:28:44,206] INFO - Epoch [63/80] train_loss=0.1182 val_loss=0.1470 val_iou=0.9116 val_dice=0.9538 val_precision=0.9547 val_recall=0.9528
[2026-04-15 07:28:44,607] INFO - Saved new best checkpoint at epoch 63 with IoU=0.9116
[2026-04-15 07:29:34,615] INFO - Epoch [64/80] train_loss=0.1175 val_loss=0.1502 val_iou=0.9104 val_dice=0.9531 val_precision=0.9556 val_recall=0.9506
[2026-04-15 07:30:25,150] INFO - Epoch [65/80] train_loss=0.1183 val_loss=0.1522 val_iou=0.9115 val_dice=0.9537 val_precision=0.9586 val_recall=0.9488
[2026-04-15 07:31:15,419] INFO - Epoch [66/80] train_loss=0.1176 val_loss=0.1523 val_iou=0.9104 val_dice=0.9531 val_precision=0.9565 val_recall=0.9497
[2026-04-15 07:32:05,674] INFO - Epoch [67/80] train_loss=0.1175 val_loss=0.1560 val_iou=0.9106 val_dice=0.9532 val_precision=0.9537 val_recall=0.9527
[2026-04-15 07:32:56,271] INFO - Epoch [68/80] train_loss=0.1174 val_loss=0.1542 val_iou=0.9110 val_dice=0.9535 val_precision=0.9559 val_recall=0.9510
[2026-04-15 07:33:46,213] INFO - Epoch [69/80] train_loss=0.1175 val_loss=0.1487 val_iou=0.9107 val_dice=0.9533 val_precision=0.9566 val_recall=0.9499
[2026-04-15 07:34:36,122] INFO - Epoch [70/80] train_loss=0.1160 val_loss=0.1511 val_iou=0.9108 val_dice=0.9533 val_precision=0.9576 val_recall=0.9490
[2026-04-15 07:35:26,336] INFO - Epoch [71/80] train_loss=0.1163 val_loss=0.1536 val_iou=0.9110 val_dice=0.9534 val_precision=0.9543 val_recall=0.9526
[2026-04-15 07:36:16,570] INFO - Epoch [72/80] train_loss=0.1156 val_loss=0.1530 val_iou=0.9107 val_dice=0.9533 val_precision=0.9567 val_recall=0.9499
[2026-04-15 07:37:06,506] INFO - Epoch [73/80] train_loss=0.1160 val_loss=0.1489 val_iou=0.9108 val_dice=0.9533 val_precision=0.9555 val_recall=0.9512
[2026-04-15 07:37:56,519] INFO - Epoch [74/80] train_loss=0.1155 val_loss=0.1543 val_iou=0.9104 val_dice=0.9531 val_precision=0.9537 val_recall=0.9525
[2026-04-15 07:38:46,798] INFO - Epoch [75/80] train_loss=0.1160 val_loss=0.1511 val_iou=0.9115 val_dice=0.9537 val_precision=0.9559 val_recall=0.9515
[2026-04-15 07:39:36,543] INFO - Epoch [76/80] train_loss=0.1150 val_loss=0.1539 val_iou=0.9106 val_dice=0.9532 val_precision=0.9545 val_recall=0.9519
[2026-04-15 07:40:26,493] INFO - Epoch [77/80] train_loss=0.1165 val_loss=0.1543 val_iou=0.9110 val_dice=0.9534 val_precision=0.9552 val_recall=0.9517
[2026-04-15 07:41:16,813] INFO - Epoch [78/80] train_loss=0.1156 val_loss=0.1550 val_iou=0.9108 val_dice=0.9533 val_precision=0.9546 val_recall=0.9520
[2026-04-15 07:42:07,065] INFO - Epoch [79/80] train_loss=0.1158 val_loss=0.1511 val_iou=0.9116 val_dice=0.9538 val_precision=0.9576 val_recall=0.9500
[2026-04-15 07:42:57,219] INFO - Epoch [80/80] train_loss=0.1149 val_loss=0.1533 val_iou=0.9109 val_dice=0.9534 val_precision=0.9570 val_recall=0.9497
[2026-04-15 07:43:06,739] INFO - Finished whu_ablation_A_local_only. Test IoU=0.8893 Dice=0.9414
