
[1] WHU manifest 核查 ...
  WHU-train: 4736 条  ✅ 通过  (0.6s)
  WHU-val: 1036 条  ✅ 通过  (0.5s)
  WHU-test: 2416 条  ✅ 通过  (0.5s)

[2] Inria 整图 train/val 泄漏核查 ...
  train=150  val=30  overlap=0  ✅ 无泄漏

[3] Inria patch 来源泄漏核查 ...
  train_srcs=150  val_srcs=30  overlap=0  ✅ 无泄漏

[4] Inria patch 掩码二值性抽样检查 ...
  train: 抽样 50  非二值=0  ✅ 通过
  val: 抽样 50  非二值=0  ✅ 通过

[5] Inria patch 图像/掩码尺寸一致性抽样检查 ...
  train: 抽样 30  异常图像=0  异常掩码=0  空间不一致=0  ✅ 通过
  val: 抽样 30  异常图像=0  异常掩码=0  空间不一致=0  ✅ 通过

[6] 生成可视化样本 ...
  WHU train: 4 张
  Inria train: 4 张
  Inria val:  4 张

  报告 -> /root/autodl-tmp/project-building/data/meta/final_preprocess_report.md

=======================================================
核查完成，总耗时 9.0s
✅ 所有核查项均通过，无异常。
=======================================================
