
libgomp: Invalid value for environment variable OMP_NUM_THREADS

libgomp: Invalid value for environment variable OMP_NUM_THREADS
[2026-04-15 20:45:20,502] INFO - Starting inria_v2lite_full on device=cuda
[2026-04-15 20:45:20,502] INFO - Train=12162 Val=2225 Test=0 Params=17831777
[2026-04-15 20:48:40,268] INFO - Epoch [1/80] train_loss=0.7753 val_loss=0.6320 val_iou=0.5990 val_dice=0.7492 val_precision=0.7395 val_recall=0.7592
[2026-04-15 20:48:40,790] INFO - Saved new best checkpoint at epoch 1 with IoU=0.5990
[2026-04-15 20:52:02,585] INFO - Epoch [2/80] train_loss=0.5859 val_loss=0.4918 val_iou=0.6671 val_dice=0.8003 val_precision=0.7686 val_recall=0.8348
[2026-04-15 20:52:03,320] INFO - Saved new best checkpoint at epoch 2 with IoU=0.6671
[2026-04-15 20:55:24,659] INFO - Epoch [3/80] train_loss=0.5045 val_loss=0.4714 val_iou=0.6869 val_dice=0.8144 val_precision=0.7857 val_recall=0.8452
[2026-04-15 20:55:25,484] INFO - Saved new best checkpoint at epoch 3 with IoU=0.6869
[2026-04-15 20:58:46,930] INFO - Epoch [4/80] train_loss=0.4691 val_loss=0.4194 val_iou=0.7084 val_dice=0.8293 val_precision=0.8032 val_recall=0.8572
[2026-04-15 20:58:47,801] INFO - Saved new best checkpoint at epoch 4 with IoU=0.7084
[2026-04-15 21:02:09,988] INFO - Epoch [5/80] train_loss=0.4455 val_loss=0.4173 val_iou=0.7156 val_dice=0.8343 val_precision=0.7974 val_recall=0.8747
[2026-04-15 21:02:10,828] INFO - Saved new best checkpoint at epoch 5 with IoU=0.7156
[2026-04-15 21:05:33,740] INFO - Epoch [6/80] train_loss=0.4295 val_loss=0.3918 val_iou=0.7253 val_dice=0.8408 val_precision=0.8265 val_recall=0.8555
[2026-04-15 21:05:34,469] INFO - Saved new best checkpoint at epoch 6 with IoU=0.7253
[2026-04-15 21:08:57,340] INFO - Epoch [7/80] train_loss=0.4147 val_loss=0.3845 val_iou=0.7281 val_dice=0.8427 val_precision=0.8334 val_recall=0.8521
[2026-04-15 21:08:58,163] INFO - Saved new best checkpoint at epoch 7 with IoU=0.7281
[2026-04-15 21:12:21,211] INFO - Epoch [8/80] train_loss=0.4043 val_loss=0.3678 val_iou=0.7388 val_dice=0.8498 val_precision=0.8459 val_recall=0.8537
[2026-04-15 21:12:22,045] INFO - Saved new best checkpoint at epoch 8 with IoU=0.7388
[2026-04-15 21:15:43,811] INFO - Epoch [9/80] train_loss=0.3963 val_loss=0.3700 val_iou=0.7402 val_dice=0.8507 val_precision=0.8511 val_recall=0.8503
[2026-04-15 21:15:44,504] INFO - Saved new best checkpoint at epoch 9 with IoU=0.7402
[2026-04-15 21:19:06,659] INFO - Epoch [10/80] train_loss=0.3872 val_loss=0.3702 val_iou=0.7378 val_dice=0.8491 val_precision=0.8354 val_recall=0.8633
[2026-04-15 21:22:29,261] INFO - Epoch [11/80] train_loss=0.3810 val_loss=0.3655 val_iou=0.7424 val_dice=0.8521 val_precision=0.8214 val_recall=0.8853
[2026-04-15 21:22:30,067] INFO - Saved new best checkpoint at epoch 11 with IoU=0.7424
[2026-04-15 21:25:52,143] INFO - Epoch [12/80] train_loss=0.3745 val_loss=0.3740 val_iou=0.7376 val_dice=0.8490 val_precision=0.8495 val_recall=0.8485
[2026-04-15 21:29:14,625] INFO - Epoch [13/80] train_loss=0.3650 val_loss=0.3556 val_iou=0.7489 val_dice=0.8564 val_precision=0.8286 val_recall=0.8861
[2026-04-15 21:29:15,418] INFO - Saved new best checkpoint at epoch 13 with IoU=0.7489
[2026-04-15 21:32:37,351] INFO - Epoch [14/80] train_loss=0.3602 val_loss=0.3452 val_iou=0.7573 val_dice=0.8619 val_precision=0.8605 val_recall=0.8633
[2026-04-15 21:32:38,142] INFO - Saved new best checkpoint at epoch 14 with IoU=0.7573
[2026-04-15 21:35:59,616] INFO - Epoch [15/80] train_loss=0.3566 val_loss=0.3490 val_iou=0.7526 val_dice=0.8588 val_precision=0.8547 val_recall=0.8630
[2026-04-15 21:39:21,896] INFO - Epoch [16/80] train_loss=0.3541 val_loss=0.3395 val_iou=0.7563 val_dice=0.8612 val_precision=0.8352 val_recall=0.8890
[2026-04-15 21:42:44,949] INFO - Epoch [17/80] train_loss=0.3468 val_loss=0.3317 val_iou=0.7620 val_dice=0.8649 val_precision=0.8619 val_recall=0.8679
[2026-04-15 21:42:45,735] INFO - Saved new best checkpoint at epoch 17 with IoU=0.7620
[2026-04-15 21:46:09,800] INFO - Epoch [18/80] train_loss=0.3419 val_loss=0.3338 val_iou=0.7634 val_dice=0.8658 val_precision=0.8484 val_recall=0.8839
[2026-04-15 21:46:10,655] INFO - Saved new best checkpoint at epoch 18 with IoU=0.7634
[2026-04-15 21:49:34,529] INFO - Epoch [19/80] train_loss=0.3412 val_loss=0.3422 val_iou=0.7581 val_dice=0.8624 val_precision=0.8481 val_recall=0.8772
[2026-04-15 21:52:58,817] INFO - Epoch [20/80] train_loss=0.3354 val_loss=0.3362 val_iou=0.7639 val_dice=0.8661 val_precision=0.8464 val_recall=0.8869
[2026-04-15 21:52:59,578] INFO - Saved new best checkpoint at epoch 20 with IoU=0.7639
[2026-04-15 21:56:23,078] INFO - Epoch [21/80] train_loss=0.3304 val_loss=0.3331 val_iou=0.7612 val_dice=0.8644 val_precision=0.8618 val_recall=0.8671
[2026-04-15 21:59:47,108] INFO - Epoch [22/80] train_loss=0.3274 val_loss=0.3234 val_iou=0.7703 val_dice=0.8703 val_precision=0.8651 val_recall=0.8755
[2026-04-15 21:59:47,921] INFO - Saved new best checkpoint at epoch 22 with IoU=0.7703
[2026-04-15 22:03:11,367] INFO - Epoch [23/80] train_loss=0.3258 val_loss=0.3269 val_iou=0.7653 val_dice=0.8670 val_precision=0.8491 val_recall=0.8857
[2026-04-15 22:06:35,100] INFO - Epoch [24/80] train_loss=0.3227 val_loss=0.3231 val_iou=0.7691 val_dice=0.8695 val_precision=0.8619 val_recall=0.8771
[2026-04-15 22:09:58,900] INFO - Epoch [25/80] train_loss=0.3207 val_loss=0.3303 val_iou=0.7645 val_dice=0.8665 val_precision=0.8642 val_recall=0.8689
[2026-04-15 22:13:21,105] INFO - Epoch [26/80] train_loss=0.3161 val_loss=0.3257 val_iou=0.7676 val_dice=0.8685 val_precision=0.8630 val_recall=0.8741
[2026-04-15 22:16:43,684] INFO - Epoch [27/80] train_loss=0.3154 val_loss=0.3253 val_iou=0.7673 val_dice=0.8683 val_precision=0.8602 val_recall=0.8766
[2026-04-15 22:20:06,266] INFO - Epoch [28/80] train_loss=0.3121 val_loss=0.3180 val_iou=0.7758 val_dice=0.8737 val_precision=0.8654 val_recall=0.8822
[2026-04-15 22:20:07,031] INFO - Saved new best checkpoint at epoch 28 with IoU=0.7758
[2026-04-15 22:23:29,579] INFO - Epoch [29/80] train_loss=0.3076 val_loss=0.3150 val_iou=0.7727 val_dice=0.8718 val_precision=0.8747 val_recall=0.8688
[2026-04-15 22:26:53,781] INFO - Epoch [30/80] train_loss=0.3050 val_loss=0.3149 val_iou=0.7743 val_dice=0.8728 val_precision=0.8781 val_recall=0.8676
[2026-04-15 22:30:18,069] INFO - Epoch [31/80] train_loss=0.3034 val_loss=0.3148 val_iou=0.7755 val_dice=0.8736 val_precision=0.8608 val_recall=0.8867
[2026-04-15 22:33:42,483] INFO - Epoch [32/80] train_loss=0.3029 val_loss=0.3192 val_iou=0.7733 val_dice=0.8722 val_precision=0.8540 val_recall=0.8912
[2026-04-15 22:37:06,488] INFO - Epoch [33/80] train_loss=0.2992 val_loss=0.3133 val_iou=0.7784 val_dice=0.8754 val_precision=0.8708 val_recall=0.8800
[2026-04-15 22:37:07,194] INFO - Saved new best checkpoint at epoch 33 with IoU=0.7784
[2026-04-15 22:40:30,927] INFO - Epoch [34/80] train_loss=0.2985 val_loss=0.3139 val_iou=0.7799 val_dice=0.8764 val_precision=0.8647 val_recall=0.8883
[2026-04-15 22:40:31,686] INFO - Saved new best checkpoint at epoch 34 with IoU=0.7799
[2026-04-15 22:43:54,897] INFO - Epoch [35/80] train_loss=0.2962 val_loss=0.3056 val_iou=0.7803 val_dice=0.8766 val_precision=0.8688 val_recall=0.8845
[2026-04-15 22:43:56,780] INFO - Saved new best checkpoint at epoch 35 with IoU=0.7803
[2026-04-15 22:47:20,239] INFO - Epoch [36/80] train_loss=0.2924 val_loss=0.3062 val_iou=0.7808 val_dice=0.8769 val_precision=0.8704 val_recall=0.8836
[2026-04-15 22:47:20,979] INFO - Saved new best checkpoint at epoch 36 with IoU=0.7808
[2026-04-15 22:50:45,194] INFO - Epoch [37/80] train_loss=0.2936 val_loss=0.3087 val_iou=0.7791 val_dice=0.8758 val_precision=0.8610 val_recall=0.8912
[2026-04-15 22:54:09,333] INFO - Epoch [38/80] train_loss=0.2891 val_loss=0.3023 val_iou=0.7823 val_dice=0.8778 val_precision=0.8698 val_recall=0.8860
[2026-04-15 22:54:10,091] INFO - Saved new best checkpoint at epoch 38 with IoU=0.7823
[2026-04-15 22:57:33,353] INFO - Epoch [39/80] train_loss=0.2868 val_loss=0.3016 val_iou=0.7850 val_dice=0.8796 val_precision=0.8727 val_recall=0.8866
[2026-04-15 22:57:34,240] INFO - Saved new best checkpoint at epoch 39 with IoU=0.7850
[2026-04-15 23:00:58,830] INFO - Epoch [40/80] train_loss=0.2836 val_loss=0.3041 val_iou=0.7798 val_dice=0.8763 val_precision=0.8573 val_recall=0.8961
[2026-04-15 23:04:22,927] INFO - Epoch [41/80] train_loss=0.2830 val_loss=0.3069 val_iou=0.7803 val_dice=0.8766 val_precision=0.8626 val_recall=0.8910
[2026-04-15 23:07:46,992] INFO - Epoch [42/80] train_loss=0.2788 val_loss=0.3024 val_iou=0.7845 val_dice=0.8792 val_precision=0.8765 val_recall=0.8819
[2026-04-15 23:11:08,989] INFO - Epoch [43/80] train_loss=0.2798 val_loss=0.2973 val_iou=0.7850 val_dice=0.8795 val_precision=0.8645 val_recall=0.8951
[2026-04-15 23:14:31,239] INFO - Epoch [44/80] train_loss=0.2777 val_loss=0.2941 val_iou=0.7884 val_dice=0.8817 val_precision=0.8772 val_recall=0.8862
[2026-04-15 23:14:31,976] INFO - Saved new best checkpoint at epoch 44 with IoU=0.7884
[2026-04-15 23:17:54,264] INFO - Epoch [45/80] train_loss=0.2737 val_loss=0.2989 val_iou=0.7829 val_dice=0.8783 val_precision=0.8670 val_recall=0.8898
[2026-04-15 23:21:16,300] INFO - Epoch [46/80] train_loss=0.2735 val_loss=0.2938 val_iou=0.7888 val_dice=0.8819 val_precision=0.8737 val_recall=0.8903
[2026-04-15 23:21:17,253] INFO - Saved new best checkpoint at epoch 46 with IoU=0.7888
[2026-04-15 23:24:38,788] INFO - Epoch [47/80] train_loss=0.2721 val_loss=0.2968 val_iou=0.7858 val_dice=0.8801 val_precision=0.8721 val_recall=0.8882
[2026-04-15 23:28:01,060] INFO - Epoch [48/80] train_loss=0.2709 val_loss=0.2947 val_iou=0.7868 val_dice=0.8807 val_precision=0.8723 val_recall=0.8892
[2026-04-15 23:31:23,291] INFO - Epoch [49/80] train_loss=0.2680 val_loss=0.2916 val_iou=0.7895 val_dice=0.8824 val_precision=0.8822 val_recall=0.8825
[2026-04-15 23:31:24,591] INFO - Saved new best checkpoint at epoch 49 with IoU=0.7895
[2026-04-15 23:34:46,299] INFO - Epoch [50/80] train_loss=0.2658 val_loss=0.2920 val_iou=0.7894 val_dice=0.8823 val_precision=0.8866 val_recall=0.8780
[2026-04-15 23:38:08,365] INFO - Epoch [51/80] train_loss=0.2645 val_loss=0.2932 val_iou=0.7886 val_dice=0.8818 val_precision=0.8807 val_recall=0.8830
[2026-04-15 23:41:30,698] INFO - Epoch [52/80] train_loss=0.2644 val_loss=0.2916 val_iou=0.7903 val_dice=0.8829 val_precision=0.8768 val_recall=0.8891
[2026-04-15 23:41:31,384] INFO - Saved new best checkpoint at epoch 52 with IoU=0.7903
[2026-04-15 23:44:52,879] INFO - Epoch [53/80] train_loss=0.2617 val_loss=0.2900 val_iou=0.7912 val_dice=0.8834 val_precision=0.8829 val_recall=0.8840
[2026-04-15 23:44:53,714] INFO - Saved new best checkpoint at epoch 53 with IoU=0.7912
[2026-04-15 23:48:14,901] INFO - Epoch [54/80] train_loss=0.2605 val_loss=0.2864 val_iou=0.7913 val_dice=0.8835 val_precision=0.8775 val_recall=0.8896
[2026-04-15 23:48:15,926] INFO - Saved new best checkpoint at epoch 54 with IoU=0.7913
[2026-04-15 23:51:37,173] INFO - Epoch [55/80] train_loss=0.2592 val_loss=0.2873 val_iou=0.7923 val_dice=0.8841 val_precision=0.8777 val_recall=0.8906
[2026-04-15 23:51:37,980] INFO - Saved new best checkpoint at epoch 55 with IoU=0.7923
[2026-04-15 23:54:59,582] INFO - Epoch [56/80] train_loss=0.2591 val_loss=0.2865 val_iou=0.7918 val_dice=0.8838 val_precision=0.8727 val_recall=0.8952
[2026-04-15 23:58:21,085] INFO - Epoch [57/80] train_loss=0.2572 val_loss=0.2866 val_iou=0.7933 val_dice=0.8847 val_precision=0.8774 val_recall=0.8921
[2026-04-15 23:58:21,818] INFO - Saved new best checkpoint at epoch 57 with IoU=0.7933
[2026-04-16 00:01:42,733] INFO - Epoch [58/80] train_loss=0.2562 val_loss=0.2854 val_iou=0.7917 val_dice=0.8837 val_precision=0.8769 val_recall=0.8907
[2026-04-16 00:05:04,991] INFO - Epoch [59/80] train_loss=0.2549 val_loss=0.2846 val_iou=0.7937 val_dice=0.8850 val_precision=0.8803 val_recall=0.8897
[2026-04-16 00:05:05,784] INFO - Saved new best checkpoint at epoch 59 with IoU=0.7937
[2026-04-16 00:08:27,925] INFO - Epoch [60/80] train_loss=0.2549 val_loss=0.2832 val_iou=0.7942 val_dice=0.8853 val_precision=0.8810 val_recall=0.8897
[2026-04-16 00:08:28,664] INFO - Saved new best checkpoint at epoch 60 with IoU=0.7942
[2026-04-16 00:11:50,409] INFO - Epoch [61/80] train_loss=0.2520 val_loss=0.2851 val_iou=0.7936 val_dice=0.8849 val_precision=0.8825 val_recall=0.8874
[2026-04-16 00:15:12,220] INFO - Epoch [62/80] train_loss=0.2518 val_loss=0.2835 val_iou=0.7939 val_dice=0.8851 val_precision=0.8790 val_recall=0.8913
[2026-04-16 00:18:34,024] INFO - Epoch [63/80] train_loss=0.2509 val_loss=0.2826 val_iou=0.7953 val_dice=0.8860 val_precision=0.8747 val_recall=0.8975
[2026-04-16 00:18:34,808] INFO - Saved new best checkpoint at epoch 63 with IoU=0.7953
[2026-04-16 00:21:56,332] INFO - Epoch [64/80] train_loss=0.2503 val_loss=0.2849 val_iou=0.7937 val_dice=0.8850 val_precision=0.8788 val_recall=0.8913
[2026-04-16 00:25:18,479] INFO - Epoch [65/80] train_loss=0.2494 val_loss=0.2825 val_iou=0.7947 val_dice=0.8856 val_precision=0.8851 val_recall=0.8861
[2026-04-16 00:28:41,158] INFO - Epoch [66/80] train_loss=0.2492 val_loss=0.2832 val_iou=0.7949 val_dice=0.8858 val_precision=0.8789 val_recall=0.8927
[2026-04-16 00:32:03,635] INFO - Epoch [67/80] train_loss=0.2474 val_loss=0.2818 val_iou=0.7958 val_dice=0.8863 val_precision=0.8819 val_recall=0.8907
[2026-04-16 00:32:04,503] INFO - Saved new best checkpoint at epoch 67 with IoU=0.7958
[2026-04-16 00:35:26,226] INFO - Epoch [68/80] train_loss=0.2471 val_loss=0.2844 val_iou=0.7945 val_dice=0.8855 val_precision=0.8826 val_recall=0.8884
[2026-04-16 00:38:48,381] INFO - Epoch [69/80] train_loss=0.2462 val_loss=0.2808 val_iou=0.7958 val_dice=0.8863 val_precision=0.8823 val_recall=0.8902
[2026-04-16 00:42:09,942] INFO - Epoch [70/80] train_loss=0.2458 val_loss=0.2813 val_iou=0.7971 val_dice=0.8871 val_precision=0.8800 val_recall=0.8943
[2026-04-16 00:42:10,728] INFO - Saved new best checkpoint at epoch 70 with IoU=0.7971
[2026-04-16 00:45:32,033] INFO - Epoch [71/80] train_loss=0.2456 val_loss=0.2805 val_iou=0.7962 val_dice=0.8865 val_precision=0.8806 val_recall=0.8925
[2026-04-16 00:48:53,093] INFO - Epoch [72/80] train_loss=0.2451 val_loss=0.2808 val_iou=0.7954 val_dice=0.8860 val_precision=0.8834 val_recall=0.8887
[2026-04-16 00:52:14,703] INFO - Epoch [73/80] train_loss=0.2453 val_loss=0.2813 val_iou=0.7965 val_dice=0.8867 val_precision=0.8802 val_recall=0.8933
[2026-04-16 00:55:36,421] INFO - Epoch [74/80] train_loss=0.2452 val_loss=0.2806 val_iou=0.7969 val_dice=0.8870 val_precision=0.8813 val_recall=0.8927
[2026-04-16 00:58:57,910] INFO - Epoch [75/80] train_loss=0.2448 val_loss=0.2810 val_iou=0.7966 val_dice=0.8868 val_precision=0.8799 val_recall=0.8937
[2026-04-16 01:02:19,862] INFO - Epoch [76/80] train_loss=0.2443 val_loss=0.2807 val_iou=0.7963 val_dice=0.8866 val_precision=0.8791 val_recall=0.8942
[2026-04-16 01:05:41,217] INFO - Epoch [77/80] train_loss=0.2438 val_loss=0.2802 val_iou=0.7956 val_dice=0.8862 val_precision=0.8776 val_recall=0.8949
[2026-04-16 01:09:02,628] INFO - Epoch [78/80] train_loss=0.2436 val_loss=0.2812 val_iou=0.7960 val_dice=0.8864 val_precision=0.8800 val_recall=0.8929
[2026-04-16 01:12:24,186] INFO - Epoch [79/80] train_loss=0.2445 val_loss=0.2798 val_iou=0.7965 val_dice=0.8867 val_precision=0.8819 val_recall=0.8916
[2026-04-16 01:15:45,948] INFO - Epoch [80/80] train_loss=0.2435 val_loss=0.2796 val_iou=0.7965 val_dice=0.8867 val_precision=0.8825 val_recall=0.8910
[2026-04-16 01:15:59,604] INFO - Finished inria_v2lite_full. val IoU=0.7971 Dice=0.8871
Finished inria_v2lite_full: val IoU=0.7971 dice=0.8871
