[2026-04-17 03:04:13,324] INFO - Starting inria_ablation_B_no_gate on device=cuda
[2026-04-17 03:04:13,325] INFO - Train=12162 Val=2225 Test=0 Params=17831777
[2026-04-17 03:06:58,087] INFO - Epoch [1/80] train_loss=0.7437 val_loss=0.6207 val_iou=0.6082 val_dice=0.7564 val_precision=0.7717 val_recall=0.7416
[2026-04-17 03:06:58,492] INFO - Saved new best checkpoint at epoch 1 with IoU=0.6082
[2026-04-17 03:09:42,822] INFO - Epoch [2/80] train_loss=0.5718 val_loss=0.5120 val_iou=0.6679 val_dice=0.8009 val_precision=0.7452 val_recall=0.8655
[2026-04-17 03:09:43,343] INFO - Saved new best checkpoint at epoch 2 with IoU=0.6679
[2026-04-17 03:12:27,379] INFO - Epoch [3/80] train_loss=0.5002 val_loss=0.4955 val_iou=0.6813 val_dice=0.8104 val_precision=0.7983 val_recall=0.8230
[2026-04-17 03:12:27,930] INFO - Saved new best checkpoint at epoch 3 with IoU=0.6813
[2026-04-17 03:15:11,942] INFO - Epoch [4/80] train_loss=0.4670 val_loss=0.4267 val_iou=0.7067 val_dice=0.8281 val_precision=0.8068 val_recall=0.8505
[2026-04-17 03:15:12,655] INFO - Saved new best checkpoint at epoch 4 with IoU=0.7067
[2026-04-17 03:17:56,625] INFO - Epoch [5/80] train_loss=0.4422 val_loss=0.4023 val_iou=0.7190 val_dice=0.8365 val_precision=0.8007 val_recall=0.8758
[2026-04-17 03:17:57,180] INFO - Saved new best checkpoint at epoch 5 with IoU=0.7190
[2026-04-17 03:20:43,075] INFO - Epoch [6/80] train_loss=0.4270 val_loss=0.3904 val_iou=0.7261 val_dice=0.8413 val_precision=0.8166 val_recall=0.8676
[2026-04-17 03:20:43,740] INFO - Saved new best checkpoint at epoch 6 with IoU=0.7261
[2026-04-17 03:23:27,550] INFO - Epoch [7/80] train_loss=0.4099 val_loss=0.3887 val_iou=0.7233 val_dice=0.8394 val_precision=0.8188 val_recall=0.8611
[2026-04-17 03:26:12,119] INFO - Epoch [8/80] train_loss=0.4013 val_loss=0.3716 val_iou=0.7370 val_dice=0.8486 val_precision=0.8363 val_recall=0.8612
[2026-04-17 03:26:12,711] INFO - Saved new best checkpoint at epoch 8 with IoU=0.7370
[2026-04-17 03:28:56,859] INFO - Epoch [9/80] train_loss=0.3921 val_loss=0.3748 val_iou=0.7341 val_dice=0.8467 val_precision=0.8529 val_recall=0.8405
[2026-04-17 03:31:41,109] INFO - Epoch [10/80] train_loss=0.3819 val_loss=0.3746 val_iou=0.7443 val_dice=0.8534 val_precision=0.8322 val_recall=0.8757
[2026-04-17 03:31:41,774] INFO - Saved new best checkpoint at epoch 10 with IoU=0.7443
[2026-04-17 03:34:25,715] INFO - Epoch [11/80] train_loss=0.3751 val_loss=0.3600 val_iou=0.7433 val_dice=0.8528 val_precision=0.8354 val_recall=0.8708
[2026-04-17 03:37:10,378] INFO - Epoch [12/80] train_loss=0.3683 val_loss=0.3517 val_iou=0.7524 val_dice=0.8587 val_precision=0.8393 val_recall=0.8791
[2026-04-17 03:37:10,913] INFO - Saved new best checkpoint at epoch 12 with IoU=0.7524
[2026-04-17 03:39:54,639] INFO - Epoch [13/80] train_loss=0.3604 val_loss=0.3468 val_iou=0.7549 val_dice=0.8603 val_precision=0.8462 val_recall=0.8749
[2026-04-17 03:39:55,157] INFO - Saved new best checkpoint at epoch 13 with IoU=0.7549
[2026-04-17 03:42:39,351] INFO - Epoch [14/80] train_loss=0.3535 val_loss=0.3375 val_iou=0.7599 val_dice=0.8636 val_precision=0.8586 val_recall=0.8686
[2026-04-17 03:42:39,888] INFO - Saved new best checkpoint at epoch 14 with IoU=0.7599
[2026-04-17 03:45:23,665] INFO - Epoch [15/80] train_loss=0.3498 val_loss=0.3438 val_iou=0.7554 val_dice=0.8606 val_precision=0.8481 val_recall=0.8736
[2026-04-17 03:48:08,009] INFO - Epoch [16/80] train_loss=0.3462 val_loss=0.3458 val_iou=0.7535 val_dice=0.8594 val_precision=0.8536 val_recall=0.8653
[2026-04-17 03:50:52,250] INFO - Epoch [17/80] train_loss=0.3412 val_loss=0.3345 val_iou=0.7651 val_dice=0.8669 val_precision=0.8559 val_recall=0.8782
[2026-04-17 03:50:52,758] INFO - Saved new best checkpoint at epoch 17 with IoU=0.7651
[2026-04-17 03:53:36,799] INFO - Epoch [18/80] train_loss=0.3381 val_loss=0.3390 val_iou=0.7617 val_dice=0.8647 val_precision=0.8585 val_recall=0.8710
[2026-04-17 03:56:20,992] INFO - Epoch [19/80] train_loss=0.3331 val_loss=0.3312 val_iou=0.7636 val_dice=0.8659 val_precision=0.8552 val_recall=0.8769
[2026-04-17 03:59:05,108] INFO - Epoch [20/80] train_loss=0.3293 val_loss=0.3366 val_iou=0.7643 val_dice=0.8664 val_precision=0.8535 val_recall=0.8797
[2026-04-17 04:01:50,048] INFO - Epoch [21/80] train_loss=0.3270 val_loss=0.3285 val_iou=0.7667 val_dice=0.8679 val_precision=0.8531 val_recall=0.8833
[2026-04-17 04:01:50,584] INFO - Saved new best checkpoint at epoch 21 with IoU=0.7667
[2026-04-17 04:04:36,032] INFO - Epoch [22/80] train_loss=0.3223 val_loss=0.3261 val_iou=0.7661 val_dice=0.8676 val_precision=0.8593 val_recall=0.8761
[2026-04-17 04:07:21,534] INFO - Epoch [23/80] train_loss=0.3193 val_loss=0.3254 val_iou=0.7667 val_dice=0.8680 val_precision=0.8605 val_recall=0.8755
[2026-04-17 04:07:22,235] INFO - Saved new best checkpoint at epoch 23 with IoU=0.7667
[2026-04-17 04:10:07,293] INFO - Epoch [24/80] train_loss=0.3157 val_loss=0.3181 val_iou=0.7729 val_dice=0.8719 val_precision=0.8583 val_recall=0.8859
[2026-04-17 04:10:07,926] INFO - Saved new best checkpoint at epoch 24 with IoU=0.7729
[2026-04-17 04:12:52,802] INFO - Epoch [25/80] train_loss=0.3114 val_loss=0.3110 val_iou=0.7759 val_dice=0.8738 val_precision=0.8687 val_recall=0.8790
[2026-04-17 04:12:53,321] INFO - Saved new best checkpoint at epoch 25 with IoU=0.7759
[2026-04-17 04:15:38,987] INFO - Epoch [26/80] train_loss=0.3101 val_loss=0.3138 val_iou=0.7746 val_dice=0.8730 val_precision=0.8666 val_recall=0.8794
[2026-04-17 04:18:24,341] INFO - Epoch [27/80] train_loss=0.3095 val_loss=0.3211 val_iou=0.7710 val_dice=0.8707 val_precision=0.8655 val_recall=0.8759
[2026-04-17 04:21:09,223] INFO - Epoch [28/80] train_loss=0.3062 val_loss=0.3191 val_iou=0.7725 val_dice=0.8716 val_precision=0.8585 val_recall=0.8852
[2026-04-17 04:23:54,144] INFO - Epoch [29/80] train_loss=0.3015 val_loss=0.3157 val_iou=0.7734 val_dice=0.8722 val_precision=0.8704 val_recall=0.8741
[2026-04-17 04:26:38,478] INFO - Epoch [30/80] train_loss=0.2998 val_loss=0.3115 val_iou=0.7751 val_dice=0.8733 val_precision=0.8727 val_recall=0.8739
[2026-04-17 04:29:23,228] INFO - Epoch [31/80] train_loss=0.2968 val_loss=0.3138 val_iou=0.7760 val_dice=0.8739 val_precision=0.8689 val_recall=0.8789
[2026-04-17 04:29:23,792] INFO - Saved new best checkpoint at epoch 31 with IoU=0.7760
[2026-04-17 04:32:08,540] INFO - Epoch [32/80] train_loss=0.2968 val_loss=0.3161 val_iou=0.7739 val_dice=0.8725 val_precision=0.8505 val_recall=0.8957
[2026-04-17 04:34:52,549] INFO - Epoch [33/80] train_loss=0.2916 val_loss=0.3148 val_iou=0.7754 val_dice=0.8735 val_precision=0.8648 val_recall=0.8824
[2026-04-17 04:37:36,726] INFO - Epoch [34/80] train_loss=0.2910 val_loss=0.3074 val_iou=0.7808 val_dice=0.8769 val_precision=0.8632 val_recall=0.8910
[2026-04-17 04:37:37,248] INFO - Saved new best checkpoint at epoch 34 with IoU=0.7808
[2026-04-17 04:40:21,220] INFO - Epoch [35/80] train_loss=0.2869 val_loss=0.3054 val_iou=0.7814 val_dice=0.8773 val_precision=0.8763 val_recall=0.8782
[2026-04-17 04:40:21,793] INFO - Saved new best checkpoint at epoch 35 with IoU=0.7814
[2026-04-17 04:43:06,021] INFO - Epoch [36/80] train_loss=0.2853 val_loss=0.3069 val_iou=0.7818 val_dice=0.8775 val_precision=0.8619 val_recall=0.8938
[2026-04-17 04:43:06,549] INFO - Saved new best checkpoint at epoch 36 with IoU=0.7818
[2026-04-17 04:45:50,798] INFO - Epoch [37/80] train_loss=0.2833 val_loss=0.3048 val_iou=0.7823 val_dice=0.8779 val_precision=0.8662 val_recall=0.8898
[2026-04-17 04:45:51,301] INFO - Saved new best checkpoint at epoch 37 with IoU=0.7823
[2026-04-17 04:48:35,244] INFO - Epoch [38/80] train_loss=0.2804 val_loss=0.3010 val_iou=0.7828 val_dice=0.8782 val_precision=0.8689 val_recall=0.8877
[2026-04-17 04:48:35,844] INFO - Saved new best checkpoint at epoch 38 with IoU=0.7828
[2026-04-17 04:51:19,527] INFO - Epoch [39/80] train_loss=0.2798 val_loss=0.2993 val_iou=0.7838 val_dice=0.8788 val_precision=0.8765 val_recall=0.8811
[2026-04-17 04:51:20,054] INFO - Saved new best checkpoint at epoch 39 with IoU=0.7838
[2026-04-17 04:54:03,972] INFO - Epoch [40/80] train_loss=0.2761 val_loss=0.3016 val_iou=0.7842 val_dice=0.8790 val_precision=0.8666 val_recall=0.8919
[2026-04-17 04:54:04,532] INFO - Saved new best checkpoint at epoch 40 with IoU=0.7842
[2026-04-17 04:56:48,511] INFO - Epoch [41/80] train_loss=0.2740 val_loss=0.3054 val_iou=0.7805 val_dice=0.8767 val_precision=0.8620 val_recall=0.8919
[2026-04-17 04:59:32,476] INFO - Epoch [42/80] train_loss=0.2717 val_loss=0.2975 val_iou=0.7849 val_dice=0.8795 val_precision=0.8806 val_recall=0.8784
[2026-04-17 04:59:33,066] INFO - Saved new best checkpoint at epoch 42 with IoU=0.7849
[2026-04-17 05:02:16,835] INFO - Epoch [43/80] train_loss=0.2727 val_loss=0.3026 val_iou=0.7813 val_dice=0.8772 val_precision=0.8612 val_recall=0.8939
[2026-04-17 05:05:01,116] INFO - Epoch [44/80] train_loss=0.2692 val_loss=0.2977 val_iou=0.7854 val_dice=0.8798 val_precision=0.8718 val_recall=0.8880
[2026-04-17 05:05:01,729] INFO - Saved new best checkpoint at epoch 44 with IoU=0.7854
[2026-04-17 05:07:45,431] INFO - Epoch [45/80] train_loss=0.2677 val_loss=0.2994 val_iou=0.7857 val_dice=0.8800 val_precision=0.8694 val_recall=0.8908
[2026-04-17 05:07:45,971] INFO - Saved new best checkpoint at epoch 45 with IoU=0.7857
[2026-04-17 05:10:29,737] INFO - Epoch [46/80] train_loss=0.2662 val_loss=0.2967 val_iou=0.7873 val_dice=0.8810 val_precision=0.8710 val_recall=0.8912
[2026-04-17 05:10:30,316] INFO - Saved new best checkpoint at epoch 46 with IoU=0.7873
[2026-04-17 05:13:14,272] INFO - Epoch [47/80] train_loss=0.2632 val_loss=0.2958 val_iou=0.7885 val_dice=0.8818 val_precision=0.8721 val_recall=0.8916
[2026-04-17 05:13:14,791] INFO - Saved new best checkpoint at epoch 47 with IoU=0.7885
[2026-04-17 05:15:58,628] INFO - Epoch [48/80] train_loss=0.2625 val_loss=0.2921 val_iou=0.7889 val_dice=0.8820 val_precision=0.8732 val_recall=0.8909
[2026-04-17 05:15:59,224] INFO - Saved new best checkpoint at epoch 48 with IoU=0.7889
[2026-04-17 05:18:43,406] INFO - Epoch [49/80] train_loss=0.2611 val_loss=0.2893 val_iou=0.7898 val_dice=0.8826 val_precision=0.8808 val_recall=0.8844
[2026-04-17 05:18:43,927] INFO - Saved new best checkpoint at epoch 49 with IoU=0.7898
[2026-04-17 05:21:27,901] INFO - Epoch [50/80] train_loss=0.2596 val_loss=0.2919 val_iou=0.7880 val_dice=0.8814 val_precision=0.8816 val_recall=0.8812
[2026-04-17 05:24:12,873] INFO - Epoch [51/80] train_loss=0.2578 val_loss=0.2945 val_iou=0.7879 val_dice=0.8814 val_precision=0.8706 val_recall=0.8923
[2026-04-17 05:26:57,092] INFO - Epoch [52/80] train_loss=0.2567 val_loss=0.2901 val_iou=0.7894 val_dice=0.8823 val_precision=0.8784 val_recall=0.8862
[2026-04-17 05:29:41,274] INFO - Epoch [53/80] train_loss=0.2554 val_loss=0.2910 val_iou=0.7902 val_dice=0.8828 val_precision=0.8804 val_recall=0.8853
[2026-04-17 05:29:41,951] INFO - Saved new best checkpoint at epoch 53 with IoU=0.7902
[2026-04-17 05:32:25,870] INFO - Epoch [54/80] train_loss=0.2540 val_loss=0.2872 val_iou=0.7924 val_dice=0.8842 val_precision=0.8781 val_recall=0.8904
[2026-04-17 05:32:26,379] INFO - Saved new best checkpoint at epoch 54 with IoU=0.7924
[2026-04-17 05:35:10,380] INFO - Epoch [55/80] train_loss=0.2522 val_loss=0.2894 val_iou=0.7913 val_dice=0.8835 val_precision=0.8774 val_recall=0.8897
[2026-04-17 05:37:54,872] INFO - Epoch [56/80] train_loss=0.2502 val_loss=0.2925 val_iou=0.7911 val_dice=0.8834 val_precision=0.8747 val_recall=0.8922
[2026-04-17 05:40:39,006] INFO - Epoch [57/80] train_loss=0.2489 val_loss=0.2886 val_iou=0.7914 val_dice=0.8836 val_precision=0.8815 val_recall=0.8856
[2026-04-17 05:43:23,085] INFO - Epoch [58/80] train_loss=0.2494 val_loss=0.2883 val_iou=0.7918 val_dice=0.8838 val_precision=0.8831 val_recall=0.8846
[2026-04-17 05:46:07,301] INFO - Epoch [59/80] train_loss=0.2478 val_loss=0.2837 val_iou=0.7936 val_dice=0.8849 val_precision=0.8759 val_recall=0.8941
[2026-04-17 05:46:07,877] INFO - Saved new best checkpoint at epoch 59 with IoU=0.7936
[2026-04-17 05:48:51,787] INFO - Epoch [60/80] train_loss=0.2471 val_loss=0.2851 val_iou=0.7943 val_dice=0.8854 val_precision=0.8763 val_recall=0.8947
[2026-04-17 05:48:52,297] INFO - Saved new best checkpoint at epoch 60 with IoU=0.7943
[2026-04-17 05:51:35,984] INFO - Epoch [61/80] train_loss=0.2454 val_loss=0.2882 val_iou=0.7928 val_dice=0.8844 val_precision=0.8784 val_recall=0.8905
[2026-04-17 05:54:20,371] INFO - Epoch [62/80] train_loss=0.2445 val_loss=0.2835 val_iou=0.7952 val_dice=0.8859 val_precision=0.8831 val_recall=0.8887
[2026-04-17 05:54:20,899] INFO - Saved new best checkpoint at epoch 62 with IoU=0.7952
[2026-04-17 05:57:04,889] INFO - Epoch [63/80] train_loss=0.2435 val_loss=0.2889 val_iou=0.7929 val_dice=0.8845 val_precision=0.8762 val_recall=0.8930
[2026-04-17 05:59:49,257] INFO - Epoch [64/80] train_loss=0.2428 val_loss=0.2838 val_iou=0.7947 val_dice=0.8856 val_precision=0.8801 val_recall=0.8911
[2026-04-17 06:02:33,515] INFO - Epoch [65/80] train_loss=0.2415 val_loss=0.2851 val_iou=0.7943 val_dice=0.8853 val_precision=0.8838 val_recall=0.8869
[2026-04-17 06:05:17,775] INFO - Epoch [66/80] train_loss=0.2412 val_loss=0.2842 val_iou=0.7943 val_dice=0.8854 val_precision=0.8794 val_recall=0.8914
[2026-04-17 06:08:02,408] INFO - Epoch [67/80] train_loss=0.2406 val_loss=0.2813 val_iou=0.7954 val_dice=0.8860 val_precision=0.8801 val_recall=0.8921
[2026-04-17 06:08:03,009] INFO - Saved new best checkpoint at epoch 67 with IoU=0.7954
[2026-04-17 06:10:46,981] INFO - Epoch [68/80] train_loss=0.2404 val_loss=0.2817 val_iou=0.7954 val_dice=0.8860 val_precision=0.8800 val_recall=0.8921
[2026-04-17 06:10:47,535] INFO - Saved new best checkpoint at epoch 68 with IoU=0.7954
[2026-04-17 06:13:31,511] INFO - Epoch [69/80] train_loss=0.2398 val_loss=0.2816 val_iou=0.7949 val_dice=0.8857 val_precision=0.8807 val_recall=0.8908
[2026-04-17 06:16:15,857] INFO - Epoch [70/80] train_loss=0.2385 val_loss=0.2820 val_iou=0.7958 val_dice=0.8863 val_precision=0.8815 val_recall=0.8911
[2026-04-17 06:16:16,414] INFO - Saved new best checkpoint at epoch 70 with IoU=0.7958
[2026-04-17 06:19:00,483] INFO - Epoch [71/80] train_loss=0.2384 val_loss=0.2838 val_iou=0.7953 val_dice=0.8860 val_precision=0.8815 val_recall=0.8905
[2026-04-17 06:21:44,758] INFO - Epoch [72/80] train_loss=0.2384 val_loss=0.2829 val_iou=0.7952 val_dice=0.8859 val_precision=0.8837 val_recall=0.8881
[2026-04-17 06:24:28,999] INFO - Epoch [73/80] train_loss=0.2375 val_loss=0.2811 val_iou=0.7960 val_dice=0.8864 val_precision=0.8781 val_recall=0.8949
[2026-04-17 06:24:29,646] INFO - Saved new best checkpoint at epoch 73 with IoU=0.7960
[2026-04-17 06:27:13,609] INFO - Epoch [74/80] train_loss=0.2377 val_loss=0.2803 val_iou=0.7964 val_dice=0.8867 val_precision=0.8816 val_recall=0.8918
[2026-04-17 06:27:14,157] INFO - Saved new best checkpoint at epoch 74 with IoU=0.7964
[2026-04-17 06:29:58,226] INFO - Epoch [75/80] train_loss=0.2375 val_loss=0.2817 val_iou=0.7961 val_dice=0.8864 val_precision=0.8804 val_recall=0.8925
[2026-04-17 06:32:42,568] INFO - Epoch [76/80] train_loss=0.2372 val_loss=0.2823 val_iou=0.7961 val_dice=0.8865 val_precision=0.8794 val_recall=0.8938
[2026-04-17 06:35:27,265] INFO - Epoch [77/80] train_loss=0.2372 val_loss=0.2820 val_iou=0.7957 val_dice=0.8862 val_precision=0.8777 val_recall=0.8949
[2026-04-17 06:38:11,588] INFO - Epoch [78/80] train_loss=0.2367 val_loss=0.2841 val_iou=0.7956 val_dice=0.8862 val_precision=0.8811 val_recall=0.8913
[2026-04-17 06:40:55,685] INFO - Epoch [79/80] train_loss=0.2375 val_loss=0.2832 val_iou=0.7958 val_dice=0.8863 val_precision=0.8814 val_recall=0.8913
[2026-04-17 06:43:40,331] INFO - Epoch [80/80] train_loss=0.2367 val_loss=0.2813 val_iou=0.7960 val_dice=0.8864 val_precision=0.8826 val_recall=0.8903
[2026-04-17 06:43:54,010] INFO - Finished inria_ablation_B_no_gate. val IoU=0.7964 Dice=0.8867
Finished inria_ablation_B_no_gate: val IoU=0.7964 dice=0.8867
