
libgomp: Invalid value for environment variable OMP_NUM_THREADS

libgomp: Invalid value for environment variable OMP_NUM_THREADS
/root/miniconda3/envs/building/lib/python3.10/site-packages/albumentations/check_version.py:147: UserWarning: Error fetching version info The read operation timed out
  data = fetch_version_info()
[2026-04-15 17:09:33,327] INFO - Starting inria_ablation_A_local_only on device=cuda
[2026-04-15 17:09:33,327] INFO - Train=12162 Val=2225 Test=0 Params=15994849
[2026-04-15 17:11:46,526] INFO - Epoch [1/80] train_loss=0.7309 val_loss=0.5569 val_iou=0.6530 val_dice=0.7901 val_precision=0.7743 val_recall=0.8065
[2026-04-15 17:11:46,873] INFO - Saved new best checkpoint at epoch 1 with IoU=0.6530
[2026-04-15 17:14:00,143] INFO - Epoch [2/80] train_loss=0.5595 val_loss=0.5128 val_iou=0.6815 val_dice=0.8106 val_precision=0.7996 val_recall=0.8220
[2026-04-15 17:14:00,562] INFO - Saved new best checkpoint at epoch 2 with IoU=0.6815
[2026-04-15 17:16:14,159] INFO - Epoch [3/80] train_loss=0.5076 val_loss=0.4697 val_iou=0.6954 val_dice=0.8203 val_precision=0.7972 val_recall=0.8449
[2026-04-15 17:16:14,535] INFO - Saved new best checkpoint at epoch 3 with IoU=0.6954
[2026-04-15 17:18:27,981] INFO - Epoch [4/80] train_loss=0.4748 val_loss=0.4569 val_iou=0.7014 val_dice=0.8245 val_precision=0.8197 val_recall=0.8293
[2026-04-15 17:18:28,414] INFO - Saved new best checkpoint at epoch 4 with IoU=0.7014
[2026-04-15 17:20:41,845] INFO - Epoch [5/80] train_loss=0.4482 val_loss=0.4227 val_iou=0.7187 val_dice=0.8364 val_precision=0.8113 val_recall=0.8630
[2026-04-15 17:20:42,265] INFO - Saved new best checkpoint at epoch 5 with IoU=0.7187
[2026-04-15 17:22:55,589] INFO - Epoch [6/80] train_loss=0.4264 val_loss=0.4220 val_iou=0.7138 val_dice=0.8330 val_precision=0.7773 val_recall=0.8974
[2026-04-15 17:25:08,869] INFO - Epoch [7/80] train_loss=0.4129 val_loss=0.3929 val_iou=0.7369 val_dice=0.8485 val_precision=0.8386 val_recall=0.8587
[2026-04-15 17:25:09,276] INFO - Saved new best checkpoint at epoch 7 with IoU=0.7369
[2026-04-15 17:27:22,660] INFO - Epoch [8/80] train_loss=0.4040 val_loss=0.3890 val_iou=0.7311 val_dice=0.8447 val_precision=0.8587 val_recall=0.8311
[2026-04-15 17:29:36,205] INFO - Epoch [9/80] train_loss=0.3911 val_loss=0.3706 val_iou=0.7446 val_dice=0.8536 val_precision=0.8387 val_recall=0.8691
[2026-04-15 17:29:36,614] INFO - Saved new best checkpoint at epoch 9 with IoU=0.7446
[2026-04-15 17:31:49,616] INFO - Epoch [10/80] train_loss=0.3849 val_loss=0.3730 val_iou=0.7435 val_dice=0.8529 val_precision=0.8469 val_recall=0.8590
[2026-04-15 17:34:02,997] INFO - Epoch [11/80] train_loss=0.3781 val_loss=0.3838 val_iou=0.7445 val_dice=0.8535 val_precision=0.8400 val_recall=0.8675
[2026-04-15 17:36:15,942] INFO - Epoch [12/80] train_loss=0.3696 val_loss=0.3620 val_iou=0.7451 val_dice=0.8539 val_precision=0.8427 val_recall=0.8654
[2026-04-15 17:36:16,342] INFO - Saved new best checkpoint at epoch 12 with IoU=0.7451
[2026-04-15 17:38:29,179] INFO - Epoch [13/80] train_loss=0.3628 val_loss=0.3572 val_iou=0.7488 val_dice=0.8563 val_precision=0.8571 val_recall=0.8555
[2026-04-15 17:38:29,575] INFO - Saved new best checkpoint at epoch 13 with IoU=0.7488
[2026-04-15 17:40:42,209] INFO - Epoch [14/80] train_loss=0.3564 val_loss=0.3533 val_iou=0.7546 val_dice=0.8602 val_precision=0.8518 val_recall=0.8687
[2026-04-15 17:40:42,632] INFO - Saved new best checkpoint at epoch 14 with IoU=0.7546
[2026-04-15 17:42:55,146] INFO - Epoch [15/80] train_loss=0.3518 val_loss=0.3633 val_iou=0.7487 val_dice=0.8563 val_precision=0.8337 val_recall=0.8802
[2026-04-15 17:45:07,969] INFO - Epoch [16/80] train_loss=0.3486 val_loss=0.3512 val_iou=0.7555 val_dice=0.8608 val_precision=0.8592 val_recall=0.8623
[2026-04-15 17:45:08,355] INFO - Saved new best checkpoint at epoch 16 with IoU=0.7555
[2026-04-15 17:47:21,997] INFO - Epoch [17/80] train_loss=0.3423 val_loss=0.3555 val_iou=0.7535 val_dice=0.8594 val_precision=0.8604 val_recall=0.8584
[2026-04-15 17:49:35,990] INFO - Epoch [18/80] train_loss=0.3399 val_loss=0.3587 val_iou=0.7535 val_dice=0.8594 val_precision=0.8380 val_recall=0.8819
[2026-04-15 17:51:49,666] INFO - Epoch [19/80] train_loss=0.3346 val_loss=0.3329 val_iou=0.7664 val_dice=0.8678 val_precision=0.8626 val_recall=0.8730
[2026-04-15 17:51:50,027] INFO - Saved new best checkpoint at epoch 19 with IoU=0.7664
[2026-04-15 17:54:02,861] INFO - Epoch [20/80] train_loss=0.3298 val_loss=0.3433 val_iou=0.7628 val_dice=0.8654 val_precision=0.8636 val_recall=0.8673
[2026-04-15 17:56:16,212] INFO - Epoch [21/80] train_loss=0.3274 val_loss=0.3396 val_iou=0.7659 val_dice=0.8674 val_precision=0.8616 val_recall=0.8733
[2026-04-15 17:58:29,444] INFO - Epoch [22/80] train_loss=0.3249 val_loss=0.3380 val_iou=0.7654 val_dice=0.8671 val_precision=0.8702 val_recall=0.8640
[2026-04-15 18:00:42,942] INFO - Epoch [23/80] train_loss=0.3208 val_loss=0.3305 val_iou=0.7690 val_dice=0.8694 val_precision=0.8562 val_recall=0.8831
[2026-04-15 18:00:43,308] INFO - Saved new best checkpoint at epoch 23 with IoU=0.7690
[2026-04-15 18:02:56,646] INFO - Epoch [24/80] train_loss=0.3179 val_loss=0.3311 val_iou=0.7689 val_dice=0.8694 val_precision=0.8509 val_recall=0.8887
[2026-04-15 18:05:10,789] INFO - Epoch [25/80] train_loss=0.3163 val_loss=0.3240 val_iou=0.7710 val_dice=0.8707 val_precision=0.8628 val_recall=0.8787
[2026-04-15 18:05:11,179] INFO - Saved new best checkpoint at epoch 25 with IoU=0.7710
[2026-04-15 18:07:25,201] INFO - Epoch [26/80] train_loss=0.3126 val_loss=0.3270 val_iou=0.7690 val_dice=0.8694 val_precision=0.8545 val_recall=0.8849
[2026-04-15 18:09:38,274] INFO - Epoch [27/80] train_loss=0.3087 val_loss=0.3231 val_iou=0.7732 val_dice=0.8721 val_precision=0.8565 val_recall=0.8882
[2026-04-15 18:09:38,701] INFO - Saved new best checkpoint at epoch 27 with IoU=0.7732
[2026-04-15 18:11:51,828] INFO - Epoch [28/80] train_loss=0.3059 val_loss=0.3261 val_iou=0.7692 val_dice=0.8695 val_precision=0.8620 val_recall=0.8772
[2026-04-15 18:14:05,867] INFO - Epoch [29/80] train_loss=0.3046 val_loss=0.3220 val_iou=0.7742 val_dice=0.8727 val_precision=0.8588 val_recall=0.8872
[2026-04-15 18:14:06,285] INFO - Saved new best checkpoint at epoch 29 with IoU=0.7742
[2026-04-15 18:16:19,596] INFO - Epoch [30/80] train_loss=0.3001 val_loss=0.3209 val_iou=0.7741 val_dice=0.8727 val_precision=0.8680 val_recall=0.8775
[2026-04-15 18:18:32,749] INFO - Epoch [31/80] train_loss=0.2980 val_loss=0.3243 val_iou=0.7730 val_dice=0.8720 val_precision=0.8586 val_recall=0.8858
[2026-04-15 18:20:45,593] INFO - Epoch [32/80] train_loss=0.2959 val_loss=0.3174 val_iou=0.7766 val_dice=0.8742 val_precision=0.8669 val_recall=0.8818
[2026-04-15 18:20:46,020] INFO - Saved new best checkpoint at epoch 32 with IoU=0.7766
[2026-04-15 18:22:58,865] INFO - Epoch [33/80] train_loss=0.2939 val_loss=0.3140 val_iou=0.7771 val_dice=0.8746 val_precision=0.8718 val_recall=0.8774
[2026-04-15 18:22:59,237] INFO - Saved new best checkpoint at epoch 33 with IoU=0.7771
[2026-04-15 18:25:12,955] INFO - Epoch [34/80] train_loss=0.2920 val_loss=0.3110 val_iou=0.7786 val_dice=0.8755 val_precision=0.8657 val_recall=0.8856
[2026-04-15 18:25:13,319] INFO - Saved new best checkpoint at epoch 34 with IoU=0.7786
[2026-04-15 18:27:26,979] INFO - Epoch [35/80] train_loss=0.2879 val_loss=0.3163 val_iou=0.7771 val_dice=0.8746 val_precision=0.8703 val_recall=0.8789
[2026-04-15 18:29:40,544] INFO - Epoch [36/80] train_loss=0.2857 val_loss=0.3120 val_iou=0.7777 val_dice=0.8750 val_precision=0.8794 val_recall=0.8706
[2026-04-15 18:31:54,856] INFO - Epoch [37/80] train_loss=0.2841 val_loss=0.3215 val_iou=0.7771 val_dice=0.8746 val_precision=0.8668 val_recall=0.8825
[2026-04-15 18:34:09,264] INFO - Epoch [38/80] train_loss=0.2797 val_loss=0.3113 val_iou=0.7786 val_dice=0.8755 val_precision=0.8771 val_recall=0.8739
[2026-04-15 18:36:23,329] INFO - Epoch [39/80] train_loss=0.2805 val_loss=0.3175 val_iou=0.7767 val_dice=0.8743 val_precision=0.8731 val_recall=0.8754
[2026-04-15 18:38:37,105] INFO - Epoch [40/80] train_loss=0.2787 val_loss=0.3103 val_iou=0.7806 val_dice=0.8768 val_precision=0.8756 val_recall=0.8779
[2026-04-15 18:38:37,498] INFO - Saved new best checkpoint at epoch 40 with IoU=0.7806
[2026-04-15 18:40:51,007] INFO - Epoch [41/80] train_loss=0.2756 val_loss=0.3083 val_iou=0.7795 val_dice=0.8761 val_precision=0.8738 val_recall=0.8785
[2026-04-15 18:43:04,781] INFO - Epoch [42/80] train_loss=0.2726 val_loss=0.3134 val_iou=0.7799 val_dice=0.8764 val_precision=0.8684 val_recall=0.8845
[2026-04-15 18:45:17,969] INFO - Epoch [43/80] train_loss=0.2727 val_loss=0.3113 val_iou=0.7790 val_dice=0.8757 val_precision=0.8799 val_recall=0.8716
[2026-04-15 18:47:31,722] INFO - Epoch [44/80] train_loss=0.2712 val_loss=0.3077 val_iou=0.7801 val_dice=0.8765 val_precision=0.8699 val_recall=0.8831
[2026-04-15 18:49:45,216] INFO - Epoch [45/80] train_loss=0.2681 val_loss=0.3086 val_iou=0.7818 val_dice=0.8776 val_precision=0.8772 val_recall=0.8780
[2026-04-15 18:49:45,632] INFO - Saved new best checkpoint at epoch 45 with IoU=0.7818
[2026-04-15 18:51:58,772] INFO - Epoch [46/80] train_loss=0.2662 val_loss=0.3039 val_iou=0.7826 val_dice=0.8780 val_precision=0.8761 val_recall=0.8800
[2026-04-15 18:51:59,145] INFO - Saved new best checkpoint at epoch 46 with IoU=0.7826
[2026-04-15 18:54:12,578] INFO - Epoch [47/80] train_loss=0.2654 val_loss=0.3007 val_iou=0.7850 val_dice=0.8795 val_precision=0.8694 val_recall=0.8898
[2026-04-15 18:54:12,935] INFO - Saved new best checkpoint at epoch 47 with IoU=0.7850
[2026-04-15 18:56:26,127] INFO - Epoch [48/80] train_loss=0.2632 val_loss=0.3073 val_iou=0.7815 val_dice=0.8773 val_precision=0.8732 val_recall=0.8815
[2026-04-15 18:58:39,262] INFO - Epoch [49/80] train_loss=0.2605 val_loss=0.3032 val_iou=0.7847 val_dice=0.8794 val_precision=0.8750 val_recall=0.8838
[2026-04-15 19:00:52,768] INFO - Epoch [50/80] train_loss=0.2598 val_loss=0.3064 val_iou=0.7827 val_dice=0.8781 val_precision=0.8744 val_recall=0.8818
[2026-04-15 19:03:05,934] INFO - Epoch [51/80] train_loss=0.2580 val_loss=0.3106 val_iou=0.7814 val_dice=0.8773 val_precision=0.8768 val_recall=0.8778
[2026-04-15 19:05:19,497] INFO - Epoch [52/80] train_loss=0.2571 val_loss=0.3050 val_iou=0.7826 val_dice=0.8781 val_precision=0.8717 val_recall=0.8845
[2026-04-15 19:07:33,011] INFO - Epoch [53/80] train_loss=0.2551 val_loss=0.3065 val_iou=0.7828 val_dice=0.8782 val_precision=0.8794 val_recall=0.8770
[2026-04-15 19:09:46,564] INFO - Epoch [54/80] train_loss=0.2524 val_loss=0.3046 val_iou=0.7838 val_dice=0.8788 val_precision=0.8761 val_recall=0.8815
[2026-04-15 19:11:59,660] INFO - Epoch [55/80] train_loss=0.2514 val_loss=0.3096 val_iou=0.7822 val_dice=0.8778 val_precision=0.8733 val_recall=0.8823
[2026-04-15 19:14:13,034] INFO - Epoch [56/80] train_loss=0.2507 val_loss=0.3058 val_iou=0.7832 val_dice=0.8784 val_precision=0.8775 val_recall=0.8793
[2026-04-15 19:16:26,006] INFO - Epoch [57/80] train_loss=0.2499 val_loss=0.3018 val_iou=0.7845 val_dice=0.8792 val_precision=0.8782 val_recall=0.8803
[2026-04-15 19:18:39,203] INFO - Epoch [58/80] train_loss=0.2484 val_loss=0.3048 val_iou=0.7831 val_dice=0.8784 val_precision=0.8693 val_recall=0.8876
[2026-04-15 19:20:52,278] INFO - Epoch [59/80] train_loss=0.2474 val_loss=0.3072 val_iou=0.7829 val_dice=0.8782 val_precision=0.8834 val_recall=0.8732
[2026-04-15 19:23:04,790] INFO - Epoch [60/80] train_loss=0.2456 val_loss=0.3045 val_iou=0.7840 val_dice=0.8789 val_precision=0.8794 val_recall=0.8785
[2026-04-15 19:25:17,838] INFO - Epoch [61/80] train_loss=0.2449 val_loss=0.3047 val_iou=0.7861 val_dice=0.8802 val_precision=0.8783 val_recall=0.8821
[2026-04-15 19:25:18,201] INFO - Saved new best checkpoint at epoch 61 with IoU=0.7861
[2026-04-15 19:27:30,971] INFO - Epoch [62/80] train_loss=0.2439 val_loss=0.3036 val_iou=0.7855 val_dice=0.8799 val_precision=0.8775 val_recall=0.8822
[2026-04-15 19:29:44,392] INFO - Epoch [63/80] train_loss=0.2437 val_loss=0.3003 val_iou=0.7861 val_dice=0.8803 val_precision=0.8764 val_recall=0.8841
[2026-04-15 19:29:44,763] INFO - Saved new best checkpoint at epoch 63 with IoU=0.7861
[2026-04-15 19:31:58,118] INFO - Epoch [64/80] train_loss=0.2427 val_loss=0.2992 val_iou=0.7867 val_dice=0.8806 val_precision=0.8792 val_recall=0.8821
[2026-04-15 19:31:58,514] INFO - Saved new best checkpoint at epoch 64 with IoU=0.7867
[2026-04-15 19:34:12,031] INFO - Epoch [65/80] train_loss=0.2414 val_loss=0.3004 val_iou=0.7865 val_dice=0.8805 val_precision=0.8774 val_recall=0.8836
[2026-04-15 19:36:26,290] INFO - Epoch [66/80] train_loss=0.2407 val_loss=0.3010 val_iou=0.7854 val_dice=0.8798 val_precision=0.8789 val_recall=0.8807
[2026-04-15 19:38:40,939] INFO - Epoch [67/80] train_loss=0.2394 val_loss=0.3032 val_iou=0.7856 val_dice=0.8799 val_precision=0.8816 val_recall=0.8783
[2026-04-15 19:40:55,787] INFO - Epoch [68/80] train_loss=0.2394 val_loss=0.2988 val_iou=0.7877 val_dice=0.8813 val_precision=0.8793 val_recall=0.8832
[2026-04-15 19:40:56,152] INFO - Saved new best checkpoint at epoch 68 with IoU=0.7877
[2026-04-15 19:43:11,372] INFO - Epoch [69/80] train_loss=0.2386 val_loss=0.3006 val_iou=0.7871 val_dice=0.8809 val_precision=0.8773 val_recall=0.8844
[2026-04-15 19:45:25,476] INFO - Epoch [70/80] train_loss=0.2386 val_loss=0.2993 val_iou=0.7877 val_dice=0.8812 val_precision=0.8777 val_recall=0.8848
[2026-04-15 19:47:39,441] INFO - Epoch [71/80] train_loss=0.2373 val_loss=0.2997 val_iou=0.7873 val_dice=0.8810 val_precision=0.8753 val_recall=0.8868
[2026-04-15 19:49:53,499] INFO - Epoch [72/80] train_loss=0.2373 val_loss=0.3021 val_iou=0.7870 val_dice=0.8808 val_precision=0.8773 val_recall=0.8843
[2026-04-15 19:52:08,123] INFO - Epoch [73/80] train_loss=0.2368 val_loss=0.2996 val_iou=0.7879 val_dice=0.8814 val_precision=0.8771 val_recall=0.8857
[2026-04-15 19:52:08,528] INFO - Saved new best checkpoint at epoch 73 with IoU=0.7879
[2026-04-15 19:54:22,565] INFO - Epoch [74/80] train_loss=0.2367 val_loss=0.3004 val_iou=0.7873 val_dice=0.8810 val_precision=0.8787 val_recall=0.8833
[2026-04-15 19:56:37,139] INFO - Epoch [75/80] train_loss=0.2364 val_loss=0.2988 val_iou=0.7877 val_dice=0.8812 val_precision=0.8759 val_recall=0.8866
[2026-04-15 19:58:52,702] INFO - Epoch [76/80] train_loss=0.2363 val_loss=0.2990 val_iou=0.7878 val_dice=0.8813 val_precision=0.8760 val_recall=0.8867
[2026-04-15 20:01:08,482] INFO - Epoch [77/80] train_loss=0.2366 val_loss=0.2999 val_iou=0.7871 val_dice=0.8809 val_precision=0.8771 val_recall=0.8847
[2026-04-15 20:03:24,670] INFO - Epoch [78/80] train_loss=0.2365 val_loss=0.3011 val_iou=0.7865 val_dice=0.8805 val_precision=0.8798 val_recall=0.8812
[2026-04-15 20:05:39,354] INFO - Epoch [79/80] train_loss=0.2354 val_loss=0.2996 val_iou=0.7871 val_dice=0.8809 val_precision=0.8762 val_recall=0.8856
[2026-04-15 20:07:54,531] INFO - Epoch [80/80] train_loss=0.2356 val_loss=0.3003 val_iou=0.7867 val_dice=0.8806 val_precision=0.8774 val_recall=0.8838
[2026-04-15 20:08:08,386] INFO - Finished inria_ablation_A_local_only. val IoU=0.7879 Dice=0.8814
Finished inria_ablation_A_local_only: val IoU=0.7879 dice=0.8814
