[2026-04-18 12:30:19,288] INFO - Starting inria_unet_seed3407 on device=cuda
[2026-04-18 12:30:19,288] INFO - Train=12162 Val=2225 Test=0 Params=7763041
[2026-04-18 12:32:13,970] INFO - Epoch [1/80] train_loss=0.8260 val_loss=0.6532 val_iou=0.5622 val_dice=0.7198 val_precision=0.8193 val_recall=0.6418
[2026-04-18 12:32:14,257] INFO - Saved new best checkpoint at epoch 1 with IoU=0.5622
[2026-04-18 12:34:07,137] INFO - Epoch [2/80] train_loss=0.6211 val_loss=0.5565 val_iou=0.6556 val_dice=0.7920 val_precision=0.7636 val_recall=0.8226
[2026-04-18 12:34:07,507] INFO - Saved new best checkpoint at epoch 2 with IoU=0.6556
[2026-04-18 12:36:00,472] INFO - Epoch [3/80] train_loss=0.5431 val_loss=0.5132 val_iou=0.6845 val_dice=0.8127 val_precision=0.7942 val_recall=0.8320
[2026-04-18 12:36:00,847] INFO - Saved new best checkpoint at epoch 3 with IoU=0.6845
[2026-04-18 12:37:53,623] INFO - Epoch [4/80] train_loss=0.5037 val_loss=0.4718 val_iou=0.7010 val_dice=0.8242 val_precision=0.8384 val_recall=0.8105
[2026-04-18 12:37:53,993] INFO - Saved new best checkpoint at epoch 4 with IoU=0.7010
[2026-04-18 12:39:46,768] INFO - Epoch [5/80] train_loss=0.4864 val_loss=0.4616 val_iou=0.7101 val_dice=0.8305 val_precision=0.8103 val_recall=0.8516
[2026-04-18 12:39:47,089] INFO - Saved new best checkpoint at epoch 5 with IoU=0.7101
[2026-04-18 12:41:39,669] INFO - Epoch [6/80] train_loss=0.4710 val_loss=0.4771 val_iou=0.6943 val_dice=0.8196 val_precision=0.7875 val_recall=0.8544
[2026-04-18 12:43:32,661] INFO - Epoch [7/80] train_loss=0.4537 val_loss=0.4457 val_iou=0.7019 val_dice=0.8248 val_precision=0.8634 val_recall=0.7895
[2026-04-18 12:45:25,833] INFO - Epoch [8/80] train_loss=0.4407 val_loss=0.4243 val_iou=0.7146 val_dice=0.8336 val_precision=0.8227 val_recall=0.8447
[2026-04-18 12:45:26,161] INFO - Saved new best checkpoint at epoch 8 with IoU=0.7146
[2026-04-18 12:47:18,764] INFO - Epoch [9/80] train_loss=0.4376 val_loss=0.4261 val_iou=0.7189 val_dice=0.8364 val_precision=0.8613 val_recall=0.8129
[2026-04-18 12:47:19,130] INFO - Saved new best checkpoint at epoch 9 with IoU=0.7189
[2026-04-18 12:49:11,845] INFO - Epoch [10/80] train_loss=0.4273 val_loss=0.4052 val_iou=0.7304 val_dice=0.8442 val_precision=0.8062 val_recall=0.8860
[2026-04-18 12:49:12,263] INFO - Saved new best checkpoint at epoch 10 with IoU=0.7304
[2026-04-18 12:51:04,885] INFO - Epoch [11/80] train_loss=0.4138 val_loss=0.3973 val_iou=0.7354 val_dice=0.8475 val_precision=0.8439 val_recall=0.8512
[2026-04-18 12:51:05,286] INFO - Saved new best checkpoint at epoch 11 with IoU=0.7354
[2026-04-18 12:52:57,896] INFO - Epoch [12/80] train_loss=0.4024 val_loss=0.3868 val_iou=0.7338 val_dice=0.8465 val_precision=0.8559 val_recall=0.8372
[2026-04-18 12:54:51,035] INFO - Epoch [13/80] train_loss=0.4039 val_loss=0.3874 val_iou=0.7327 val_dice=0.8457 val_precision=0.8602 val_recall=0.8317
[2026-04-18 12:56:43,967] INFO - Epoch [14/80] train_loss=0.3997 val_loss=0.3858 val_iou=0.7418 val_dice=0.8518 val_precision=0.8577 val_recall=0.8459
[2026-04-18 12:56:44,324] INFO - Saved new best checkpoint at epoch 14 with IoU=0.7418
[2026-04-18 12:58:36,925] INFO - Epoch [15/80] train_loss=0.3928 val_loss=0.3933 val_iou=0.7346 val_dice=0.8470 val_precision=0.8444 val_recall=0.8497
[2026-04-18 13:00:30,023] INFO - Epoch [16/80] train_loss=0.3851 val_loss=0.3838 val_iou=0.7401 val_dice=0.8506 val_precision=0.8485 val_recall=0.8528
[2026-04-18 13:02:23,206] INFO - Epoch [17/80] train_loss=0.3805 val_loss=0.3632 val_iou=0.7534 val_dice=0.8593 val_precision=0.8615 val_recall=0.8572
[2026-04-18 13:02:23,561] INFO - Saved new best checkpoint at epoch 17 with IoU=0.7534
[2026-04-18 13:04:16,294] INFO - Epoch [18/80] train_loss=0.3743 val_loss=0.3799 val_iou=0.7392 val_dice=0.8501 val_precision=0.8689 val_recall=0.8320
[2026-04-18 13:06:08,964] INFO - Epoch [19/80] train_loss=0.3684 val_loss=0.3660 val_iou=0.7525 val_dice=0.8587 val_precision=0.8571 val_recall=0.8604
[2026-04-18 13:08:01,816] INFO - Epoch [20/80] train_loss=0.3673 val_loss=0.3557 val_iou=0.7590 val_dice=0.8630 val_precision=0.8482 val_recall=0.8784
[2026-04-18 13:08:02,196] INFO - Saved new best checkpoint at epoch 20 with IoU=0.7590
[2026-04-18 13:09:54,887] INFO - Epoch [21/80] train_loss=0.3693 val_loss=0.3625 val_iou=0.7581 val_dice=0.8624 val_precision=0.8519 val_recall=0.8732
[2026-04-18 13:11:47,540] INFO - Epoch [22/80] train_loss=0.3604 val_loss=0.3745 val_iou=0.7485 val_dice=0.8562 val_precision=0.8720 val_recall=0.8409
[2026-04-18 13:13:40,289] INFO - Epoch [23/80] train_loss=0.3538 val_loss=0.3444 val_iou=0.7612 val_dice=0.8644 val_precision=0.8599 val_recall=0.8690
[2026-04-18 13:13:40,730] INFO - Saved new best checkpoint at epoch 23 with IoU=0.7612
[2026-04-18 13:15:33,452] INFO - Epoch [24/80] train_loss=0.3559 val_loss=0.3569 val_iou=0.7575 val_dice=0.8620 val_precision=0.8551 val_recall=0.8690
[2026-04-18 13:17:26,169] INFO - Epoch [25/80] train_loss=0.3558 val_loss=0.3634 val_iou=0.7546 val_dice=0.8602 val_precision=0.8606 val_recall=0.8597
[2026-04-18 13:19:18,675] INFO - Epoch [26/80] train_loss=0.3457 val_loss=0.3563 val_iou=0.7577 val_dice=0.8622 val_precision=0.8612 val_recall=0.8631
[2026-04-18 13:21:11,678] INFO - Epoch [27/80] train_loss=0.3476 val_loss=0.3582 val_iou=0.7607 val_dice=0.8641 val_precision=0.8547 val_recall=0.8736
[2026-04-18 13:23:04,403] INFO - Epoch [28/80] train_loss=0.3445 val_loss=0.3447 val_iou=0.7662 val_dice=0.8676 val_precision=0.8641 val_recall=0.8712
[2026-04-18 13:23:04,739] INFO - Saved new best checkpoint at epoch 28 with IoU=0.7662
[2026-04-18 13:24:57,397] INFO - Epoch [29/80] train_loss=0.3403 val_loss=0.3642 val_iou=0.7583 val_dice=0.8625 val_precision=0.8518 val_recall=0.8735
[2026-04-18 13:26:50,540] INFO - Epoch [30/80] train_loss=0.3393 val_loss=0.3429 val_iou=0.7640 val_dice=0.8662 val_precision=0.8700 val_recall=0.8625
[2026-04-18 13:28:43,247] INFO - Epoch [31/80] train_loss=0.3373 val_loss=0.3610 val_iou=0.7559 val_dice=0.8610 val_precision=0.8610 val_recall=0.8609
[2026-04-18 13:30:35,845] INFO - Epoch [32/80] train_loss=0.3305 val_loss=0.3531 val_iou=0.7644 val_dice=0.8665 val_precision=0.8522 val_recall=0.8812
[2026-04-18 13:32:28,742] INFO - Epoch [33/80] train_loss=0.3311 val_loss=0.3385 val_iou=0.7650 val_dice=0.8668 val_precision=0.8667 val_recall=0.8670
[2026-04-18 13:34:21,605] INFO - Epoch [34/80] train_loss=0.3257 val_loss=0.3411 val_iou=0.7629 val_dice=0.8655 val_precision=0.8433 val_recall=0.8889
[2026-04-18 13:36:14,222] INFO - Epoch [35/80] train_loss=0.3275 val_loss=0.3511 val_iou=0.7658 val_dice=0.8673 val_precision=0.8524 val_recall=0.8828
[2026-04-18 13:38:06,825] INFO - Epoch [36/80] train_loss=0.3256 val_loss=0.3492 val_iou=0.7686 val_dice=0.8692 val_precision=0.8777 val_recall=0.8608
[2026-04-18 13:38:07,184] INFO - Saved new best checkpoint at epoch 36 with IoU=0.7686
[2026-04-18 13:40:00,012] INFO - Epoch [37/80] train_loss=0.3193 val_loss=0.3363 val_iou=0.7690 val_dice=0.8694 val_precision=0.8702 val_recall=0.8686
[2026-04-18 13:40:00,457] INFO - Saved new best checkpoint at epoch 37 with IoU=0.7690
[2026-04-18 13:41:53,211] INFO - Epoch [38/80] train_loss=0.3173 val_loss=0.3259 val_iou=0.7734 val_dice=0.8722 val_precision=0.8602 val_recall=0.8846
[2026-04-18 13:41:53,632] INFO - Saved new best checkpoint at epoch 38 with IoU=0.7734
[2026-04-18 13:43:46,235] INFO - Epoch [39/80] train_loss=0.3169 val_loss=0.3300 val_iou=0.7720 val_dice=0.8713 val_precision=0.8714 val_recall=0.8712
[2026-04-18 13:45:39,625] INFO - Epoch [40/80] train_loss=0.3139 val_loss=0.3298 val_iou=0.7748 val_dice=0.8731 val_precision=0.8708 val_recall=0.8755
[2026-04-18 13:45:40,024] INFO - Saved new best checkpoint at epoch 40 with IoU=0.7748
[2026-04-18 13:47:32,589] INFO - Epoch [41/80] train_loss=0.3104 val_loss=0.3330 val_iou=0.7711 val_dice=0.8708 val_precision=0.8696 val_recall=0.8720
[2026-04-18 13:49:25,290] INFO - Epoch [42/80] train_loss=0.3106 val_loss=0.3345 val_iou=0.7683 val_dice=0.8690 val_precision=0.8669 val_recall=0.8710
[2026-04-18 13:51:18,177] INFO - Epoch [43/80] train_loss=0.3074 val_loss=0.3206 val_iou=0.7754 val_dice=0.8735 val_precision=0.8667 val_recall=0.8804
[2026-04-18 13:51:18,576] INFO - Saved new best checkpoint at epoch 43 with IoU=0.7754
[2026-04-18 13:53:11,032] INFO - Epoch [44/80] train_loss=0.3072 val_loss=0.3432 val_iou=0.7734 val_dice=0.8722 val_precision=0.8748 val_recall=0.8697
[2026-04-18 13:55:03,923] INFO - Epoch [45/80] train_loss=0.3041 val_loss=0.3231 val_iou=0.7761 val_dice=0.8739 val_precision=0.8631 val_recall=0.8850
[2026-04-18 13:55:04,327] INFO - Saved new best checkpoint at epoch 45 with IoU=0.7761
[2026-04-18 13:56:56,972] INFO - Epoch [46/80] train_loss=0.3013 val_loss=0.3332 val_iou=0.7726 val_dice=0.8717 val_precision=0.8791 val_recall=0.8644
[2026-04-18 13:58:49,672] INFO - Epoch [47/80] train_loss=0.2997 val_loss=0.3260 val_iou=0.7767 val_dice=0.8743 val_precision=0.8735 val_recall=0.8752
[2026-04-18 13:58:50,052] INFO - Saved new best checkpoint at epoch 47 with IoU=0.7767
[2026-04-18 14:00:42,407] INFO - Epoch [48/80] train_loss=0.2986 val_loss=0.3251 val_iou=0.7771 val_dice=0.8745 val_precision=0.8777 val_recall=0.8714
[2026-04-18 14:00:42,764] INFO - Saved new best checkpoint at epoch 48 with IoU=0.7771
[2026-04-18 14:02:35,435] INFO - Epoch [49/80] train_loss=0.2975 val_loss=0.3189 val_iou=0.7793 val_dice=0.8760 val_precision=0.8709 val_recall=0.8811
[2026-04-18 14:02:35,820] INFO - Saved new best checkpoint at epoch 49 with IoU=0.7793
[2026-04-18 14:04:28,261] INFO - Epoch [50/80] train_loss=0.2959 val_loss=0.3146 val_iou=0.7809 val_dice=0.8770 val_precision=0.8729 val_recall=0.8811
[2026-04-18 14:04:28,662] INFO - Saved new best checkpoint at epoch 50 with IoU=0.7809
[2026-04-18 14:06:21,038] INFO - Epoch [51/80] train_loss=0.2917 val_loss=0.3258 val_iou=0.7796 val_dice=0.8761 val_precision=0.8770 val_recall=0.8753
[2026-04-18 14:08:13,836] INFO - Epoch [52/80] train_loss=0.2932 val_loss=0.3237 val_iou=0.7790 val_dice=0.8757 val_precision=0.8735 val_recall=0.8780
[2026-04-18 14:10:06,438] INFO - Epoch [53/80] train_loss=0.2918 val_loss=0.3240 val_iou=0.7772 val_dice=0.8746 val_precision=0.8818 val_recall=0.8676
[2026-04-18 14:11:59,090] INFO - Epoch [54/80] train_loss=0.2892 val_loss=0.3203 val_iou=0.7808 val_dice=0.8769 val_precision=0.8706 val_recall=0.8833
[2026-04-18 14:13:51,941] INFO - Epoch [55/80] train_loss=0.2887 val_loss=0.3099 val_iou=0.7837 val_dice=0.8787 val_precision=0.8722 val_recall=0.8854
[2026-04-18 14:13:52,323] INFO - Saved new best checkpoint at epoch 55 with IoU=0.7837
[2026-04-18 14:15:44,697] INFO - Epoch [56/80] train_loss=0.2872 val_loss=0.3150 val_iou=0.7821 val_dice=0.8777 val_precision=0.8723 val_recall=0.8832
[2026-04-18 14:17:37,489] INFO - Epoch [57/80] train_loss=0.2846 val_loss=0.3087 val_iou=0.7827 val_dice=0.8781 val_precision=0.8754 val_recall=0.8809
[2026-04-18 14:19:30,359] INFO - Epoch [58/80] train_loss=0.2836 val_loss=0.3289 val_iou=0.7781 val_dice=0.8752 val_precision=0.8877 val_recall=0.8630
[2026-04-18 14:21:22,920] INFO - Epoch [59/80] train_loss=0.2838 val_loss=0.3161 val_iou=0.7796 val_dice=0.8761 val_precision=0.8809 val_recall=0.8714
[2026-04-18 14:23:15,671] INFO - Epoch [60/80] train_loss=0.2822 val_loss=0.3115 val_iou=0.7824 val_dice=0.8779 val_precision=0.8721 val_recall=0.8838
[2026-04-18 14:25:08,679] INFO - Epoch [61/80] train_loss=0.2812 val_loss=0.3123 val_iou=0.7824 val_dice=0.8779 val_precision=0.8806 val_recall=0.8752
[2026-04-18 14:27:01,528] INFO - Epoch [62/80] train_loss=0.2802 val_loss=0.3130 val_iou=0.7835 val_dice=0.8786 val_precision=0.8770 val_recall=0.8803
[2026-04-18 14:28:54,218] INFO - Epoch [63/80] train_loss=0.2791 val_loss=0.3101 val_iou=0.7842 val_dice=0.8791 val_precision=0.8743 val_recall=0.8839
[2026-04-18 14:28:54,612] INFO - Saved new best checkpoint at epoch 63 with IoU=0.7842
[2026-04-18 14:30:47,350] INFO - Epoch [64/80] train_loss=0.2781 val_loss=0.3115 val_iou=0.7845 val_dice=0.8792 val_precision=0.8776 val_recall=0.8809
[2026-04-18 14:30:47,734] INFO - Saved new best checkpoint at epoch 64 with IoU=0.7845
[2026-04-18 14:32:40,505] INFO - Epoch [65/80] train_loss=0.2770 val_loss=0.3106 val_iou=0.7844 val_dice=0.8792 val_precision=0.8737 val_recall=0.8846
[2026-04-18 14:34:33,253] INFO - Epoch [66/80] train_loss=0.2763 val_loss=0.3221 val_iou=0.7817 val_dice=0.8775 val_precision=0.8864 val_recall=0.8687
[2026-04-18 14:36:26,051] INFO - Epoch [67/80] train_loss=0.2761 val_loss=0.3169 val_iou=0.7802 val_dice=0.8765 val_precision=0.8865 val_recall=0.8667
[2026-04-18 14:38:18,872] INFO - Epoch [68/80] train_loss=0.2754 val_loss=0.3071 val_iou=0.7858 val_dice=0.8801 val_precision=0.8729 val_recall=0.8873
[2026-04-18 14:38:19,237] INFO - Saved new best checkpoint at epoch 68 with IoU=0.7858
[2026-04-18 14:40:11,942] INFO - Epoch [69/80] train_loss=0.2747 val_loss=0.3078 val_iou=0.7853 val_dice=0.8797 val_precision=0.8748 val_recall=0.8847
[2026-04-18 14:42:04,957] INFO - Epoch [70/80] train_loss=0.2737 val_loss=0.3097 val_iou=0.7851 val_dice=0.8796 val_precision=0.8762 val_recall=0.8831
[2026-04-18 14:43:58,005] INFO - Epoch [71/80] train_loss=0.2726 val_loss=0.3114 val_iou=0.7854 val_dice=0.8798 val_precision=0.8770 val_recall=0.8827
[2026-04-18 14:45:50,769] INFO - Epoch [72/80] train_loss=0.2727 val_loss=0.3084 val_iou=0.7853 val_dice=0.8797 val_precision=0.8790 val_recall=0.8804
[2026-04-18 14:47:43,756] INFO - Epoch [73/80] train_loss=0.2730 val_loss=0.3079 val_iou=0.7856 val_dice=0.8799 val_precision=0.8741 val_recall=0.8858
[2026-04-18 14:49:36,724] INFO - Epoch [74/80] train_loss=0.2720 val_loss=0.3087 val_iou=0.7860 val_dice=0.8802 val_precision=0.8767 val_recall=0.8837
[2026-04-18 14:49:37,098] INFO - Saved new best checkpoint at epoch 74 with IoU=0.7860
[2026-04-18 14:51:29,605] INFO - Epoch [75/80] train_loss=0.2725 val_loss=0.3106 val_iou=0.7849 val_dice=0.8795 val_precision=0.8813 val_recall=0.8777
[2026-04-18 14:53:22,675] INFO - Epoch [76/80] train_loss=0.2720 val_loss=0.3119 val_iou=0.7852 val_dice=0.8796 val_precision=0.8803 val_recall=0.8790
[2026-04-18 14:55:15,637] INFO - Epoch [77/80] train_loss=0.2720 val_loss=0.3092 val_iou=0.7854 val_dice=0.8798 val_precision=0.8785 val_recall=0.8811
[2026-04-18 14:57:08,369] INFO - Epoch [78/80] train_loss=0.2705 val_loss=0.3079 val_iou=0.7856 val_dice=0.8799 val_precision=0.8789 val_recall=0.8810
[2026-04-18 14:59:01,474] INFO - Epoch [79/80] train_loss=0.2717 val_loss=0.3098 val_iou=0.7860 val_dice=0.8802 val_precision=0.8771 val_recall=0.8833
[2026-04-18 14:59:01,815] INFO - Saved new best checkpoint at epoch 79 with IoU=0.7860
[2026-04-18 15:00:54,743] INFO - Epoch [80/80] train_loss=0.2710 val_loss=0.3122 val_iou=0.7849 val_dice=0.8795 val_precision=0.8818 val_recall=0.8772
[2026-04-18 15:01:08,357] INFO - Finished inria_unet_seed3407. val IoU=0.7860 Dice=0.8802
Finished inria_unet_seed3407: val IoU=0.7860 dice=0.8802
