[2026-04-17 15:23:35] START whu_unet_seed123
[2026-04-17 16:23:39] DONE  whu_unet_seed123
[2026-04-17 16:23:39] START whu_cfull_seed123
[2026-04-17 18:07:53] DONE  whu_cfull_seed123
[2026-04-17 18:07:53] START whu_cbnd_seed123
[2026-04-17 20:05:49] DONE  whu_cbnd_seed123
[2026-04-17 20:05:49] START whu_unet_seed3407
[2026-04-17 21:05:39] DONE  whu_unet_seed3407
[2026-04-17 21:05:39] START whu_cfull_seed3407
[2026-04-17 22:49:39] DONE  whu_cfull_seed3407
[2026-04-17 22:49:39] START whu_cbnd_seed3407
[2026-04-18 00:47:26] DONE  whu_cbnd_seed3407
[2026-04-18 00:47:26] START inria_unet_seed123
[2026-04-18 03:18:25] DONE  inria_unet_seed123
[2026-04-18 03:18:25] START inria_cfull_seed123
[2026-04-18 07:43:59] DONE  inria_cfull_seed123
[2026-04-18 07:43:59] START inria_cbnd_seed123
[2026-04-18 12:30:12] DONE  inria_cbnd_seed123
[2026-04-18 12:30:12] START inria_unet_seed3407
[2026-04-18 15:01:09] DONE  inria_unet_seed3407
[2026-04-18 15:01:09] START inria_cfull_seed3407
[2026-04-18 19:24:56] DONE  inria_cfull_seed3407
[2026-04-18 19:24:56] START inria_cbnd_seed3407
[2026-04-19 00:11:00] DONE  inria_cbnd_seed3407
[2026-04-19 00:11:00] ALL MULTISEED RUNS FINISHED
