/root/miniconda3/envs/building/lib/python3.10/site-packages/albumentations/check_version.py:147: UserWarning: Error fetching version info The read operation timed out
  data = fetch_version_info()
[2026-04-18 15:01:24,342] INFO - Starting inria_cfull_seed3407 on device=cuda
[2026-04-18 15:01:24,342] INFO - Train=12162 Val=2225 Test=0 Params=17831777
[2026-04-18 15:04:43,004] INFO - Epoch [1/80] train_loss=0.7804 val_loss=0.6182 val_iou=0.6063 val_dice=0.7549 val_precision=0.7315 val_recall=0.7799
[2026-04-18 15:04:43,556] INFO - Saved new best checkpoint at epoch 1 with IoU=0.6063
[2026-04-18 15:08:00,185] INFO - Epoch [2/80] train_loss=0.5772 val_loss=0.4987 val_iou=0.6692 val_dice=0.8018 val_precision=0.7532 val_recall=0.8571
[2026-04-18 15:08:01,047] INFO - Saved new best checkpoint at epoch 2 with IoU=0.6692
[2026-04-18 15:11:18,191] INFO - Epoch [3/80] train_loss=0.4999 val_loss=0.4638 val_iou=0.6869 val_dice=0.8144 val_precision=0.8055 val_recall=0.8235
[2026-04-18 15:11:19,199] INFO - Saved new best checkpoint at epoch 3 with IoU=0.6869
[2026-04-18 15:14:35,864] INFO - Epoch [4/80] train_loss=0.4640 val_loss=0.4131 val_iou=0.7161 val_dice=0.8346 val_precision=0.8231 val_recall=0.8464
[2026-04-18 15:14:36,784] INFO - Saved new best checkpoint at epoch 4 with IoU=0.7161
[2026-04-18 15:17:52,836] INFO - Epoch [5/80] train_loss=0.4381 val_loss=0.4021 val_iou=0.7182 val_dice=0.8360 val_precision=0.8476 val_recall=0.8247
[2026-04-18 15:17:53,718] INFO - Saved new best checkpoint at epoch 5 with IoU=0.7182
[2026-04-18 15:21:10,381] INFO - Epoch [6/80] train_loss=0.4240 val_loss=0.4073 val_iou=0.7257 val_dice=0.8410 val_precision=0.8371 val_recall=0.8450
[2026-04-18 15:21:11,229] INFO - Saved new best checkpoint at epoch 6 with IoU=0.7257
[2026-04-18 15:24:27,450] INFO - Epoch [7/80] train_loss=0.4115 val_loss=0.3988 val_iou=0.7262 val_dice=0.8414 val_precision=0.8228 val_recall=0.8608
[2026-04-18 15:24:28,433] INFO - Saved new best checkpoint at epoch 7 with IoU=0.7262
[2026-04-18 15:27:45,368] INFO - Epoch [8/80] train_loss=0.3960 val_loss=0.3828 val_iou=0.7316 val_dice=0.8450 val_precision=0.8389 val_recall=0.8512
[2026-04-18 15:27:46,264] INFO - Saved new best checkpoint at epoch 8 with IoU=0.7316
[2026-04-18 15:31:03,044] INFO - Epoch [9/80] train_loss=0.3905 val_loss=0.3810 val_iou=0.7315 val_dice=0.8449 val_precision=0.8292 val_recall=0.8613
[2026-04-18 15:34:19,607] INFO - Epoch [10/80] train_loss=0.3805 val_loss=0.3614 val_iou=0.7402 val_dice=0.8507 val_precision=0.8599 val_recall=0.8417
[2026-04-18 15:34:20,483] INFO - Saved new best checkpoint at epoch 10 with IoU=0.7402
[2026-04-18 15:37:36,881] INFO - Epoch [11/80] train_loss=0.3744 val_loss=0.3595 val_iou=0.7455 val_dice=0.8542 val_precision=0.8554 val_recall=0.8531
[2026-04-18 15:37:37,701] INFO - Saved new best checkpoint at epoch 11 with IoU=0.7455
[2026-04-18 15:40:53,635] INFO - Epoch [12/80] train_loss=0.3657 val_loss=0.3500 val_iou=0.7487 val_dice=0.8563 val_precision=0.8610 val_recall=0.8516
[2026-04-18 15:40:54,664] INFO - Saved new best checkpoint at epoch 12 with IoU=0.7487
[2026-04-18 15:44:11,434] INFO - Epoch [13/80] train_loss=0.3608 val_loss=0.3723 val_iou=0.7497 val_dice=0.8569 val_precision=0.8379 val_recall=0.8769
[2026-04-18 15:44:12,300] INFO - Saved new best checkpoint at epoch 13 with IoU=0.7497
[2026-04-18 15:47:29,370] INFO - Epoch [14/80] train_loss=0.3557 val_loss=0.3482 val_iou=0.7524 val_dice=0.8587 val_precision=0.8476 val_recall=0.8701
[2026-04-18 15:47:30,386] INFO - Saved new best checkpoint at epoch 14 with IoU=0.7524
[2026-04-18 15:50:46,569] INFO - Epoch [15/80] train_loss=0.3510 val_loss=0.3441 val_iou=0.7579 val_dice=0.8623 val_precision=0.8449 val_recall=0.8804
[2026-04-18 15:50:47,392] INFO - Saved new best checkpoint at epoch 15 with IoU=0.7579
[2026-04-18 15:54:03,160] INFO - Epoch [16/80] train_loss=0.3474 val_loss=0.3505 val_iou=0.7542 val_dice=0.8599 val_precision=0.8628 val_recall=0.8570
[2026-04-18 15:57:20,361] INFO - Epoch [17/80] train_loss=0.3423 val_loss=0.3407 val_iou=0.7542 val_dice=0.8599 val_precision=0.8588 val_recall=0.8610
[2026-04-18 16:00:37,501] INFO - Epoch [18/80] train_loss=0.3372 val_loss=0.3339 val_iou=0.7663 val_dice=0.8677 val_precision=0.8516 val_recall=0.8844
[2026-04-18 16:00:38,336] INFO - Saved new best checkpoint at epoch 18 with IoU=0.7663
[2026-04-18 16:03:54,845] INFO - Epoch [19/80] train_loss=0.3351 val_loss=0.3232 val_iou=0.7692 val_dice=0.8695 val_precision=0.8566 val_recall=0.8829
[2026-04-18 16:03:55,659] INFO - Saved new best checkpoint at epoch 19 with IoU=0.7692
[2026-04-18 16:07:11,664] INFO - Epoch [20/80] train_loss=0.3308 val_loss=0.3287 val_iou=0.7640 val_dice=0.8662 val_precision=0.8614 val_recall=0.8711
[2026-04-18 16:10:27,906] INFO - Epoch [21/80] train_loss=0.3288 val_loss=0.3204 val_iou=0.7685 val_dice=0.8691 val_precision=0.8700 val_recall=0.8682
[2026-04-18 16:13:44,585] INFO - Epoch [22/80] train_loss=0.3256 val_loss=0.3240 val_iou=0.7677 val_dice=0.8686 val_precision=0.8572 val_recall=0.8803
[2026-04-18 16:17:01,894] INFO - Epoch [23/80] train_loss=0.3201 val_loss=0.3293 val_iou=0.7692 val_dice=0.8695 val_precision=0.8546 val_recall=0.8850
[2026-04-18 16:20:18,825] INFO - Epoch [24/80] train_loss=0.3188 val_loss=0.3217 val_iou=0.7687 val_dice=0.8692 val_precision=0.8763 val_recall=0.8623
[2026-04-18 16:23:35,693] INFO - Epoch [25/80] train_loss=0.3169 val_loss=0.3178 val_iou=0.7713 val_dice=0.8709 val_precision=0.8558 val_recall=0.8865
[2026-04-18 16:23:36,453] INFO - Saved new best checkpoint at epoch 25 with IoU=0.7713
[2026-04-18 16:26:53,069] INFO - Epoch [26/80] train_loss=0.3130 val_loss=0.3149 val_iou=0.7729 val_dice=0.8719 val_precision=0.8565 val_recall=0.8879
[2026-04-18 16:26:53,906] INFO - Saved new best checkpoint at epoch 26 with IoU=0.7729
[2026-04-18 16:30:10,524] INFO - Epoch [27/80] train_loss=0.3120 val_loss=0.3245 val_iou=0.7715 val_dice=0.8710 val_precision=0.8559 val_recall=0.8867
[2026-04-18 16:33:27,799] INFO - Epoch [28/80] train_loss=0.3081 val_loss=0.3105 val_iou=0.7759 val_dice=0.8738 val_precision=0.8560 val_recall=0.8923
[2026-04-18 16:33:28,597] INFO - Saved new best checkpoint at epoch 28 with IoU=0.7759
[2026-04-18 16:36:45,097] INFO - Epoch [29/80] train_loss=0.3043 val_loss=0.3092 val_iou=0.7784 val_dice=0.8754 val_precision=0.8606 val_recall=0.8907
[2026-04-18 16:36:45,884] INFO - Saved new best checkpoint at epoch 29 with IoU=0.7784
[2026-04-18 16:40:02,040] INFO - Epoch [30/80] train_loss=0.3026 val_loss=0.3158 val_iou=0.7762 val_dice=0.8740 val_precision=0.8627 val_recall=0.8856
[2026-04-18 16:43:18,654] INFO - Epoch [31/80] train_loss=0.3012 val_loss=0.3081 val_iou=0.7779 val_dice=0.8751 val_precision=0.8730 val_recall=0.8772
[2026-04-18 16:46:35,313] INFO - Epoch [32/80] train_loss=0.2967 val_loss=0.3096 val_iou=0.7770 val_dice=0.8745 val_precision=0.8709 val_recall=0.8782
[2026-04-18 16:49:51,833] INFO - Epoch [33/80] train_loss=0.2962 val_loss=0.3092 val_iou=0.7746 val_dice=0.8730 val_precision=0.8748 val_recall=0.8711
[2026-04-18 16:53:08,520] INFO - Epoch [34/80] train_loss=0.2941 val_loss=0.3063 val_iou=0.7794 val_dice=0.8760 val_precision=0.8693 val_recall=0.8828
[2026-04-18 16:53:09,253] INFO - Saved new best checkpoint at epoch 34 with IoU=0.7794
[2026-04-18 16:56:25,243] INFO - Epoch [35/80] train_loss=0.2920 val_loss=0.3049 val_iou=0.7790 val_dice=0.8758 val_precision=0.8703 val_recall=0.8814
[2026-04-18 16:59:42,034] INFO - Epoch [36/80] train_loss=0.2892 val_loss=0.3081 val_iou=0.7798 val_dice=0.8763 val_precision=0.8688 val_recall=0.8839
[2026-04-18 16:59:42,728] INFO - Saved new best checkpoint at epoch 36 with IoU=0.7798
[2026-04-18 17:02:59,334] INFO - Epoch [37/80] train_loss=0.2876 val_loss=0.3065 val_iou=0.7797 val_dice=0.8762 val_precision=0.8780 val_recall=0.8745
[2026-04-18 17:06:16,775] INFO - Epoch [38/80] train_loss=0.2863 val_loss=0.2989 val_iou=0.7818 val_dice=0.8775 val_precision=0.8823 val_recall=0.8728
[2026-04-18 17:06:17,488] INFO - Saved new best checkpoint at epoch 38 with IoU=0.7818
[2026-04-18 17:09:34,730] INFO - Epoch [39/80] train_loss=0.2840 val_loss=0.3079 val_iou=0.7775 val_dice=0.8748 val_precision=0.8650 val_recall=0.8848
[2026-04-18 17:12:51,660] INFO - Epoch [40/80] train_loss=0.2821 val_loss=0.2992 val_iou=0.7823 val_dice=0.8779 val_precision=0.8739 val_recall=0.8819
[2026-04-18 17:12:52,453] INFO - Saved new best checkpoint at epoch 40 with IoU=0.7823
[2026-04-18 17:16:09,073] INFO - Epoch [41/80] train_loss=0.2803 val_loss=0.2985 val_iou=0.7834 val_dice=0.8786 val_precision=0.8749 val_recall=0.8823
[2026-04-18 17:16:09,838] INFO - Saved new best checkpoint at epoch 41 with IoU=0.7834
[2026-04-18 17:19:26,162] INFO - Epoch [42/80] train_loss=0.2785 val_loss=0.2983 val_iou=0.7838 val_dice=0.8788 val_precision=0.8732 val_recall=0.8844
[2026-04-18 17:19:26,967] INFO - Saved new best checkpoint at epoch 42 with IoU=0.7838
[2026-04-18 17:22:43,994] INFO - Epoch [43/80] train_loss=0.2770 val_loss=0.2947 val_iou=0.7861 val_dice=0.8803 val_precision=0.8800 val_recall=0.8805
[2026-04-18 17:22:45,008] INFO - Saved new best checkpoint at epoch 43 with IoU=0.7861
[2026-04-18 17:26:01,475] INFO - Epoch [44/80] train_loss=0.2744 val_loss=0.2965 val_iou=0.7858 val_dice=0.8801 val_precision=0.8820 val_recall=0.8782
[2026-04-18 17:29:19,222] INFO - Epoch [45/80] train_loss=0.2730 val_loss=0.2904 val_iou=0.7890 val_dice=0.8820 val_precision=0.8770 val_recall=0.8871
[2026-04-18 17:29:20,030] INFO - Saved new best checkpoint at epoch 45 with IoU=0.7890
[2026-04-18 17:32:37,265] INFO - Epoch [46/80] train_loss=0.2706 val_loss=0.2903 val_iou=0.7895 val_dice=0.8824 val_precision=0.8803 val_recall=0.8845
[2026-04-18 17:32:38,078] INFO - Saved new best checkpoint at epoch 46 with IoU=0.7895
[2026-04-18 17:35:56,087] INFO - Epoch [47/80] train_loss=0.2704 val_loss=0.2945 val_iou=0.7881 val_dice=0.8815 val_precision=0.8764 val_recall=0.8866
[2026-04-18 17:39:14,014] INFO - Epoch [48/80] train_loss=0.2709 val_loss=0.2951 val_iou=0.7865 val_dice=0.8805 val_precision=0.8744 val_recall=0.8867
[2026-04-18 17:42:31,812] INFO - Epoch [49/80] train_loss=0.2664 val_loss=0.2980 val_iou=0.7857 val_dice=0.8800 val_precision=0.8832 val_recall=0.8768
[2026-04-18 17:45:49,726] INFO - Epoch [50/80] train_loss=0.2657 val_loss=0.2903 val_iou=0.7913 val_dice=0.8835 val_precision=0.8741 val_recall=0.8931
[2026-04-18 17:45:50,596] INFO - Saved new best checkpoint at epoch 50 with IoU=0.7913
[2026-04-18 17:49:07,870] INFO - Epoch [51/80] train_loss=0.2642 val_loss=0.2920 val_iou=0.7898 val_dice=0.8826 val_precision=0.8735 val_recall=0.8918
[2026-04-18 17:52:25,474] INFO - Epoch [52/80] train_loss=0.2640 val_loss=0.2899 val_iou=0.7913 val_dice=0.8835 val_precision=0.8754 val_recall=0.8917
[2026-04-18 17:52:26,345] INFO - Saved new best checkpoint at epoch 52 with IoU=0.7913
[2026-04-18 17:55:43,455] INFO - Epoch [53/80] train_loss=0.2605 val_loss=0.2883 val_iou=0.7918 val_dice=0.8838 val_precision=0.8830 val_recall=0.8846
[2026-04-18 17:55:44,709] INFO - Saved new best checkpoint at epoch 53 with IoU=0.7918
[2026-04-18 17:59:02,129] INFO - Epoch [54/80] train_loss=0.2604 val_loss=0.2868 val_iou=0.7939 val_dice=0.8851 val_precision=0.8779 val_recall=0.8925
[2026-04-18 17:59:03,013] INFO - Saved new best checkpoint at epoch 54 with IoU=0.7939
[2026-04-18 18:02:20,138] INFO - Epoch [55/80] train_loss=0.2580 val_loss=0.2847 val_iou=0.7935 val_dice=0.8848 val_precision=0.8782 val_recall=0.8916
[2026-04-18 18:05:37,825] INFO - Epoch [56/80] train_loss=0.2572 val_loss=0.2828 val_iou=0.7947 val_dice=0.8856 val_precision=0.8837 val_recall=0.8875
[2026-04-18 18:05:38,725] INFO - Saved new best checkpoint at epoch 56 with IoU=0.7947
[2026-04-18 18:08:56,054] INFO - Epoch [57/80] train_loss=0.2546 val_loss=0.2818 val_iou=0.7953 val_dice=0.8860 val_precision=0.8812 val_recall=0.8909
[2026-04-18 18:08:56,848] INFO - Saved new best checkpoint at epoch 57 with IoU=0.7953
[2026-04-18 18:12:13,641] INFO - Epoch [58/80] train_loss=0.2544 val_loss=0.2860 val_iou=0.7949 val_dice=0.8857 val_precision=0.8817 val_recall=0.8897
[2026-04-18 18:15:30,868] INFO - Epoch [59/80] train_loss=0.2527 val_loss=0.2845 val_iou=0.7954 val_dice=0.8860 val_precision=0.8828 val_recall=0.8893
[2026-04-18 18:15:31,749] INFO - Saved new best checkpoint at epoch 59 with IoU=0.7954
[2026-04-18 18:18:49,236] INFO - Epoch [60/80] train_loss=0.2527 val_loss=0.2843 val_iou=0.7936 val_dice=0.8849 val_precision=0.8817 val_recall=0.8881
[2026-04-18 18:22:06,579] INFO - Epoch [61/80] train_loss=0.2516 val_loss=0.2814 val_iou=0.7960 val_dice=0.8864 val_precision=0.8839 val_recall=0.8889
[2026-04-18 18:22:07,374] INFO - Saved new best checkpoint at epoch 61 with IoU=0.7960
[2026-04-18 18:25:24,039] INFO - Epoch [62/80] train_loss=0.2506 val_loss=0.2828 val_iou=0.7960 val_dice=0.8864 val_precision=0.8799 val_recall=0.8931
[2026-04-18 18:25:24,881] INFO - Saved new best checkpoint at epoch 62 with IoU=0.7960
[2026-04-18 18:28:42,055] INFO - Epoch [63/80] train_loss=0.2498 val_loss=0.2860 val_iou=0.7936 val_dice=0.8849 val_precision=0.8826 val_recall=0.8873
[2026-04-18 18:31:58,739] INFO - Epoch [64/80] train_loss=0.2481 val_loss=0.2796 val_iou=0.7980 val_dice=0.8877 val_precision=0.8811 val_recall=0.8943
[2026-04-18 18:31:59,485] INFO - Saved new best checkpoint at epoch 64 with IoU=0.7980
[2026-04-18 18:35:17,302] INFO - Epoch [65/80] train_loss=0.2482 val_loss=0.2797 val_iou=0.7975 val_dice=0.8873 val_precision=0.8848 val_recall=0.8899
[2026-04-18 18:38:34,771] INFO - Epoch [66/80] train_loss=0.2475 val_loss=0.2797 val_iou=0.7978 val_dice=0.8876 val_precision=0.8825 val_recall=0.8927
[2026-04-18 18:41:52,010] INFO - Epoch [67/80] train_loss=0.2465 val_loss=0.2815 val_iou=0.7980 val_dice=0.8877 val_precision=0.8821 val_recall=0.8933
[2026-04-18 18:45:09,113] INFO - Epoch [68/80] train_loss=0.2460 val_loss=0.2803 val_iou=0.7973 val_dice=0.8872 val_precision=0.8841 val_recall=0.8903
[2026-04-18 18:48:26,191] INFO - Epoch [69/80] train_loss=0.2458 val_loss=0.2789 val_iou=0.7984 val_dice=0.8879 val_precision=0.8822 val_recall=0.8937
[2026-04-18 18:48:26,984] INFO - Saved new best checkpoint at epoch 69 with IoU=0.7984
[2026-04-18 18:51:44,079] INFO - Epoch [70/80] train_loss=0.2442 val_loss=0.2803 val_iou=0.7981 val_dice=0.8877 val_precision=0.8831 val_recall=0.8924
[2026-04-18 18:55:02,086] INFO - Epoch [71/80] train_loss=0.2451 val_loss=0.2783 val_iou=0.7982 val_dice=0.8878 val_precision=0.8856 val_recall=0.8900
[2026-04-18 18:58:19,621] INFO - Epoch [72/80] train_loss=0.2437 val_loss=0.2797 val_iou=0.7981 val_dice=0.8877 val_precision=0.8843 val_recall=0.8912
[2026-04-18 19:01:36,779] INFO - Epoch [73/80] train_loss=0.2453 val_loss=0.2786 val_iou=0.7982 val_dice=0.8878 val_precision=0.8838 val_recall=0.8918
[2026-04-18 19:04:54,221] INFO - Epoch [74/80] train_loss=0.2429 val_loss=0.2788 val_iou=0.7984 val_dice=0.8879 val_precision=0.8845 val_recall=0.8913
[2026-04-18 19:04:55,100] INFO - Saved new best checkpoint at epoch 74 with IoU=0.7984
[2026-04-18 19:08:12,919] INFO - Epoch [75/80] train_loss=0.2431 val_loss=0.2780 val_iou=0.7990 val_dice=0.8883 val_precision=0.8842 val_recall=0.8924
[2026-04-18 19:08:13,755] INFO - Saved new best checkpoint at epoch 75 with IoU=0.7990
[2026-04-18 19:11:31,004] INFO - Epoch [76/80] train_loss=0.2436 val_loss=0.2787 val_iou=0.7982 val_dice=0.8878 val_precision=0.8826 val_recall=0.8930
[2026-04-18 19:14:48,232] INFO - Epoch [77/80] train_loss=0.2431 val_loss=0.2793 val_iou=0.7984 val_dice=0.8879 val_precision=0.8838 val_recall=0.8921
[2026-04-18 19:18:05,955] INFO - Epoch [78/80] train_loss=0.2428 val_loss=0.2785 val_iou=0.7983 val_dice=0.8878 val_precision=0.8837 val_recall=0.8920
[2026-04-18 19:21:23,548] INFO - Epoch [79/80] train_loss=0.2422 val_loss=0.2792 val_iou=0.7985 val_dice=0.8879 val_precision=0.8829 val_recall=0.8930
[2026-04-18 19:24:41,369] INFO - Epoch [80/80] train_loss=0.2427 val_loss=0.2793 val_iou=0.7984 val_dice=0.8879 val_precision=0.8828 val_recall=0.8932
[2026-04-18 19:24:55,130] INFO - Finished inria_cfull_seed3407. val IoU=0.7990 Dice=0.8883
Finished inria_cfull_seed3407: val IoU=0.7990 dice=0.8883
