  [train] 150 张大图
  [val] 30 张大图

[Pass-1 train] 扫描 150 张大图掩码...
  [train] 10/150  total_patches_so_far=1000  (1.2s)
  [train] 20/150  total_patches_so_far=2000  (2.3s)
  [train] 30/150  total_patches_so_far=3000  (3.4s)
  [train] 40/150  total_patches_so_far=4000  (4.5s)
  [train] 50/150  total_patches_so_far=5000  (5.5s)
  [train] 60/150  total_patches_so_far=6000  (6.4s)
  [train] 70/150  total_patches_so_far=7000  (7.2s)
  [train] 80/150  total_patches_so_far=8000  (8.1s)
  [train] 90/150  total_patches_so_far=9000  (8.9s)
  [train] 100/150  total_patches_so_far=10000  (9.7s)
  [train] 110/150  total_patches_so_far=11000  (10.6s)
  [train] 120/150  total_patches_so_far=12000  (11.4s)
  [train] 130/150  total_patches_so_far=13000  (12.4s)
  [train] 140/150  total_patches_so_far=14000  (13.5s)
  [train] 150/150  total_patches_so_far=15000  (14.4s)

[Pass-1 val] 扫描 30 张大图掩码...
  [val] 10/30  total_patches_so_far=16000  (15.4s)
  [val] 20/30  total_patches_so_far=17000  (16.2s)
  [val] 30/30  total_patches_so_far=18000  (17.1s)

[Pass-1] 完成，共 18000 个 patch，耗时 17.1s

[Filter] 全部 patch: 18000
  高前景（>= 1%）: 13483  → 全保留
  低前景（<  1%）: 4517  → 随机保留 20% = 904
  最终保留: 14387  过滤掉: 3613

[Pass-2] 开始裁剪并保存 patch ...
  [train] 10/180  saved=945  (59.7s)
  [train] 20/180  saved=1835  (115.3s)
  [train] 30/180  saved=2705  (170.3s)
  [train] 40/180  saved=3623  (226.3s)
  [train] 50/180  saved=4590  (285.4s)
  [train] 60/180  saved=5520  (342.6s)
  [train] 70/180  saved=6209  (381.8s)
  [train] 80/180  saved=7001  (427.8s)
  [train] 90/180  saved=7623  (464.4s)
  [train] 100/180  saved=8140  (494.3s)
  [train] 110/180  saved=8796  (529.4s)
  [train] 120/180  saved=9348  (559.5s)
  [train] 130/180  saved=10289  (611.7s)
  [train] 140/180  saved=11238  (664.7s)
  [train] 150/180  saved=12162  (715.8s)
  [val] 160/180  saved=13023  (769.0s)
  [val] 170/180  saved=13703  (810.5s)
  [val] 180/180  saved=14387  (848.6s)

[Pass-2] 完成，共保存 14387 个 patch，耗时 848.6s

[Output] 写入 CSV ...
  CSV -> /root/autodl-tmp/project-building/data/processed/inria_patch512_s512/train_patches.csv  (12162 rows)
  CSV -> /root/autodl-tmp/project-building/data/processed/inria_patch512_s512/val_patches.csv  (2225 rows)
[Output] 写入 patch_stats.json ...
  JSON -> /root/autodl-tmp/project-building/data/processed/inria_patch512_s512/patch_stats.json

==================================================
全部完成，总耗时 865.9s
  Train: 12162 patches  （过滤掉 2838）
  Val:   2225 patches  （过滤掉 775）
  输出目录: /root/autodl-tmp/project-building/data/processed/inria_patch512_s512
==================================================
