
libgomp: Invalid value for environment variable OMP_NUM_THREADS

libgomp: Invalid value for environment variable OMP_NUM_THREADS
[2026-04-14 05:17:16,086] INFO - Starting WHU v2-lite baseline on device=cuda
[2026-04-14 05:17:16,086] INFO - Train samples=4736 Val samples=1036 Test samples=2416
[2026-04-14 05:17:16,086] INFO - Model params: total=17831777 trainable=17831777
[2026-04-14 05:18:34,269] INFO - Epoch [1/80] train_loss=0.5299 val_loss=0.5580 val_iou=0.7526 val_dice=0.8588 val_precision=0.8260 val_recall=0.8944
[2026-04-14 05:18:34,789] INFO - Saved new best checkpoint at epoch 1 with IoU=0.7526
[2026-04-14 05:19:52,237] INFO - Epoch [2/80] train_loss=0.3603 val_loss=0.3444 val_iou=0.7681 val_dice=0.8689 val_precision=0.8265 val_recall=0.9158
[2026-04-14 05:19:52,934] INFO - Saved new best checkpoint at epoch 2 with IoU=0.7681
[2026-04-14 05:21:10,041] INFO - Epoch [3/80] train_loss=0.3079 val_loss=0.3014 val_iou=0.8134 val_dice=0.8971 val_precision=0.8874 val_recall=0.9069
[2026-04-14 05:21:10,821] INFO - Saved new best checkpoint at epoch 3 with IoU=0.8134
[2026-04-14 05:22:27,858] INFO - Epoch [4/80] train_loss=0.2736 val_loss=0.3190 val_iou=0.8136 val_dice=0.8972 val_precision=0.8626 val_recall=0.9347
[2026-04-14 05:22:28,628] INFO - Saved new best checkpoint at epoch 4 with IoU=0.8136
[2026-04-14 05:23:45,858] INFO - Epoch [5/80] train_loss=0.2549 val_loss=0.2635 val_iou=0.8224 val_dice=0.9026 val_precision=0.8719 val_recall=0.9354
[2026-04-14 05:23:46,692] INFO - Saved new best checkpoint at epoch 5 with IoU=0.8224
[2026-04-14 05:25:03,792] INFO - Epoch [6/80] train_loss=0.2423 val_loss=0.2658 val_iou=0.8278 val_dice=0.9058 val_precision=0.8782 val_recall=0.9352
[2026-04-14 05:25:04,516] INFO - Saved new best checkpoint at epoch 6 with IoU=0.8278
[2026-04-14 05:26:21,910] INFO - Epoch [7/80] train_loss=0.2289 val_loss=0.2415 val_iou=0.8428 val_dice=0.9147 val_precision=0.8969 val_recall=0.9332
[2026-04-14 05:26:22,730] INFO - Saved new best checkpoint at epoch 7 with IoU=0.8428
[2026-04-14 05:27:40,457] INFO - Epoch [8/80] train_loss=0.2230 val_loss=0.2690 val_iou=0.8358 val_dice=0.9106 val_precision=0.8730 val_recall=0.9516
[2026-04-14 05:28:58,497] INFO - Epoch [9/80] train_loss=0.2141 val_loss=0.2182 val_iou=0.8576 val_dice=0.9233 val_precision=0.9007 val_recall=0.9472
[2026-04-14 05:28:59,214] INFO - Saved new best checkpoint at epoch 9 with IoU=0.8576
[2026-04-14 05:30:16,303] INFO - Epoch [10/80] train_loss=0.2039 val_loss=0.1892 val_iou=0.8662 val_dice=0.9283 val_precision=0.9233 val_recall=0.9334
[2026-04-14 05:30:17,056] INFO - Saved new best checkpoint at epoch 10 with IoU=0.8662
[2026-04-14 05:31:33,790] INFO - Epoch [11/80] train_loss=0.2006 val_loss=0.1888 val_iou=0.8809 val_dice=0.9367 val_precision=0.9322 val_recall=0.9413
[2026-04-14 05:31:34,619] INFO - Saved new best checkpoint at epoch 11 with IoU=0.8809
[2026-04-14 05:32:51,456] INFO - Epoch [12/80] train_loss=0.1908 val_loss=0.2124 val_iou=0.8729 val_dice=0.9321 val_precision=0.9342 val_recall=0.9301
[2026-04-14 05:34:09,001] INFO - Epoch [13/80] train_loss=0.1912 val_loss=0.1846 val_iou=0.8713 val_dice=0.9312 val_precision=0.9446 val_recall=0.9182
[2026-04-14 05:35:26,268] INFO - Epoch [14/80] train_loss=0.1843 val_loss=0.1886 val_iou=0.8798 val_dice=0.9360 val_precision=0.9383 val_recall=0.9338
[2026-04-14 05:36:43,725] INFO - Epoch [15/80] train_loss=0.1863 val_loss=0.2179 val_iou=0.8614 val_dice=0.9256 val_precision=0.9026 val_recall=0.9497
[2026-04-14 05:38:01,058] INFO - Epoch [16/80] train_loss=0.1785 val_loss=0.1835 val_iou=0.8737 val_dice=0.9326 val_precision=0.9240 val_recall=0.9413
[2026-04-14 05:39:18,677] INFO - Epoch [17/80] train_loss=0.1787 val_loss=0.1780 val_iou=0.8785 val_dice=0.9353 val_precision=0.9299 val_recall=0.9408
[2026-04-14 05:40:36,136] INFO - Epoch [18/80] train_loss=0.1701 val_loss=0.1513 val_iou=0.8907 val_dice=0.9422 val_precision=0.9505 val_recall=0.9341
[2026-04-14 05:40:36,840] INFO - Saved new best checkpoint at epoch 18 with IoU=0.8907
[2026-04-14 05:41:53,741] INFO - Epoch [19/80] train_loss=0.1685 val_loss=0.2001 val_iou=0.8819 val_dice=0.9372 val_precision=0.9295 val_recall=0.9451
[2026-04-14 05:43:10,988] INFO - Epoch [20/80] train_loss=0.1706 val_loss=0.1845 val_iou=0.8678 val_dice=0.9292 val_precision=0.9257 val_recall=0.9327
[2026-04-14 05:44:28,566] INFO - Epoch [21/80] train_loss=0.1636 val_loss=0.2158 val_iou=0.8627 val_dice=0.9263 val_precision=0.9065 val_recall=0.9469
[2026-04-14 05:45:46,329] INFO - Epoch [22/80] train_loss=0.1652 val_loss=0.1726 val_iou=0.8868 val_dice=0.9400 val_precision=0.9529 val_recall=0.9274
[2026-04-14 05:47:03,508] INFO - Epoch [23/80] train_loss=0.1608 val_loss=0.2007 val_iou=0.8509 val_dice=0.9194 val_precision=0.8917 val_recall=0.9489
[2026-04-14 05:48:20,875] INFO - Epoch [24/80] train_loss=0.1597 val_loss=0.1694 val_iou=0.8891 val_dice=0.9413 val_precision=0.9383 val_recall=0.9443
[2026-04-14 05:49:38,277] INFO - Epoch [25/80] train_loss=0.1567 val_loss=0.1709 val_iou=0.8913 val_dice=0.9425 val_precision=0.9395 val_recall=0.9456
[2026-04-14 05:49:39,016] INFO - Saved new best checkpoint at epoch 25 with IoU=0.8913
[2026-04-14 05:50:56,048] INFO - Epoch [26/80] train_loss=0.1541 val_loss=0.1547 val_iou=0.8958 val_dice=0.9450 val_precision=0.9420 val_recall=0.9481
[2026-04-14 05:50:56,824] INFO - Saved new best checkpoint at epoch 26 with IoU=0.8958
[2026-04-14 05:52:14,030] INFO - Epoch [27/80] train_loss=0.1544 val_loss=0.1520 val_iou=0.8986 val_dice=0.9466 val_precision=0.9447 val_recall=0.9484
[2026-04-14 05:52:14,901] INFO - Saved new best checkpoint at epoch 27 with IoU=0.8986
[2026-04-14 05:53:31,916] INFO - Epoch [28/80] train_loss=0.1509 val_loss=0.1611 val_iou=0.8994 val_dice=0.9470 val_precision=0.9423 val_recall=0.9518
[2026-04-14 05:53:32,779] INFO - Saved new best checkpoint at epoch 28 with IoU=0.8994
[2026-04-14 05:54:50,293] INFO - Epoch [29/80] train_loss=0.1508 val_loss=0.1437 val_iou=0.8965 val_dice=0.9454 val_precision=0.9514 val_recall=0.9395
[2026-04-14 05:56:07,808] INFO - Epoch [30/80] train_loss=0.1490 val_loss=0.1487 val_iou=0.8990 val_dice=0.9468 val_precision=0.9441 val_recall=0.9496
[2026-04-14 05:57:24,989] INFO - Epoch [31/80] train_loss=0.1464 val_loss=0.1807 val_iou=0.8859 val_dice=0.9395 val_precision=0.9221 val_recall=0.9576
[2026-04-14 05:58:42,463] INFO - Epoch [32/80] train_loss=0.1459 val_loss=0.1465 val_iou=0.9021 val_dice=0.9485 val_precision=0.9439 val_recall=0.9532
[2026-04-14 05:58:43,261] INFO - Saved new best checkpoint at epoch 32 with IoU=0.9021
[2026-04-14 06:00:00,411] INFO - Epoch [33/80] train_loss=0.1432 val_loss=0.1763 val_iou=0.8735 val_dice=0.9325 val_precision=0.9132 val_recall=0.9526
[2026-04-14 06:01:17,777] INFO - Epoch [34/80] train_loss=0.1455 val_loss=0.1556 val_iou=0.8976 val_dice=0.9461 val_precision=0.9374 val_recall=0.9549
[2026-04-14 06:02:35,192] INFO - Epoch [35/80] train_loss=0.1403 val_loss=0.1553 val_iou=0.8998 val_dice=0.9473 val_precision=0.9497 val_recall=0.9448
[2026-04-14 06:03:52,501] INFO - Epoch [36/80] train_loss=0.1385 val_loss=0.1445 val_iou=0.9039 val_dice=0.9495 val_precision=0.9512 val_recall=0.9478
[2026-04-14 06:03:53,186] INFO - Saved new best checkpoint at epoch 36 with IoU=0.9039
[2026-04-14 06:05:10,099] INFO - Epoch [37/80] train_loss=0.1398 val_loss=0.1502 val_iou=0.9043 val_dice=0.9498 val_precision=0.9501 val_recall=0.9494
[2026-04-14 06:05:10,878] INFO - Saved new best checkpoint at epoch 37 with IoU=0.9043
[2026-04-14 06:06:27,847] INFO - Epoch [38/80] train_loss=0.1374 val_loss=0.1349 val_iou=0.9081 val_dice=0.9518 val_precision=0.9529 val_recall=0.9507
[2026-04-14 06:06:28,660] INFO - Saved new best checkpoint at epoch 38 with IoU=0.9081
[2026-04-14 06:07:45,772] INFO - Epoch [39/80] train_loss=0.1366 val_loss=0.1363 val_iou=0.9021 val_dice=0.9485 val_precision=0.9443 val_recall=0.9528
[2026-04-14 06:09:03,442] INFO - Epoch [40/80] train_loss=0.1350 val_loss=0.1450 val_iou=0.9015 val_dice=0.9482 val_precision=0.9521 val_recall=0.9444
[2026-04-14 06:10:20,980] INFO - Epoch [41/80] train_loss=0.1359 val_loss=0.1497 val_iou=0.9052 val_dice=0.9503 val_precision=0.9480 val_recall=0.9526
[2026-04-14 06:11:38,515] INFO - Epoch [42/80] train_loss=0.1319 val_loss=0.1386 val_iou=0.9061 val_dice=0.9507 val_precision=0.9550 val_recall=0.9465
[2026-04-14 06:12:56,117] INFO - Epoch [43/80] train_loss=0.1313 val_loss=0.1460 val_iou=0.9049 val_dice=0.9501 val_precision=0.9527 val_recall=0.9475
[2026-04-14 06:14:13,674] INFO - Epoch [44/80] train_loss=0.1296 val_loss=0.1472 val_iou=0.9071 val_dice=0.9513 val_precision=0.9515 val_recall=0.9511
[2026-04-14 06:15:31,215] INFO - Epoch [45/80] train_loss=0.1299 val_loss=0.1372 val_iou=0.9073 val_dice=0.9514 val_precision=0.9572 val_recall=0.9456
[2026-04-14 06:16:48,801] INFO - Epoch [46/80] train_loss=0.1290 val_loss=0.1392 val_iou=0.9053 val_dice=0.9503 val_precision=0.9481 val_recall=0.9526
[2026-04-14 06:18:06,135] INFO - Epoch [47/80] train_loss=0.1262 val_loss=0.1376 val_iou=0.9056 val_dice=0.9504 val_precision=0.9541 val_recall=0.9468
[2026-04-14 06:19:23,097] INFO - Epoch [48/80] train_loss=0.1273 val_loss=0.1268 val_iou=0.9087 val_dice=0.9522 val_precision=0.9553 val_recall=0.9490
[2026-04-14 06:19:23,885] INFO - Saved new best checkpoint at epoch 48 with IoU=0.9087
[2026-04-14 06:20:40,941] INFO - Epoch [49/80] train_loss=0.1249 val_loss=0.1402 val_iou=0.9065 val_dice=0.9510 val_precision=0.9491 val_recall=0.9528
[2026-04-14 06:21:58,348] INFO - Epoch [50/80] train_loss=0.1249 val_loss=0.1284 val_iou=0.9101 val_dice=0.9529 val_precision=0.9549 val_recall=0.9510
[2026-04-14 06:21:59,134] INFO - Saved new best checkpoint at epoch 50 with IoU=0.9101
[2026-04-14 06:23:16,124] INFO - Epoch [51/80] train_loss=0.1237 val_loss=0.1415 val_iou=0.9079 val_dice=0.9517 val_precision=0.9519 val_recall=0.9515
[2026-04-14 06:24:33,617] INFO - Epoch [52/80] train_loss=0.1238 val_loss=0.1349 val_iou=0.9094 val_dice=0.9526 val_precision=0.9579 val_recall=0.9473
[2026-04-14 06:25:51,051] INFO - Epoch [53/80] train_loss=0.1219 val_loss=0.1319 val_iou=0.9100 val_dice=0.9529 val_precision=0.9551 val_recall=0.9507
[2026-04-14 06:27:08,268] INFO - Epoch [54/80] train_loss=0.1215 val_loss=0.1364 val_iou=0.9097 val_dice=0.9527 val_precision=0.9570 val_recall=0.9485
[2026-04-14 06:28:25,745] INFO - Epoch [55/80] train_loss=0.1205 val_loss=0.1377 val_iou=0.9057 val_dice=0.9505 val_precision=0.9455 val_recall=0.9556
[2026-04-14 06:29:43,215] INFO - Epoch [56/80] train_loss=0.1201 val_loss=0.1332 val_iou=0.9070 val_dice=0.9513 val_precision=0.9534 val_recall=0.9491
[2026-04-14 06:31:00,981] INFO - Epoch [57/80] train_loss=0.1200 val_loss=0.1358 val_iou=0.9064 val_dice=0.9509 val_precision=0.9476 val_recall=0.9542
[2026-04-14 06:32:18,547] INFO - Epoch [58/80] train_loss=0.1190 val_loss=0.1351 val_iou=0.9104 val_dice=0.9531 val_precision=0.9524 val_recall=0.9538
[2026-04-14 06:32:19,318] INFO - Saved new best checkpoint at epoch 58 with IoU=0.9104
[2026-04-14 06:33:36,163] INFO - Epoch [59/80] train_loss=0.1187 val_loss=0.1298 val_iou=0.9103 val_dice=0.9530 val_precision=0.9531 val_recall=0.9529
[2026-04-14 06:34:53,431] INFO - Epoch [60/80] train_loss=0.1181 val_loss=0.1318 val_iou=0.9095 val_dice=0.9526 val_precision=0.9516 val_recall=0.9536
[2026-04-14 06:36:10,762] INFO - Epoch [61/80] train_loss=0.1178 val_loss=0.1251 val_iou=0.9116 val_dice=0.9537 val_precision=0.9536 val_recall=0.9538
[2026-04-14 06:36:11,548] INFO - Saved new best checkpoint at epoch 61 with IoU=0.9116
[2026-04-14 06:37:28,552] INFO - Epoch [62/80] train_loss=0.1172 val_loss=0.1277 val_iou=0.9122 val_dice=0.9541 val_precision=0.9544 val_recall=0.9537
[2026-04-14 06:37:29,236] INFO - Saved new best checkpoint at epoch 62 with IoU=0.9122
[2026-04-14 06:38:46,595] INFO - Epoch [63/80] train_loss=0.1161 val_loss=0.1271 val_iou=0.9112 val_dice=0.9535 val_precision=0.9535 val_recall=0.9536
[2026-04-14 06:40:04,124] INFO - Epoch [64/80] train_loss=0.1160 val_loss=0.1285 val_iou=0.9063 val_dice=0.9509 val_precision=0.9492 val_recall=0.9526
[2026-04-14 06:41:21,519] INFO - Epoch [65/80] train_loss=0.1153 val_loss=0.1332 val_iou=0.9111 val_dice=0.9535 val_precision=0.9534 val_recall=0.9535
[2026-04-14 06:42:38,744] INFO - Epoch [66/80] train_loss=0.1147 val_loss=0.1271 val_iou=0.9102 val_dice=0.9530 val_precision=0.9545 val_recall=0.9515
[2026-04-14 06:43:56,136] INFO - Epoch [67/80] train_loss=0.1150 val_loss=0.1287 val_iou=0.9111 val_dice=0.9535 val_precision=0.9544 val_recall=0.9526
[2026-04-14 06:45:13,563] INFO - Epoch [68/80] train_loss=0.1154 val_loss=0.1330 val_iou=0.9096 val_dice=0.9526 val_precision=0.9528 val_recall=0.9525
[2026-04-14 06:46:31,028] INFO - Epoch [69/80] train_loss=0.1146 val_loss=0.1261 val_iou=0.9127 val_dice=0.9544 val_precision=0.9557 val_recall=0.9531
[2026-04-14 06:46:31,725] INFO - Saved new best checkpoint at epoch 69 with IoU=0.9127
[2026-04-14 06:47:48,851] INFO - Epoch [70/80] train_loss=0.1147 val_loss=0.1323 val_iou=0.9123 val_dice=0.9541 val_precision=0.9538 val_recall=0.9544
[2026-04-14 06:49:06,069] INFO - Epoch [71/80] train_loss=0.1138 val_loss=0.1280 val_iou=0.9113 val_dice=0.9536 val_precision=0.9551 val_recall=0.9521
[2026-04-14 06:50:23,446] INFO - Epoch [72/80] train_loss=0.1137 val_loss=0.1298 val_iou=0.9121 val_dice=0.9540 val_precision=0.9564 val_recall=0.9516
[2026-04-14 06:51:41,053] INFO - Epoch [73/80] train_loss=0.1138 val_loss=0.1256 val_iou=0.9124 val_dice=0.9542 val_precision=0.9565 val_recall=0.9519
[2026-04-14 06:52:58,600] INFO - Epoch [74/80] train_loss=0.1130 val_loss=0.1261 val_iou=0.9120 val_dice=0.9540 val_precision=0.9553 val_recall=0.9527
[2026-04-14 06:54:15,853] INFO - Epoch [75/80] train_loss=0.1135 val_loss=0.1283 val_iou=0.9124 val_dice=0.9542 val_precision=0.9560 val_recall=0.9524
[2026-04-14 06:55:33,391] INFO - Epoch [76/80] train_loss=0.1129 val_loss=0.1263 val_iou=0.9116 val_dice=0.9538 val_precision=0.9550 val_recall=0.9526
[2026-04-14 06:56:50,695] INFO - Epoch [77/80] train_loss=0.1137 val_loss=0.1265 val_iou=0.9121 val_dice=0.9540 val_precision=0.9552 val_recall=0.9529
[2026-04-14 06:58:08,264] INFO - Epoch [78/80] train_loss=0.1131 val_loss=0.1306 val_iou=0.9125 val_dice=0.9543 val_precision=0.9556 val_recall=0.9529
[2026-04-14 06:59:25,906] INFO - Epoch [79/80] train_loss=0.1133 val_loss=0.1263 val_iou=0.9127 val_dice=0.9544 val_precision=0.9563 val_recall=0.9525
[2026-04-14 06:59:26,675] INFO - Saved new best checkpoint at epoch 79 with IoU=0.9127
[2026-04-14 07:00:43,816] INFO - Epoch [80/80] train_loss=0.1134 val_loss=0.1252 val_iou=0.9126 val_dice=0.9543 val_precision=0.9562 val_recall=0.9524
[2026-04-14 07:01:03,490] INFO - Baseline run finished. Final report: /root/autodl-tmp/project-building/outputs/whu_v2lite/final_report.md
Finished baseline training and evaluation: /root/autodl-tmp/project-building/outputs/whu_v2lite
