
libgomp: Invalid value for environment variable OMP_NUM_THREADS

libgomp: Invalid value for environment variable OMP_NUM_THREADS
[2026-04-14 02:08:13,571] INFO - Starting WHU U-Net baseline on device=cuda
[2026-04-14 02:08:13,571] INFO - Train samples=4736 Val samples=1036 Test samples=2416
[2026-04-14 02:08:13,571] INFO - Model params: total=7763041 trainable=7763041
[2026-04-14 02:08:58,008] INFO - Epoch [1/80] train_loss=0.5834 val_loss=0.6010 val_iou=0.7136 val_dice=0.8329 val_precision=0.8221 val_recall=0.8439
[2026-04-14 02:08:58,240] INFO - Saved new best checkpoint at epoch 1 with IoU=0.7136
[2026-04-14 02:09:41,454] INFO - Epoch [2/80] train_loss=0.4062 val_loss=0.5773 val_iou=0.7222 val_dice=0.8387 val_precision=0.7641 val_recall=0.9294
[2026-04-14 02:09:41,728] INFO - Saved new best checkpoint at epoch 2 with IoU=0.7222
[2026-04-14 02:10:25,124] INFO - Epoch [3/80] train_loss=0.3619 val_loss=0.3972 val_iou=0.7617 val_dice=0.8647 val_precision=0.8223 val_recall=0.9117
[2026-04-14 02:10:25,394] INFO - Saved new best checkpoint at epoch 3 with IoU=0.7617
[2026-04-14 02:11:09,158] INFO - Epoch [4/80] train_loss=0.3441 val_loss=0.4551 val_iou=0.7335 val_dice=0.8462 val_precision=0.7777 val_recall=0.9280
[2026-04-14 02:11:52,978] INFO - Epoch [5/80] train_loss=0.3201 val_loss=0.2840 val_iou=0.8082 val_dice=0.8939 val_precision=0.8918 val_recall=0.8960
[2026-04-14 02:11:53,313] INFO - Saved new best checkpoint at epoch 5 with IoU=0.8082
[2026-04-14 02:12:36,990] INFO - Epoch [6/80] train_loss=0.2801 val_loss=0.2833 val_iou=0.8179 val_dice=0.8998 val_precision=0.8869 val_recall=0.9132
[2026-04-14 02:12:37,269] INFO - Saved new best checkpoint at epoch 6 with IoU=0.8179
[2026-04-14 02:13:20,765] INFO - Epoch [7/80] train_loss=0.3112 val_loss=0.2836 val_iou=0.8127 val_dice=0.8966 val_precision=0.8795 val_recall=0.9144
[2026-04-14 02:14:04,324] INFO - Epoch [8/80] train_loss=0.2780 val_loss=0.2706 val_iou=0.8295 val_dice=0.9068 val_precision=0.9252 val_recall=0.8891
[2026-04-14 02:14:04,586] INFO - Saved new best checkpoint at epoch 8 with IoU=0.8295
[2026-04-14 02:14:48,176] INFO - Epoch [9/80] train_loss=0.2950 val_loss=0.2820 val_iou=0.8193 val_dice=0.9007 val_precision=0.8835 val_recall=0.9186
[2026-04-14 02:15:32,580] INFO - Epoch [10/80] train_loss=0.2632 val_loss=0.2545 val_iou=0.8316 val_dice=0.9080 val_precision=0.9280 val_recall=0.8889
[2026-04-14 02:15:32,848] INFO - Saved new best checkpoint at epoch 10 with IoU=0.8316
[2026-04-14 02:16:16,803] INFO - Epoch [11/80] train_loss=0.2447 val_loss=0.3130 val_iou=0.7855 val_dice=0.8799 val_precision=0.8325 val_recall=0.9330
[2026-04-14 02:17:00,914] INFO - Epoch [12/80] train_loss=0.2558 val_loss=0.2604 val_iou=0.8306 val_dice=0.9075 val_precision=0.9118 val_recall=0.9032
[2026-04-14 02:17:44,700] INFO - Epoch [13/80] train_loss=0.2645 val_loss=0.2658 val_iou=0.8284 val_dice=0.9061 val_precision=0.8854 val_recall=0.9278
[2026-04-14 02:18:28,260] INFO - Epoch [14/80] train_loss=0.2382 val_loss=0.2362 val_iou=0.8427 val_dice=0.9146 val_precision=0.9196 val_recall=0.9097
[2026-04-14 02:18:28,526] INFO - Saved new best checkpoint at epoch 14 with IoU=0.8427
[2026-04-14 02:19:12,760] INFO - Epoch [15/80] train_loss=0.2591 val_loss=0.3578 val_iou=0.7492 val_dice=0.8566 val_precision=0.7766 val_recall=0.9550
[2026-04-14 02:19:56,944] INFO - Epoch [16/80] train_loss=0.2438 val_loss=0.2454 val_iou=0.8360 val_dice=0.9106 val_precision=0.8892 val_recall=0.9331
[2026-04-14 02:20:41,452] INFO - Epoch [17/80] train_loss=0.2355 val_loss=0.2377 val_iou=0.8429 val_dice=0.9148 val_precision=0.9071 val_recall=0.9226
[2026-04-14 02:20:41,750] INFO - Saved new best checkpoint at epoch 17 with IoU=0.8429
[2026-04-14 02:21:25,995] INFO - Epoch [18/80] train_loss=0.2304 val_loss=0.2742 val_iou=0.8218 val_dice=0.9022 val_precision=0.8887 val_recall=0.9161
[2026-04-14 02:22:10,542] INFO - Epoch [19/80] train_loss=0.2386 val_loss=0.2329 val_iou=0.8446 val_dice=0.9158 val_precision=0.9038 val_recall=0.9281
[2026-04-14 02:22:10,808] INFO - Saved new best checkpoint at epoch 19 with IoU=0.8446
[2026-04-14 02:22:54,638] INFO - Epoch [20/80] train_loss=0.2216 val_loss=0.2360 val_iou=0.8584 val_dice=0.9238 val_precision=0.9242 val_recall=0.9233
[2026-04-14 02:22:54,896] INFO - Saved new best checkpoint at epoch 20 with IoU=0.8584
[2026-04-14 02:23:38,787] INFO - Epoch [21/80] train_loss=0.2126 val_loss=0.2294 val_iou=0.8659 val_dice=0.9281 val_precision=0.9197 val_recall=0.9368
[2026-04-14 02:23:39,070] INFO - Saved new best checkpoint at epoch 21 with IoU=0.8659
[2026-04-14 02:24:23,247] INFO - Epoch [22/80] train_loss=0.2259 val_loss=0.2318 val_iou=0.8546 val_dice=0.9216 val_precision=0.9278 val_recall=0.9155
[2026-04-14 02:25:07,339] INFO - Epoch [23/80] train_loss=0.2105 val_loss=0.2394 val_iou=0.8493 val_dice=0.9185 val_precision=0.9034 val_recall=0.9341
[2026-04-14 02:25:51,451] INFO - Epoch [24/80] train_loss=0.2171 val_loss=0.2643 val_iou=0.8340 val_dice=0.9095 val_precision=0.8842 val_recall=0.9362
[2026-04-14 02:26:35,668] INFO - Epoch [25/80] train_loss=0.2126 val_loss=0.2381 val_iou=0.8512 val_dice=0.9196 val_precision=0.9178 val_recall=0.9215
[2026-04-14 02:27:20,263] INFO - Epoch [26/80] train_loss=0.2133 val_loss=0.2315 val_iou=0.8668 val_dice=0.9286 val_precision=0.9268 val_recall=0.9305
[2026-04-14 02:27:20,526] INFO - Saved new best checkpoint at epoch 26 with IoU=0.8668
[2026-04-14 02:28:04,874] INFO - Epoch [27/80] train_loss=0.2321 val_loss=0.3360 val_iou=0.7411 val_dice=0.8513 val_precision=0.7850 val_recall=0.9298
[2026-04-14 02:28:48,998] INFO - Epoch [28/80] train_loss=0.2267 val_loss=0.2335 val_iou=0.8346 val_dice=0.9099 val_precision=0.8894 val_recall=0.9313
[2026-04-14 02:29:33,622] INFO - Epoch [29/80] train_loss=0.2115 val_loss=0.2440 val_iou=0.8544 val_dice=0.9215 val_precision=0.9044 val_recall=0.9392
[2026-04-14 02:30:18,274] INFO - Epoch [30/80] train_loss=0.2080 val_loss=0.2653 val_iou=0.8139 val_dice=0.8974 val_precision=0.8730 val_recall=0.9231
[2026-04-14 02:31:02,371] INFO - Epoch [31/80] train_loss=0.1972 val_loss=0.2218 val_iou=0.8660 val_dice=0.9282 val_precision=0.9297 val_recall=0.9267
[2026-04-14 02:31:47,017] INFO - Epoch [32/80] train_loss=0.1972 val_loss=0.2259 val_iou=0.8560 val_dice=0.9224 val_precision=0.9153 val_recall=0.9296
[2026-04-14 02:32:31,681] INFO - Epoch [33/80] train_loss=0.1904 val_loss=0.2342 val_iou=0.8485 val_dice=0.9181 val_precision=0.9065 val_recall=0.9299
[2026-04-14 02:33:16,351] INFO - Epoch [34/80] train_loss=0.1874 val_loss=0.2015 val_iou=0.8761 val_dice=0.9339 val_precision=0.9365 val_recall=0.9314
[2026-04-14 02:33:16,608] INFO - Saved new best checkpoint at epoch 34 with IoU=0.8761
[2026-04-14 02:34:01,699] INFO - Epoch [35/80] train_loss=0.1984 val_loss=0.2110 val_iou=0.8783 val_dice=0.9352 val_precision=0.9356 val_recall=0.9349
[2026-04-14 02:34:01,954] INFO - Saved new best checkpoint at epoch 35 with IoU=0.8783
[2026-04-14 02:34:46,934] INFO - Epoch [36/80] train_loss=0.1929 val_loss=0.2535 val_iou=0.8253 val_dice=0.9043 val_precision=0.8800 val_recall=0.9300
[2026-04-14 02:35:31,502] INFO - Epoch [37/80] train_loss=0.1998 val_loss=0.1961 val_iou=0.8799 val_dice=0.9361 val_precision=0.9306 val_recall=0.9416
[2026-04-14 02:35:31,763] INFO - Saved new best checkpoint at epoch 37 with IoU=0.8799
[2026-04-14 02:36:15,913] INFO - Epoch [38/80] train_loss=0.1862 val_loss=0.2003 val_iou=0.8802 val_dice=0.9363 val_precision=0.9395 val_recall=0.9331
[2026-04-14 02:36:16,168] INFO - Saved new best checkpoint at epoch 38 with IoU=0.8802
[2026-04-14 02:37:00,600] INFO - Epoch [39/80] train_loss=0.1822 val_loss=0.1991 val_iou=0.8803 val_dice=0.9364 val_precision=0.9417 val_recall=0.9311
[2026-04-14 02:37:00,852] INFO - Saved new best checkpoint at epoch 39 with IoU=0.8803
[2026-04-14 02:37:45,334] INFO - Epoch [40/80] train_loss=0.1803 val_loss=0.2051 val_iou=0.8714 val_dice=0.9313 val_precision=0.9186 val_recall=0.9443
[2026-04-14 02:38:30,394] INFO - Epoch [41/80] train_loss=0.1739 val_loss=0.1979 val_iou=0.8821 val_dice=0.9373 val_precision=0.9325 val_recall=0.9422
[2026-04-14 02:38:30,658] INFO - Saved new best checkpoint at epoch 41 with IoU=0.8821
[2026-04-14 02:39:14,745] INFO - Epoch [42/80] train_loss=0.1737 val_loss=0.2089 val_iou=0.8800 val_dice=0.9362 val_precision=0.9296 val_recall=0.9429
[2026-04-14 02:39:59,555] INFO - Epoch [43/80] train_loss=0.1816 val_loss=0.2311 val_iou=0.8595 val_dice=0.9245 val_precision=0.9156 val_recall=0.9334
[2026-04-14 02:40:44,476] INFO - Epoch [44/80] train_loss=0.1756 val_loss=0.1990 val_iou=0.8872 val_dice=0.9402 val_precision=0.9443 val_recall=0.9362
[2026-04-14 02:40:44,734] INFO - Saved new best checkpoint at epoch 44 with IoU=0.8872
[2026-04-14 02:41:29,388] INFO - Epoch [45/80] train_loss=0.1693 val_loss=0.2112 val_iou=0.8636 val_dice=0.9268 val_precision=0.9280 val_recall=0.9256
[2026-04-14 02:42:14,175] INFO - Epoch [46/80] train_loss=0.1739 val_loss=0.1927 val_iou=0.8857 val_dice=0.9394 val_precision=0.9411 val_recall=0.9377
[2026-04-14 02:42:59,083] INFO - Epoch [47/80] train_loss=0.1708 val_loss=0.2021 val_iou=0.8811 val_dice=0.9368 val_precision=0.9335 val_recall=0.9402
[2026-04-14 02:43:43,367] INFO - Epoch [48/80] train_loss=0.1765 val_loss=0.2032 val_iou=0.8799 val_dice=0.9361 val_precision=0.9247 val_recall=0.9479
[2026-04-14 02:44:28,205] INFO - Epoch [49/80] train_loss=0.1678 val_loss=0.2010 val_iou=0.8883 val_dice=0.9408 val_precision=0.9474 val_recall=0.9344
[2026-04-14 02:44:28,483] INFO - Saved new best checkpoint at epoch 49 with IoU=0.8883
[2026-04-14 02:45:12,977] INFO - Epoch [50/80] train_loss=0.1714 val_loss=0.1986 val_iou=0.8889 val_dice=0.9412 val_precision=0.9463 val_recall=0.9361
[2026-04-14 02:45:13,243] INFO - Saved new best checkpoint at epoch 50 with IoU=0.8889
[2026-04-14 02:45:57,674] INFO - Epoch [51/80] train_loss=0.1642 val_loss=0.1899 val_iou=0.8852 val_dice=0.9391 val_precision=0.9386 val_recall=0.9397
[2026-04-14 02:46:42,386] INFO - Epoch [52/80] train_loss=0.1610 val_loss=0.1936 val_iou=0.8873 val_dice=0.9403 val_precision=0.9422 val_recall=0.9383
[2026-04-14 02:47:27,227] INFO - Epoch [53/80] train_loss=0.1633 val_loss=0.1854 val_iou=0.8883 val_dice=0.9409 val_precision=0.9445 val_recall=0.9373
[2026-04-14 02:48:11,682] INFO - Epoch [54/80] train_loss=0.1610 val_loss=0.1932 val_iou=0.8925 val_dice=0.9432 val_precision=0.9444 val_recall=0.9420
[2026-04-14 02:48:11,965] INFO - Saved new best checkpoint at epoch 54 with IoU=0.8925
[2026-04-14 02:48:56,087] INFO - Epoch [55/80] train_loss=0.1626 val_loss=0.1834 val_iou=0.8855 val_dice=0.9393 val_precision=0.9402 val_recall=0.9384
[2026-04-14 02:49:41,051] INFO - Epoch [56/80] train_loss=0.1610 val_loss=0.1892 val_iou=0.8887 val_dice=0.9410 val_precision=0.9440 val_recall=0.9381
[2026-04-14 02:50:25,710] INFO - Epoch [57/80] train_loss=0.1611 val_loss=0.1803 val_iou=0.8910 val_dice=0.9424 val_precision=0.9472 val_recall=0.9375
[2026-04-14 02:51:10,443] INFO - Epoch [58/80] train_loss=0.1590 val_loss=0.1884 val_iou=0.8909 val_dice=0.9423 val_precision=0.9452 val_recall=0.9394
[2026-04-14 02:51:55,235] INFO - Epoch [59/80] train_loss=0.1579 val_loss=0.1927 val_iou=0.8875 val_dice=0.9404 val_precision=0.9394 val_recall=0.9414
[2026-04-14 02:52:39,840] INFO - Epoch [60/80] train_loss=0.1563 val_loss=0.1888 val_iou=0.8875 val_dice=0.9404 val_precision=0.9409 val_recall=0.9399
[2026-04-14 02:53:24,760] INFO - Epoch [61/80] train_loss=0.1551 val_loss=0.1786 val_iou=0.8923 val_dice=0.9431 val_precision=0.9478 val_recall=0.9384
[2026-04-14 02:54:09,907] INFO - Epoch [62/80] train_loss=0.1530 val_loss=0.1776 val_iou=0.8941 val_dice=0.9441 val_precision=0.9437 val_recall=0.9444
[2026-04-14 02:54:10,182] INFO - Saved new best checkpoint at epoch 62 with IoU=0.8941
[2026-04-14 02:54:54,909] INFO - Epoch [63/80] train_loss=0.1537 val_loss=0.1793 val_iou=0.8941 val_dice=0.9441 val_precision=0.9512 val_recall=0.9371
[2026-04-14 02:54:55,168] INFO - Saved new best checkpoint at epoch 63 with IoU=0.8941
[2026-04-14 02:55:39,574] INFO - Epoch [64/80] train_loss=0.1531 val_loss=0.1819 val_iou=0.8944 val_dice=0.9443 val_precision=0.9486 val_recall=0.9400
[2026-04-14 02:55:39,844] INFO - Saved new best checkpoint at epoch 64 with IoU=0.8944
[2026-04-14 02:56:24,562] INFO - Epoch [65/80] train_loss=0.1524 val_loss=0.1769 val_iou=0.8955 val_dice=0.9448 val_precision=0.9535 val_recall=0.9363
[2026-04-14 02:56:24,814] INFO - Saved new best checkpoint at epoch 65 with IoU=0.8955
[2026-04-14 02:57:09,331] INFO - Epoch [66/80] train_loss=0.1526 val_loss=0.1804 val_iou=0.8956 val_dice=0.9449 val_precision=0.9467 val_recall=0.9432
[2026-04-14 02:57:09,583] INFO - Saved new best checkpoint at epoch 66 with IoU=0.8956
[2026-04-14 02:57:54,423] INFO - Epoch [67/80] train_loss=0.1518 val_loss=0.1803 val_iou=0.8959 val_dice=0.9451 val_precision=0.9500 val_recall=0.9403
[2026-04-14 02:57:54,691] INFO - Saved new best checkpoint at epoch 67 with IoU=0.8959
[2026-04-14 02:58:39,273] INFO - Epoch [68/80] train_loss=0.1518 val_loss=0.1821 val_iou=0.8956 val_dice=0.9449 val_precision=0.9453 val_recall=0.9445
[2026-04-14 02:59:23,845] INFO - Epoch [69/80] train_loss=0.1512 val_loss=0.1839 val_iou=0.8967 val_dice=0.9455 val_precision=0.9482 val_recall=0.9428
[2026-04-14 02:59:24,100] INFO - Saved new best checkpoint at epoch 69 with IoU=0.8967
[2026-04-14 03:00:08,719] INFO - Epoch [70/80] train_loss=0.1510 val_loss=0.1850 val_iou=0.8951 val_dice=0.9447 val_precision=0.9451 val_recall=0.9442
[2026-04-14 03:00:53,288] INFO - Epoch [71/80] train_loss=0.1505 val_loss=0.1782 val_iou=0.8952 val_dice=0.9447 val_precision=0.9468 val_recall=0.9426
[2026-04-14 03:01:38,159] INFO - Epoch [72/80] train_loss=0.1496 val_loss=0.1813 val_iou=0.8959 val_dice=0.9451 val_precision=0.9474 val_recall=0.9428
[2026-04-14 03:02:23,354] INFO - Epoch [73/80] train_loss=0.1493 val_loss=0.1799 val_iou=0.8959 val_dice=0.9451 val_precision=0.9443 val_recall=0.9458
[2026-04-14 03:03:08,527] INFO - Epoch [74/80] train_loss=0.1494 val_loss=0.1818 val_iou=0.8949 val_dice=0.9445 val_precision=0.9451 val_recall=0.9439
[2026-04-14 03:03:52,065] INFO - Epoch [75/80] train_loss=0.1484 val_loss=0.1814 val_iou=0.8946 val_dice=0.9444 val_precision=0.9428 val_recall=0.9459
[2026-04-14 03:04:36,771] INFO - Epoch [76/80] train_loss=0.1491 val_loss=0.1825 val_iou=0.8954 val_dice=0.9448 val_precision=0.9453 val_recall=0.9443
[2026-04-14 03:05:21,469] INFO - Epoch [77/80] train_loss=0.1494 val_loss=0.1810 val_iou=0.8958 val_dice=0.9450 val_precision=0.9461 val_recall=0.9440
[2026-04-14 03:06:05,909] INFO - Epoch [78/80] train_loss=0.1488 val_loss=0.1797 val_iou=0.8965 val_dice=0.9454 val_precision=0.9461 val_recall=0.9447
[2026-04-14 03:06:50,508] INFO - Epoch [79/80] train_loss=0.1481 val_loss=0.1806 val_iou=0.8956 val_dice=0.9449 val_precision=0.9481 val_recall=0.9418
[2026-04-14 03:07:34,984] INFO - Epoch [80/80] train_loss=0.1488 val_loss=0.1819 val_iou=0.8957 val_dice=0.9450 val_precision=0.9447 val_recall=0.9453
[2026-04-14 03:07:51,685] INFO - Baseline run finished. Final report: /root/autodl-tmp/project-building/outputs/whu_unet_baseline/final_report.md
Finished baseline training and evaluation: /root/autodl-tmp/project-building/outputs/whu_unet_baseline
